Descriptor coordinates by the model of dimension:     1
    0.3150857089E-02
    0.2265224730E-02
    0.2477267314E-02
    0.2753522610E-02
    0.3172694122E-02
    0.2844454618E-02
    0.2255061472E-02
    0.2198168621E-02
    0.2903394561E-02
    0.3039323616E-02
    0.2776772985E-02
    0.3179481365E-02
    0.2876432194E-02
    0.2904950326E-02
    0.2908483627E-02
    0.2398087144E-02
    0.2763863557E-02
Descriptor coordinates by the model of dimension:     2
    0.3150857089E-02    0.2677315325E+01
    0.2265224730E-02    0.2793487084E+01
    0.2477267314E-02    0.2953165949E+01
    0.2753522610E-02    0.2964385339E+01
    0.3172694122E-02    0.2707321114E+01
    0.2844454618E-02    0.2849006022E+01
    0.2255061472E-02    0.3015810906E+01
    0.2198168621E-02    0.3015810906E+01
    0.2903394561E-02    0.2891610974E+01
    0.3039323616E-02    0.2612994440E+01
    0.2776772985E-02    0.2612994440E+01
    0.3179481365E-02    0.2643296552E+01
    0.2876432194E-02    0.2751934283E+01
    0.2904950326E-02    0.2742278373E+01
    0.2908483627E-02    0.2663163895E+01
    0.2398087144E-02    0.2587613146E+01
    0.2763863557E-02    0.2830862716E+01
Descriptor coordinates by the model of dimension:     3
    0.3150857089E-02    0.9905956459E+02    0.3986766763E+05
    0.2265224730E-02    0.2056707092E+03    0.4012887765E+05
    0.2477267314E-02    0.1592579789E+03    0.4289220044E+05
    0.2753522610E-02    0.1067352093E+03    0.4369352031E+05
    0.3172694122E-02    0.1001433673E+03    0.3957930652E+05
    0.2844454618E-02    0.1120956195E+03    0.4261712482E+05
    0.2255061472E-02    0.1734532964E+03    0.4509075779E+05
    0.2198168621E-02    0.1827849743E+03    0.4509075779E+05
    0.2903394561E-02    0.1162473091E+03    0.4123136983E+05
    0.3039323616E-02    0.8620689655E+02    0.4142451173E+05
    0.2776772985E-02    0.8620689655E+02    0.4142451173E+05
    0.3179481365E-02    0.8939974457E+02    0.4018280206E+05
    0.2876432194E-02    0.8939974457E+02    0.4170415996E+05
    0.2904950326E-02    0.8939974457E+02    0.4155782957E+05
    0.2908483627E-02    0.1300439792E+03    0.3932227887E+05
    0.2398087144E-02    0.1996621082E+03    0.3820675323E+05
    0.2763863557E-02    0.1300439792E+03    0.4187483909E+05
