Descriptor coordinates by the model of dimension:     1
    0.1590159182E+02
    0.1656699424E+02
    0.1658713510E+02
    0.1550129529E+02
    0.1678057854E+02
    0.1677800722E+02
    0.1569379043E+02
    0.1690424230E+02
    0.1630684438E+02
    0.1625490565E+02
    0.1540114103E+02
    0.1561607132E+02
    0.1696171597E+02
    0.1559051026E+02
    0.1567271972E+02
    0.1549015248E+02
    0.1547668372E+02
    0.1576397130E+02
    0.1566734114E+02
    0.1530825117E+02
    0.1702146991E+02
    0.1694250880E+02
    0.1678443374E+02
    0.1670531978E+02
    0.1654693902E+02
    0.1710164908E+02
    0.1707399918E+02
    0.1705325337E+02
    0.1704508027E+02
    0.1639707074E+02
    0.1658364304E+02
    0.1593843765E+02
    0.1607114996E+02
    0.1575042091E+02
Descriptor coordinates by the model of dimension:     2
    0.1342369007E-01    0.2831171544E+00
    0.1488285628E-01    0.3707535585E+00
    0.1498073009E-01    0.3694976713E+00
    0.1251444786E-01    0.3193916499E+00
    0.1532670225E-01    0.5160786037E+00
    0.1532517446E-01    0.4821385795E+00
    0.1290401388E-01    0.4099140909E+00
    0.1563500803E-01    0.3441257429E+00
    0.1435981384E-01    0.3672803089E+00
    0.1429669279E-01    0.3317570817E+00
    0.1241933296E-01    0.2900650503E+00
    0.1277389061E-01    0.4291568943E+00
    0.1571596329E-01    0.4294145723E+00
    0.1280607154E-01    0.3546708881E+00
    0.1289430796E-01    0.3436566520E+00
    0.1246188687E-01    0.3818531008E+00
    0.1254390253E-01    0.2609196554E+00
    0.1316990181E-01    0.5108831646E+00
    0.1293637405E-01    0.5365758725E+00
    0.1209816650E-01    0.2826345566E+00
    0.1600245699E-01    0.3910884513E+00
    0.1580514108E-01    0.3600526104E+00
    0.1543150895E-01    0.3107343464E+00
    0.1525445488E-01    0.2908169942E+00
    0.1491821395E-01    0.2577718382E+00
    0.1619523310E-01    0.3104641679E+00
    0.1608168310E-01    0.3535282701E+00
    0.1600048293E-01    0.3729263268E+00
    0.1596779886E-01    0.3798742121E+00
    0.1457961719E-01    0.2926474393E+00
    0.1494861362E-01    0.3525489200E+00
    0.1350676430E-01    0.2643294725E+00
    0.1392279409E-01    0.4478829499E+00
    0.1320769096E-01    0.4281060413E+00
Descriptor coordinates by the model of dimension:     3
    0.1590159182E+02    0.5396815039E-03    0.2660594823E+04
    0.1656699424E+02    0.5851749212E-03    0.1763493021E+04
    0.1658713510E+02    0.7388285562E-03    0.1388654597E+04
    0.1550129529E+02    0.4775231923E-03    0.2094314617E+04
    0.1678057854E+02    0.6316274945E-03    0.1560262503E+04
    0.1677800722E+02    0.6108947708E-03    0.1448225908E+04
    0.1569379043E+02    0.8126882784E-03    0.5832445493E+03
    0.1690424230E+02    0.0000000000E+00    0.6750545148E+04
    0.1630684438E+02    0.1070848148E-02    0.0000000000E+00
    0.1625490565E+02    0.1075338144E-02    0.4142977135E+03
    0.1540114103E+02    0.7768511633E-03    0.9798990831E+03
    0.1561607132E+02    0.1214201207E-02    0.0000000000E+00
    0.1696171597E+02    0.0000000000E+00    0.1068789425E+05
    0.1559051026E+02    0.9941573980E-03    0.6209309987E+03
    0.1567271972E+02    0.5858516098E-03    0.2666791910E+04
    0.1549015248E+02    0.5449587082E-03    0.3731229798E+04
    0.1547668372E+02    0.4731670808E-03    0.2484038924E+04
    0.1576397130E+02    0.1583049196E-02    0.0000000000E+00
    0.1566734114E+02    0.1602774855E-02    0.0000000000E+00
    0.1530825117E+02    0.0000000000E+00    0.2343978904E+05
    0.1702146991E+02    0.0000000000E+00    0.0000000000E+00
    0.1694250880E+02    0.0000000000E+00    0.0000000000E+00
    0.1678443374E+02    0.0000000000E+00    0.0000000000E+00
    0.1670531978E+02    0.0000000000E+00    0.0000000000E+00
    0.1654693902E+02    0.0000000000E+00    0.0000000000E+00
    0.1710164908E+02    0.0000000000E+00    0.1529028608E+05
    0.1707399918E+02    0.0000000000E+00    0.1529028608E+05
    0.1705325337E+02    0.0000000000E+00    0.1529028608E+05
    0.1704508027E+02    0.0000000000E+00    0.1529028608E+05
    0.1639707074E+02    0.0000000000E+00    0.1894657067E+05
    0.1658364304E+02    0.7921172334E-03    0.4292908531E+04
    0.1593843765E+02    0.7133346015E-03    0.4292908531E+04
    0.1607114996E+02    0.1472109493E-02    0.2352589118E+02
    0.1575042091E+02    0.1419868566E-02    0.2352589118E+02
