Version SISSO.3.0.2, June, 2020.
================================================================================

Reading data from train.dat ...
Reading parameters from SISSO.in: 
--------------------------------------------------------------------------------
Restarts :     F
Descriptor dimension:        3
Property type:     1
Total number of properties:        1
Task_weighting:        1
Number of samples for each property:      136
Number of scalar features:       33
Number of recursive calls for feature transformation (rung of the feature space):        2
Max feature complexity (number of operators in a feature):       10
Number of dimension(unit)-type (for dimension analysis):       11
Dimension type for each primary feature: 
  1.00  0.00  0.00  0.00  0.00  0.00  0.00  0.00  0.00  0.00  0.00
  1.00  0.00  0.00  0.00  0.00  0.00  0.00  0.00  0.00  0.00  0.00
  1.00  0.00  0.00  0.00  0.00  0.00  0.00  0.00  0.00  0.00  0.00
  0.00  1.00  0.00  0.00  0.00  0.00  0.00  0.00  0.00  0.00  0.00
  0.00  1.00  0.00  0.00  0.00  0.00  0.00  0.00  0.00  0.00  0.00
  0.00  1.00  0.00  0.00  0.00  0.00  0.00  0.00  0.00  0.00  0.00
  0.00  0.00  1.00  0.00  0.00  0.00  0.00  0.00  0.00  0.00  0.00
  0.00  0.00  1.00  0.00  0.00  0.00  0.00  0.00  0.00  0.00  0.00
  0.00  0.00  1.00  0.00  0.00  0.00  0.00  0.00  0.00  0.00  0.00
  0.00  0.00  0.00  1.00  0.00  0.00  0.00  0.00  0.00  0.00  0.00
  0.00  0.00  0.00  1.00  0.00  0.00  0.00  0.00  0.00  0.00  0.00
  0.00  0.00  0.00  1.00  0.00  0.00  0.00  0.00  0.00  0.00  0.00
  0.00  0.00  0.00  0.00  1.00  0.00  0.00  0.00  0.00  0.00  0.00
  0.00  0.00  0.00  0.00  1.00  0.00  0.00  0.00  0.00  0.00  0.00
  0.00  0.00  0.00  0.00  1.00  0.00  0.00  0.00  0.00  0.00  0.00
  0.00  0.00  0.00  0.00  0.00  1.00  0.00  0.00  0.00  0.00  0.00
  0.00  0.00  0.00  0.00  0.00  1.00  0.00  0.00  0.00  0.00  0.00
  0.00  0.00  0.00  0.00  0.00  1.00  0.00  0.00  0.00  0.00  0.00
  0.00  0.00  0.00  0.00  0.00  0.00  1.00  0.00  0.00  0.00  0.00
  0.00  0.00  0.00  0.00  0.00  0.00  1.00  0.00  0.00  0.00  0.00
  0.00  0.00  0.00  0.00  0.00  0.00  1.00  0.00  0.00  0.00  0.00
  0.00  0.00  0.00  0.00  0.00  0.00  0.00  1.00  0.00  0.00  0.00
  0.00  0.00  0.00  0.00  0.00  0.00  0.00  1.00  0.00  0.00  0.00
  0.00  0.00  0.00  0.00  0.00  0.00  0.00  1.00  0.00  0.00  0.00
  0.00  0.00  0.00  0.00  0.00  0.00  0.00  0.00  1.00  0.00  0.00
  0.00  0.00  0.00  0.00  0.00  0.00  0.00  0.00  1.00  0.00  0.00
  0.00  0.00  0.00  0.00  0.00  0.00  0.00  0.00  1.00  0.00  0.00
  0.00  0.00  0.00  0.00  0.00  0.00  0.00  0.00  0.00  1.00  0.00
  0.00  0.00  0.00  0.00  0.00  0.00  0.00  0.00  0.00  1.00  0.00
  0.00  0.00  0.00  0.00  0.00  0.00  0.00  0.00  0.00  1.00  0.00
  0.00  0.00  0.00  0.00  0.00  0.00  0.00  0.00  0.00  0.00  1.00
  0.00  0.00  0.00  0.00  0.00  0.00  0.00  0.00  0.00  0.00  1.00
  0.00  0.00  0.00  0.00  0.00  0.00  0.00  0.00  0.00  0.00  1.00
Lower bound of the max abs. data value for the selected features:     0.10000E-02
Upper bound of the max abs. data value for the selected features:     0.10000E+06
Size of the SIS-selected (single) subspace :     1000    1000    1000
Operators for feature construction: (+)(-)(*)(/)(exp)(^-1)(^2)(^3)(sqrt)(log)(^6) (+)(-)(*)(/)(exp)(^-1)(^2)(^3)(sqrt)(log)(^6) 
Method for sparsification:  L0        
Number of the top ranked models to output:      100
Fitting intercept?      T
Metric for model selection: RMSE
--------------------------------------------------------------------------------

Feature Construction and Descriptor Identification (FCDI) starts ...

iteration:   1
--------------------------------------------------------------------------------
FC starts ...
Standard Deviation (SD) of property 001:    0.09713
Total number of features in the space phi00:             33
Total number of features in the space phi01:           1835
Total number of features in the space phi02:        4688017
Size of the SIS-selected subspace from phi02:       1000
Wall-clock time (second) for this FC:            0.59
FC done!

DI starts ...
total number of SIS-selected features from all iterations:       1000
L0 starts ...

Model/descriptor for generating residual:
================================================================================
  1D descriptor (model): 
Total RMSE,MaxAE:   0.028279  0.079920
@@@descriptor: 
                      1:[((en_allen_avg*lattice_constant_avg)/log(valence_avg))]
       coefficients_001:    -0.1738015372E+00
          Intercept_001:     0.3114884149E+01
         RMSE,MaxAE_001:     0.2827887190E-01    0.7992030656E-01
================================================================================
Wall-clock time (second) for this DI:            0.05
DI done!

iteration:   2
--------------------------------------------------------------------------------
FC starts ...
File containing the features to be rejected: feature_space/Uspace.name
Total number of features in the space phi00:             33
Total number of features in the space phi01:           1835
Total number of features in the space phi02:        4688017
Size of the SIS-selected subspace from phi02:       1000
Wall-clock time (second) for this FC:            0.59
FC done!

DI starts ...
total number of SIS-selected features from all iterations:       2000
L0 starts ...

Model/descriptor for generating residual:
================================================================================
  2D descriptor (model): 
Total RMSE,MaxAE:   0.023815  0.063048
@@@descriptor: 
                      6:[((heat_of_formation_avg/lattice_constant_avg)/(valence_avg*melting_point_avg))]
                   1010:[((en_pauling_red+en_pauling_diff)/(density_avg*electron_affinity_red))]
       coefficients_001:    -0.7571869815E+02   -0.1487824121E+00
          Intercept_001:     0.1426231088E+01
         RMSE,MaxAE_001:     0.2381530311E-01    0.6304775760E-01
================================================================================
Wall-clock time (second) for this DI:            0.51
DI done!

iteration:   3
--------------------------------------------------------------------------------
FC starts ...
File containing the features to be rejected: feature_space/Uspace.name
Total number of features in the space phi00:             33
Total number of features in the space phi01:           1835
Total number of features in the space phi02:        4688017
Size of the SIS-selected subspace from phi02:       1000
Wall-clock time (second) for this FC:            0.79
FC done!

DI starts ...
total number of SIS-selected features from all iterations:       3000
L0 starts ...

Final model/descriptor to report
================================================================================
  3D descriptor (model): 
Total RMSE,MaxAE:   0.020687  0.056335
@@@descriptor: 
                      1:[((en_allen_avg*lattice_constant_avg)/log(valence_avg))]
                   1962:[((en_allen_diff/melting_point_avg)*(valence_diff/lattice_constant_diff))]
                   2231:[((atomic_number_diff*atomic_radius_diff)/(en_pauling_diff*electron_affinity_diff))]
       coefficients_001:    -0.1910866970E+00   -0.6286482574E+02   -0.3038494175E-05
          Intercept_001:     0.3454559740E+01
         RMSE,MaxAE_001:     0.2068688985E-01    0.5633521679E-01
================================================================================
Wall-clock time (second) for this DI:         1412.75
DI done!

FCDI done !

--------------------------------------------------------------------------------
Total wall-clock time (second):         1418.21

                                               Have a nice day !    

