Descriptor coordinates by the model of dimension:     1
    0.2470757508E+03
    0.3348306018E+03
    0.1953888238E+03
    0.1981059142E+03
    0.2490111138E+03
    0.2684728021E+03
    0.1916760165E+03
    0.2073110673E+03
    0.2544473911E+03
    0.3308379343E+03
    0.3597145123E+03
    0.1681430446E+03
    0.2234601467E+03
    0.2653074866E+03
    0.3466951638E+03
    0.3881177953E+03
    0.2692152104E+03
Descriptor coordinates by the model of dimension:     2
    0.2486688448E+01    0.9024878313E+01
    0.2220238829E+01    0.8843478261E+01
    0.2758674051E+01    0.8891687500E+01
    0.2732921044E+01    0.8949000000E+01
    0.2511867973E+01    0.9060544218E+01
    0.2464187237E+01    0.8908815576E+01
    0.2779540476E+01    0.8794765021E+01
    0.2683644612E+01    0.8836167800E+01
    0.2559394870E+01    0.8759183673E+01
    0.2226770524E+01    0.8722493536E+01
    0.2109214369E+01    0.8747916667E+01
    0.2874643130E+01    0.8850880000E+01
    0.2554109752E+01    0.9265384615E+01
    0.2504595593E+01    0.8866666667E+01
    0.2170199284E+01    0.8928162512E+01
    0.2011412827E+01    0.8884343579E+01
    0.2405900304E+01    0.8903305785E+01
Descriptor coordinates by the model of dimension:     3
    0.2910532424E-02    0.1515947334E+03    0.1578038793E+04
    0.1807112208E-02    0.1369893874E+03    0.1492156886E+04
    0.4310601593E-02    0.1509120675E+03    0.1605664018E+04
    0.4251480216E-02    0.1665378491E+03    0.1774622297E+04
    0.3049391248E-02    0.1844551809E+03    0.1896686383E+04
    0.2678565495E-02    0.1293127666E+03    0.1337673823E+04
    0.4175943503E-02    0.1279594264E+03    0.1323403389E+04
    0.3662767843E-02    0.1320326152E+03    0.1358133770E+04
    0.2984240898E-02    0.1243520855E+03    0.1289235194E+04
    0.1700604372E-02    0.1332985329E+03    0.1464026200E+04
    0.1488431664E-02    0.1358588147E+03    0.1561742892E+04
    0.5009088403E-02    0.1339507948E+03    0.1400384570E+04
    0.3471192074E-02    0.2444264987E+03    0.2513371850E+04
    0.2862083994E-02    0.1388150200E+03    0.1429980195E+04
    0.1787303215E-02    0.1413247371E+03    0.1556614603E+04
    0.1449622883E-02    0.1366017101E+03    0.1615893989E+04
    0.2525624749E-02    0.1241521396E+03    0.1321652936E+04
