Descriptor coordinates by the model of dimension:     1
    0.4410844275E+01
    0.4756667413E+01
    0.4461599321E+01
    0.4258266982E+01
    0.4451917690E+01
    0.4534360611E+01
    0.4864132291E+01
    0.4322946486E+01
    0.4611142919E+01
    0.4976556311E+01
    0.4976556311E+01
    0.4130243291E+01
    0.4193450196E+01
    0.4193450196E+01
    0.4750032281E+01
    0.4245174713E+01
    0.4827845752E+01
Descriptor coordinates by the model of dimension:     2
    0.4756075688E+03    0.2051519582E+03
    0.8889631994E+03    0.6539055917E+02
    0.5266233636E+03    0.1005524581E+03
    0.3359278479E+03    0.2220738839E+03
    0.5278328962E+03    0.1181383698E+03
    0.5970483147E+03    0.1181383698E+03
    0.9724598144E+03    0.1181383698E+03
    0.4368731704E+03    0.9982427414E+02
    0.6701166376E+03    0.9982427414E+02
    0.1016640560E+04    0.0000000000E+00
    0.9843662561E+03    0.0000000000E+00
    0.2430265480E+03    0.0000000000E+00
    0.2534896757E+03    0.0000000000E+00
    0.2554190468E+03    0.0000000000E+00
    0.8643245236E+03    0.6010034420E+02
    0.4011975853E+03    0.5777525771E+02
    0.1006753059E+04    0.5777525771E+02
Descriptor coordinates by the model of dimension:     3
    0.2349993452E+02    0.3218893815E+02    0.1150640330E+03
    0.2916576254E+02    0.3344706692E+02    0.1142427635E+03
    0.2484681742E+02    0.2285697179E+02    0.1091092705E+03
    0.2176602611E+02    0.5657023814E+02    0.0000000000E+00
    0.2353008544E+02    0.9395499271E+01    0.0000000000E+00
    0.2452675541E+02    0.9395499271E+01    0.0000000000E+00
    0.2873089447E+02    0.9395499271E+01    0.0000000000E+00
    0.2285710721E+02    0.2760668203E+02    0.4539992976E+02
    0.2606215648E+02    0.2760668203E+02    0.4539992976E+02
    0.3175519486E+02    0.0000000000E+00    0.4539992976E+02
    0.3078367921E+02    0.0000000000E+00    0.4539992976E+02
    0.1986033235E+02    0.0000000000E+00    0.4539992976E+02
    0.2071081143E+02    0.0000000000E+00    0.4539992976E+02
    0.2069360462E+02    0.0000000000E+00    0.4539992976E+02
    0.2844415433E+02    0.2444324974E+02    0.4539992976E+02
    0.2192692646E+02    0.4160011068E+01    0.4539992976E+02
    0.2999478812E+02    0.4160011068E+01    0.4539992976E+02
