Descriptor coordinates by the model of dimension:     1
    0.4062624925E+01
    0.3668255107E+01
    0.3641575793E+01
    0.4195614171E+01
    0.3440116619E+01
    0.3488919964E+01
    0.4027170895E+01
    0.3452603935E+01
    0.3726482748E+01
    0.3775738491E+01
    0.4481529373E+01
    0.4082200278E+01
    0.3383178433E+01
    0.4361570780E+01
    0.4170481742E+01
    0.4190398522E+01
    0.4435745624E+01
    0.3993388031E+01
    0.4048918495E+01
    0.4340769385E+01
    0.3420657313E+01
    0.3452984328E+01
    0.3516631368E+01
    0.3547969561E+01
    0.3609717686E+01
    0.3376834510E+01
    0.3348687255E+01
    0.3335845975E+01
    0.3331258376E+01
    0.3670098927E+01
    0.3684306646E+01
    0.4120652585E+01
    0.3883337397E+01
    0.4164511155E+01
Descriptor coordinates by the model of dimension:     2
    0.4062624925E+01    0.7405216833E+03
    0.3668255107E+01    0.4006813931E+03
    0.3641575793E+01    0.6463618428E+03
    0.4195614171E+01    0.4789547062E+03
    0.3440116619E+01    0.5392943290E+02
    0.3488919964E+01    0.2847124153E+03
    0.4027170895E+01    0.9770196230E+02
    0.3452603935E+01    0.5117454614E+02
    0.3726482748E+01    0.3995200183E+03
    0.3775738491E+01    0.1125969596E+04
    0.4481529373E+01    0.1437731252E+04
    0.4082200278E+01    0.4172128828E+03
    0.3383178433E+01    0.4164081755E+02
    0.4361570780E+01    0.1612338957E+04
    0.4170481742E+01    0.5644489105E+03
    0.4190398522E+01    0.4225509101E+03
    0.4435745624E+01    0.7776400912E+03
    0.3993388031E+01    0.1078788783E+04
    0.4048918495E+01    0.1078788783E+04
    0.4340769385E+01    0.5417406184E+03
    0.3420657313E+01    0.1464477078E+03
    0.3452984328E+01    0.1464477078E+03
    0.3516631368E+01    0.1464477078E+03
    0.3547969561E+01    0.1464477078E+03
    0.3609717686E+01    0.1464477078E+03
    0.3376834510E+01    0.3349224748E+01
    0.3348687255E+01    0.3349224748E+01
    0.3335845975E+01    0.3349224748E+01
    0.3331258376E+01    0.3349224748E+01
    0.3670098927E+01    0.1224284442E+03
    0.3684306646E+01    0.1704577694E+04
    0.4120652585E+01    0.1704577694E+04
    0.3883337397E+01    0.1625826720E+04
    0.4164511155E+01    0.1625826720E+04
Descriptor coordinates by the model of dimension:     3
    0.6392503467E+03    0.5569435383E-02    0.9072700468E+02
    0.5548559601E+03    0.5138590471E-02    0.4476302473E+02
    0.5558078171E+03    0.4346778733E-02    0.4390553365E+02
    0.6632172620E+03    0.6939293967E-02    0.1177737865E+03
    0.5030039225E+03    0.6456841907E-02    0.4197435557E+02
    0.5135010936E+03    0.5798443058E-02    0.3377278553E+02
    0.6268680358E+03    0.6404274888E-02    0.1250670386E+03
    0.5153154425E+03    0.5662020906E-02    0.0000000000E+00
    0.5771852707E+03    0.4628004765E-02    0.3634527179E+02
    0.5954769987E+03    0.3701420273E-02    0.1974264721E+02
    0.7249226740E+03    0.5847986053E-02    0.1257874616E+03
    0.6418898954E+03    0.5768953773E-02    0.1048455318E+03
    0.4940104167E+03    0.6629774306E-02    0.0000000000E+00
    0.6988580106E+03    0.4886909325E-02    0.1252663287E+03
    0.6550923341E+03    0.6650343124E-02    0.1151740831E+03
    0.6600927807E+03    0.7311256860E-02    0.1239240029E+03
    0.7110763799E+03    0.6420203588E-02    0.1517027402E+03
    0.6309993607E+03    0.4428804135E-02    0.5690659532E+02
    0.6400528633E+03    0.4759907102E-02    0.7038596391E+02
    0.6925166563E+03    0.8603581384E-02    0.0000000000E+00
    0.5142408373E+03    0.5048109500E-02    0.0000000000E+00
    0.5222284189E+03    0.4981152396E-02    0.0000000000E+00
    0.5380636746E+03    0.4849853840E-02    0.0000000000E+00
    0.5459126552E+03    0.4785478548E-02    0.0000000000E+00
    0.5614764856E+03    0.4659194578E-02    0.0000000000E+00
    0.4998032622E+03    0.5714285714E-02    0.0000000000E+00
    0.4873323846E+03    0.6589211618E-02    0.0000000000E+00
    0.4828344313E+03    0.6986181180E-02    0.0000000000E+00
    0.4813650109E+03    0.7128801431E-02    0.0000000000E+00
    0.5745419780E+03    0.4577348249E-02    0.0000000000E+00
    0.5657646672E+03    0.3684053651E-02    0.4328172822E+02
    0.6526895202E+03    0.4397294669E-02    0.9938596746E+02
    0.6177343102E+03    0.2782791473E-02    0.2540499931E+02
    0.6687701969E+03    0.3574013249E-02    0.6009597738E+02
