Descriptor coordinates by the model of dimension:     1
    0.3528821673E+01
    0.4435342023E+01
    0.4197052092E+01
    0.3829480340E+01
    0.3889999121E+01
    0.3422989633E+01
    0.3536971699E+01
    0.3598270309E+01
    0.3640909456E+01
    0.4103310023E+01
    0.4130064302E+01
    0.4156516320E+01
    0.3404785009E+01
    0.3592779966E+01
    0.3687218607E+01
    0.4019834631E+01
    0.4556609523E+01
    0.4459983290E+01
    0.3469020208E+01
    0.3484972580E+01
    0.3640143464E+01
    0.3670280387E+01
    0.3382631971E+01
    0.3356519531E+01
    0.3621942672E+01
    0.3605010871E+01
    0.3532492855E+01
    0.3868207781E+01
    0.4381508692E+01
    0.4069921419E+01
    0.4404868185E+01
    0.3645476859E+01
    0.4248108738E+01
    0.4516554864E+01
Descriptor coordinates by the model of dimension:     2
    0.2291562268E+04    0.2244526065E+02
    0.2985303194E+04    0.4003673829E+02
    0.2726761626E+04    0.3318606038E+02
    0.2440534428E+04    0.2513571176E+02
    0.2438868224E+04    0.2503217447E+02
    0.2190774670E+04    0.1946135032E+02
    0.2268335921E+04    0.2130265374E+02
    0.2333465127E+04    0.2335318109E+02
    0.2364019984E+04    0.2407896798E+02
    0.2647854281E+04    0.3027636620E+02
    0.2674893389E+04    0.3087437897E+02
    0.2701893148E+04    0.3145015345E+02
    0.2175663151E+04    0.1926844711E+02
    0.2315477224E+04    0.2240282010E+02
    0.2385648614E+04    0.2397955480E+02
    0.2632378745E+04    0.2953851129E+02
    0.3073381963E+04    0.4178702395E+02
    0.2988399904E+04    0.3897036125E+02
    0.2207665368E+04    0.1964512098E+02
    0.2212266070E+04    0.1964438833E+02
    0.2253139079E+04    0.1945730178E+02
    0.2260238859E+04    0.1938106356E+02
    0.2178647656E+04    0.1945089214E+02
    0.2153731115E+04    0.1876919906E+02
    0.2246196243E+04    0.1928431790E+02
    0.2240631695E+04    0.1925329822E+02
    0.2213374943E+04    0.1902730952E+02
    0.2553996161E+04    0.2946025709E+02
    0.2949021571E+04    0.3952768239E+02
    0.2602823184E+04    0.3020276875E+02
    0.2918060807E+04    0.3885143461E+02
    0.2371998143E+04    0.2399130245E+02
    0.2844182622E+04    0.3612595184E+02
    0.3052105562E+04    0.4178719795E+02
Descriptor coordinates by the model of dimension:     3
    0.1554126937E-01    0.1181728802E+05    0.1127418813E-01
    0.1256619003E-01    0.2349766841E+05    0.7169621110E-02
    0.1291579723E-01    0.1860509619E+05    0.1723823734E-01
    0.1375092055E-01    0.1379040398E+05    0.2087998318E-01
    0.1379181205E-01    0.1376556852E+05    0.2772185189E-01
    0.1594279154E-01    0.1087768555E+05    0.0000000000E+00
    0.1506891070E-01    0.1059570979E+05    0.1684245833E-01
    0.1501474799E-01    0.1219525466E+05    0.8247770873E-02
    0.1479048947E-01    0.1267098437E+05    0.8247770873E-02
    0.1270949310E-01    0.1751905294E+05    0.4079434238E-01
    0.1259841110E-01    0.1799906003E+05    0.4079434238E-01
    0.1248883303E-01    0.1848135574E+05    0.4079434238E-01
    0.1533981033E-01    0.8917038900E+04    0.1011172289E-01
    0.1448130172E-01    0.1094960703E+05    0.1011172289E-01
    0.1408436660E-01    0.1207159724E+05    0.1011172289E-01
    0.1283872655E-01    0.1659312912E+05    0.1011172289E-01
    0.1217102365E-01    0.2413372500E+05    0.0000000000E+00
    0.1214102103E-01    0.2227230000E+05    0.0000000000E+00
    0.1570918044E-01    0.1131243750E+05    0.0000000000E+00
    0.1561495252E-01    0.1138014500E+05    0.0000000000E+00
    0.1475843075E-01    0.1202092000E+05    0.0000000000E+00
    0.1460384080E-01    0.1214115500E+05    0.0000000000E+00
    0.1620445744E-01    0.1075172175E+05    0.0000000000E+00
    0.1612303353E-01    0.9893893750E+04    0.0000000000E+00
    0.1477163874E-01    0.1146214219E+05    0.0000000000E+00
    0.1483669978E-01    0.1129741425E+05    0.0000000000E+00
    0.1510232480E-01    0.1062048125E+05    0.0000000000E+00
    0.1429059378E-01    0.1585998074E+05    0.3000762712E-01
    0.1281356872E-01    0.2369311663E+05    0.3000762712E-01
    0.1343596847E-01    0.1692154311E+05    0.2837739130E-01
    0.1267675675E-01    0.2319399469E+05    0.2837739130E-01
    0.1471276811E-01    0.1161400568E+05    0.1545058122E-01
    0.1309537343E-01    0.2051949971E+05    0.1545058122E-01
    0.1248308397E-01    0.2559926422E+05    0.1545058122E-01
