Descriptor coordinates by the model of dimension:     1
    0.3575788413E+01
    0.3778011513E+01
    0.3837236290E+01
    0.3735691051E+01
    0.3775520208E+01
    0.3576048791E+01
    0.4360447271E+01
    0.4076857985E+01
    0.3471521061E+01
    0.3900928559E+01
    0.3879085398E+01
    0.3745094014E+01
    0.4315497850E+01
    0.4259982161E+01
    0.3444920824E+01
    0.3578612868E+01
    0.4315182499E+01
Descriptor coordinates by the model of dimension:     2
    0.2796586052E+00    0.4484155086E-07
    0.2646895057E+00    0.1386172536E-05
    0.2606042277E+00    0.1386172536E-05
    0.2676880894E+00    0.1010208374E-08
    0.2648641630E+00    0.1010208374E-08
    0.2796382428E+00    0.1010208374E-08
    0.2293342719E+00    0.8171276545E-02
    0.2452869351E+00    0.8171276545E-02
    0.2880581689E+00    0.1000000000E+01
    0.2563492217E+00    0.1000000000E+01
    0.2577927262E+00    0.1000000000E+01
    0.2670159938E+00    0.1000000000E+01
    0.2317229749E+00    0.1000000000E+01
    0.2347427670E+00    0.1000000000E+01
    0.2902824335E+00    0.1000000000E+01
    0.2794378819E+00    0.1000000000E+01
    0.2317399091E+00    0.1000000000E+01
Descriptor coordinates by the model of dimension:     3
    0.2909965815E+04    0.2250194907E-01    0.8504307575E+00
    0.3243382364E+04    0.3267892029E-01    0.9264403412E-01
    0.3470769776E+04    0.3621250515E-01    0.2584318601E+00
    0.3196498741E+04    0.5583414989E-02    0.1139347312E-01
    0.3263439741E+04    0.5729531574E-02    0.1030149000E-01
    0.2937006013E+04    0.1609866776E-01    0.1627612884E+01
    0.4668499387E+04    0.2007597549E+00    0.5440208116E+00
    0.4075780141E+04    0.1833257550E+00    0.2570638471E+00
    0.2825793065E+04    0.4884219175E+00    0.2572837922E+01
    0.3741053402E+04    0.4037189175E+00    0.1422303743E+01
    0.3522414700E+04    0.2247009346E+00    0.1608711507E-01
    0.3354164151E+04    0.4551209717E+00    0.1942660489E+01
    0.4646781089E+04    0.4096052717E+00    0.1416254088E+01
    0.4364148582E+04    0.3876459092E+00    0.8801242202E-01
    0.2468702075E+04    0.2346230699E+00    0.1009103605E+00
    0.2741394713E+04    0.2637490699E+00    0.1372214517E+00
    0.4633136410E+04    0.4239420699E+00    0.5885422691E+00
