Descriptor coordinates by the model of dimension:     1
    0.3829480340E+01
    0.3422989633E+01
    0.3598270309E+01
    0.4156516320E+01
    0.3404785009E+01
    0.3687218607E+01
    0.4019834631E+01
    0.4556609523E+01
    0.4459983290E+01
    0.3469020208E+01
    0.3640143464E+01
    0.3356519531E+01
    0.3532492855E+01
    0.4404868185E+01
    0.3645476859E+01
    0.4248108738E+01
    0.4516554864E+01
Descriptor coordinates by the model of dimension:     2
    0.2440534428E+04    0.2513571176E+02
    0.2190774670E+04    0.1946135032E+02
    0.2333465127E+04    0.2335318109E+02
    0.2701893148E+04    0.3145015345E+02
    0.2175663151E+04    0.1926844711E+02
    0.2385648614E+04    0.2397955480E+02
    0.2632378745E+04    0.2953851129E+02
    0.3073381963E+04    0.4178702395E+02
    0.2988399904E+04    0.3897036125E+02
    0.2207665368E+04    0.1964512098E+02
    0.2253139079E+04    0.1945730178E+02
    0.2153731115E+04    0.1876919906E+02
    0.2213374943E+04    0.1902730952E+02
    0.2918060807E+04    0.3885143461E+02
    0.2371998143E+04    0.2399130245E+02
    0.2844182622E+04    0.3612595184E+02
    0.3052105562E+04    0.4178719795E+02
Descriptor coordinates by the model of dimension:     3
    0.1342428342E+02    0.1165759434E+02    0.6101692181E+00
    0.1097883091E+02    0.1223948346E+02    0.5138493085E+00
    0.1273964718E+02    0.1200679840E+02    0.5885835095E+00
    0.1732809743E+02    0.1130200316E+02    0.7114624506E+00
    0.1089706500E+02    0.1212451683E+02    0.5291249265E+00
    0.1323417198E+02    0.1179442614E+02    0.5862706988E+00
    0.1655308202E+02    0.1143849372E+02    0.6547521334E+00
    0.2415762167E+02    0.1118890172E+02    0.8020833333E+00
    0.2247433623E+02    0.1119292297E+02    0.7838150289E+00
    0.1106861956E+02    0.1216615238E+02    0.5030341744E+00
    0.1101137642E+02    0.1185281318E+02    0.4998684557E+00
    0.1066576094E+02    0.1229691596E+02    0.5060475027E+00
    0.1069438627E+02    0.1202620974E+02    0.5313370001E+00
    0.2092364239E+02    0.1131432052E+02    0.7553260168E+00
    0.1299466253E+02    0.1195280256E+02    0.5766829199E+00
    0.1977066902E+02    0.1147687864E+02    0.6955521697E+00
    0.2371076012E+02    0.1128017826E+02    0.7500057390E+00
