Descriptor coordinates by the model of dimension:     1
    0.1683907343E+02
    0.1615812336E+02
    0.1629331327E+02
    0.1668858524E+02
    0.1619058166E+02
    0.1560455719E+02
    0.1529288192E+02
    0.1529729546E+02
    0.1529949554E+02
    0.1530606896E+02
    0.1709285545E+02
    0.1706079755E+02
    0.1663682742E+02
    0.1687009897E+02
    0.1624422308E+02
    0.1590443467E+02
    0.1558750279E+02
Descriptor coordinates by the model of dimension:     2
    0.1558170697E-01    0.3869661281E+00
    0.1401340756E-01    0.3261582352E+00
    0.1424373107E-01    0.4324788866E+00
    0.1524357061E-01    0.4033470174E+00
    0.1417999860E-01    0.4287620129E+00
    0.1267690269E-01    0.5032441257E+00
    0.1218691758E-01    0.1849602829E+00
    0.1216539058E-01    0.2052237888E+00
    0.1215358625E-01    0.2171170234E+00
    0.1211337652E-01    0.2628082141E+00
    0.1615521652E-01    0.3305997295E+00
    0.1603026979E-01    0.3662280298E+00
    0.1496842823E-01    0.3670823545E+00
    0.1544672658E-01    0.5219738159E+00
    0.1413079806E-01    0.4656886486E+00
    0.1342353952E-01    0.3780897713E+00
    0.1278228450E-01    0.3182289613E+00
Descriptor coordinates by the model of dimension:     3
    0.1683907343E+02    0.8666926432E-03    0.6314677633E+02
    0.1615812336E+02    0.2973142822E-02    0.1236407728E+03
    0.1629331327E+02    0.1755548715E-02    0.1300547929E+03
    0.1668858524E+02    0.1875972483E-02    0.2359201262E+00
    0.1619058166E+02    0.7231883905E-02    0.1033357107E+00
    0.1560455719E+02    0.1255520548E-02    0.3951569714E+04
    0.1529288192E+02    0.0000000000E+00    0.1880960094E+04
    0.1529729546E+02    0.0000000000E+00    0.2226194163E+04
    0.1529949554E+02    0.0000000000E+00    0.2451136708E+04
    0.1530606896E+02    0.0000000000E+00    0.3517354620E+04
    0.1709285545E+02    0.0000000000E+00    0.5480503789E+04
    0.1706079755E+02    0.0000000000E+00    0.6713219297E+04
    0.1663682742E+02    0.0000000000E+00    0.2764934004E+04
    0.1687009897E+02    0.0000000000E+00    0.5151230216E+04
    0.1624422308E+02    0.2527446974E-02    0.1482538082E+00
    0.1590443467E+02    0.2527446974E-02    0.1065735720E+00
    0.1558750279E+02    0.2527446974E-02    0.8318644482E-01
