Descriptor coordinates by the model of dimension:     1
    0.1633032861E+02
    0.1590468838E+02
    0.1633284300E+02
    0.1616843344E+02
    0.1629950230E+02
    0.1651639261E+02
    0.1674262679E+02
    0.1586884377E+02
    0.1587144015E+02
    0.1562269608E+02
    0.1661402183E+02
    0.1608146836E+02
    0.1650731199E+02
    0.1709851010E+02
    0.1688742535E+02
    0.1544483038E+02
    0.1642368782E+02
Descriptor coordinates by the model of dimension:     2
    0.6976293106E+02    0.3438299433E-01
    0.7447297903E+02    0.4125596229E-01
    0.6964819833E+02    0.5095142978E-01
    0.7122687696E+02    0.4207860863E-01
    0.7028867791E+02    0.3302856364E-01
    0.6752406153E+02    0.5997237481E-01
    0.6512775803E+02    0.4284749409E-01
    0.7511805579E+02    0.3202924876E-01
    0.7520762755E+02    0.2923642768E-01
    0.7829442195E+02    0.4185505466E-01
    0.6711772082E+02    0.2009073726E-01
    0.7295643604E+02    0.2436376721E-01
    0.6739608639E+02    0.6345665249E-01
    0.6180836541E+02    0.4869039584E-01
    0.6378753375E+02    0.4650042988E-01
    0.8002318906E+02    0.7421174700E-01
    0.6890208164E+02    0.2973734572E-01
Descriptor coordinates by the model of dimension:     3
    0.3936713917E+00    0.1356247030E+03   -0.5868430644E-02
    0.3688708481E+00    0.1398832690E+03   -0.1696238961E-01
    0.3943806072E+00    0.1415634112E+03   -0.1361452151E-01
    0.3817575994E+00    0.1364104757E+03   -0.1889656570E-01
    0.3845326609E+00    0.1298924720E+03   -0.1097865530E-01
    0.3936686840E+00    0.1346919187E+03   -0.4744517888E-02
    0.4200918062E+00    0.1367708616E+03   -0.1487204080E-01
    0.3648789773E+00    0.1357380275E+03   -0.1258714648E-01
    0.3645040377E+00    0.1344291168E+03   -0.1194747479E-01
    0.3507590875E+00    0.1411069031E+03   -0.1909877935E-01
    0.4081016171E+00    0.1284709912E+03   -0.8868057438E-02
    0.3757701717E+00    0.1312937131E+03   -0.8868057438E-02
    0.3941993545E+00    0.1384507411E+03   -0.6649311727E-02
    0.4452308392E+00    0.1368180090E+03   -0.1207474480E-02
    0.4313331521E+00    0.1393451127E+03   -0.4163817735E-01
    0.3425736755E+00    0.1523682773E+03   -0.4163817735E-01
    0.3975191395E+00    0.1341342789E+03   -0.2757335655E-01
