Descriptor coordinates by the model of dimension:     1
    0.4410844275E+01
    0.4310041608E+01
    0.4756667413E+01
    0.4417197667E+01
    0.4453005522E+01
    0.4461599321E+01
    0.4258266982E+01
    0.4232221161E+01
    0.4191971262E+01
    0.4264418950E+01
    0.4770859360E+01
    0.4704670460E+01
    0.4204588930E+01
    0.4451917690E+01
    0.4534360611E+01
    0.4616803531E+01
    0.4864132291E+01
    0.4402582531E+01
    0.4322946486E+01
    0.4611142919E+01
    0.4976556311E+01
    0.4976556311E+01
    0.4130243291E+01
    0.4193450196E+01
    0.4193450196E+01
    0.4416696682E+01
    0.4750032281E+01
    0.4791699231E+01
    0.4245174713E+01
    0.4661368313E+01
    0.4827845752E+01
    0.4272477488E+01
    0.4356251557E+01
    0.4817008933E+01
Descriptor coordinates by the model of dimension:     2
    0.1258426123E+00    0.9118708240E-02
    0.1177034744E+00    0.5170960273E-02
    0.1607880000E+00    0.1607729601E-01
    0.1271342766E+00    0.3963100076E-02
    0.1286421119E+00    0.0000000000E+00
    0.1322957600E+00    0.4661586031E-02
    0.1149130728E+00    0.0000000000E+00
    0.1146299794E+00    0.8127446380E-02
    0.1157063248E+00    0.5673118468E-03
    0.1124161621E+00    0.1684497833E-01
    0.1619696748E+00    0.1063640992E-02
    0.1527731651E+00    0.1352883820E-01
    0.1092078886E+00    0.0000000000E+00
    0.1279404596E+00    0.0000000000E+00
    0.1345939933E+00    0.0000000000E+00
    0.1414558313E+00    0.0000000000E+00
    0.1633122214E+00    0.0000000000E+00
    0.1257640778E+00    0.0000000000E+00
    0.1172607999E+00    0.2636600921E-03
    0.1407157839E+00    0.2990947373E-03
    0.1816826845E+00    0.3643834683E-03
    0.1762036915E+00    0.3519874714E-03
    0.1029478605E+00    0.3719636675E-03
    0.1044484861E+00    0.2014848883E-03
    0.1038388992E+00    0.2107010740E-03
    0.1242362339E+00    0.4027256157E-03
    0.1565719590E+00    0.3843575306E-03
    0.1610030435E+00    0.3820615199E-03
    0.1150908921E+00    0.1686271431E-03
    0.1508746669E+00    0.2808239895E-03
    0.1671174821E+00    0.3257027281E-03
    0.1088910314E+00    0.0000000000E+00
    0.1159276903E+00    0.0000000000E+00
    0.1606041790E+00    0.0000000000E+00
Descriptor coordinates by the model of dimension:     3
    0.3554572345E+00    0.1003375000E+02    0.2325691642E+00
    0.3345522242E+00    0.9413984375E+01    0.1253560185E+00
    0.4558027772E+00    0.1307273437E+02    0.1269810255E+01
    0.3554335795E+00    0.9961210938E+01    0.2367268990E+00
    0.3523962762E+00    0.9839140625E+01    0.2350770042E+00
    0.3675458527E+00    0.1033679687E+02    0.2575155728E+00
    0.3076660155E+00    0.8400781250E+01    0.6327351317E-01
    0.3082582472E+00    0.8425273437E+01    0.6368926529E-01
    0.3131499851E+00    0.8616679687E+01    0.6804476369E-01
    0.3152345826E+00    0.8894921875E+01    0.6861889757E-01
    0.4546851625E+00    0.1303671875E+02    0.1291969523E+01
    0.4236020310E+00    0.1203445313E+02    0.1143586571E+01
    0.3069068765E+00    0.9005600000E+01    0.2216000000E+01
    0.3581526861E+00    0.1040960000E+02    0.2384000000E+01
    0.3760940235E+00    0.1090000000E+02    0.2440000000E+01
    0.3944692225E+00    0.1140160000E+02    0.2496000000E+01
    0.4522251239E+00    0.1297360000E+02    0.2664000000E+01
    0.3379298867E+00    0.9659400000E+01    0.2358000000E+01
    0.3377616960E+00    0.9783125000E+01    0.2292500000E+01
    0.3978262280E+00    0.1143880000E+02    0.2478000000E+01
    0.5079342097E+00    0.1392000000E+02    0.0000000000E+00
    0.4901375142E+00    0.1344000000E+02    0.0000000000E+00
    0.2920388572E+00    0.8037500000E+01    0.0000000000E+00
    0.2922186204E+00    0.7890000000E+01    0.0000000000E+00
    0.2935134989E+00    0.7955000000E+01    0.0000000000E+00
    0.3523789800E+00    0.1044840000E+02    0.2588000000E+01
    0.4428016529E+00    0.1291240000E+02    0.2892000000E+01
    0.4547680715E+00    0.1323750000E+02    0.2930000000E+01
    0.3066979409E+00    0.8948600000E+01    0.2446000000E+01
    0.4186872410E+00    0.1214960000E+02    0.2876000000E+01
    0.4668131681E+00    0.1355040000E+02    0.3048000000E+01
    0.3172375588E+00    0.9415300000E+01    0.2433000000E+01
    0.3372424714E+00    0.9965200000E+01    0.2506000000E+01
    0.4569440880E+00    0.1325062500E+02    0.2907500000E+01
