Descriptor coordinates by the model of dimension:     1
    0.2544681672E-02
    0.3088064184E-02
    0.2981381201E-02
    0.2103940809E-02
    0.3128939566E-02
    0.3216129066E-02
    0.2243708407E-02
    0.3108705069E-02
    0.2792192781E-02
    0.2868610742E-02
    0.2249506758E-02
    0.2218048640E-02
    0.3208840657E-02
    0.2452927014E-02
    0.2365210704E-02
    0.2108916530E-02
    0.2269923021E-02
    0.2469701233E-02
    0.2365695014E-02
    0.1954390398E-02
    0.3124615223E-02
    0.3082104375E-02
    0.2996269495E-02
    0.2952938497E-02
    0.2865431462E-02
    0.3192079586E-02
    0.3242238232E-02
    0.3260951876E-02
    0.3267178225E-02
    0.2790146354E-02
    0.3055187177E-02
    0.2665280933E-02
    0.2835627283E-02
    0.2687133968E-02
Descriptor coordinates by the model of dimension:     2
    0.2544681672E-02    0.8789062500E+02
    0.3088064184E-02    0.8033483692E+02
    0.2981381201E-02    0.8198477337E+02
    0.2103940809E-02    0.9587673611E+02
    0.3128939566E-02    0.7953401957E+02
    0.3216129066E-02    0.7837631914E+02
    0.2243708407E-02    0.9393915998E+02
    0.3108705069E-02    0.7880220646E+02
    0.2792192781E-02    0.8499449339E+02
    0.2868610742E-02    0.8309341242E+02
    0.2249506758E-02    0.9103447671E+02
    0.2218048640E-02    0.9469956413E+02
    0.3208840657E-02    0.7763975155E+02
    0.2452927014E-02    0.8796269520E+02
    0.2365210704E-02    0.9042063020E+02
    0.2108916530E-02    0.9570704277E+02
    0.2269923021E-02    0.9037517409E+02
    0.2469701233E-02    0.9091530055E+02
    0.2365695014E-02    0.9262447257E+02
    0.1954390398E-02    0.9818181818E+02
    0.3124615223E-02    0.7861635220E+02
    0.3082104375E-02    0.7911392405E+02
    0.2996269495E-02    0.8012820513E+02
    0.2952938497E-02    0.8064516129E+02
    0.2865431462E-02    0.8169934641E+02
    0.3192079586E-02    0.7783312578E+02
    0.3242238232E-02    0.7725587145E+02
    0.3260951876E-02    0.7704160247E+02
    0.3267178225E-02    0.7697044335E+02
    0.2790146354E-02    0.8261731659E+02
    0.3055187177E-02    0.8083973464E+02
    0.2665280933E-02    0.8541634241E+02
    0.2835627283E-02    0.8409569378E+02
    0.2687133968E-02    0.8620466321E+02
Descriptor coordinates by the model of dimension:     3
    0.2544681672E-02    0.5223361030E+03    0.4951504158E+01
    0.3088064184E-02    0.4398966915E+03    0.4902817513E+01
    0.2981381201E-02    0.4701405369E+03    0.4936625521E+01
    0.2103940809E-02    0.5730181716E+03    0.5000232185E+01
    0.3128939566E-02    0.4044938610E+03    0.5042460176E+01
    0.3216129066E-02    0.4010412289E+03    0.4927214093E+01
    0.2243708407E-02    0.5457972668E+03    0.5079336937E+01
    0.3108705069E-02    0.4150200532E+03    0.4948125576E+01
    0.2792192781E-02    0.4827495093E+03    0.5020526943E+01
    0.2868610742E-02    0.4676493072E+03    0.4925063550E+01
    0.2249506758E-02    0.5529738931E+03    0.5040336311E+01
    0.2218048640E-02    0.5596454108E+03    0.5080572278E+01
    0.3208840657E-02    0.3892537651E+03    0.4972845244E+01
    0.2452927014E-02    0.5221932824E+03    0.5006417635E+01
    0.2365210704E-02    0.5222920758E+03    0.5072056535E+01
    0.2108916530E-02    0.5621678239E+03    0.5098144271E+01
    0.2269923021E-02    0.5390516420E+03    0.5041442775E+01
    0.2469701233E-02    0.5271935096E+03    0.5205796472E+01
    0.2365695014E-02    0.5414622529E+03    0.5205796472E+01
    0.1954390398E-02    0.5915881407E+03    0.5058793047E+01
    0.3124615223E-02    0.4367996144E+03    0.4885286017E+01
    0.3082104375E-02    0.4389682732E+03    0.4885286017E+01
    0.2996269495E-02    0.4433708415E+03    0.4885286017E+01
    0.2952938497E-02    0.4456054087E+03    0.4885286017E+01
    0.2865431462E-02    0.4501428039E+03    0.4885286017E+01
    0.3192079586E-02    0.4213516253E+03    0.4908752642E+01
    0.3242238232E-02    0.3960655588E+03    0.4908752642E+01
    0.3260951876E-02    0.3870077964E+03    0.4908752642E+01
    0.3267178225E-02    0.3840374955E+03    0.4908752642E+01
    0.2790146354E-02    0.4475774869E+03    0.5066572537E+01
    0.3055187177E-02    0.4663290294E+03    0.4832277151E+01
    0.2665280933E-02    0.5105457953E+03    0.4832277151E+01
    0.2835627283E-02    0.4786729388E+03    0.5016841566E+01
    0.2687133968E-02    0.5102409639E+03    0.5016841566E+01
