Descriptor coordinates by the model of dimension:     1
    0.2021502425E+03
    0.2687661508E+03
    0.2401237159E+03
    0.2149969419E+03
    0.2375959016E+03
    0.2997879641E+03
    0.4034188034E+03
    0.3899904973E+03
    0.3832699620E+03
    0.3630827783E+03
    0.1803638645E+03
    0.1731636598E+03
    0.2035065748E+03
    0.1818916734E+03
    0.2457175553E+03
    0.2942020619E+03
    0.3488592593E+03
Descriptor coordinates by the model of dimension:     2
    0.2660805758E+01    0.3751044259E+00
    0.2421009072E+01    0.3080854944E+00
    0.2581675469E+01    0.2428195382E+00
    0.2600124329E+01    0.4479840018E+00
    0.2619453320E+01    0.2569784522E+00
    0.2312510784E+01    0.2247071842E+00
    0.1955177486E+01    0.1616411055E+00
    0.2002028747E+01    0.1647581781E+00
    0.2025644613E+01    0.1663621795E+00
    0.2097194103E+01    0.1713669610E+00
    0.2774935337E+01    0.2981916599E+00
    0.2834937601E+01    0.2492125082E+00
    0.2755982835E+01    0.1826960720E+00
    0.2838818205E+01    0.2022964971E+00
    0.2504449777E+01    0.2800075425E+00
    0.2308088794E+01    0.2528948487E+00
    0.2116353418E+01    0.2307077967E+00
Descriptor coordinates by the model of dimension:     3
    0.2660805758E+01    0.4373219843E+03    0.2876922522E+00
    0.2421009072E+01    0.4524143060E+03    0.8738847295E-01
    0.2581675469E+01    0.2994966347E+03    0.5217631054E-01
    0.2600124329E+01    0.5508194247E+03    0.2055293925E+00
    0.2619453320E+01    0.3097482238E+03    0.2656463273E-01
    0.2312510784E+01    0.2909066703E+03    0.2529810666E+00
    0.1955177486E+01    0.3146194310E+03    0.3776316924E+01
    0.2002028747E+01    0.3006517448E+03    0.3712625161E+01
    0.2025644613E+01    0.2936554921E+03    0.3680779279E+01
    0.2097194103E+01    0.2726141466E+03    0.3585241634E+01
    0.2774935337E+01    0.3105224814E+03    0.2379445371E+01
    0.2834937601E+01    0.2346075961E+03    0.2011091173E+01
    0.2755982835E+01    0.1915058228E+03    0.1565192644E+00
    0.2838818205E+01    0.1881245528E+03    0.1841003501E+00
    0.2504449777E+01    0.3496519705E+03    0.1274371753E+00
    0.2308088794E+01    0.3748767570E+03    0.1390091536E+00
    0.2116353418E+01    0.4004059779E+03    0.1505811319E+00
