Descriptor coordinates by the model of dimension:     1
    0.1658713510E+02
    0.1550129529E+02
    0.1678057854E+02
    0.1677800722E+02
    0.1569379043E+02
    0.1690424230E+02
    0.1561607132E+02
    0.1696171597E+02
    0.1559051026E+02
    0.1549015248E+02
    0.1547668372E+02
    0.1576397130E+02
    0.1670531978E+02
    0.1654693902E+02
    0.1707399918E+02
    0.1705325337E+02
    0.1575042091E+02
Descriptor coordinates by the model of dimension:     2
    0.2981381201E-02    0.8671433464E-01
    0.2103940809E-02    0.5545425352E-01
    0.3128939566E-02    0.1128584174E+00
    0.3216129066E-02    0.9736561392E-01
    0.2243708407E-02    0.6781840273E-01
    0.3108705069E-02    0.1032086023E+00
    0.2218048640E-02    0.6363568453E-01
    0.3208840657E-02    0.1130512975E+00
    0.2452927014E-02    0.3823741027E-01
    0.2108916530E-02    0.5542800040E-01
    0.2269923021E-02    0.3612125533E-01
    0.2469701233E-02    0.6566008951E-01
    0.2952938497E-02    0.9255977292E-01
    0.2865431462E-02    0.8674331663E-01
    0.3242238232E-02    0.1229909116E+00
    0.3260951876E-02    0.1247538176E+00
    0.2687133968E-02    0.4844463431E-01
Descriptor coordinates by the model of dimension:     3
    0.2981381201E-02    0.1662234138E+00    0.1598666470E+00
    0.2103940809E-02    0.1366621219E+00    0.1739542787E+00
    0.3128939566E-02    0.1829818118E+00    0.4774314058E-02
    0.3216129066E-02    0.1748585727E+00    0.6507491493E-01
    0.2243708407E-02    0.1483306930E+00    0.9190897020E-01
    0.3108705069E-02    0.1792763441E+00    0.1790961147E-01
    0.2218048640E-02    0.1435100801E+00    0.0000000000E+00
    0.3208840657E-02    0.1861547411E+00    0.4139954831E-02
    0.2452927014E-02    0.1178711874E+00    0.5497213755E-01
    0.2108916530E-02    0.1369866374E+00    0.8463070611E-02
    0.2269923021E-02    0.1165697727E+00    0.1095612974E+00
    0.2469701233E-02    0.1414621155E+00    0.0000000000E+00
    0.2952938497E-02    0.1643456448E+00    0.0000000000E+00
    0.2865431462E-02    0.1563421654E+00    0.0000000000E+00
    0.3242238232E-02    0.1935053951E+00    0.1156963190E-02
    0.3260951876E-02    0.1924338509E+00    0.1156963190E-02
    0.2687133968E-02    0.1238956849E+00    0.9185434743E-03
