Descriptor coordinates by the model of dimension:     1
    0.4177305629E+01
    0.3682795564E+01
    0.4016671334E+01
    0.3829480340E+01
    0.3793815073E+01
    0.3915952998E+01
    0.4152796538E+01
    0.3713517400E+01
    0.3623694798E+01
    0.4244798141E+01
    0.3534565791E+01
    0.4050847785E+01
    0.4001502608E+01
    0.3989229256E+01
    0.4033691254E+01
    0.4078362978E+01
    0.3820396084E+01
    0.3936762887E+01
    0.3498630596E+01
    0.3781932541E+01
    0.3972132926E+01
    0.4163279164E+01
    0.4300192875E+01
    0.3578995634E+01
    0.3624967138E+01
    0.3370566447E+01
    0.3638425451E+01
    0.3407436154E+01
    0.3360757877E+01
    0.3504997440E+01
    0.3993388031E+01
    0.4515138691E+01
    0.3976200808E+01
    0.3712355850E+01
Descriptor coordinates by the model of dimension:     2
    0.2409755845E+03    0.7297623626E+03
    0.1880788663E+03    0.4926069357E+03
    0.2236855319E+03    0.6548850242E+03
    0.2074977298E+03    0.5918003616E+03
    0.1951777803E+03    0.5227706156E+03
    0.2114968425E+03    0.5991614844E+03
    0.2309566088E+03    0.6778132573E+03
    0.1852284686E+03    0.4700331659E+03
    0.1719142489E+03    0.3974561403E+03
    0.2415549681E+03    0.7114629265E+03
    0.1733582687E+03    0.4349787725E+03
    0.2278999176E+03    0.6670233585E+03
    0.2214293198E+03    0.6334678614E+03
    0.2171623542E+03    0.6137113144E+03
    0.2213936914E+03    0.6292584865E+03
    0.2256659360E+03    0.6447715645E+03
    0.1893584855E+03    0.4771352466E+03
    0.2031424810E+03    0.5450974212E+03
    0.1716055586E+03    0.4175810305E+03
    0.1974525659E+03    0.5231855972E+03
    0.2153541189E+03    0.5955420397E+03
    0.2337735933E+03    0.6692419142E+03
    0.2485384364E+03    0.7343115072E+03
    0.1705447494E+03    0.3993660838E+03
    0.1724286840E+03    0.4002408055E+03
    0.1598174535E+03    0.3795881680E+03
    0.1722586774E+03    0.3960328645E+03
    0.1601879564E+03    0.3656275872E+03
    0.1577060300E+03    0.3579312146E+03
    0.1740972552E+03    0.4455175639E+03
    0.2258786970E+03    0.6789728854E+03
    0.2827390262E+03    0.9331636570E+03
    0.2104924348E+03    0.5861736466E+03
    0.1948639153E+03    0.5251179606E+03
Descriptor coordinates by the model of dimension:     3
    0.2409755845E+03    0.1855437642E+01    0.1115638653E+01
    0.1880788663E+03    0.1510484836E+01    0.1048480145E+01
    0.2236855319E+03    0.1857509318E+01    0.1140023712E+01
    0.2074977298E+03    0.1717630814E+01    0.1089974340E+01
    0.1951777803E+03    0.1666976484E+01    0.1108104900E+01
    0.2114968425E+03    0.1722954013E+01    0.1092525281E+01
    0.2309566088E+03    0.1941988211E+01    0.1173459733E+01
    0.1852284686E+03    0.1648560336E+01    0.1121947136E+01
    0.1719142489E+03    0.1758131246E+01    0.1212253838E+01
    0.2415549681E+03    0.1725504067E+01    0.1084713068E+01
    0.1733582687E+03    0.1747546652E+01    0.1162986084E+01
    0.2278999176E+03    0.1785383843E+01    0.1102828630E+01
    0.2214293198E+03    0.1736942490E+01    0.1100080846E+01
    0.2171623542E+03    0.1545969159E+01    0.1031766819E+01
    0.2213936914E+03    0.1520396737E+01    0.1017465100E+01
    0.2256659360E+03    0.1495656553E+01    0.1003554445E+01
    0.1893584855E+03    0.2076422372E+01    0.1306344638E+01
    0.2031424810E+03    0.1854800937E+01    0.1187570381E+01
    0.1716055586E+03    0.1577884526E+01    0.1096672795E+01
    0.1974525659E+03    0.1507674207E+01    0.1039918222E+01
    0.2153541189E+03    0.1468740045E+01    0.1006477304E+01
    0.2337735933E+03    0.1434714488E+01    0.9759681612E+00
    0.2485384364E+03    0.1917238938E+01    0.1168304135E+01
    0.1705447494E+03    0.1734193548E+01    0.1189659948E+01
    0.1724286840E+03    0.1780645161E+01    0.1217344861E+01
    0.1598174535E+03    0.1517969040E+01    0.1087922477E+01
    0.1722586774E+03    0.1749776358E+01    0.1211362167E+01
    0.1601879564E+03    0.1374824281E+01    0.1021542642E+01
    0.1577060300E+03    0.1312332268E+01    0.9900318154E+00
    0.1740972552E+03    0.2049553001E+01    0.1284836523E+01
    0.2258786970E+03    0.1891438980E+01    0.1129413447E+01
    0.2827390262E+03    0.1773193251E+01    0.1014067131E+01
    0.2104924348E+03    0.2138816163E+01    0.1277828917E+01
    0.1948639153E+03    0.1723815546E+01    0.1118326758E+01
