Version SISSO.3.0.2, June, 2020.
================================================================================

Reading data from train.dat ...
Reading parameters from SISSO.in: 
--------------------------------------------------------------------------------
Restarts :     F
Descriptor dimension:        3
Property type:     1
Total number of properties:        1
Task_weighting:        1
Number of samples for each property:      136
Number of scalar features:       33
Number of recursive calls for feature transformation (rung of the feature space):        2
Max feature complexity (number of operators in a feature):       10
Number of dimension(unit)-type (for dimension analysis):       11
Dimension type for each primary feature: 
  1.00  0.00  0.00  0.00  0.00  0.00  0.00  0.00  0.00  0.00  0.00
  1.00  0.00  0.00  0.00  0.00  0.00  0.00  0.00  0.00  0.00  0.00
  1.00  0.00  0.00  0.00  0.00  0.00  0.00  0.00  0.00  0.00  0.00
  0.00  1.00  0.00  0.00  0.00  0.00  0.00  0.00  0.00  0.00  0.00
  0.00  1.00  0.00  0.00  0.00  0.00  0.00  0.00  0.00  0.00  0.00
  0.00  1.00  0.00  0.00  0.00  0.00  0.00  0.00  0.00  0.00  0.00
  0.00  0.00  1.00  0.00  0.00  0.00  0.00  0.00  0.00  0.00  0.00
  0.00  0.00  1.00  0.00  0.00  0.00  0.00  0.00  0.00  0.00  0.00
  0.00  0.00  1.00  0.00  0.00  0.00  0.00  0.00  0.00  0.00  0.00
  0.00  0.00  0.00  1.00  0.00  0.00  0.00  0.00  0.00  0.00  0.00
  0.00  0.00  0.00  1.00  0.00  0.00  0.00  0.00  0.00  0.00  0.00
  0.00  0.00  0.00  1.00  0.00  0.00  0.00  0.00  0.00  0.00  0.00
  0.00  0.00  0.00  0.00  1.00  0.00  0.00  0.00  0.00  0.00  0.00
  0.00  0.00  0.00  0.00  1.00  0.00  0.00  0.00  0.00  0.00  0.00
  0.00  0.00  0.00  0.00  1.00  0.00  0.00  0.00  0.00  0.00  0.00
  0.00  0.00  0.00  0.00  0.00  1.00  0.00  0.00  0.00  0.00  0.00
  0.00  0.00  0.00  0.00  0.00  1.00  0.00  0.00  0.00  0.00  0.00
  0.00  0.00  0.00  0.00  0.00  1.00  0.00  0.00  0.00  0.00  0.00
  0.00  0.00  0.00  0.00  0.00  0.00  1.00  0.00  0.00  0.00  0.00
  0.00  0.00  0.00  0.00  0.00  0.00  1.00  0.00  0.00  0.00  0.00
  0.00  0.00  0.00  0.00  0.00  0.00  1.00  0.00  0.00  0.00  0.00
  0.00  0.00  0.00  0.00  0.00  0.00  0.00  1.00  0.00  0.00  0.00
  0.00  0.00  0.00  0.00  0.00  0.00  0.00  1.00  0.00  0.00  0.00
  0.00  0.00  0.00  0.00  0.00  0.00  0.00  1.00  0.00  0.00  0.00
  0.00  0.00  0.00  0.00  0.00  0.00  0.00  0.00  1.00  0.00  0.00
  0.00  0.00  0.00  0.00  0.00  0.00  0.00  0.00  1.00  0.00  0.00
  0.00  0.00  0.00  0.00  0.00  0.00  0.00  0.00  1.00  0.00  0.00
  0.00  0.00  0.00  0.00  0.00  0.00  0.00  0.00  0.00  1.00  0.00
  0.00  0.00  0.00  0.00  0.00  0.00  0.00  0.00  0.00  1.00  0.00
  0.00  0.00  0.00  0.00  0.00  0.00  0.00  0.00  0.00  1.00  0.00
  0.00  0.00  0.00  0.00  0.00  0.00  0.00  0.00  0.00  0.00  1.00
  0.00  0.00  0.00  0.00  0.00  0.00  0.00  0.00  0.00  0.00  1.00
  0.00  0.00  0.00  0.00  0.00  0.00  0.00  0.00  0.00  0.00  1.00
Lower bound of the max abs. data value for the selected features:     0.10000E-02
Upper bound of the max abs. data value for the selected features:     0.10000E+06
Size of the SIS-selected (single) subspace :     1000    1000    1000
Operators for feature construction: (+)(-)(*)(/)(exp)(^-1)(^2)(^3)(sqrt)(log)(^6) (+)(-)(*)(/)(exp)(^-1)(^2)(^3)(sqrt)(log)(^6) 
Method for sparsification:  L0        
Number of the top ranked models to output:      100
Fitting intercept?      T
Metric for model selection: RMSE
--------------------------------------------------------------------------------

Feature Construction and Descriptor Identification (FCDI) starts ...

iteration:   1
--------------------------------------------------------------------------------
FC starts ...
Standard Deviation (SD) of property 001:   90.66654
Total number of features in the space phi00:             33
Total number of features in the space phi01:           1835
Total number of features in the space phi02:        4687788
Size of the SIS-selected subspace from phi02:       1000
Wall-clock time (second) for this FC:            0.55
FC done!

DI starts ...
total number of SIS-selected features from all iterations:       1000
L0 starts ...

Model/descriptor for generating residual:
================================================================================
  1D descriptor (model): 
Total RMSE,MaxAE:  17.851860 44.742691
@@@descriptor: 
                      1:[(sqrt(period_avg)*(valence_avg/lattice_constant_avg))]
       coefficients_001:     0.2431144893E+03
          Intercept_001:    -0.7449482570E+03
         RMSE,MaxAE_001:     0.1785185993E+02    0.4474269056E+02
================================================================================
Wall-clock time (second) for this DI:            0.11
DI done!

iteration:   2
--------------------------------------------------------------------------------
FC starts ...
File containing the features to be rejected: feature_space/Uspace.name
Total number of features in the space phi00:             33
Total number of features in the space phi01:           1835
Total number of features in the space phi02:        4687788
Size of the SIS-selected subspace from phi02:       1000
Wall-clock time (second) for this FC:            0.56
FC done!

DI starts ...
total number of SIS-selected features from all iterations:       2000
L0 starts ...

Model/descriptor for generating residual:
================================================================================
  2D descriptor (model): 
Total RMSE,MaxAE:  15.075892 36.863986
@@@descriptor: 
                     90:[((en_pauling_avg*melting_point_avg)/sqrt(heat_of_formation_avg))]
                    779:[(log(en_pauling_avg)*(melting_point_avg/lattice_constant_avg))]
       coefficients_001:     0.7691263248E+01   -0.1207037469E+01
          Intercept_001:    -0.7010036510E+03
         RMSE,MaxAE_001:     0.1507589155E+02    0.3686398563E+02
================================================================================
Wall-clock time (second) for this DI:            0.51
DI done!

iteration:   3
--------------------------------------------------------------------------------
FC starts ...
File containing the features to be rejected: feature_space/Uspace.name
Total number of features in the space phi00:             33
Total number of features in the space phi01:           1835
Total number of features in the space phi02:        4687788
Size of the SIS-selected subspace from phi02:       1000
Wall-clock time (second) for this FC:            0.58
FC done!

DI starts ...
total number of SIS-selected features from all iterations:       3000
L0 starts ...

Final model/descriptor to report
================================================================================
  3D descriptor (model): 
Total RMSE,MaxAE:  12.939461 32.949529
@@@descriptor: 
                     90:[((en_pauling_avg*melting_point_avg)/sqrt(heat_of_formation_avg))]
                   2771:[((period_avg*en_pauling_red)/(valence_avg-valence_red))]
                   2895:[(sqrt(period_avg)*(en_pauling_red/en_pauling_avg))]
       coefficients_001:     0.4077714972E+01   -0.5080476162E+03    0.1139830770E+04
          Intercept_001:    -0.1038313062E+04
         RMSE,MaxAE_001:     0.1293946114E+02    0.3294952913E+02
================================================================================
Wall-clock time (second) for this DI:         1417.79
DI done!

FCDI done !

--------------------------------------------------------------------------------
Total wall-clock time (second):         1423.77

                                               Have a nice day !    

