Descriptor coordinates by the model of dimension:     1
    0.1556413052E+03
    0.2032991481E+03
    0.1696862244E+03
    0.1685820935E+03
    0.1936532104E+03
    0.1608274190E+03
    0.1592831985E+03
    0.1946044460E+03
    0.1938704620E+03
    0.1665313648E+03
    0.2105210913E+03
    0.1586790653E+03
    0.1687683252E+03
    0.1879754301E+03
    0.1858542291E+03
    0.1837721138E+03
    0.1836007887E+03
    0.1810996937E+03
    0.2144366702E+03
    0.1975877588E+03
    0.1880685991E+03
    0.1796588509E+03
    0.1676200741E+03
    0.1993998953E+03
    0.1943656360E+03
    0.2231104531E+03
    0.1919274744E+03
    0.2159167856E+03
    0.2215382447E+03
    0.2065282934E+03
    0.1553991873E+03
    0.1188891761E+03
    0.1592556728E+03
    0.1774547776E+03
Descriptor coordinates by the model of dimension:     2
    0.3641933308E+03    0.1091092705E+03
    0.2302013112E+03    0.1091092705E+03
    0.3205540338E+03    0.1150640330E+03
    0.3059087955E+03    0.1091092705E+03
    0.2763203375E+03    0.0000000000E+00
    0.3367740090E+03    0.1150640330E+03
    0.3685425681E+03    0.1150640330E+03
    0.2688494650E+03    0.1091092705E+03
    0.2765974966E+03    0.1142427635E+03
    0.3459457517E+03    0.1142427635E+03
    0.2294754174E+03    0.0000000000E+00
    0.3395893498E+03    0.1150640330E+03
    0.3123880562E+03    0.1091092705E+03
    0.2808969000E+03    0.0000000000E+00
    0.2872616750E+03    0.0000000000E+00
    0.2936934400E+03    0.0000000000E+00
    0.3134908800E+03    0.0000000000E+00
    0.3215611350E+03    0.0000000000E+00
    0.2003100429E+03    0.4539992976E+02
    0.2403790580E+03    0.4539992976E+02
    0.2674900992E+03    0.4539992976E+02
    0.2948743045E+03    0.4539992976E+02
    0.3325425126E+03    0.4539992976E+02
    0.2675692250E+03    0.0000000000E+00
    0.2813671413E+03    0.0000000000E+00
    0.1874453211E+03    0.4539992976E+02
    0.2770958001E+03    0.4539992976E+02
    0.2094613215E+03    0.4539992976E+02
    0.1928343037E+03    0.4539992976E+02
    0.2215438733E+03    0.4539992976E+02
    0.3507140893E+03    0.4539992976E+02
    0.4932908058E+03    0.4539992976E+02
    0.3573979311E+03    0.4539992976E+02
    0.2731385005E+03    0.0000000000E+00
Descriptor coordinates by the model of dimension:     3
    0.3439883039E+02    0.3601778000E+02    0.6527824198E+00
    0.1617960518E+02    0.3147049675E+02    0.4713784638E+00
    0.2965066248E+02    0.5915298333E+02    0.8782464105E+00
    0.2635929943E+02    0.3100754581E+02    0.4728125517E+00
    0.2160363538E+02    0.2998486814E+02    0.4375107577E+00
    0.2998467843E+02    0.1981618878E+02    0.3049102525E+00
    0.3677311342E+02    0.2805974850E+02    0.4166040665E+00
    0.2035616061E+02    0.1080851297E+02    0.1958923413E+00
    0.1828091757E+02    0.0000000000E+00    0.0000000000E+00
    0.3130030119E+02    0.1009080466E+02    0.2218568754E+00
    0.1690628351E+02    0.1046853799E+02    0.2281775841E+00
    0.3080128715E+02    0.5373703008E+02    0.8268477656E+00
    0.2743572609E+02    0.5473197439E+02    0.8345699021E+00
    0.2281162213E+02    0.3918918919E+03    0.2702702703E+01
    0.2325754723E+02    0.3918918919E+03    0.2702702703E+01
    0.2370771881E+02    0.3918918919E+03    0.2702702703E+01
    0.3117979688E+02    0.1858974359E+03    0.1282051282E+01
    0.3021423014E+02    0.1858974359E+03    0.1282051282E+01
    0.1459219435E+02    0.3881019830E+03    0.2832861190E+01
    0.1839374145E+02    0.3966005666E+03    0.2832861190E+01
    0.2113046394E+02    0.4022662890E+03    0.2832861190E+01
    0.2402907262E+02    0.4079320113E+03    0.2832861190E+01
    0.2986904886E+02    0.0000000000E+00    0.0000000000E+00
    0.1703957884E+02    0.0000000000E+00    0.0000000000E+00
    0.1840925806E+02    0.0000000000E+00    0.0000000000E+00
    0.1036469907E+02    0.0000000000E+00    0.0000000000E+00
    0.1881544766E+02    0.0000000000E+00    0.0000000000E+00
    0.1113248276E+02    0.0000000000E+00    0.0000000000E+00
    0.9777036941E+01    0.0000000000E+00    0.0000000000E+00
    0.2239887728E+02    0.4363636364E+03    0.3030303030E+01
    0.3640779151E+02    0.4242424242E+03    0.3030303030E+01
    0.5290499058E+02    0.4121212121E+03    0.3030303030E+01
    0.4189153498E+02    0.1918918919E+03    0.1351351351E+01
    0.2503099552E+02    0.3435114504E+03    0.2544529262E+01
