Descriptor coordinates by the model of dimension:     1
    0.5218996789E+03
    0.3360329568E+03
    0.8231795299E+03
    0.5279729878E+03
    0.2468296352E+03
    0.2459948112E+03
    0.4375877939E+03
    0.5282429126E+03
    0.4400889762E+03
    0.3449672081E+03
    0.4504510171E+03
    0.4118505335E+03
    0.3651127656E+03
    0.4430665742E+03
    0.1005313187E+04
    0.8534940628E+03
    0.1024709135E+04
    0.1008571984E+04
    0.1000503408E+04
    0.9762976803E+03
    0.9722633923E+03
    0.2436944072E+03
    0.2450301257E+03
    0.2459206046E+03
    0.2496309336E+03
    0.2563837323E+03
    0.4553558716E+03
    0.4907081413E+03
    0.8852452417E+03
    0.1144027424E+04
    0.5871698158E+03
    0.6667855154E+03
    0.7566530880E+03
    0.9724019044E+03
Descriptor coordinates by the model of dimension:     2
    0.2462817848E+02    0.1150640330E+03
    0.2095953714E+02    0.1142427635E+03
    0.2847536545E+02    0.1091092705E+03
    0.2469395899E+02    0.1091092705E+03
    0.2045084637E+02    0.1091092705E+03
    0.2034983333E+02    0.1150640330E+03
    0.2328257056E+02    0.1150640330E+03
    0.2504485199E+02    0.1091092705E+03
    0.2358598175E+02    0.1091092705E+03
    0.2176640704E+02    0.7111670089E+02
    0.2316022029E+02    0.1142427635E+03
    0.2159800861E+02    0.0000000000E+00
    0.2165436205E+02    0.0000000000E+00
    0.2300496221E+02    0.0000000000E+00
    0.2891604058E+02    0.0000000000E+00
    0.2793568268E+02    0.4539992976E+02
    0.3200152929E+02    0.4539992976E+02
    0.3151015422E+02    0.4539992976E+02
    0.3126649141E+02    0.4539992976E+02
    0.3054474525E+02    0.4539992976E+02
    0.3042594919E+02    0.4539992976E+02
    0.1995640229E+02    0.4539992976E+02
    0.2022423854E+02    0.4539992976E+02
    0.2047421282E+02    0.4539992976E+02
    0.2073698021E+02    0.4539992976E+02
    0.2068399401E+02    0.4539992976E+02
    0.2219068843E+02    0.4539992976E+02
    0.2367644537E+02    0.4539992976E+02
    0.2885844610E+02    0.4539992976E+02
    0.3112507529E+02    0.4539992976E+02
    0.2518795644E+02    0.0000000000E+00
    0.2634538749E+02    0.0000000000E+00
    0.2751030857E+02    0.0000000000E+00
    0.2986353010E+02    0.0000000000E+00
Descriptor coordinates by the model of dimension:     3
    0.2462817848E+02    0.3130690159E+03    0.1150640330E+03
    0.2095953714E+02    0.1116355777E+04    0.1142427635E+03
    0.2847536545E+02    0.1409491403E+03    0.1091092705E+03
    0.2469395899E+02    0.1265347847E+03    0.1091092705E+03
    0.2045084637E+02    0.0000000000E+00    0.1091092705E+03
    0.2034983333E+02    0.0000000000E+00    0.1150640330E+03
    0.2328257056E+02    0.1743853532E+03    0.1150640330E+03
    0.2504485199E+02    0.1353307810E+03    0.1091092705E+03
    0.2358598175E+02    0.2108815714E+03    0.1091092705E+03
    0.2176640704E+02    0.1550181894E+04    0.7111670089E+02
    0.2316022029E+02    0.2079930535E+03    0.1142427635E+03
    0.2159800861E+02    0.5350024640E+02    0.0000000000E+00
    0.2165436205E+02    0.7784261973E+02    0.0000000000E+00
    0.2300496221E+02    0.7784261973E+02    0.0000000000E+00
    0.2891604058E+02    0.7784261973E+02    0.0000000000E+00
    0.2793568268E+02    0.1854328206E+03    0.4539992976E+02
    0.3200152929E+02    0.0000000000E+00    0.4539992976E+02
    0.3151015422E+02    0.0000000000E+00    0.4539992976E+02
    0.3126649141E+02    0.0000000000E+00    0.4539992976E+02
    0.3054474525E+02    0.0000000000E+00    0.4539992976E+02
    0.3042594919E+02    0.0000000000E+00    0.4539992976E+02
    0.1995640229E+02    0.0000000000E+00    0.4539992976E+02
    0.2022423854E+02    0.0000000000E+00    0.4539992976E+02
    0.2047421282E+02    0.0000000000E+00    0.4539992976E+02
    0.2073698021E+02    0.0000000000E+00    0.4539992976E+02
    0.2068399401E+02    0.0000000000E+00    0.4539992976E+02
    0.2219068843E+02    0.5568242853E+02    0.4539992976E+02
    0.2367644537E+02    0.6540322029E+01    0.4539992976E+02
    0.2885844610E+02    0.6540322029E+01    0.4539992976E+02
    0.3112507529E+02    0.6540322029E+01    0.4539992976E+02
    0.2518795644E+02    0.8715807602E+02    0.0000000000E+00
    0.2634538749E+02    0.8715807602E+02    0.0000000000E+00
    0.2751030857E+02    0.8715807602E+02    0.0000000000E+00
    0.2986353010E+02    0.8715807602E+02    0.0000000000E+00
