Descriptor coordinates by the model of dimension:     1
    0.3824619055E+01
    0.3485773927E+01
    0.4270003103E+01
    0.3922440559E+01
    0.3495221536E+01
    0.3500342148E+01
    0.3809244600E+01
    0.3962433746E+01
    0.3802216104E+01
    0.3488919964E+01
    0.3595959999E+01
    0.3555826753E+01
    0.3760733745E+01
    0.3849864755E+01
    0.4208488930E+01
    0.4067593897E+01
    0.4613469250E+01
    0.4537473444E+01
    0.4498919987E+01
    0.4380918909E+01
    0.4360896776E+01
    0.3363803417E+01
    0.3340277280E+01
    0.3321597233E+01
    0.3569741469E+01
    0.3429782285E+01
    0.3624029469E+01
    0.3929662689E+01
    0.4356346812E+01
    0.4551807711E+01
    0.3846166204E+01
    0.3980056271E+01
    0.4114035039E+01
    0.4382281321E+01
Descriptor coordinates by the model of dimension:     2
    0.2614639486E+00    0.1386172536E-05
    0.2868803373E+00    0.1010208374E-08
    0.2341918673E+00    0.4484155086E-07
    0.2549433152E+00    0.1386172536E-05
    0.2861048977E+00    0.0000000000E+00
    0.2856863580E+00    0.0000000000E+00
    0.2625192407E+00    0.4484155086E-07
    0.2523701503E+00    0.1386172536E-05
    0.2630045144E+00    0.4484155086E-07
    0.2866216509E+00    0.1010208374E-08
    0.2780898564E+00    0.8171276545E-02
    0.2812285495E+00    0.1000000000E+01
    0.2659055567E+00    0.1000000000E+01
    0.2597493844E+00    0.1000000000E+01
    0.2376149769E+00    0.1000000000E+01
    0.2458455847E+00    0.1000000000E+01
    0.2167566197E+00    0.0000000000E+00
    0.2203869647E+00    0.0000000000E+00
    0.2222755690E+00    0.0000000000E+00
    0.2282626136E+00    0.0000000000E+00
    0.2293106330E+00    0.0000000000E+00
    0.2972825329E+00    0.0000000000E+00
    0.2993763440E+00    0.0000000000E+00
    0.3010599811E+00    0.0000000000E+00
    0.2801323314E+00    0.0000000000E+00
    0.2915636961E+00    0.0000000000E+00
    0.2759359461E+00    0.1000000000E+01
    0.2544747677E+00    0.1000000000E+01
    0.2295501353E+00    0.1000000000E+01
    0.2196929360E+00    0.1000000000E+01
    0.2599991646E+00    0.1000000000E+01
    0.2512527291E+00    0.1000000000E+01
    0.2430703654E+00    0.1000000000E+01
    0.2281916488E+00    0.1000000000E+01
Descriptor coordinates by the model of dimension:     3
    0.3824619055E+01    0.1386172536E-05    0.4901136945E+01
    0.3485773927E+01    0.1010208374E-08    0.8651017188E+01
    0.4270003103E+01    0.4484155086E-07    0.6394918125E+01
    0.3922440559E+01    0.1386172536E-05    0.5873243694E+01
    0.3495221536E+01    0.0000000000E+00    0.9100340662E+01
    0.3500342148E+01    0.0000000000E+00    0.1173085911E+02
    0.3809244600E+01    0.4484155086E-07    0.5056874477E+01
    0.3962433746E+01    0.1386172536E-05    0.1936824594E+01
    0.3802216104E+01    0.4484155086E-07    0.1839333254E+01
    0.3488919964E+01    0.1010208374E-08    0.3805746628E+01
    0.3595959999E+01    0.8171276545E-02    0.5171711849E+01
    0.3555826753E+01    0.1000000000E+01    0.8501414286E+01
    0.3760733745E+01    0.1000000000E+01   -0.5814393939E+00
    0.3849864755E+01    0.1000000000E+01    0.2367424242E-01
    0.4208488930E+01    0.1000000000E+01    0.2645833333E+01
    0.4067593897E+01    0.1000000000E+01    0.6972423803E+01
    0.4613469250E+01    0.0000000000E+00    0.3705870000E+03
    0.4537473444E+01    0.0000000000E+00    0.3637610000E+03
    0.4498919987E+01    0.0000000000E+00    0.3603480000E+03
    0.4380918909E+01    0.0000000000E+00    0.3501090000E+03
    0.4360896776E+01    0.0000000000E+00    0.3484025000E+03
    0.3363803417E+01    0.0000000000E+00    0.4381400000E+02
    0.3340277280E+01    0.0000000000E+00    0.2979950000E+02
    0.3321597233E+01    0.0000000000E+00    0.2045650000E+02
    0.3569741469E+01    0.0000000000E+00    0.5310344828E+01
    0.3429782285E+01    0.0000000000E+00    0.7194960212E+01
    0.3624029469E+01    0.1000000000E+01    0.7481492481E+01
    0.3929662689E+01    0.1000000000E+01   -0.3774806202E+00
    0.4356346812E+01    0.1000000000E+01    0.1346682171E+01
    0.4551807711E+01    0.1000000000E+01    0.2112976744E+01
    0.3846166204E+01    0.1000000000E+01    0.3427045010E+01
    0.3980056271E+01    0.1000000000E+01    0.3712035225E+01
    0.4114035039E+01    0.1000000000E+01    0.3997025440E+01
    0.4382281321E+01    0.1000000000E+01    0.4567005871E+01
