Descriptor coordinates by the model of dimension:     1
    0.1634187484E+02
    0.1567693075E+02
    0.1606525926E+02
    0.1625879246E+02
    0.1630760025E+02
    0.1612738276E+02
    0.1546522924E+02
    0.1652090250E+02
    0.1591685005E+02
    0.1529509093E+02
    0.1530388228E+02
    0.1710039405E+02
    0.1677625001E+02
    0.1683983675E+02
    0.1576838573E+02
    0.1618740717E+02
    0.1546494727E+02
Descriptor coordinates by the model of dimension:     2
    0.1438895647E-01    0.3729676709E-01
    0.1296189248E-01    0.6087956439E-01
    0.1383359987E-01    0.5510245362E-01
    0.1429840756E-01    0.5028451271E-01
    0.1435514455E-01    0.4145452782E-01
    0.1393654301E-01    0.4155465953E-01
    0.1241208031E-01    0.4195518637E-01
    0.1468752291E-01    0.2080290892E-01
    0.1334721258E-01    0.2578811052E-01
    0.1217648540E-01    0.3619431322E-01
    0.1212763850E-01    0.2934095213E-01
    0.1618804732E-01    0.4992133281E-01
    0.1523841792E-01    0.3515281984E-01
    0.1537673140E-01    0.3106528265E-01
    0.1314980517E-01    0.6728391772E-01
    0.1418258016E-01    0.4101935920E-01
    0.1257689762E-01    0.4141215744E-01
Descriptor coordinates by the model of dimension:     3
    0.1438895647E-01    0.3729676709E-01    0.9893431431E+00
    0.1296189248E-01    0.6087956439E-01    0.4348227295E+01
    0.1383359987E-01    0.5510245362E-01    0.1727767173E+01
    0.1429840756E-01    0.5028451271E-01    0.5112662076E+00
    0.1435514455E-01    0.4145452782E-01    0.1137444515E+02
    0.1393654301E-01    0.4155465953E-01    0.1103563189E+02
    0.1241208031E-01    0.4195518637E-01    0.9860735719E+01
    0.1468752291E-01    0.2080290892E-01    0.8432078560E+01
    0.1334721258E-01    0.2578811052E-01    0.7629126520E+01
    0.1217648540E-01    0.3619431322E-01    0.0000000000E+00
    0.1212763850E-01    0.2934095213E-01    0.0000000000E+00
    0.1618804732E-01    0.4992133281E-01    0.0000000000E+00
    0.1523841792E-01    0.3515281984E-01    0.0000000000E+00
    0.1537673140E-01    0.3106528265E-01    0.0000000000E+00
    0.1314980517E-01    0.6728391772E-01    0.1237458194E+02
    0.1418258016E-01    0.4101935920E-01    0.2317042832E+02
    0.1257689762E-01    0.4141215744E-01    0.1679538360E+02
