Descriptor coordinates by the model of dimension:     1
    0.1682108533E+03
    0.1493796008E+03
    0.2071318446E+03
    0.2071510067E+03
    0.1736651100E+03
    0.1579716101E+03
    0.2122457675E+03
    0.1973503828E+03
    0.1829378518E+03
    0.1764801058E+03
    0.1562019231E+03
    0.2268117758E+03
    0.1920061117E+03
    0.1634669364E+03
    0.1296328797E+03
    0.1171641085E+03
    0.1531989415E+03
Descriptor coordinates by the model of dimension:     2
    0.2259064984E+00    0.4417892503E+02
    0.3299110628E+00    0.2345041322E+02
    0.1697772629E+00    0.0000000000E+00
    0.1720931078E+00    0.0000000000E+00
    0.2589291913E+00    0.2803546833E+02
    0.2835619410E+00    0.2797113243E+02
    0.1510414185E+00    0.7931987975E+02
    0.1680713174E+00    0.3979986931E+02
    0.2454887860E+00    0.2237944180E+02
    0.2483455592E+00    0.2237944180E+02
    0.2973306870E+00    0.0000000000E+00
    0.1187104830E+00    0.0000000000E+00
    0.2040005851E+00    0.2444324974E+02
    0.3159850497E+00    0.4160011068E+01
    0.4180545571E+00    0.4160011068E+01
    0.4677620934E+00    0.4160011068E+01
    0.2563325360E+00    0.3390597326E+02
Descriptor coordinates by the model of dimension:     3
    0.5944919609E-02    0.2460731314E-01    0.6758687705E+00
    0.6694354483E-02    0.1244997558E-01    0.4757259206E+00
    0.4827842874E-02    0.0000000000E+00    0.0000000000E+00
    0.4827396284E-02    0.0000000000E+00    0.0000000000E+00
    0.5758209004E-02    0.1219613146E-01    0.4765566679E+00
    0.6330251362E-02    0.1852458521E-01    0.5678018094E+00
    0.4711519159E-02    0.5438332203E-02    0.3016184609E+00
    0.5067129771E-02    0.8660408591E-01    0.1207664492E+01
    0.5466337283E-02    0.1310397554E+00    0.1534953366E+01
    0.5666361064E-02    0.2228048010E+00    0.2024656386E+01
    0.6401969837E-02    0.0000000000E+00    0.0000000000E+00
    0.4408942156E-02    0.0000000000E+00    0.0000000000E+00
    0.5208167548E-02    0.2741982885E+00    0.2452668953E+01
    0.6117445044E-02    0.1361543163E+00    0.1561372122E+01
    0.7714092308E-02    0.2084187207E+00    0.1950297646E+01
    0.8535036987E-02    0.2415225197E+00    0.2152939247E+01
    0.6527460245E-02    0.2170323625E+00    0.1955468878E+01
