Descriptor coordinates by the model of dimension:     1
    0.2776342656E-02
    0.2499879069E-02
    0.2954057069E-02
    0.2683239594E-02
    0.2826753949E-02
    0.2859924353E-02
    0.3004685727E-02
    0.2564662682E-02
    0.2520109143E-02
    0.2170344118E-02
    0.3042846552E-02
    0.2612341292E-02
    0.2843375969E-02
    0.3204654297E-02
    0.3148420906E-02
    0.2262584980E-02
    0.3068057999E-02
Descriptor coordinates by the model of dimension:     2
    0.2776342656E-02    0.2781318814E+01
    0.2499879069E-02    0.2867642479E+01
    0.2954057069E-02    0.2654255310E+01
    0.2683239594E-02    0.2825719913E+01
    0.2826753949E-02    0.2865471124E+01
    0.2859924353E-02    0.2670205388E+01
    0.3004685727E-02    0.2765656110E+01
    0.2564662682E-02    0.2895026529E+01
    0.2520109143E-02    0.2925867661E+01
    0.2170344118E-02    0.2849006022E+01
    0.3042846552E-02    0.2870657271E+01
    0.2612341292E-02    0.2933518379E+01
    0.2843375969E-02    0.2612994440E+01
    0.3204654297E-02    0.2606584100E+01
    0.3148420906E-02    0.2719826956E+01
    0.2262584980E-02    0.2568725459E+01
    0.3068057999E-02    0.2752485160E+01
Descriptor coordinates by the model of dimension:     3
    0.2776342656E-02    0.1193547769E+04    0.9144463042E+03
    0.2499879069E-02    0.1400418039E+04    0.9422533968E+03
    0.2954057069E-02    0.1130658768E+04    0.8911335845E+03
    0.2683239594E-02    0.1089634626E+04    0.9637258549E+03
    0.2826753949E-02    0.1000949772E+04    0.9468938651E+03
    0.2859924353E-02    0.7630348445E+03    0.9366409921E+03
    0.3004685727E-02    0.8272914671E+03    0.9526444549E+03
    0.2564662682E-02    0.1466627467E+04    0.9168740134E+03
    0.2520109143E-02    0.1472484103E+04    0.9255956819E+03
    0.2170344118E-02    0.1763255792E+04    0.9473510024E+03
    0.3042846552E-02    0.9893659478E+03    0.9027299216E+03
    0.2612341292E-02    0.1401709141E+04    0.9224977302E+03
    0.2843375969E-02    0.7132482623E+03    0.9441910201E+03
    0.3204654297E-02    0.8217052905E+03    0.8937707457E+03
    0.3148420906E-02    0.7705687560E+03    0.9272713113E+03
    0.2262584980E-02    0.1790690711E+04    0.8757562385E+03
    0.3068057999E-02    0.1032425626E+04    0.8838517945E+03
