Descriptor coordinates by the model of dimension:     1
    0.2981381201E-02
    0.2103940809E-02
    0.3128939566E-02
    0.3216129066E-02
    0.2243708407E-02
    0.3108705069E-02
    0.2218048640E-02
    0.3208840657E-02
    0.2452927014E-02
    0.2108916530E-02
    0.2269923021E-02
    0.2469701233E-02
    0.2952938497E-02
    0.2865431462E-02
    0.3242238232E-02
    0.3260951876E-02
    0.2687133968E-02
Descriptor coordinates by the model of dimension:     2
    0.2981381201E-02    0.8198477337E+02
    0.2103940809E-02    0.9587673611E+02
    0.3128939566E-02    0.7953401957E+02
    0.3216129066E-02    0.7837631914E+02
    0.2243708407E-02    0.9393915998E+02
    0.3108705069E-02    0.7880220646E+02
    0.2218048640E-02    0.9469956413E+02
    0.3208840657E-02    0.7763975155E+02
    0.2452927014E-02    0.8796269520E+02
    0.2108916530E-02    0.9570704277E+02
    0.2269923021E-02    0.9037517409E+02
    0.2469701233E-02    0.9091530055E+02
    0.2952938497E-02    0.8064516129E+02
    0.2865431462E-02    0.8169934641E+02
    0.3242238232E-02    0.7725587145E+02
    0.3260951876E-02    0.7704160247E+02
    0.2687133968E-02    0.8620466321E+02
Descriptor coordinates by the model of dimension:     3
    0.2981381201E-02    0.4714219939E+04    0.4148291820E+05
    0.2103940809E-02    0.9045056682E+04    0.4270205180E+05
    0.3128939566E-02    0.4403547271E+04    0.3977397763E+05
    0.3216129066E-02    0.4399689135E+04    0.3845887607E+05
    0.2243708407E-02    0.8493076137E+04    0.4222282918E+05
    0.3108705069E-02    0.3903236264E+04    0.4026285609E+05
    0.2218048640E-02    0.8277651167E+04    0.4354694772E+05
    0.3208840657E-02    0.3937390269E+04    0.3928271044E+05
    0.2452927014E-02    0.8474157467E+04    0.3976007727E+05
    0.2108916530E-02    0.9273239939E+04    0.4276709272E+05
    0.2269923021E-02    0.9268792369E+04    0.4034415017E+05
    0.2469701233E-02    0.6288419965E+04    0.4509075779E+05
    0.2952938497E-02    0.3782156916E+04    0.4142451173E+05
    0.2865431462E-02    0.3782156916E+04    0.4142451173E+05
    0.3242238232E-02    0.3963475818E+04    0.3878756588E+05
    0.3260951876E-02    0.3963475818E+04    0.3836899503E+05
    0.2687133968E-02    0.6278223492E+04    0.4157785442E+05
