Descriptor coordinates by the model of dimension:     1
    0.3691072363E+01
    0.4315608357E+01
    0.3964259045E+01
    0.3736774847E+01
    0.3726779962E+01
    0.3813449264E+01
    0.4168341569E+01
    0.3545668228E+01
    0.3876908305E+01
    0.4575653418E+01
    0.4420653154E+01
    0.3373760792E+01
    0.3493128556E+01
    0.3451498325E+01
    0.4250019825E+01
    0.3791319480E+01
    0.4453617714E+01
Descriptor coordinates by the model of dimension:     2
    0.2709239760E+00    0.1386172536E-05
    0.2317170413E+00    0.8171276545E-02
    0.2522539493E+00    0.1386172536E-05
    0.2676104504E+00    0.1010208374E-08
    0.2683281573E+00    0.1000000000E+01
    0.2622297901E+00    0.1000000000E+01
    0.2399035644E+00    0.1000000000E+01
    0.2820342840E+00    0.1000000000E+01
    0.2579374907E+00    0.1000000000E+01
    0.2185480211E+00    0.0000000000E+00
    0.2262109162E+00    0.0000000000E+00
    0.2964051282E+00    0.0000000000E+00
    0.2862763234E+00    0.0000000000E+00
    0.2897292439E+00    0.0000000000E+00
    0.2352930201E+00    0.1000000000E+01
    0.2637604151E+00    0.1000000000E+01
    0.2245365598E+00    0.1000000000E+01
Descriptor coordinates by the model of dimension:     3
    0.3691072363E+01    0.1386172536E-05    0.7042896764E+01
    0.4315608357E+01    0.8171276545E-02    0.5537111989E+01
    0.3964259045E+01    0.1386172536E-05    0.4152336729E+01
    0.3736774847E+01    0.1010208374E-08   -0.4899612322E+00
    0.3726779962E+01    0.1000000000E+01    0.8098066667E+01
    0.3813449264E+01    0.1000000000E+01    0.7896392857E+01
    0.4168341569E+01    0.1000000000E+01    0.7089697619E+01
    0.3545668228E+01    0.1000000000E+01    0.5192307692E+01
    0.3876908305E+01    0.1000000000E+01    0.6325108853E+01
    0.4575653418E+01    0.0000000000E+00    0.3671740000E+03
    0.4420653154E+01    0.0000000000E+00    0.3535220000E+03
    0.3373760792E+01    0.0000000000E+00    0.5082125000E+02
    0.3493128556E+01    0.0000000000E+00    0.6387267905E+01
    0.3451498325E+01    0.0000000000E+00    0.6925729443E+01
    0.4250019825E+01    0.1000000000E+01    0.7006182331E+01
    0.3791319480E+01    0.1000000000E+01   -0.9522015504E+00
    0.4453617714E+01    0.1000000000E+01    0.1729829457E+01
