Descriptor coordinates by the model of dimension:     1
    0.2766797646E-02
    0.2471282202E-02
    0.2842612470E-02
    0.2776132714E-02
    0.2714609188E-02
    0.2579863468E-02
    0.2037709442E-02
    0.2973943187E-02
    0.2465747379E-02
    0.2086036493E-02
    0.1999053808E-02
    0.3198369875E-02
    0.3073569926E-02
    0.3128851594E-02
    0.2533098303E-02
    0.2811911718E-02
    0.2370538685E-02
Descriptor coordinates by the model of dimension:     2
    0.2766797646E-02    0.8744888253E+03
    0.2471282202E-02    0.8388384956E+03
    0.2842612470E-02    0.8637631433E+03
    0.2776132714E-02    0.8924706197E+03
    0.2714609188E-02    0.8817336169E+03
    0.2579863468E-02    0.8817336169E+03
    0.2037709442E-02    0.8817336169E+03
    0.2973943187E-02    0.8864130168E+03
    0.2465747379E-02    0.9013709980E+03
    0.2086036493E-02    0.9018466010E+03
    0.1999053808E-02    0.9192811085E+03
    0.3198369875E-02    0.8478331747E+03
    0.3073569926E-02    0.8745436442E+03
    0.3128851594E-02    0.8703574365E+03
    0.2533098303E-02    0.8293783555E+03
    0.2811911718E-02    0.9087048313E+03
    0.2370538685E-02    0.8789684348E+03
Descriptor coordinates by the model of dimension:     3
    0.2766797646E-02    0.3121313437E+03    0.4139482663E+05
    0.2471282202E-02    0.3804755453E+03    0.3836881626E+05
    0.2842612470E-02    0.3102942008E+03    0.4070525028E+05
    0.2776132714E-02    0.2715053823E+03    0.4313607995E+05
    0.2714609188E-02    0.3165639896E+03    0.4261712482E+05
    0.2579863468E-02    0.3329300595E+03    0.4261712482E+05
    0.2037709442E-02    0.4033341271E+03    0.4261712482E+05
    0.2973943187E-02    0.2864845794E+03    0.4108198081E+05
    0.2465747379E-02    0.3528687197E+03    0.4212770396E+05
    0.2086036493E-02    0.4324118626E+03    0.4174591643E+05
    0.1999053808E-02    0.4318641591E+03    0.4296477530E+05
    0.3198369875E-02    0.2560405378E+03    0.3976423121E+05
    0.3073569926E-02    0.2482303275E+03    0.4067984725E+05
    0.3128851594E-02    0.2459348302E+03    0.4038718648E+05
    0.2533098303E-02    0.3673477550E+03    0.3848563464E+05
    0.2811911718E-02    0.2703679147E+03    0.4276579311E+05
    0.2370538685E-02    0.3850027823E+03    0.4068690039E+05
