Descriptor coordinates by the model of dimension:     1
    0.4113190748E+00
    0.3372876140E+00
    0.3594665621E+00
    0.3951441667E+00
    0.3873661955E+00
    0.3383932847E+00
    0.3607432015E+00
    0.3219446312E+00
    0.3365076858E+00
    0.3328618823E+00
    0.3091618834E+00
    0.3164197957E+00
    0.4119812629E+00
    0.4519305201E+00
    0.3037962058E+00
    0.3107678703E+00
    0.3868792521E+00
    0.4338468247E+00
    0.4218798460E+00
    0.3498556090E+00
    0.3001680308E+00
    0.3723568981E+00
    0.3472455945E+00
    0.3692271753E+00
    0.4099500455E+00
    0.4022544179E+00
    0.3541687036E+00
    0.3040388796E+00
    0.3766154058E+00
    0.3380275651E+00
    0.3047734513E+00
    0.3527684964E+00
    0.3526323210E+00
    0.3747349935E+00
    0.3357565027E+00
    0.3501552841E+00
    0.3565942930E+00
    0.3325673706E+00
    0.3155676606E+00
    0.3398023762E+00
    0.3320926629E+00
    0.3392731149E+00
    0.4176914925E+00
    0.4574567814E+00
    0.3144299499E+00
    0.2981861628E+00
    0.3217101073E+00
    0.3935004380E+00
    0.2934895833E+00
    0.4405973441E+00
    0.3087397389E+00
    0.3156712514E+00
    0.3925042215E+00
    0.4392473373E+00
    0.4086963537E+00
    0.3912444937E+00
    0.3836403141E+00
    0.3260239894E+00
    0.4107933337E+00
    0.4504489384E+00
    0.3073847364E+00
    0.3194127690E+00
    0.3254765138E+00
    0.3315739389E+00
    0.3438714548E+00
    0.3563086402E+00
    0.3688889382E+00
    0.3816159179E+00
    0.3880355646E+00
    0.3944932801E+00
    0.4075248639E+00
    0.3330301786E+00
    0.3439431341E+00
    0.3492941284E+00
    0.3545740994E+00
    0.3649188084E+00
    0.3749728300E+00
    0.3847315579E+00
    0.3941901999E+00
    0.3988054376E+00
    0.4033437668E+00
    0.4121870589E+00
    0.2997728681E+00
    0.3125513209E+00
    0.3190042650E+00
    0.3254993313E+00
    0.3386147902E+00
    0.3518956620E+00
    0.3653399810E+00
    0.3789458475E+00
    0.3858087846E+00
    0.3927114242E+00
    0.4066349333E+00
    0.4786950462E+00
    0.4720398225E+00
    0.4687307054E+00
    0.4654341398E+00
    0.4588793710E+00
    0.4523770133E+00
    0.4459287035E+00
    0.4395362358E+00
    0.4363615516E+00
    0.4332015829E+00
    0.4269269201E+00
    0.2985166404E+00
    0.3014563823E+00
    0.3028927437E+00
    0.3043069223E+00
    0.3070691955E+00
    0.3097441188E+00
    0.3123325910E+00
    0.3148354935E+00
    0.3160551269E+00
    0.3172536906E+00
    0.3195880298E+00
    0.2945224894E+00
    0.2935753877E+00
    0.2931093443E+00
    0.2926489388E+00
    0.2917471419E+00
    0.2908745771E+00
    0.2900365083E+00
    0.2892390065E+00
    0.2888576229E+00
    0.2884891017E+00
    0.2877949689E+00
    0.3192955051E+00
    0.3165688480E+00
    0.3151347483E+00
    0.3136522142E+00
    0.3105378432E+00
    0.3072172949E+00
    0.3036813599E+00
    0.2999199545E+00
    0.2979512798E+00
    0.2959219953E+00
    0.2916752503E+00
    0.3132018772E+00
    0.3312106378E+00
    0.3403238694E+00
    0.3495090156E+00
    0.3680931460E+00
    0.3869593002E+00
    0.4061038777E+00
    0.4255234001E+00
    0.4353352102E+00
    0.4452145042E+00
    0.4651739367E+00
    0.3388000419E+00
    0.3556194911E+00
    0.3639770932E+00
    0.3723003887E+00
    0.3888453567E+00
    0.4052569437E+00
    0.4215376274E+00
    0.4376898174E+00
    0.4457184622E+00
    0.4537158575E+00
    0.4696180281E+00
    0.3052516291E+00
    0.3237504627E+00
    0.3331510733E+00
    0.3426506156E+00
    0.3619413378E+00
    0.3816129326E+00
    0.4016565742E+00
    0.4220641683E+00
    0.4324020906E+00
    0.4428282425E+00
    0.4639418598E+00
Descriptor coordinates by the model of dimension:     2
    0.4113190748E+00    0.5216142052E+01
    0.3372876140E+00    0.5247599724E+01
    0.3594665621E+00    0.5233524876E+01
    0.3951441667E+00    0.5167747618E+01
    0.3873661955E+00    0.5170747378E+01
    0.3383932847E+00    0.5180245021E+01
    0.3607432015E+00    0.5167089820E+01
    0.3219446312E+00    0.5200220350E+01
    0.3365076858E+00    0.5189979957E+01
    0.3328618823E+00    0.5032016425E+01
    0.3091618834E+00    0.5021497869E+01
    0.3164197957E+00    0.5016442595E+01
    0.4119812629E+00    0.5271154348E+01
    0.4519305201E+00    0.5256095130E+01
    0.3037962058E+00    0.5354543725E+01
    0.3107678703E+00    0.5345165499E+01
    0.3868792521E+00    0.5255641069E+01
    0.4338468247E+00    0.5231736166E+01
    0.4218798460E+00    0.5282763035E+01
    0.3498556090E+00    0.5123540239E+01
    0.3001680308E+00    0.5145562629E+01
    0.3723568981E+00    0.5114002943E+01
    0.3472455945E+00    0.5311781809E+01
    0.3692271753E+00    0.5297676165E+01
    0.4099500455E+00    0.5216856332E+01
    0.4022544179E+00    0.5219829426E+01
    0.3541687036E+00    0.5106488482E+01
    0.3040388796E+00    0.5129139415E+01
    0.3766154058E+00    0.5096904005E+01
    0.3380275651E+00    0.5086940636E+01
    0.3047734513E+00    0.5090374039E+01
    0.3527684964E+00    0.5080252516E+01
    0.3526323210E+00    0.5227763661E+01
    0.3747349935E+00    0.5214633303E+01
    0.3357565027E+00    0.5247503288E+01
    0.3501552841E+00    0.5237262983E+01
    0.3565942930E+00    0.5030138032E+01
    0.3325673706E+00    0.5015810272E+01
    0.3155676606E+00    0.5001244817E+01
    0.3398023762E+00    0.5011927232E+01
    0.3320926629E+00    0.5019873661E+01
    0.3392731149E+00    0.5014837729E+01
    0.4176914925E+00    0.5355493615E+01
    0.4574567814E+00    0.5340604101E+01
    0.3144299499E+00    0.5101594439E+01
    0.2981861628E+00    0.5084315968E+01
    0.3217101073E+00    0.5097917403E+01
    0.3935004380E+00    0.5197964179E+01
    0.2934895833E+00    0.5274430842E+01
    0.4405973441E+00    0.5179989891E+01
    0.3087397389E+00    0.5434908658E+01
    0.3156712514E+00    0.5425360421E+01
    0.3925042215E+00    0.5337675907E+01
    0.4392473373E+00    0.5313752965E+01
    0.4086963537E+00    0.5493309887E+01
    0.3912444937E+00    0.5513298527E+01
    0.3836403141E+00    0.5517403211E+01
    0.3260239894E+00    0.5580574153E+01
    0.4107933337E+00    0.5481409644E+01
    0.4504489384E+00    0.5460849018E+01
    0.3073847364E+00    0.4965293729E+01
    0.3194127690E+00    0.4986297030E+01
    0.3254765138E+00    0.4996798680E+01
    0.3315739389E+00    0.5007300330E+01
    0.3438714548E+00    0.5028303630E+01
    0.3563086402E+00    0.5049306931E+01
    0.3688889382E+00    0.5070310231E+01
    0.3816159179E+00    0.5091313531E+01
    0.3880355646E+00    0.5101815181E+01
    0.3944932801E+00    0.5112316832E+01
    0.4075248639E+00    0.5133320132E+01
    0.3330301786E+00    0.4953750840E+01
    0.3439431341E+00    0.4997719043E+01
    0.3492941284E+00    0.5019703144E+01
    0.3545740994E+00    0.5041687245E+01
    0.3649188084E+00    0.5085655448E+01
    0.3749728300E+00    0.5129623651E+01
    0.3847315579E+00    0.5173591854E+01
    0.3941901999E+00    0.5217560056E+01
    0.3988054376E+00    0.5239544158E+01
    0.4033437668E+00    0.5261528259E+01
    0.4121870589E+00    0.5305496462E+01
    0.2997728681E+00    0.5611086562E+01
    0.3125513209E+00    0.5589971789E+01
    0.3190042650E+00    0.5579414402E+01
    0.3254993313E+00    0.5568857015E+01
    0.3386147902E+00    0.5547742242E+01
    0.3518956620E+00    0.5526627468E+01
    0.3653399810E+00    0.5505512695E+01
    0.3789458475E+00    0.5484397922E+01
    0.3858087846E+00    0.5473840535E+01
    0.3927114242E+00    0.5463283148E+01
    0.4066349333E+00    0.5442168375E+01
    0.4786950462E+00    0.5489147558E+01
    0.4720398225E+00    0.5491667249E+01
    0.4687307054E+00    0.5492927095E+01
    0.4654341398E+00    0.5494186940E+01
    0.4588793710E+00    0.5496706632E+01
    0.4523770133E+00    0.5499226323E+01
    0.4459287035E+00    0.5501746014E+01
    0.4395362358E+00    0.5504265706E+01
    0.4363615516E+00    0.5505525551E+01
    0.4332015829E+00    0.5506785397E+01
    0.4269269201E+00    0.5509305088E+01
    0.2985166404E+00    0.5238508158E+01
    0.3014563823E+00    0.5213846448E+01
    0.3028927437E+00    0.5201515593E+01
    0.3043069223E+00    0.5189184737E+01
    0.3070691955E+00    0.5164523027E+01
    0.3097441188E+00    0.5139861317E+01
    0.3123325910E+00    0.5115199607E+01
    0.3148354935E+00    0.5090537896E+01
    0.3160551269E+00    0.5078207041E+01
    0.3172536906E+00    0.5065876186E+01
    0.3195880298E+00    0.5041214476E+01
    0.2945224894E+00    0.4919654385E+01
    0.2935753877E+00    0.4958590272E+01
    0.2931093443E+00    0.4978058216E+01
    0.2926489388E+00    0.4997526160E+01
    0.2917471419E+00    0.5036462047E+01
    0.2908745771E+00    0.5075397934E+01
    0.2900365083E+00    0.5114333822E+01
    0.2892390065E+00    0.5153269709E+01
    0.2888576229E+00    0.5172737653E+01
    0.2884891017E+00    0.5192205597E+01
    0.2877949689E+00    0.5231141484E+01
    0.3192955051E+00    0.4909268926E+01
    0.3165688480E+00    0.4969883789E+01
    0.3151347483E+00    0.5000191220E+01
    0.3136522142E+00    0.5030498652E+01
    0.3105378432E+00    0.5091113515E+01
    0.3072172949E+00    0.5151728378E+01
    0.3036813599E+00    0.5212343242E+01
    0.2999199545E+00    0.5272958105E+01
    0.2979512798E+00    0.5303265536E+01
    0.2959219953E+00    0.5333572968E+01
    0.2916752503E+00    0.5394187831E+01
    0.3132018772E+00    0.4961118563E+01
    0.3312106378E+00    0.4979930112E+01
    0.3403238694E+00    0.4989335886E+01
    0.3495090156E+00    0.4998741661E+01
    0.3680931460E+00    0.5017553210E+01
    0.3869593002E+00    0.5036364759E+01
    0.4061038777E+00    0.5055176309E+01
    0.4255234001E+00    0.5073987858E+01
    0.4353352102E+00    0.5083393632E+01
    0.4452145042E+00    0.5092799407E+01
    0.4651739367E+00    0.5111610956E+01
    0.3388000419E+00    0.4949535000E+01
    0.3556194911E+00    0.4991422647E+01
    0.3639770932E+00    0.5012366471E+01
    0.3723003887E+00    0.5033310295E+01
    0.3888453567E+00    0.5075197942E+01
    0.4052569437E+00    0.5117085590E+01
    0.4215376274E+00    0.5158973237E+01
    0.4376898174E+00    0.5200860885E+01
    0.4457184622E+00    0.5221804709E+01
    0.4537158575E+00    0.5242748532E+01
    0.4696180281E+00    0.5284636180E+01
    0.3052516291E+00    0.5591176934E+01
    0.3237504627E+00    0.5567842512E+01
    0.3331510733E+00    0.5556175301E+01
    0.3426506156E+00    0.5544508090E+01
    0.3619413378E+00    0.5521173668E+01
    0.3816129326E+00    0.5497839245E+01
    0.4016565742E+00    0.5474504823E+01
    0.4220641683E+00    0.5451170401E+01
    0.4324020906E+00    0.5439503190E+01
    0.4428282425E+00    0.5427835979E+01
    0.4639418598E+00    0.5404501557E+01
Descriptor coordinates by the model of dimension:     3
    0.1011098223E+03    0.1267245707E-02    0.2665336643E-02
    0.8696558324E+02    0.8590070154E-02    0.3096942974E-02
    0.9171513049E+02    0.2250011365E-02    0.2773079148E-02
    0.9804279365E+02    0.1301073538E-02    0.2591794217E-02
    0.9652157168E+02    0.2065571337E-02    0.2677505353E-02
    0.8720910052E+02    0.6356983191E-02    0.2934853663E-02
    0.9184329186E+02    0.1858062354E-02    0.2639386476E-02
    0.8413326308E+02    0.9332980537E-02    0.2939727772E-02
    0.8724880950E+02    0.4216789038E-02    0.2730319912E-02
    0.8628043967E+02    0.4182209875E-02    0.2541207794E-02
    0.8183625375E+02    0.5446302277E-02    0.2515248598E-02
    0.8329439529E+02    0.5414834016E-02    0.2430527803E-02
    0.1010033951E+03    0.3143569051E-02    0.2933623838E-02
    0.1088614961E+03    0.4051222558E-03    0.2495250669E-02
    0.8044241165E+02    0.2695569759E-01    0.3303206439E-02
    0.8210036265E+02    0.1869948025E-01    0.3166300541E-02
    0.9617117252E+02    0.3948863829E-02    0.3231608211E-02
    0.1056731831E+03    0.3873495366E-03    0.2639413313E-02
    0.1031264439E+03    0.4319124461E-03    0.2620421082E-02
    0.8960802894E+02    0.1563530043E-02    0.2602869673E-02
    0.8057530111E+02    0.4492895730E-02    0.2356111359E-02
    0.9392222740E+02    0.6463475175E-03    0.2362741755E-02
    0.8909241385E+02    0.3291388013E-02    0.3034868910E-02
    0.9372222397E+02    0.8346680101E-03    0.2722928164E-02
    0.1009779531E+03    0.2790966333E-03    0.2527558496E-02
    0.9950741391E+02    0.4294046257E-03    0.2609128781E-02
    0.9057715158E+02    0.9654871139E-03    0.2579844505E-02
    0.8153873165E+02    0.2578398437E-02    0.2333653956E-02
    0.9484191013E+02    0.4081545074E-03    0.2343651137E-02
    0.8768889247E+02    0.1199706373E-02    0.2454321795E-02
    0.8172545231E+02    0.2270294635E-02    0.2218353660E-02
    0.9048236721E+02    0.7733001734E-03    0.2301678419E-02
    0.9029979523E+02    0.1534182850E-02    0.2850904566E-02
    0.9476574910E+02    0.4475106042E-03    0.2570924042E-02
    0.8722221575E+02    0.2053959363E-02    0.2853401921E-02
    0.9021945046E+02    0.8984736681E-03    0.2655427335E-02
    0.9181604266E+02    0.1809147012E-03    0.2415193788E-02
    0.8753983076E+02    0.4177992934E-03    0.2274012030E-02
    0.8457875819E+02    0.5489760476E-03    0.2057582871E-02
    0.8886520954E+02    0.3632931460E-03    0.2203598986E-02
    0.8745737761E+02    0.3698352506E-03    0.2383689158E-02
    0.8881286972E+02    0.2753425564E-03    0.2307253383E-02
    0.1020791899E+03    0.1870065084E-02    0.2906748155E-02
    0.1098504840E+03    0.1978066444E-03    0.2475601035E-02
    0.8299394280E+02    0.4344424736E-02    0.2373939650E-02
    0.8004784027E+02    0.6014672564E-02    0.2150199281E-02
    0.8439958578E+02    0.4840425600E-02    0.2297481285E-02
    0.9741948335E+02    0.1353787359E-02    0.3039184068E-02
    0.7876341664E+02    0.1499834750E-01    0.2808105315E-02
    0.1066001902E+03    0.1707911192E-03    0.2504445243E-02
    0.8154354187E+02    0.1666528893E-01    0.3266178420E-02
    0.8317734579E+02    0.1038618637E-01    0.3132197493E-02
    0.9726745802E+02    0.2836568586E-02    0.3200185553E-02
    0.1066599585E+03    0.2232871295E-03    0.2618180677E-02
    0.1009650771E+03    0.2837416886E-02    0.2938281573E-02
    0.9776736026E+02    0.3487427298E-02    0.3002161562E-02
    0.9613433982E+02    0.6044176095E-02    0.3113735945E-02
    0.8494385205E+02    0.2831030449E-01    0.3485968931E-02
    0.1008746517E+03    0.6687124299E-02    0.3087642653E-02
    0.1089143923E+03    0.6629981685E-03    0.2610429030E-02
    0.8150167411E+02    0.2236235582E-02    0.2559165569E-02
    0.8370630672E+02    0.1998733859E-02    0.2639981934E-02
    0.8481925324E+02    0.1891087631E-02    0.2681206744E-02
    0.8593934687E+02    0.1790144790E-02    0.2722988476E-02
    0.8820115897E+02    0.1606515068E-02    0.2808261456E-02
    0.9049211450E+02    0.1444489212E-02    0.2895880510E-02
    0.9281259219E+02    0.1301210789E-02    0.2985928837E-02
    0.9516297819E+02    0.1174241295E-02    0.3078493398E-02
    0.9634950954E+02    0.1116207943E-02    0.3125747520E-02
    0.9754366623E+02    0.1061493306E-02    0.3173665121E-02
    0.9995505780E+02    0.9611752067E-03    0.3271539127E-02
    0.8800792487E+02    0.1406285771E-03    0.2405946036E-02
    0.8964115728E+02    0.1798666997E-03    0.2497236840E-02
    0.9045490355E+02    0.2042111623E-03    0.2544196613E-02
    0.9126667771E+02    0.2324875869E-03    0.2592062843E-02
    0.9288412834E+02    0.3039689841E-03    0.2690609920E-02
    0.9449313795E+02    0.4024438771E-03    0.2793076796E-02
    0.9609332131E+02    0.5402099993E-03    0.2899676171E-02
    0.9768427859E+02    0.7362387417E-03    0.3010635955E-02
    0.9847616834E+02    0.8648507812E-03    0.3067826717E-02
    0.9926559467E+02    0.1020450257E-02    0.3126200645E-02
    0.1008368385E+03    0.1441201156E-02    0.3246632847E-02
    0.7945882293E+02    0.7302882390E-01    0.3795824506E-02
    0.8197909056E+02    0.5060904982E-01    0.3740300069E-02
    0.8324217718E+02    0.4247200665E-01    0.3713481052E-02
    0.8450718079E+02    0.3582105220E-01    0.3687259316E-02
    0.8704278565E+02    0.2583596739E-01    0.3636520205E-02
    0.8958560116E+02    0.1895144692E-01    0.3587918408E-02
    0.9213532815E+02    0.1411467471E-01    0.3541305202E-02
    0.9469167276E+02    0.1065837651E-01    0.3496545655E-02
    0.9597223642E+02    0.9306313460E-02    0.3474822217E-02
    0.9725434693E+02    0.8150173681E-02    0.3453517054E-02
    0.9982306867E+02    0.6304216228E-02    0.3412107549E-02
    0.1139759407E+03    0.2041048580E-02    0.2283409232E-02
    0.1127544785E+03    0.2765555028E-02    0.2338107336E-02
    0.1121381672E+03    0.3238464969E-02    0.2366437561E-02
    0.1115180534E+03    0.3808453549E-02    0.2395453565E-02
    0.1102661597E+03    0.5340054803E-02    0.2455644962E-02
    0.1089982622E+03    0.7640274221E-02    0.2518898614E-02
    0.1077137933E+03    0.1118284213E-01    0.2585454271E-02
    0.1064121506E+03    0.1679639447E-01    0.2655577379E-02
    0.1057546904E+03    0.2080905993E-01    0.2692067565E-02
    0.1050926935E+03    0.2598567586E-01    0.2729562622E-02
    0.1037547399E+03    0.4160297515E-01    0.2807738056E-02
    0.8006120761E+02    0.7759994450E-01    0.2052707030E-02
    0.8078973022E+02    0.4725059098E-01    0.2038548462E-02
    0.8115120838E+02    0.3741210239E-01    0.2031539137E-02
    0.8151086425E+02    0.2988237570E-01    0.2024575840E-02
    0.8222480527E+02    0.1952302095E-01    0.2010785532E-02
    0.8293174023E+02    0.1311988868E-01    0.1997173999E-02
    0.8363184797E+02    0.9037351217E-02    0.1983737794E-02
    0.8432529967E+02    0.6362448393E-02    0.1970473557E-02
    0.8466958104E+02    0.5378159612E-02    0.1963904901E-02
    0.8501225938E+02    0.4567011091E-02    0.1957378015E-02
    0.8569288433E+02    0.3335660108E-02    0.1944447977E-02
    0.7915146400E+02    0.6237717065E-02    0.2148495409E-02
    0.7896547779E+02    0.7467840060E-02    0.2235398156E-02
    0.7886765234E+02    0.8187984223E-02    0.2281064824E-02
    0.7876649485E+02    0.8990462384E-02    0.2328306055E-02
    0.7855383652E+02    0.1088782347E-01    0.2427835032E-02
    0.7832678036E+02    0.1326910839E-01    0.2534687194E-02
    0.7808455647E+02    0.1628062212E-01    0.2649666407E-02
    0.7782634354E+02    0.2012035277E-01    0.2773697361E-02
    0.7769096937E+02    0.2243181265E-01    0.2839434924E-02
    0.7755126435E+02    0.2505907183E-01    0.2907849099E-02
    0.7725838093E+02    0.3147130630E-01    0.3053364258E-02
    0.8564001068E+02    0.2653705799E-03    0.2017509277E-02
    0.8487307696E+02    0.4038456085E-03    0.2109942878E-02
    0.8447396456E+02    0.5039845399E-03    0.2158869886E-02
    0.8406397295E+02    0.6343184221E-03    0.2209742432E-02
    0.8320991204E+02    0.1033630833E-02    0.2317789741E-02
    0.8230784157E+02    0.1758822694E-02    0.2435111878E-02
    0.8135440662E+02    0.3151643565E-02    0.2562912321E-02
    0.8034590704E+02    0.6013894277E-02    0.2702610449E-02
    0.7981974492E+02    0.8544304361E-02    0.2777435902E-02
    0.7927824624E+02    0.1240746546E-01    0.2855892140E-02
    0.7814686948E+02    0.2827838461E-01    0.3024775299E-02
    0.8263641899E+02    0.8341891869E-02    0.2492427922E-02
    0.8600721927E+02    0.4429363545E-02    0.2504448223E-02
    0.8771509517E+02    0.3304025777E-02    0.2510481259E-02
    0.8943804811E+02    0.2498479270E-02    0.2516530007E-02
    0.9292946726E+02    0.1481448386E-02    0.2528675976E-02
    0.9648204594E+02    0.9160005160E-03    0.2540888764E-02
    0.1000963621E+03    0.5869493559E-03    0.2553170945E-02
    0.1037730033E+03    0.3878459359E-03    0.2565525041E-02
    0.1056348823E+03    0.3185249322E-03    0.2571729831E-02
    0.1075125679E+03    0.2632359026E-03    0.2577953523E-02
    0.1113156655E+03    0.1829137675E-03    0.2590458822E-02
    0.8905028512E+02    0.1168325960E-03    0.2346672370E-02
    0.9177611586E+02    0.1064452516E-03    0.2375275072E-02
    0.9315524905E+02    0.1016577148E-03    0.2389558775E-02
    0.9454527081E+02    0.9711951759E-04    0.2403831937E-02
    0.9735821443E+02    0.8873318998E-04    0.2432350258E-02
    0.1002154227E+03    0.8117966453E-04    0.2460837196E-02
    0.1031173831E+03    0.7436575523E-04    0.2489299783E-02
    0.1060645953E+03    0.6820984375E-04    0.2517744935E-02
    0.1075553302E+03    0.6535590227E-04    0.2531963104E-02
    0.1090575707E+03    0.6264030570E-04    0.2546179458E-02
    0.1120968329E+03    0.5759416936E-04    0.2574610054E-02
    0.8082552133E+02    0.6458525850E-01    0.3661865281E-02
    0.8468543695E+02    0.2422495093E-01    0.3491453373E-02
    0.8660938348E+02    0.1566282842E-01    0.3413266342E-02
    0.8852981426E+02    0.1043074049E-01    0.3339249813E-02
    0.9236139241E+02    0.4982972328E-02    0.3202438337E-02
    0.9618240579E+02    0.2581472696E-02    0.3078755756E-02
    0.9999468580E+02    0.1427197689E-02    0.2966362528E-02
    0.1037997390E+03    0.8322500732E-03    0.2863748040E-02
    0.1056999527E+03    0.6465297848E-03    0.2815708001E-02
    0.1075988078E+03    0.5074026972E-03    0.2769660229E-02
    0.1113929182E+03    0.3212421368E-03    0.2683052522E-02
