Predictions (y,pred,y-pred) by the model of dimension:     1
    0.2595301222E+03    0.2603502857E+03   -0.8201634759E+00
    0.2079026556E+03    0.2071927951E+03    0.7098604840E+00
    0.2226869444E+03    0.2231181491E+03   -0.4312046820E+00
    0.2466663556E+03    0.2487360677E+03   -0.2069712135E+01
    0.2405868667E+03    0.2431511795E+03   -0.2564312861E+01
    0.2053415111E+03    0.2079867100E+03   -0.2645198864E+01
    0.2209334444E+03    0.2240348263E+03   -0.3101381865E+01
    0.1936777556E+03    0.1961759320E+03   -0.2498176479E+01
    0.2036199000E+03    0.2066327761E+03   -0.3012876057E+01
    0.1988755111E+03    0.2040149462E+03   -0.5139435131E+01
    0.1820647889E+03    0.1869974181E+03   -0.4932629192E+01
    0.1862727778E+03    0.1922088836E+03   -0.5936105833E+01
    0.2604490667E+03    0.2608257627E+03   -0.3766960341E+00
    0.2896785556E+03    0.2895108952E+03    0.1676603224E+00
    0.1894734000E+03    0.1831446513E+03    0.6328748741E+01
    0.1935410889E+03    0.1881505797E+03    0.5390509228E+01
    0.2416573111E+03    0.2428015350E+03   -0.1144223930E+01
    0.2785376444E+03    0.2765260932E+03    0.2011551257E+01
    0.2668892556E+03    0.2679333334E+03   -0.1044077808E+01
    0.2110321000E+03    0.2162171081E+03   -0.5185008082E+01
    0.1790172889E+03    0.1805394794E+03   -0.1522190474E+01
    0.2256499111E+03    0.2323739157E+03   -0.6724004583E+01
    0.2147564222E+03    0.2143430154E+03    0.4134068394E+00
    0.2279487222E+03    0.2301266520E+03   -0.2177929805E+01
    0.2568662444E+03    0.2593672690E+03   -0.2501024574E+01
    0.2505142889E+03    0.2538415067E+03   -0.3327217840E+01
    0.2144034778E+03    0.2193140791E+03   -0.4910601329E+01
    0.1817765778E+03    0.1833189005E+03   -0.1542322755E+01
    0.2281654778E+03    0.2354316911E+03   -0.7266213331E+01
    0.2011406222E+03    0.2077241090E+03   -0.6583486738E+01
    0.1819319111E+03    0.1838463518E+03   -0.1914440715E+01
    0.2107032667E+03    0.2183086754E+03   -0.7605408745E+01
    0.2151194444E+03    0.2182108961E+03   -0.3091451699E+01
    0.2290660778E+03    0.2340814814E+03   -0.5015403588E+01
    0.2044317667E+03    0.2060933971E+03   -0.1661630480E+01
    0.2137194444E+03    0.2164322866E+03   -0.2712842150E+01
    0.2164706222E+03    0.2210557474E+03   -0.4585125132E+01
    0.2003932667E+03    0.2038034753E+03   -0.3410208622E+01
    0.1893699333E+03    0.1915970172E+03   -0.2227083830E+01
    0.2062119333E+03    0.2089984929E+03   -0.2786559587E+01
    0.2000597778E+03    0.2034626165E+03   -0.3402838769E+01
    0.2051309444E+03    0.2086184626E+03   -0.3487518138E+01
    0.2630736333E+03    0.2649259314E+03   -0.1852298092E+01
    0.2928621333E+03    0.2934789675E+03   -0.6168341717E+00
    0.1871043000E+03    0.1907800963E+03   -0.3675796298E+01
    0.1764319667E+03    0.1791164205E+03   -0.2684453847E+01
    0.1914784222E+03    0.1960075347E+03   -0.4529112489E+01
    0.2456214556E+03    0.2475558061E+03   -0.1934350541E+01
    0.1790136222E+03    0.1757440923E+03    0.3269529884E+01
    0.2811406222E+03    0.2813732307E+03   -0.2326084338E+00
    0.1923749111E+03    0.1866943018E+03    0.5680609320E+01
    0.1980689000E+03    0.1916713995E+03    0.6397500529E+01
    0.2452193667E+03    0.2468404835E+03   -0.1621116876E+01
    0.2834870333E+03    0.2804038729E+03    0.3083160426E+01
    0.2641083000E+03    0.2584670692E+03    0.5641230827E+01
    0.2534758778E+03    0.2459359497E+03    0.7539928120E+01
    0.2469492333E+03    0.2404758506E+03    0.6473382686E+01
    0.2098778222E+03    0.1991050711E+03    0.1077275109E+02
    0.2611882111E+03    0.2599727830E+03    0.1215428141E+01
    0.2922040889E+03    0.2884470615E+03    0.3757027357E+01
    0.1845425556E+03    0.1857213569E+03   -0.1178801359E+01
    0.1898993111E+03    0.1943579557E+03   -0.4458644615E+01
    0.1952178111E+03    0.1987119622E+03   -0.3494151101E+01
    0.2016502556E+03    0.2030901524E+03   -0.1439896831E+01
    0.2105854111E+03    0.2119202509E+03   -0.1334839761E+01
    0.2213828000E+03    0.2208506374E+03    0.5321625593E+00
    0.2304738556E+03    0.2298837845E+03    0.5900710389E+00
    0.2402382000E+03    0.2390222548E+03    0.1215945201E+01
    0.2422979556E+03    0.2436318127E+03   -0.1333857182E+01
    0.2458938778E+03    0.2482687056E+03   -0.2374827839E+01
    0.2572186333E+03    0.2576258935E+03   -0.4072602132E+00
    0.2082812222E+03    0.2041357896E+03    0.4145432606E+01
    0.2124671556E+03    0.2119717194E+03    0.4954361394E+00
    0.2147394667E+03    0.2158139430E+03   -0.1074476383E+01
    0.2172658444E+03    0.2196051692E+03   -0.2339324733E+01
    0.2253844556E+03    0.2270330757E+03   -0.1648620175E+01
    0.2347459556E+03    0.2342522573E+03    0.4936982489E+00
    0.2431637556E+03    0.2412594064E+03    0.1904349136E+01
    0.2513636333E+03    0.2480510822E+03    0.3312551162E+01
    0.2534225000E+03    0.2513650037E+03    0.2057496257E+01
    0.2547179556E+03    0.2546237019E+03    0.9425362466E-01
    0.2631218000E+03    0.2609735323E+03    0.2148267702E+01
    0.1924218778E+03    0.1802557371E+03    0.1216614073E+02
    0.1983598444E+03    0.1894311670E+03    0.8928677404E+01
    0.2024171778E+03    0.1940646338E+03    0.8352543929E+01
    0.2065748778E+03    0.1987283461E+03    0.7846531727E+01
    0.2156308111E+03    0.2081457596E+03    0.7485051515E+01
    0.2237516111E+03    0.2176819461E+03    0.6069664984E+01
    0.2350597111E+03    0.2273354942E+03    0.7724216954E+01
    0.2445528889E+03    0.2371050396E+03    0.7447849294E+01
    0.2477960889E+03    0.2420328974E+03    0.5763191483E+01
    0.2505340222E+03    0.2469892633E+03    0.3544758967E+01
    0.2601386889E+03    0.2569868885E+03    0.3151800342E+01
    0.3058445778E+03    0.3087288741E+03   -0.2884296277E+01
    0.3013589222E+03    0.3039501626E+03   -0.2591240364E+01
    0.2990407000E+03    0.3015740868E+03   -0.2533386841E+01
    0.2966810000E+03    0.2992070235E+03   -0.2526023481E+01
    0.2926131333E+03    0.2945004426E+03   -0.1887309259E+01
    0.2877935333E+03    0.2898314949E+03   -0.2037961570E+01
    0.2843988222E+03    0.2852013557E+03   -0.8025334503E+00
    0.2820282667E+03    0.2806113133E+03    0.1416953363E+01
    0.2803237333E+03    0.2783317656E+03    0.1991967705E+01
    0.2792287556E+03    0.2760627843E+03    0.3165971297E+01
    0.2744485778E+03    0.2715573304E+03    0.2891247368E+01
    0.1886036444E+03    0.1793537163E+03    0.9249928111E+01
    0.1870368222E+03    0.1814645663E+03    0.5572255922E+01
    0.1870242778E+03    0.1824959300E+03    0.4528347741E+01
    0.1838565333E+03    0.1835113657E+03    0.3451676203E+00
    0.1853664667E+03    0.1854947862E+03   -0.1283194880E+00
    0.1870591111E+03    0.1874154859E+03   -0.3563748251E+00
    0.1889144889E+03    0.1892741105E+03   -0.3596215662E+00
    0.1905193889E+03    0.1910712925E+03   -0.5519036523E+00
    0.1899346000E+03    0.1919470371E+03   -0.2012437078E+01
    0.1915395111E+03    0.1928076528E+03   -0.1268141681E+01
    0.1921652444E+03    0.1944837999E+03   -0.2318555450E+01
    0.1813102889E+03    0.1764857594E+03    0.4824529478E+01
    0.1730694778E+03    0.1758057032E+03   -0.2736225445E+01
    0.1717623333E+03    0.1754710658E+03   -0.3708732455E+01
    0.1704806556E+03    0.1751404766E+03   -0.4659821090E+01
    0.1700829333E+03    0.1744929511E+03   -0.4410017748E+01
    0.1692373444E+03    0.1738664154E+03   -0.4629070944E+01
    0.1700707556E+03    0.1732646491E+03   -0.3193893584E+01
    0.1708686111E+03    0.1726920116E+03   -0.1823400489E+01
    0.1718423667E+03    0.1724181632E+03   -0.5757964932E+00
    0.1740759667E+03    0.1721535505E+03    0.1922416156E+01
    0.1730707556E+03    0.1716551360E+03    0.1415619568E+01
    0.1967226222E+03    0.1942737557E+03    0.2448866536E+01
    0.1931341889E+03    0.1923159090E+03    0.8182798728E+00
    0.1907203222E+03    0.1912861692E+03   -0.5658469641E+00
    0.1876005778E+03    0.1902216516E+03   -0.2621073861E+01
    0.1853022667E+03    0.1879854112E+03   -0.2683144520E+01
    0.1818018444E+03    0.1856011273E+03   -0.3799282871E+01
    0.1808356889E+03    0.1830621874E+03   -0.2226498523E+01
    0.1786953444E+03    0.1803613509E+03   -0.1666006440E+01
    0.1787971889E+03    0.1789477652E+03   -0.1505763609E+00
    0.1796762778E+03    0.1774906595E+03    0.2185618326E+01
    0.1785659444E+03    0.1744413301E+03    0.4124614329E+01
    0.1863562667E+03    0.1898982920E+03   -0.3542025338E+01
    0.1967213778E+03    0.2028292880E+03   -0.6107910207E+01
    0.2028386333E+03    0.2093729455E+03   -0.6534312122E+01
    0.2087044444E+03    0.2159682405E+03   -0.7263796045E+01
    0.2193693111E+03    0.2293123746E+03   -0.9943063450E+01
    0.2362448000E+03    0.2428590127E+03   -0.6614212723E+01
    0.2532290889E+03    0.2566055698E+03   -0.3376480899E+01
    0.2691348000E+03    0.2705495480E+03   -0.1414748014E+01
    0.2765467111E+03    0.2775948123E+03   -0.1048101205E+01
    0.2862961111E+03    0.2846885326E+03    0.1607578505E+01
    0.2959017111E+03    0.2990201875E+03   -0.3118476397E+01
    0.2105255556E+03    0.2082787776E+03    0.2246777974E+01
    0.2194879000E+03    0.2203558014E+03   -0.8679013563E+00
    0.2250481778E+03    0.2263568873E+03   -0.1308709500E+01
    0.2306701222E+03    0.2323333397E+03   -0.1663217470E+01
    0.2418327444E+03    0.2442132753E+03   -0.2380530816E+01
    0.2531147778E+03    0.2559974380E+03   -0.2882660219E+01
    0.2637099889E+03    0.2676876070E+03   -0.3977618145E+01
    0.2798409111E+03    0.2792855125E+03    0.5553985740E+00
    0.2875471778E+03    0.2850503942E+03    0.2496783590E+01
    0.2945108667E+03    0.2907928375E+03    0.3718029196E+01
    0.3012605778E+03    0.3022112193E+03   -0.9506414990E+00
    0.1966388111E+03    0.1841897022E+03    0.1244910888E+02
    0.2049353111E+03    0.1974725898E+03    0.7462721265E+01
    0.2096941111E+03    0.2042225967E+03    0.5471514383E+01
    0.2163081222E+03    0.2110436405E+03    0.5264481758E+01
    0.2288574333E+03    0.2248951351E+03    0.3962298198E+01
    0.2417612556E+03    0.2390201112E+03    0.2741144347E+01
    0.2556504667E+03    0.2534122315E+03    0.2238235143E+01
    0.2737433333E+03    0.2680656840E+03    0.5677649337E+01
    0.2828206778E+03    0.2754887174E+03    0.7331960344E+01
    0.2900036000E+03    0.2829751032E+03    0.7028496829E+01
    0.2989490444E+03    0.2981355080E+03    0.8135364895E+00
Prediction RMSE and MaxAE:         4.1570374723       12.4491088782
Predictions (y,pred,y-pred) by the model of dimension:     2
    0.2595301222E+03    0.2592254462E+03    0.3046760129E+00
    0.2079026556E+03    0.2081622176E+03   -0.2595620064E+00
    0.2226869444E+03    0.2233820234E+03   -0.6950789457E+00
    0.2466663556E+03    0.2471402584E+03   -0.4739028861E+00
    0.2405868667E+03    0.2417702709E+03   -0.1183404249E+01
    0.2053415111E+03    0.2078011349E+03   -0.2459623742E+01
    0.2209334444E+03    0.2231555378E+03   -0.2222093383E+01
    0.1936777556E+03    0.1966738436E+03   -0.2996088021E+01
    0.2036199000E+03    0.2066506356E+03   -0.3030735627E+01
    0.1988755111E+03    0.2014559999E+03   -0.2580488769E+01
    0.1820647889E+03    0.1847630009E+03   -0.2698212052E+01
    0.1862727778E+03    0.1897360307E+03   -0.3463252920E+01
    0.2604490667E+03    0.2606111687E+03   -0.1621020517E+00
    0.2896785556E+03    0.2881983770E+03    0.1480178594E+01
    0.1894734000E+03    0.1866191540E+03    0.2854246027E+01
    0.1935410889E+03    0.1913200716E+03    0.2221017281E+01
    0.2416573111E+03    0.2428572071E+03   -0.1199896035E+01
    0.2785376444E+03    0.2751867907E+03    0.3350853741E+01
    0.2668892556E+03    0.2677044219E+03   -0.8151663578E+00
    0.2110321000E+03    0.2148364218E+03   -0.3804321772E+01
    0.1790172889E+03    0.1805796674E+03   -0.1562378492E+01
    0.2256499111E+03    0.2303570982E+03   -0.4707187120E+01
    0.2147564222E+03    0.2161801394E+03   -0.1423717135E+01
    0.2279487222E+03    0.2312618846E+03   -0.3313162422E+01
    0.2568662444E+03    0.2582833847E+03   -0.1417140206E+01
    0.2505142889E+03    0.2529703334E+03   -0.2456044548E+01
    0.2144034778E+03    0.2175556887E+03   -0.3152210923E+01
    0.1817765778E+03    0.1830012979E+03   -0.1224720098E+01
    0.2281654778E+03    0.2330375314E+03   -0.4872053585E+01
    0.2011406222E+03    0.2059786803E+03   -0.4838058127E+01
    0.1819319111E+03    0.1828619238E+03   -0.9300126763E+00
    0.2107032667E+03    0.2161391138E+03   -0.5435847152E+01
    0.2151194444E+03    0.2185225200E+03   -0.3403075532E+01
    0.2290660778E+03    0.2337050384E+03   -0.4638960587E+01
    0.2044317667E+03    0.2070935821E+03   -0.2661815427E+01
    0.2137194444E+03    0.2169558954E+03   -0.3236450944E+01
    0.2164706222E+03    0.2179633076E+03   -0.1492685395E+01
    0.2003932667E+03    0.2009784814E+03   -0.5852147699E+00
    0.1893699333E+03    0.1888868519E+03    0.4830814783E+00
    0.2062119333E+03    0.2059552422E+03    0.2566911089E+00
    0.2000597778E+03    0.2007159309E+03   -0.6561530726E+00
    0.2051309444E+03    0.2056353043E+03   -0.5043598864E+00
    0.2630736333E+03    0.2660075346E+03   -0.2933901305E+01
    0.2928621333E+03    0.2934693885E+03   -0.6072551577E+00
    0.1871043000E+03    0.1897799473E+03   -0.2675647309E+01
    0.1764319667E+03    0.1781695316E+03   -0.1737564960E+01
    0.1914784222E+03    0.1947916350E+03   -0.3313212733E+01
    0.2456214556E+03    0.2465024237E+03   -0.8809681905E+00
    0.1790136222E+03    0.1780906171E+03    0.9230051112E+00
    0.2811406222E+03    0.2790217774E+03    0.2118844784E+01
    0.1923749111E+03    0.1914144452E+03    0.9604659472E+00
    0.1980689000E+03    0.1960845250E+03    0.1984375027E+01
    0.2452193667E+03    0.2481554398E+03   -0.2936073160E+01
    0.2834870333E+03    0.2803282987E+03    0.3158734586E+01
    0.2641083000E+03    0.2620543412E+03    0.2053958838E+01
    0.2534758778E+03    0.2502281495E+03    0.3247728257E+01
    0.2469492333E+03    0.2449978391E+03    0.1951394254E+01
    0.2098778222E+03    0.2059069536E+03    0.3970868575E+01
    0.2611882111E+03    0.2633157707E+03   -0.2127559600E+01
    0.2922040889E+03    0.2906059076E+03    0.1598181264E+01
    0.1845425556E+03    0.1825802515E+03    0.1962304089E+01
    0.1898993111E+03    0.1913153325E+03   -0.1416021383E+01
    0.1952178111E+03    0.1957175283E+03   -0.4997172281E+00
    0.2016502556E+03    0.2001431955E+03    0.1507060009E+01
    0.2105854111E+03    0.2090660767E+03    0.1519334376E+01
    0.2213828000E+03    0.2180862920E+03    0.3296507966E+01
    0.2304738556E+03    0.2272062410E+03    0.3267614515E+01
    0.2402382000E+03    0.2364284110E+03    0.3809789030E+01
    0.2422979556E+03    0.2410786310E+03    0.1219324527E+01
    0.2458938778E+03    0.2457553809E+03    0.1384968969E+00
    0.2572186333E+03    0.2551898262E+03    0.2028807179E+01
    0.2082812222E+03    0.2002583593E+03    0.8022862881E+01
    0.2124671556E+03    0.2086021837E+03    0.3864971837E+01
    0.2147394667E+03    0.2127005856E+03    0.2038881074E+01
    0.2172658444E+03    0.2167494921E+03    0.5163523592E+00
    0.2253844556E+03    0.2246973115E+03    0.6871440602E+00
    0.2347459556E+03    0.2324425539E+03    0.2303401657E+01
    0.2431637556E+03    0.2399820092E+03    0.3181746324E+01
    0.2513636333E+03    0.2473123379E+03    0.4051295386E+01
    0.2534225000E+03    0.2508979988E+03    0.2524501163E+01
    0.2547179556E+03    0.2544300629E+03    0.2878926154E+00
    0.2631218000E+03    0.2613315608E+03    0.1790239223E+01
    0.1924218778E+03    0.1881254575E+03    0.4296420299E+01
    0.1983598444E+03    0.1966758811E+03    0.1683963334E+01
    0.2024171778E+03    0.2009954971E+03    0.1421680653E+01
    0.2065748778E+03    0.2053444677E+03    0.1230410121E+01
    0.2156308111E+03    0.2141297472E+03    0.1501063866E+01
    0.2237516111E+03    0.2230303014E+03    0.7213097371E+00
    0.2350597111E+03    0.2320447601E+03    0.3014950979E+01
    0.2445528889E+03    0.2411717996E+03    0.3381089282E+01
    0.2477960889E+03    0.2457771354E+03    0.2018953519E+01
    0.2505340222E+03    0.2504101395E+03    0.1238827519E+00
    0.2601386889E+03    0.2597585407E+03    0.3801481566E+00
    0.3058445778E+03    0.3107657598E+03   -0.4921181990E+01
    0.3013589222E+03    0.3061701375E+03   -0.4811215318E+01
    0.2990407000E+03    0.3038852153E+03   -0.4844515255E+01
    0.2966810000E+03    0.3016090399E+03   -0.4928039896E+01
    0.2926131333E+03    0.2970834236E+03   -0.4470290316E+01
    0.2877935333E+03    0.2925943321E+03   -0.4800798788E+01
    0.2843988222E+03    0.2881429060E+03   -0.3744083731E+01
    0.2820282667E+03    0.2837303956E+03   -0.1702128931E+01
    0.2803237333E+03    0.2815391582E+03   -0.1215424825E+01
    0.2792287556E+03    0.2793581758E+03   -0.1294202402E+00
    0.2744485778E+03    0.2750277624E+03   -0.5791846381E+00
    0.1886036444E+03    0.1809903902E+03    0.7613254268E+01
    0.1870368222E+03    0.1826247288E+03    0.4412093405E+01
    0.1870242778E+03    0.1834185456E+03    0.3605732166E+01
    0.1838565333E+03    0.1841969035E+03   -0.3403701723E+00
    0.1853664667E+03    0.1857075660E+03   -0.3410993768E+00
    0.1870591111E+03    0.1871573554E+03   -0.9824424018E-01
    0.1889144889E+03    0.1885468978E+03    0.3675910726E+00
    0.1905193889E+03    0.1898768076E+03    0.6425812604E+00
    0.1899346000E+03    0.1905195890E+03   -0.5849889691E+00
    0.1915395111E+03    0.1911476871E+03    0.3918240057E+00
    0.1921652444E+03    0.1923601270E+03   -0.1948825619E+00
    0.1813102889E+03    0.1728499099E+03    0.8460378967E+01
    0.1730694778E+03    0.1728440388E+03    0.2254389826E+00
    0.1717623333E+03    0.1728463351E+03   -0.1084001777E+01
    0.1704806556E+03    0.1728525605E+03   -0.2371904919E+01
    0.1700829333E+03    0.1728782618E+03   -0.2795328452E+01
    0.1692373444E+03    0.1729243347E+03   -0.3686990269E+01
    0.1700707556E+03    0.1729944475E+03   -0.2923691948E+01
    0.1708686111E+03    0.1730928310E+03   -0.2224219910E+01
    0.1718423667E+03    0.1731541258E+03   -0.1311759131E+01
    0.1740759667E+03    0.1732243843E+03    0.8515823419E+00
    0.1730707556E+03    0.1733948046E+03   -0.3240490724E+00
    0.1967226222E+03    0.1899394787E+03    0.6783143487E+01
    0.1931341889E+03    0.1890576785E+03    0.4076510437E+01
    0.1907203222E+03    0.1885674586E+03    0.2152863612E+01
    0.1876005778E+03    0.1880434854E+03   -0.4429076461E+00
    0.1853022667E+03    0.1868914914E+03   -0.1589224751E+01
    0.1818018444E+03    0.1855958146E+03   -0.3793970149E+01
    0.1808356889E+03    0.1841500371E+03   -0.3314348224E+01
    0.1786953444E+03    0.1825471317E+03   -0.3851787211E+01
    0.1787971889E+03    0.1816843721E+03   -0.2887183255E+01
    0.1796762778E+03    0.1807793743E+03   -0.1103096572E+01
    0.1785659444E+03    0.1788382409E+03   -0.2722964551E+00
    0.1863562667E+03    0.1865640093E+03   -0.2077425939E+00
    0.1967213778E+03    0.1994301733E+03   -0.2708795518E+01
    0.2028386333E+03    0.2059391126E+03   -0.3100479282E+01
    0.2087044444E+03    0.2124981685E+03   -0.3793724076E+01
    0.2193693111E+03    0.2257653017E+03   -0.6395990600E+01
    0.2362448000E+03    0.2392289743E+03   -0.2984174257E+01
    0.2532290889E+03    0.2528866771E+03    0.3424117721E+00
    0.2691348000E+03    0.2667359861E+03    0.2398813880E+01
    0.2765467111E+03    0.2737317575E+03    0.2814953613E+01
    0.2862961111E+03    0.2807745576E+03    0.5521553513E+01
    0.2959017111E+03    0.2950001243E+03    0.9015868059E+00
    0.2105255556E+03    0.2042084866E+03    0.6317068987E+01
    0.2194879000E+03    0.2166335290E+03    0.2854371017E+01
    0.2250481778E+03    0.2228097266E+03    0.2238451176E+01
    0.2306701222E+03    0.2289620163E+03    0.1708105932E+01
    0.2418327444E+03    0.2411957757E+03    0.6369687368E+00
    0.2531147778E+03    0.2533365833E+03   -0.2218054944E+00
    0.2637099889E+03    0.2653861657E+03   -0.1676176821E+01
    0.2798409111E+03    0.2773462022E+03    0.2494708884E+01
    0.2875471778E+03    0.2832931529E+03    0.4254024833E+01
    0.2945108667E+03    0.2892183262E+03    0.5292540451E+01
    0.3012605778E+03    0.3010041269E+03    0.2564508925E+00
    0.1966388111E+03    0.1916090505E+03    0.5029760648E+01
    0.2049353111E+03    0.2041086551E+03    0.8266559715E+00
    0.2096941111E+03    0.2104638228E+03   -0.7697117285E+00
    0.2163081222E+03    0.2168879350E+03   -0.5798127891E+00
    0.2288574333E+03    0.2299393985E+03   -0.1081965156E+01
    0.2417612556E+03    0.2432562880E+03   -0.1495032449E+01
    0.2556504667E+03    0.2568324531E+03   -0.1181986391E+01
    0.2737433333E+03    0.2706622528E+03    0.3081080574E+01
    0.2828206778E+03    0.2776706231E+03    0.5150054684E+01
    0.2900036000E+03    0.2847404797E+03    0.5263120308E+01
    0.2989490444E+03    0.2990622995E+03   -0.1132550379E+00
Prediction RMSE and MaxAE:         2.9090217276        8.4603789674
Predictions (y,pred,y-pred) by the model of dimension:     3
    0.2595301222E+03    0.2589522304E+03    0.5778918095E+00
    0.2079026556E+03    0.2079705194E+03   -0.6786386407E-01
    0.2226869444E+03    0.2230968789E+03   -0.4099344959E+00
    0.2466663556E+03    0.2464387465E+03    0.2276090408E+00
    0.2405868667E+03    0.2412229857E+03   -0.6361189964E+00
    0.2053415111E+03    0.2073683449E+03   -0.2026833832E+01
    0.2209334444E+03    0.2225975731E+03   -0.1664128620E+01
    0.1936777556E+03    0.1959352530E+03   -0.2257497407E+01
    0.2036199000E+03    0.2056924196E+03   -0.2072519650E+01
    0.1988755111E+03    0.2005849174E+03   -0.1709406293E+01
    0.1820647889E+03    0.1832466811E+03   -0.1181892222E+01
    0.1862727778E+03    0.1883648547E+03   -0.2092076942E+01
    0.2604490667E+03    0.2607566249E+03   -0.3075582704E+00
    0.2896785556E+03    0.2879652497E+03    0.1713305828E+01
    0.1894734000E+03    0.1874239611E+03    0.2049438868E+01
    0.1935410889E+03    0.1913635894E+03    0.2177499504E+01
    0.2416573111E+03    0.2440507335E+03   -0.2393422415E+01
    0.2785376444E+03    0.2764729689E+03    0.2064675567E+01
    0.2668892556E+03    0.2663765698E+03    0.5126857996E+00
    0.2110321000E+03    0.2135337811E+03   -0.2501681081E+01
    0.1790172889E+03    0.1770219926E+03    0.1995296300E+01
    0.2256499111E+03    0.2285894817E+03   -0.2939570578E+01
    0.2147564222E+03    0.2148394748E+03   -0.8305259717E-01
    0.2279487222E+03    0.2303348496E+03   -0.2386127422E+01
    0.2568662444E+03    0.2572903320E+03   -0.4240875245E+00
    0.2505142889E+03    0.2521249275E+03   -0.1610638580E+01
    0.2144034778E+03    0.2170534651E+03   -0.2649987314E+01
    0.1817765778E+03    0.1802672169E+03    0.1509360912E+01
    0.2281654778E+03    0.2320127716E+03   -0.3847293854E+01
    0.2011406222E+03    0.2049194382E+03   -0.3778816021E+01
    0.1819319111E+03    0.1801408047E+03    0.1791106430E+01
    0.2107032667E+03    0.2147203505E+03   -0.4017083800E+01
    0.2151194444E+03    0.2179532636E+03   -0.2833819194E+01
    0.2290660778E+03    0.2332945793E+03   -0.4228501535E+01
    0.2044317667E+03    0.2060190851E+03   -0.1587318477E+01
    0.2137194444E+03    0.2161625112E+03   -0.2443066761E+01
    0.2164706222E+03    0.2206134885E+03   -0.4142866307E+01
    0.2003932667E+03    0.2029360706E+03   -0.2542803908E+01
    0.1893699333E+03    0.1898678945E+03   -0.4979612124E+00
    0.2062119333E+03    0.2076288204E+03   -0.1416887070E+01
    0.2000597778E+03    0.2033626482E+03   -0.3302870442E+01
    0.2051309444E+03    0.2081238816E+03   -0.2992937116E+01
    0.2630736333E+03    0.2645360226E+03   -0.1462389257E+01
    0.2928621333E+03    0.2916620954E+03    0.1200037952E+01
    0.1871043000E+03    0.1865884633E+03    0.5158367311E+00
    0.1764319667E+03    0.1738277330E+03    0.2604233697E+01
    0.1914784222E+03    0.1916608152E+03   -0.1823929781E+00
    0.2456214556E+03    0.2471032870E+03   -0.1481831435E+01
    0.1790136222E+03    0.1750970544E+03    0.3916567805E+01
    0.2811406222E+03    0.2791274385E+03    0.2013183756E+01
    0.1923749111E+03    0.1894782370E+03    0.2896674072E+01
    0.1980689000E+03    0.1937281536E+03    0.4340746358E+01
    0.2452193667E+03    0.2479102800E+03   -0.2690913353E+01
    0.2834870333E+03    0.2801586117E+03    0.3328421587E+01
    0.2641083000E+03    0.2605792298E+03    0.3529070155E+01
    0.2534758778E+03    0.2486245822E+03    0.4851295605E+01
    0.2469492333E+03    0.2434985840E+03    0.3450649381E+01
    0.2098778222E+03    0.2065807124E+03    0.3297109775E+01
    0.2611882111E+03    0.2620073774E+03   -0.8191662406E+00
    0.2922040889E+03    0.2890194469E+03    0.3184641950E+01
    0.1845425556E+03    0.1816157592E+03    0.2926796394E+01
    0.1898993111E+03    0.1907625883E+03   -0.8632772145E+00
    0.1952178111E+03    0.1953854437E+03   -0.1676325821E+00
    0.2016502556E+03    0.2000414461E+03    0.1608809447E+01
    0.2105854111E+03    0.2094535181E+03    0.1131892985E+01
    0.2213828000E+03    0.2190001574E+03    0.2382642576E+01
    0.2304738556E+03    0.2286828672E+03    0.1790988387E+01
    0.2402382000E+03    0.2385032869E+03    0.1734913127E+01
    0.2422979556E+03    0.2434656849E+03   -0.1167729307E+01
    0.2458938778E+03    0.2484631815E+03   -0.2569303739E+01
    0.2572186333E+03    0.2585644330E+03   -0.1345799689E+01
    0.2082812222E+03    0.2056281275E+03    0.2653094734E+01
    0.2124671556E+03    0.2126635148E+03   -0.1963592473E+00
    0.2147394667E+03    0.2161799820E+03   -0.1440515304E+01
    0.2172658444E+03    0.2196957622E+03   -0.2429917769E+01
    0.2253844556E+03    0.2267258200E+03   -0.1341364478E+01
    0.2347459556E+03    0.2337551915E+03    0.9907640418E+00
    0.2431637556E+03    0.2407862319E+03    0.2377523609E+01
    0.2513636333E+03    0.2478226429E+03    0.3540990448E+01
    0.2534225000E+03    0.2513445826E+03    0.2077917441E+01
    0.2547179556E+03    0.2548703108E+03   -0.1523551996E+00
    0.2631218000E+03    0.2619387713E+03    0.1183028678E+01
    0.1924218778E+03    0.1959430496E+03   -0.3521171792E+01
    0.1983598444E+03    0.2010674693E+03   -0.2707624814E+01
    0.2024171778E+03    0.2042455437E+03   -0.1828365970E+01
    0.2065748778E+03    0.2077243540E+03   -0.1149476174E+01
    0.2156308111E+03    0.2153609256E+03    0.2698855167E+00
    0.2237516111E+03    0.2236436909E+03    0.1079202294E+00
    0.2350597111E+03    0.2323656398E+03    0.2694071288E+01
    0.2445528889E+03    0.2413948800E+03    0.3158008847E+01
    0.2477960889E+03    0.2459965681E+03    0.1799520839E+01
    0.2505340222E+03    0.2506453217E+03   -0.1112994717E+00
    0.2601386889E+03    0.2600594789E+03    0.7921003443E-01
    0.3058445778E+03    0.3068472865E+03   -0.1002708716E+01
    0.3013589222E+03    0.3025831126E+03   -0.1224190344E+01
    0.2990407000E+03    0.3004574873E+03   -0.1416787253E+01
    0.2966810000E+03    0.2983405998E+03   -0.1659599831E+01
    0.2926131333E+03    0.2941522627E+03   -0.1539129378E+01
    0.2877935333E+03    0.2900719600E+03   -0.2278426702E+01
    0.2843988222E+03    0.2861912851E+03   -0.1792462885E+01
    0.2820282667E+03    0.2826709136E+03   -0.6426468871E+00
    0.2803237333E+03    0.2811292003E+03   -0.8054669216E+00
    0.2792287556E+03    0.2798031008E+03   -0.5743452498E+00
    0.2744485778E+03    0.2781423147E+03   -0.3693736936E+01
    0.1886036444E+03    0.1871313955E+03    0.1472248959E+01
    0.1870368222E+03    0.1839825095E+03    0.3054312736E+01
    0.1870242778E+03    0.1834357252E+03    0.3588552581E+01
    0.1838565333E+03    0.1833312573E+03    0.5252759867E+00
    0.1853664667E+03    0.1840165641E+03    0.1349902522E+01
    0.1870591111E+03    0.1854452932E+03    0.1613817875E+01
    0.1889144889E+03    0.1872999346E+03    0.1614554257E+01
    0.1905193889E+03    0.1894035330E+03    0.1115855841E+01
    0.1899346000E+03    0.1905149005E+03   -0.5803005294E+00
    0.1915395111E+03    0.1916539609E+03   -0.1144498109E+00
    0.1921652444E+03    0.1939904598E+03   -0.1825215376E+01
    0.1813102889E+03    0.1703489006E+03    0.1096138826E+02
    0.1730694778E+03    0.1704610818E+03    0.2608395998E+01
    0.1717623333E+03    0.1705340167E+03    0.1228316624E+01
    0.1704806556E+03    0.1706208132E+03   -0.1401576212E+00
    0.1700829333E+03    0.1708456969E+03   -0.7627635371E+00
    0.1692373444E+03    0.1711590015E+03   -0.1921657026E+01
    0.1700707556E+03    0.1715917349E+03   -0.1520979391E+01
    0.1708686111E+03    0.1721855940E+03   -0.1316982840E+01
    0.1718423667E+03    0.1725599081E+03   -0.7175413875E+00
    0.1740759667E+03    0.1729972139E+03    0.1078752719E+01
    0.1730707556E+03    0.1741043774E+03   -0.1033621837E+01
    0.1967226222E+03    0.1936915994E+03    0.3031022861E+01
    0.1931341889E+03    0.1913545471E+03    0.1779641769E+01
    0.1907203222E+03    0.1901495114E+03    0.5708107779E+00
    0.1876005778E+03    0.1889212045E+03   -0.1320626762E+01
    0.1853022667E+03    0.1864017078E+03   -0.1099441157E+01
    0.1818018444E+03    0.1838217577E+03   -0.2019913207E+01
    0.1808356889E+03    0.1812430239E+03   -0.4073349898E+00
    0.1786953444E+03    0.1788168142E+03   -0.1214697228E+00
    0.1787971889E+03    0.1777661741E+03    0.1031014815E+01
    0.1796762778E+03    0.1769398586E+03    0.2736419128E+01
    0.1785659444E+03    0.1767649901E+03    0.1800954310E+01
    0.1863562667E+03    0.1867857335E+03   -0.4294668233E+00
    0.1967213778E+03    0.1993086721E+03   -0.2587294287E+01
    0.2028386333E+03    0.2058199645E+03   -0.2981331140E+01
    0.2087044444E+03    0.2124526216E+03   -0.3748177118E+01
    0.2193693111E+03    0.2260120782E+03   -0.6642767099E+01
    0.2362448000E+03    0.2398993618E+03   -0.3654561816E+01
    0.2532290889E+03    0.2540748922E+03   -0.8458033286E+00
    0.2691348000E+03    0.2685202801E+03    0.6145198508E+00
    0.2765467111E+03    0.2758413077E+03    0.7054034331E+00
    0.2862961111E+03    0.2832270979E+03    0.3069013211E+01
    0.2959017111E+03    0.2981918741E+03   -0.2290162961E+01
    0.2105255556E+03    0.2092955493E+03    0.1230006213E+01
    0.2194879000E+03    0.2201664555E+03   -0.6785554816E+00
    0.2250481778E+03    0.2256653785E+03   -0.6172006978E+00
    0.2306701222E+03    0.2312069194E+03   -0.5367972016E+00
    0.2418327444E+03    0.2424187868E+03   -0.5860423752E+00
    0.2531147778E+03    0.2538039504E+03   -0.6891726496E+00
    0.2637099889E+03    0.2653643504E+03   -0.1654361521E+01
    0.2798409111E+03    0.2771019747E+03    0.2738936384E+01
    0.2875471778E+03    0.2830378804E+03    0.4509297342E+01
    0.2945108667E+03    0.2890188596E+03    0.5492007046E+01
    0.3012605778E+03    0.3011170902E+03    0.1434876003E+00
    0.1966388111E+03    0.1987260010E+03   -0.2087189860E+01
    0.2049353111E+03    0.2048118957E+03    0.1234154046E+00
    0.2096941111E+03    0.2101399739E+03   -0.4458628261E+00
    0.2163081222E+03    0.2161309453E+03    0.1771768749E+00
    0.2288574333E+03    0.2291300358E+03   -0.2726024378E+00
    0.2417612556E+03    0.2427711911E+03   -0.1009935526E+01
    0.2556504667E+03    0.2566988797E+03   -0.1048413078E+01
    0.2737433333E+03    0.2707747305E+03    0.2968602879E+01
    0.2828206778E+03    0.2778479426E+03    0.4972735198E+01
    0.2900036000E+03    0.2849386816E+03    0.5064918417E+01
    0.2989490444E+03    0.2991619463E+03   -0.2129018128E+00
Prediction RMSE and MaxAE:         2.3727754153       10.9613882577
