Descriptor coordinates by the model of dimension:     1
    0.4177305629E+01
    0.3915952998E+01
    0.4152796538E+01
    0.4244798141E+01
    0.3989229256E+01
    0.4033691254E+01
    0.3820396084E+01
    0.3936762887E+01
    0.3972132926E+01
    0.4163279164E+01
    0.4300192875E+01
    0.3578995634E+01
    0.3638425451E+01
    0.3407436154E+01
    0.3360757877E+01
    0.3993388031E+01
    0.3976200808E+01
Descriptor coordinates by the model of dimension:     2
    0.2409755845E+03    0.7297623626E+03
    0.2114968425E+03    0.5991614844E+03
    0.2309566088E+03    0.6778132573E+03
    0.2415549681E+03    0.7114629265E+03
    0.2171623542E+03    0.6137113144E+03
    0.2213936914E+03    0.6292584865E+03
    0.1893584855E+03    0.4771352466E+03
    0.2031424810E+03    0.5450974212E+03
    0.2153541189E+03    0.5955420397E+03
    0.2337735933E+03    0.6692419142E+03
    0.2485384364E+03    0.7343115072E+03
    0.1705447494E+03    0.3993660838E+03
    0.1722586774E+03    0.3960328645E+03
    0.1601879564E+03    0.3656275872E+03
    0.1577060300E+03    0.3579312146E+03
    0.2258786970E+03    0.6789728854E+03
    0.2104924348E+03    0.5861736466E+03
Descriptor coordinates by the model of dimension:     3
    0.2218001160E+01    0.6851952371E+00    0.7655570161E-01
    0.2486500566E+01    0.6487089728E+00    0.7284040145E-01
    0.2318321275E+01    0.7031250000E+00    0.7955235920E-01
    0.2210593495E+01    0.6682814901E+00    0.7631876190E-01
    0.2336806086E+01    0.6243613304E+00    0.7023092240E-01
    0.2309180110E+01    0.6135500832E+00    0.6925742446E-01
    0.2580389684E+01    0.7502033885E+00    0.8572303763E-01
    0.2491355626E+01    0.6956618527E+00    0.7930838856E-01
    0.2385011545E+01    0.6243613304E+00    0.7139211952E-01
    0.2240684833E+01    0.5827491992E+00    0.6685881593E-01
    0.2145424253E+01    0.7500000000E+00    0.8600917431E-01
    0.2672208978E+01    0.6250000000E+00    0.6997313032E-01
    0.2706015745E+01    0.6250000000E+00    0.7160270922E-01
    0.2850174052E+01    0.6250000000E+00    0.7110417387E-01
    0.2872528329E+01    0.6250000000E+00    0.7105114773E-01
    0.2325072149E+01    0.6705950289E+00    0.7318001308E-01
    0.2470548264E+01    0.7221608980E+00    0.8126031352E-01
