Descriptor coordinates by the model of dimension:     1
    0.2026789213E+03
    0.1277432650E+03
    0.1505256778E+03
    0.1728694504E+03
    0.1983152919E+03
    0.2064875127E+03
    0.1780625533E+03
    0.1776348613E+03
    0.2084332247E+03
    0.2102935090E+03
    0.1895793172E+03
    0.2225937605E+03
    0.1934413387E+03
    0.1950269387E+03
    0.1665645254E+03
    0.1269505538E+03
    0.1511956079E+03
Descriptor coordinates by the model of dimension:     2
    0.2063814191E+03    0.5005163512E+02
    0.4433822186E+03    0.4242392891E+02
    0.3917382614E+03    0.1942674209E+02
    0.3251995660E+03    0.1360407934E+02
    0.2145068805E+03    0.5323857656E+02
    0.2050893600E+03    0.9395499271E+01
    0.3073806961E+03    0.2237944180E+02
    0.3085239700E+03    0.2237944180E+02
    0.1789411332E+03    0.2760668203E+02
    0.2148415493E+03    0.0000000000E+00
    0.2588253707E+03    0.0000000000E+00
    0.1603483569E+03    0.0000000000E+00
    0.2327053379E+03    0.0000000000E+00
    0.2285943375E+03    0.0000000000E+00
    0.3032042304E+03    0.2444324974E+02
    0.4386312469E+03    0.2444324974E+02
    0.4042806650E+03    0.4160011068E+01
Descriptor coordinates by the model of dimension:     3
    0.9948500967E-02    0.5603040791E-02    0.2075551203E-01
    0.2437006185E-01    0.4217551291E-02    0.1553512660E-01
    0.1903379829E-01    0.1308578899E-01    0.2847191220E-01
    0.1411950078E-01    0.4687519474E-01    0.5683452730E-01
    0.1060277831E-01    0.5950167208E-02    0.2248149671E-01
    0.1017180406E-01    0.1950358522E+00    0.1210653753E+00
    0.1557130023E-01    0.1614788234E+00    0.1033138402E+00
    0.1577275340E-01    0.1686604388E+00    0.1055276382E+00
    0.9878699329E-02    0.2436333923E+00    0.1498257840E+00
    0.9347474815E-02    0.0000000000E+00    0.0000000000E+00
    0.1123361500E-01    0.0000000000E+00    0.0000000000E+00
    0.7972501888E-02    0.0000000000E+00    0.0000000000E+00
    0.1100428228E-01    0.0000000000E+00    0.0000000000E+00
    0.1088214525E-01    0.0000000000E+00    0.0000000000E+00
    0.1496102425E-01    0.1480329653E+00    0.9963099631E-01
    0.2394773457E-01    0.1287163344E+00    0.8605341246E-01
    0.1754182774E-01    0.1041078566E+00    0.8174386921E-01
