Descriptor coordinates by the model of dimension:     1
    0.2980169849E+03
    0.2232366248E+03
    0.2381260763E+03
    0.2403773717E+03
    0.3749263160E+03
    0.3121539598E+03
    0.2950611077E+03
    0.3563451777E+03
    0.1931232960E+03
    0.1968503937E+03
    0.2042978208E+03
    0.1849568434E+03
    0.1706762029E+03
    0.2209692167E+03
    0.2326773067E+03
    0.3057990050E+03
    0.2572097561E+03
Descriptor coordinates by the model of dimension:     2
    0.2286978950E+01    0.9040000000E+01
    0.2585246514E+01    0.9067517007E+01
    0.2568416985E+01    0.8956462585E+01
    0.2588411087E+01    0.8866151101E+01
    0.2060822401E+01    0.8873698506E+01
    0.2255729923E+01    0.8823345936E+01
    0.2391067661E+01    0.8766581633E+01
    0.2121259985E+01    0.8738888889E+01
    0.2690882056E+01    0.9222000000E+01
    0.2687488930E+01    0.9164000000E+01
    0.2680193128E+01    0.9048000000E+01
    0.2734638827E+01    0.9186320000E+01
    0.2854820018E+01    0.8899520000E+01
    0.2680313812E+01    0.8714880000E+01
    0.2517137432E+01    0.9254421769E+01
    0.2246310597E+01    0.9113010204E+01
    0.2537463175E+01    0.8842307692E+01
Descriptor coordinates by the model of dimension:     3
    0.2286978950E+01    0.9040000000E+01    0.2835314306E+01
    0.2585246514E+01    0.9067517007E+01    0.2650357796E+01
    0.2568416985E+01    0.8956462585E+01    0.2810432181E+01
    0.2588411087E+01    0.8866151101E+01    0.2735829737E+01
    0.2060822401E+01    0.8873698506E+01    0.2890382110E+01
    0.2255729923E+01    0.8823345936E+01    0.2935353267E+01
    0.2391067661E+01    0.8766581633E+01    0.3015810906E+01
    0.2121259985E+01    0.8738888889E+01    0.3150324297E+01
    0.2690882056E+01    0.9222000000E+01    0.2612994440E+01
    0.2687488930E+01    0.9164000000E+01    0.2612994440E+01
    0.2680193128E+01    0.9048000000E+01    0.2612994440E+01
    0.2734638827E+01    0.9186320000E+01    0.2624940326E+01
    0.2854820018E+01    0.8899520000E+01    0.2514802969E+01
    0.2680313812E+01    0.8714880000E+01    0.2780902012E+01
    0.2517137432E+01    0.9254421769E+01    0.2691495425E+01
    0.2246310597E+01    0.9113010204E+01    0.2625388520E+01
    0.2537463175E+01    0.8842307692E+01    0.2871016797E+01
