Descriptor coordinates by the model of dimension:     1
    0.4113190748E+00
    0.3692271753E+00
    0.4022544179E+00
    0.4176914925E+00
    0.3816159179E+00
    0.3880355646E+00
    0.3439431341E+00
    0.3649188084E+00
    0.3789458475E+00
    0.4066349333E+00
    0.4269269201E+00
    0.3123325910E+00
    0.3165688480E+00
    0.2959219953E+00
    0.2916752503E+00
    0.3869593002E+00
    0.3723003887E+00
Descriptor coordinates by the model of dimension:     2
    0.5568693694E+02    0.3471350527E+05
    0.4822759340E+02    0.3401297186E+05
    0.5540187257E+02    0.2828344117E+05
    0.5714056957E+02    0.3522954182E+05
    0.5084507042E+02    0.3635574533E+05
    0.5186274510E+02    0.3731096405E+05
    0.4784380720E+02    0.2014173465E+05
    0.5030683919E+02    0.2430161263E+05
    0.4908486017E+02    0.4516182938E+05
    0.5437328658E+02    0.4333957252E+05
    0.5826721676E+02    0.3623422776E+05
    0.4234724743E+02    0.1637380224E+05
    0.4305043050E+02    0.1743156483E+05
    0.3573749188E+02    0.3440089679E+05
    0.3443752050E+02    0.3852789920E+05
    0.5150928793E+02    0.3210612744E+05
    0.5162021440E+02    0.2186297036E+05
Descriptor coordinates by the model of dimension:     3
    0.5568693694E+02    0.3471350527E+05   -0.8778705097E-05
    0.4822759340E+02    0.3401297186E+05   -0.2274149522E-02
    0.5540187257E+02    0.2828344117E+05   -0.2842740540E-02
    0.5714056957E+02    0.3522954182E+05   -0.1311986777E-02
    0.5084507042E+02    0.3635574533E+05   -0.1052275255E-03
    0.5186274510E+02    0.3731096405E+05   -0.1004598070E-03
    0.4784380720E+02    0.2014173465E+05   -0.6652169217E-02
    0.5030683919E+02    0.2430161263E+05   -0.8436064245E-02
    0.4908486017E+02    0.4516182938E+05   -0.3202180238E-03
    0.5437328658E+02    0.4333957252E+05   -0.3835663518E-03
    0.5826721676E+02    0.3623422776E+05   -0.3596477502E-06
    0.4234724743E+02    0.1637380224E+05   -0.7687841382E-01
    0.4305043050E+02    0.1743156483E+05   -0.6898321781E-04
    0.3573749188E+02    0.3440089679E+05   -0.9654538506E-04
    0.3443752050E+02    0.3852789920E+05   -0.1023417391E-03
    0.5150928793E+02    0.3210612744E+05   -0.7492605730E-05
    0.5162021440E+02    0.2186297036E+05   -0.1932471547E-01
