Descriptor coordinates by the model of dimension:     1
    0.2324107978E+03
    0.2119562797E+03
    0.3384067197E+03
    0.2409947181E+03
    0.2570186953E+03
    0.2746331039E+03
    0.2353523791E+03
    0.2327126303E+03
    0.2377926687E+03
    0.2152141523E+03
    0.3494384288E+03
    0.3014021007E+03
    0.2019041096E+03
    0.2430000000E+03
    0.2579457364E+03
    0.2735451713E+03
    0.3244533965E+03
    0.2601468118E+03
    0.2014703624E+03
    0.2607597159E+03
    0.3967067764E+03
    0.3698161065E+03
    0.1838235294E+03
    0.1913265306E+03
    0.1850659800E+03
    0.2421878760E+03
    0.3296689881E+03
    0.3421373728E+03
    0.2415496206E+03
    0.3272347826E+03
    0.3669818182E+03
    0.1836302571E+03
    0.2029774278E+03
    0.3345925000E+03
Descriptor coordinates by the model of dimension:     2
    0.2556448306E+01    0.2902851135E+00
    0.2645392438E+01    0.2970234940E+00
    0.2145731392E+01    0.2401484648E+00
    0.2577208832E+01    0.2299510169E+00
    0.2507168466E+01    0.2697778461E+00
    0.2420061572E+01    0.2827320502E+00
    0.2614599403E+01    0.2364179203E+00
    0.2640145100E+01    0.2111312443E+00
    0.2613624212E+01    0.2292057432E+00
    0.2605551181E+01    0.4116903597E+00
    0.2129254557E+01    0.2475613738E+00
    0.2329913967E+01    0.2248901434E+00
    0.2648239054E+01    0.4961307477E+00
    0.2498486861E+01    0.3685232415E+00
    0.2445561625E+01    0.3355508543E+00
    0.2391588517E+01    0.3062244739E+00
    0.2225663440E+01    0.2354695103E+00
    0.2537515196E+01    0.2552021987E+00
    0.2714610103E+01    0.2673456763E+00
    0.2458020247E+01    0.2385000130E+00
    0.1978538168E+01    0.1631847755E+00
    0.2073232531E+01    0.1696656162E+00
    0.2744735031E+01    0.3230910969E+00
    0.2804034609E+01    0.1942279548E+00
    0.2827343077E+01    0.1996600488E+00
    0.2479572810E+01    0.4543668404E+00
    0.2167219302E+01    0.2894269058E+00
    0.2127685619E+01    0.2750421610E+00
    0.2599077410E+01    0.3225763308E+00
    0.2248463329E+01    0.2654181771E+00
    0.2090992722E+01    0.2468998480E+00
    0.2798954211E+01    0.3344113737E+00
    0.2701624840E+01    0.3139652559E+00
    0.2163689080E+01    0.2358696751E+00
Descriptor coordinates by the model of dimension:     3
    0.2556448306E+01    0.5946010030E+00    0.1086804347E+02
    0.2645392438E+01    0.5908761801E+00    0.1066108581E+02
    0.2145731392E+01    0.5554031457E+00    0.1715082054E+02
    0.2577208832E+01    0.4752541598E+00    0.9949170635E+01
    0.2507168466E+01    0.5552907109E+00    0.1098237232E+02
    0.2420061572E+01    0.5910063227E+00    0.1259679308E+02
    0.2614599403E+01    0.4484330014E+00    0.1303488340E+02
    0.2640145100E+01    0.3993826297E+00    0.1285925598E+02
    0.2613624212E+01    0.4310062325E+00    0.1238521617E+02
    0.2605551181E+01    0.7956968989E+00    0.9825165693E+01
    0.2129254557E+01    0.5836182150E+00    0.1435973149E+02
    0.2329913967E+01    0.5074363297E+00    0.9819281803E+01
    0.2648239054E+01    0.8938622305E+00    0.9405680359E+01
    0.2498486861E+01    0.7313138991E+00    0.9938686859E+01
    0.2445561625E+01    0.6863257751E+00    0.1011635569E+02
    0.2391588517E+01    0.6449994751E+00    0.1029402453E+02
    0.2225663440E+01    0.5390071513E+00    0.1082703103E+02
    0.2537515196E+01    0.4895061729E+00    0.1073642075E+02
    0.2714610103E+01    0.5072244091E+00    0.8655319926E+01
    0.2458020247E+01    0.5001211418E+00    0.1039972311E+02
    0.1978538168E+01    0.3356914686E+00    0.1798766199E+03
    0.2073232531E+01    0.3369880790E+00    0.1425103488E+03
    0.2744735031E+01    0.6432368368E+00    0.7347664498E+02
    0.2804034609E+01    0.3923595341E+00    0.1804941838E+02
    0.2827343077E+01    0.4066556649E+00    0.1620665658E+02
    0.2479572810E+01    0.8710558882E+00    0.1165961401E+02
    0.2167219302E+01    0.6471266755E+00    0.1590450869E+02
    0.2127685619E+01    0.6259248670E+00    0.1643512052E+02
    0.2599077410E+01    0.5578529361E+00    0.1170473850E+02
    0.2248463329E+01    0.5834521338E+00    0.1262002517E+02
    0.2090992722E+01    0.5890500306E+00    0.1298613984E+02
    0.2798954211E+01    0.5907027274E+00    0.8172741609E+01
    0.2701624840E+01    0.5783594559E+00    0.9623791034E+01
    0.2163689080E+01    0.5327255922E+00    0.1760456287E+02
