Descriptor coordinates by the model of dimension:     1
    0.4062624925E+01
    0.3668255107E+01
    0.3726482748E+01
    0.3775738491E+01
    0.4481529373E+01
    0.4170481742E+01
    0.4048918495E+01
    0.4340769385E+01
    0.3420657313E+01
    0.3452984328E+01
    0.3516631368E+01
    0.3376834510E+01
    0.3331258376E+01
    0.3670098927E+01
    0.3684306646E+01
    0.4120652585E+01
    0.3883337397E+01
Descriptor coordinates by the model of dimension:     2
    0.2461462770E+00    0.1386172536E-05
    0.2726091755E+00    0.4484155086E-07
    0.2683495585E+00    0.4484155086E-07
    0.2648488507E+00    0.1010208374E-08
    0.2231381113E+00    0.1010208374E-08
    0.2397804527E+00    0.4484155086E-07
    0.2469795332E+00    0.1000000000E+01
    0.2303739064E+00    0.0000000000E+00
    0.2923414737E+00    0.0000000000E+00
    0.2896045580E+00    0.0000000000E+00
    0.2843630439E+00    0.0000000000E+00
    0.2961353294E+00    0.0000000000E+00
    0.3001868624E+00    0.0000000000E+00
    0.2724722194E+00    0.0000000000E+00
    0.2714214901E+00    0.1000000000E+01
    0.2426800074E+00    0.1000000000E+01
    0.2575104601E+00    0.1000000000E+01
Descriptor coordinates by the model of dimension:     3
    0.6392503467E+03    0.1386172536E-05    0.9072700468E+02
    0.5548559601E+03    0.4484155086E-07    0.4476302473E+02
    0.5771852707E+03    0.4484155086E-07    0.3634527179E+02
    0.5954769987E+03    0.1010208374E-08    0.1974264721E+02
    0.7249226740E+03    0.1010208374E-08    0.1257874616E+03
    0.6550923341E+03    0.4484155086E-07    0.1151740831E+03
    0.6400528633E+03    0.1000000000E+01    0.7038596391E+02
    0.6925166563E+03    0.0000000000E+00    0.0000000000E+00
    0.5142408373E+03    0.0000000000E+00    0.0000000000E+00
    0.5222284189E+03    0.0000000000E+00    0.0000000000E+00
    0.5380636746E+03    0.0000000000E+00    0.0000000000E+00
    0.4998032622E+03    0.0000000000E+00    0.0000000000E+00
    0.4813650109E+03    0.0000000000E+00    0.0000000000E+00
    0.5745419780E+03    0.0000000000E+00    0.0000000000E+00
    0.5657646672E+03    0.1000000000E+01    0.4328172822E+02
    0.6526895202E+03    0.1000000000E+01    0.9938596746E+02
    0.6177343102E+03    0.1000000000E+01    0.2540499931E+02
