Descriptor coordinates by the model of dimension:     1
    0.3485773927E+01
    0.3922440559E+01
    0.3802216104E+01
    0.3555826753E+01
    0.3760733745E+01
    0.4067593897E+01
    0.4613469250E+01
    0.4537473444E+01
    0.4498919987E+01
    0.4380918909E+01
    0.3363803417E+01
    0.3340277280E+01
    0.3569741469E+01
    0.3429782285E+01
    0.3846166204E+01
    0.4114035039E+01
    0.4382281321E+01
Descriptor coordinates by the model of dimension:     2
    0.3485773927E+01    0.1582460163E+03
    0.3922440559E+01    0.9045395213E+03
    0.3802216104E+01    0.7512474947E+03
    0.3555826753E+01    0.2526633183E+03
    0.3760733745E+01    0.1014610689E+04
    0.4067593897E+01    0.2667143148E+03
    0.4613469250E+01    0.3150499405E+03
    0.4537473444E+01    0.3150499405E+03
    0.4498919987E+01    0.3150499405E+03
    0.4380918909E+01    0.3150499405E+03
    0.3363803417E+01    0.1446961670E+02
    0.3340277280E+01    0.1446961670E+02
    0.3569741469E+01    0.1534474099E+03
    0.3429782285E+01    0.1534474099E+03
    0.3846166204E+01    0.8780015453E+03
    0.4114035039E+01    0.8780015453E+03
    0.4382281321E+01    0.8780015453E+03
Descriptor coordinates by the model of dimension:     3
    0.8784237364E+00    0.1612463204E+00    0.2685411651E+01
    0.7367313545E+00    0.1795439846E+00    0.2892457290E+01
    0.7828624808E+00    0.1863655333E+00    0.3041167058E+01
    0.8541988652E+00    0.1966517456E+00    0.3256082066E+01
    0.8659759508E+00    0.2422548186E+00    0.4313681668E+01
    0.6942085644E+00    0.1426092325E+00    0.2360319546E+01
    0.5557862045E+00    0.8699449844E-01    0.1436689317E+01
    0.5749225167E+00    0.8850744624E-01    0.1466429800E+01
    0.5849357079E+00    0.8928382735E-01    0.1481969365E+01
    0.6169259826E+00    0.9169690377E-01    0.1531525690E+01
    0.9220922235E+00    0.1278479571E+00    0.2158130046E+01
    0.9234310426E+00    0.1271381288E+00    0.2133255251E+01
    0.9024881809E+00    0.1467562350E+00    0.2590928987E+01
    0.9125624291E+00    0.1425763234E+00    0.2431108805E+01
    0.7304867269E+00    0.1999345404E+00    0.3175983478E+01
    0.6582176238E+00    0.1791828378E+00    0.2855948443E+01
    0.5977920338E+00    0.1615955368E+00    0.2610818356E+01
