Descriptor coordinates by the model of dimension:     1
    0.1682108533E+03
    0.2157058999E+03
    0.1493796008E+03
    0.1625699788E+03
    0.2071318446E+03
    0.2071510067E+03
    0.1736651100E+03
    0.1579716101E+03
    0.1721288264E+03
    0.2122457675E+03
    0.1973503828E+03
    0.2115901683E+03
    0.1850049853E+03
    0.1829378518E+03
    0.1764801058E+03
    0.1837367422E+03
    0.1164239563E+03
    0.1272181237E+03
    0.1330568272E+03
    0.1526110223E+03
    0.1562019231E+03
    0.2234888783E+03
    0.2251700296E+03
    0.2268117758E+03
    0.1984300276E+03
    0.2133231613E+03
    0.1920061117E+03
    0.1634669364E+03
    0.1296328797E+03
    0.1171641085E+03
    0.1646044075E+03
    0.1531989415E+03
    0.1430184501E+03
    0.1256524248E+03
Descriptor coordinates by the model of dimension:     2
    0.4768007047E+03    0.1641941064E-01
    0.6604885658E+03    0.6580838225E-02
    0.4149433355E+03    0.5462918442E-02
    0.4697922775E+03    0.1136645294E-01
    0.6580837001E+03    0.0000000000E+00
    0.6597165819E+03    0.0000000000E+00
    0.5202521127E+03    0.5888505392E-02
    0.4577344498E+03    0.9505710923E-02
    0.5123607872E+03    0.5252371881E-02
    0.6474759277E+03    0.3780147468E-02
    0.5796304950E+03    0.5827155467E-01
    0.6426804179E+03    0.1895456434E+00
    0.6025066569E+03    0.5756778518E-01
    0.5768310643E+03    0.6765714742E-01
    0.4972457613E+03    0.1113777171E+00
    0.5188281913E+03    0.1839485813E+00
    0.2985229649E+03    0.0000000000E+00
    0.3318733663E+03    0.0000000000E+00
    0.3501495452E+03    0.0000000000E+00
    0.4124622224E+03    0.0000000000E+00
    0.4240776192E+03    0.0000000000E+00
    0.6932037167E+03    0.0000000000E+00
    0.6945404983E+03    0.0000000000E+00
    0.6970245109E+03    0.0000000000E+00
    0.6392719962E+03    0.0000000000E+00
    0.6676781263E+03    0.0000000000E+00
    0.5698811535E+03    0.1511739192E+00
    0.5004089890E+03    0.4984050265E-01
    0.3515258869E+03    0.7471986947E-01
    0.3039877926E+03    0.8577736583E-01
    0.4624681585E+03    0.1382310206E+00
    0.4223529715E+03    0.1445070792E+00
    0.3872840040E+03    0.1507831378E+00
    0.3291707606E+03    0.1633352550E+00
Descriptor coordinates by the model of dimension:     3
    0.5746154129E+00    0.2287627309E-03    0.3303052513E+02
    0.4403782794E+00    0.8376100156E-04    0.3179699102E+02
    0.6799025810E+00    0.1050857410E-03    0.2388502224E+02
    0.6005229508E+00    0.1961773294E-03    0.3594336880E+02
    0.4287008548E+00    0.0000000000E+00    0.1209942898E+03
    0.4342483985E+00    0.0000000000E+00    0.1195164174E+03
    0.5506577718E+00    0.1016224401E-03    0.3625659721E+02
    0.6081545214E+00    0.1682628557E-03    0.2269329959E+02
    0.5433149495E+00    0.9034510384E-04    0.2566424793E+02
    0.4157497988E+00    0.5439728300E-04    0.4917514151E+02
    0.4651358748E+00    0.8438190702E-03    0.3446273507E+02
    0.4512351581E+00    0.2546100435E-02    0.2121877817E+02
    0.4813224828E+00    0.1019519720E-02    0.1095746148E+02
    0.5027468490E+00    0.1198201316E-02    0.1095746148E+02
    0.5832126136E+00    0.1972488234E-02    0.1095746148E+02
    0.5637736445E+00    0.2431907690E-02    0.4304777999E+02
    0.8862501690E+00    0.0000000000E+00    0.3013591251E+03
    0.8208088548E+00    0.0000000000E+00    0.3013591251E+03
    0.7892821743E+00    0.0000000000E+00    0.3013591251E+03
    0.6992762398E+00    0.0000000000E+00    0.3013591251E+03
    0.6849212431E+00    0.0000000000E+00    0.3013591251E+03
    0.4102358436E+00    0.0000000000E+00    0.2269133132E+03
    0.3922083714E+00    0.0000000000E+00    0.2269133132E+03
    0.3795648847E+00    0.0000000000E+00    0.2269133132E+03
    0.4448450944E+00    0.0000000000E+00    0.1576866557E+03
    0.4050368234E+00    0.0000000000E+00    0.1576866557E+03
    0.5132678252E+00    0.2278241073E-02    0.1035192889E+03
    0.5804447492E+00    0.1093354358E-02    0.1401324823E+02
    0.7749204479E+00    0.1639134651E-02    0.1401324823E+02
    0.8703179355E+00    0.1881703670E-02    0.1401324823E+02
    0.5838239781E+00    0.1998254387E-02    0.2130822913E+02
    0.6392757202E+00    0.2088980489E-02    0.2130822913E+02
    0.6971627984E+00    0.2179706590E-02    0.2130822913E+02
    0.8202429630E+00    0.2361158794E-02    0.2130822913E+02
