Descriptor coordinates by the model of dimension:     1
    0.2353836848E-02
    0.2776342656E-02
    0.2499879069E-02
    0.2954057069E-02
    0.2683239594E-02
    0.2901764505E-02
    0.2431614007E-02
    0.2826753949E-02
    0.2859924353E-02
    0.2087291120E-02
    0.3004685727E-02
    0.2564662682E-02
    0.2520109143E-02
    0.2305835822E-02
    0.2237805257E-02
    0.2170344118E-02
    0.2702047768E-02
    0.2563538886E-02
    0.3042846552E-02
    0.2612341292E-02
    0.2320919088E-02
    0.2041612712E-02
    0.1931753235E-02
    0.2909327037E-02
    0.2843375969E-02
    0.3204654297E-02
    0.2847792847E-02
    0.3183683390E-02
    0.3238072577E-02
    0.3148420906E-02
    0.2791660675E-02
    0.2262584980E-02
    0.2816141474E-02
    0.3068057999E-02
Descriptor coordinates by the model of dimension:     2
    0.2353836848E-02    0.3174096569E+04
    0.2776342656E-02    0.2981407858E+04
    0.2499879069E-02    0.3185871310E+04
    0.2954057069E-02    0.2853872763E+04
    0.2683239594E-02    0.3148004904E+04
    0.2901764505E-02    0.2888190821E+04
    0.2431614007E-02    0.3264944958E+04
    0.2826753949E-02    0.3029524380E+04
    0.2859924353E-02    0.2874478768E+04
    0.2087291120E-02    0.3331285101E+04
    0.3004685727E-02    0.3090182223E+04
    0.2564662682E-02    0.3045973807E+04
    0.2520109143E-02    0.3080400852E+04
    0.2305835822E-02    0.3200131480E+04
    0.2237805257E-02    0.3200131480E+04
    0.2170344118E-02    0.3200131480E+04
    0.2702047768E-02    0.3322689707E+04
    0.2563538886E-02    0.3322689707E+04
    0.3042846552E-02    0.2991604172E+04
    0.2612341292E-02    0.3057113753E+04
    0.2320919088E-02    0.3100786806E+04
    0.2041612712E-02    0.3144459860E+04
    0.1931753235E-02    0.3447457627E+04
    0.2909327037E-02    0.2926432292E+04
    0.2843375969E-02    0.2926432292E+04
    0.3204654297E-02    0.2747915069E+04
    0.2847792847E-02    0.2860365542E+04
    0.3183683390E-02    0.2740350205E+04
    0.3238072577E-02    0.2720347648E+04
    0.3148420906E-02    0.3063454266E+04
    0.2791660675E-02    0.2978358314E+04
    0.2262584980E-02    0.2893262362E+04
    0.2816141474E-02    0.3140928829E+04
    0.3068057999E-02    0.2840486735E+04
Descriptor coordinates by the model of dimension:     3
    0.2353836848E-02    0.3172226667E+04    0.9369850530E+03
    0.2776342656E-02    0.2398448904E+04    0.9144463042E+03
    0.2499879069E-02    0.2798697386E+04    0.9422533968E+03
    0.2954057069E-02    0.2254115300E+04    0.8911335845E+03
    0.2683239594E-02    0.2191308597E+04    0.9637258549E+03
    0.2901764505E-02    0.2178650667E+04    0.9171794337E+03
    0.2431614007E-02    0.2676068335E+04    0.9817365180E+03
    0.2826753949E-02    0.2003687375E+04    0.9468938651E+03
    0.2859924353E-02    0.1485750684E+04    0.9366409921E+03
    0.2087291120E-02    0.3516465461E+04    0.9912168066E+03
    0.3004685727E-02    0.1657078328E+04    0.9526444549E+03
    0.2564662682E-02    0.2937422521E+04    0.9168740134E+03
    0.2520109143E-02    0.2950386744E+04    0.9255956819E+03
    0.2305835822E-02    0.3219951298E+04    0.9473510024E+03
    0.2237805257E-02    0.3393182646E+04    0.9473510024E+03
    0.2170344118E-02    0.3574111776E+04    0.9473510024E+03
    0.2702047768E-02    0.1746439204E+04    0.1003819336E+04
    0.2563538886E-02    0.2190261499E+04    0.1003819336E+04
    0.3042846552E-02    0.2003102539E+04    0.9027299216E+03
    0.2612341292E-02    0.2804524618E+04    0.9224977302E+03
    0.2320919088E-02    0.3474819529E+04    0.9356762692E+03
    0.2041612712E-02    0.4273612978E+04    0.9488548082E+03
    0.1931753235E-02    0.3937236045E+04    0.9901031952E+03
    0.2909327037E-02    0.1409417863E+04    0.9441910201E+03
    0.2843375969E-02    0.1409417863E+04    0.9441910201E+03
    0.3204654297E-02    0.1618894805E+04    0.8937707457E+03
    0.2847792847E-02    0.1539336880E+04    0.9453400078E+03
    0.3183683390E-02    0.1539336880E+04    0.9056753921E+03
    0.3238072577E-02    0.1539336880E+04    0.8990646228E+03
    0.3148420906E-02    0.1517789879E+04    0.9272713113E+03
    0.2791660675E-02    0.2387628383E+04    0.9015137749E+03
    0.2262584980E-02    0.3638334845E+04    0.8757562385E+03
    0.2816141474E-02    0.1783814813E+04    0.9751904493E+03
    0.3068057999E-02    0.2084179465E+04    0.8838517945E+03
