Descriptor coordinates by the model of dimension:     1
    0.3824619055E+01
    0.3485773927E+01
    0.4270003103E+01
    0.3922440559E+01
    0.3495221536E+01
    0.3500342148E+01
    0.3809244600E+01
    0.3962433746E+01
    0.3802216104E+01
    0.3488919964E+01
    0.3595959999E+01
    0.3555826753E+01
    0.3760733745E+01
    0.3849864755E+01
    0.4208488930E+01
    0.4067593897E+01
    0.4613469250E+01
    0.4537473444E+01
    0.4498919987E+01
    0.4380918909E+01
    0.4360896776E+01
    0.3363803417E+01
    0.3340277280E+01
    0.3321597233E+01
    0.3569741469E+01
    0.3429782285E+01
    0.3624029469E+01
    0.3929662689E+01
    0.4356346812E+01
    0.4551807711E+01
    0.3846166204E+01
    0.3980056271E+01
    0.4114035039E+01
    0.4382281321E+01
Descriptor coordinates by the model of dimension:     2
    0.9435705351E-01    0.7647887771E+01
    0.1248840440E+00    0.1052572582E+02
    0.7164548272E-01    0.5860372730E+01
    0.8994418643E-01    0.7258385684E+01
    0.1325987267E+00    0.1140635715E+02
    0.1312714358E+00    0.1128032701E+02
    0.1007298297E+00    0.8248524796E+01
    0.9049380434E-01    0.7331325035E+01
    0.1032894494E+00    0.8495709129E+01
    0.1308877809E+00    0.1113540654E+02
    0.1168299084E+00    0.9746896460E+01
    0.1180498923E+00    0.9894423094E+01
    0.1166182244E+00    0.1002149410E+02
    0.1075919046E+00    0.9096444662E+01
    0.7647651504E-01    0.6484021877E+01
    0.8345049594E-01    0.7061450540E+01
    0.5157610325E-01    0.4209739108E+01
    0.5552932801E-01    0.4576659039E+01
    0.5764445650E-01    0.4774820824E+01
    0.6461217361E-01    0.5436338940E+01
    0.6587262751E-01    0.5557391770E+01
    0.1382540226E+00    0.1179590336E+02
    0.1427124631E+00    0.1221362555E+02
    0.1460945395E+00    0.1253083311E+02
    0.1301087583E+00    0.1125725063E+02
    0.1390950771E+00    0.1197315075E+02
    0.1091254428E+00    0.8959102187E+01
    0.9815521267E-01    0.8074866765E+01
    0.6528144854E-01    0.5205499542E+01
    0.5445112129E-01    0.4383355933E+01
    0.9376291475E-01    0.7613524760E+01
    0.8405643828E-01    0.6783876986E+01
    0.7547400224E-01    0.6070568388E+01
    0.6110907972E-01    0.4918022467E+01
Descriptor coordinates by the model of dimension:     3
    0.9435705351E-01    0.7647887771E+01    0.9647069758E-02
    0.1248840440E+00    0.1052572582E+02    0.9391344431E-02
    0.7164548272E-01    0.5860372730E+01    0.9503075320E-02
    0.8994418643E-01    0.7258385684E+01    0.9413666368E-02
    0.1325987267E+00    0.1140635715E+02    0.9361288440E-02
    0.1312714358E+00    0.1128032701E+02    0.9306269758E-02
    0.1007298297E+00    0.8248524796E+01    0.9328562489E-02
    0.9049380434E-01    0.7331325035E+01    0.9853530485E-02
    0.1032894494E+00    0.8495709129E+01    0.9787419547E-02
    0.1308877809E+00    0.1113540654E+02    0.9636732114E-02
    0.1168299084E+00    0.9746896460E+01    0.9748158034E-02
    0.1180498923E+00    0.9894423094E+01    0.9157291234E-02
    0.1166182244E+00    0.1002149410E+02    0.9064014659E-02
    0.1075919046E+00    0.9096444662E+01    0.9064014659E-02
    0.7647651504E-01    0.6484021877E+01    0.9064014659E-02
    0.8345049594E-01    0.7061450540E+01    0.9470333513E-02
    0.5157610325E-01    0.4209739108E+01    0.9711770340E-02
    0.5552932801E-01    0.4576659039E+01    0.9571020045E-02
    0.5764445650E-01    0.4774820824E+01    0.9502163786E-02
    0.6461217361E-01    0.5436338940E+01    0.9301413847E-02
    0.6587262751E-01    0.5557391770E+01    0.9268777307E-02
    0.1382540226E+00    0.1179590336E+02    0.9522481716E-02
    0.1427124631E+00    0.1221362555E+02    0.9729492188E-02
    0.1460945395E+00    0.1253083311E+02    0.9872572955E-02
    0.1301087583E+00    0.1125725063E+02    0.8972771854E-02
    0.1390950771E+00    0.1197315075E+02    0.9201169683E-02
    0.1091254428E+00    0.8959102187E+01    0.9094859408E-02
    0.9815521267E-01    0.8074866765E+01    0.9551214898E-02
    0.6528144854E-01    0.5205499542E+01    0.9862667558E-02
    0.5445112129E-01    0.4383355933E+01    0.1000770679E-01
    0.9376291475E-01    0.7613524760E+01    0.9402001754E-02
    0.8405643828E-01    0.6783876986E+01    0.9402001754E-02
    0.7547400224E-01    0.6070568388E+01    0.9402001754E-02
    0.6110907972E-01    0.4918022467E+01    0.9402001754E-02
