Descriptor coordinates by the model of dimension:     1
    0.3526323210E+00
    0.2981861628E+00
    0.3254765138E+00
    0.4033437668E+00
    0.2997728681E+00
    0.3386147902E+00
    0.3858087846E+00
    0.4687307054E+00
    0.4523770133E+00
    0.3028927437E+00
    0.3172536906E+00
    0.2908745771E+00
    0.3072172949E+00
    0.4457184622E+00
    0.3331510733E+00
    0.4220641683E+00
    0.4639418598E+00
Descriptor coordinates by the model of dimension:     2
    0.2953288215E-02    0.4661816033E-02
    0.2763515103E-02    0.4185966570E-02
    0.2852510633E-02    0.4461400121E-02
    0.3148401633E-02    0.4298843614E-02
    0.2784130294E-02    0.5640076739E-02
    0.2907135884E-02    0.5640076739E-02
    0.3047707523E-02    0.5640076739E-02
    0.3350206583E-02    0.5088362058E-02
    0.3287857194E-02    0.5088362058E-02
    0.2802925519E-02    0.3974488529E-02
    0.2855261699E-02    0.3974488529E-02
    0.2737830226E-02    0.4448439526E-02
    0.2806432983E-02    0.4304881211E-02
    0.3311871372E-02    0.3788198187E-02
    0.2903060911E-02    0.5044109164E-02
    0.3194062320E-02    0.5044109164E-02
    0.3325910544E-02    0.5044109164E-02
Descriptor coordinates by the model of dimension:     3
    0.5920718654E+03    0.4802716309E+01   -0.1856589918E-01
    0.5123976679E+03    0.3586833475E+01   -0.3202939820E+00
    0.5456711959E+03    0.3809650163E+01   -0.2528718218E+00
    0.6579212441E+03    0.4997513159E+01   -0.9935395134E-01
    0.4947470912E+03    0.1070152899E+02   -0.1790987356E-01
    0.5531944914E+03    0.8915818943E+01   -0.3577657021E-01
    0.6236687011E+03    0.7214274325E+01   -0.7333606741E-01
    0.7373708330E+03    0.5937668504E+01   -0.9706535544E-01
    0.7173250951E+03    0.6025913126E+01   -0.8527492898E-01
    0.5262045972E+03    0.2913693311E+01   -0.3974563259E+00
    0.5691925616E+03    0.2302366109E+01   -0.1420210370E-01
    0.4903943249E+03    0.6037969829E+01   -0.1504252469E+00
    0.5328698703E+03    0.4872375821E+01   -0.3618116418E-02
    0.7123594888E+03    0.4530283286E+01   -0.1567660441E+00
    0.5446828582E+03    0.9622195338E+01   -0.3700394132E-01
    0.6708693417E+03    0.7133124635E+01   -0.1215599431E+00
    0.7280311958E+03    0.6249548194E+01   -0.1928142682E+00
