Descriptor coordinates by the model of dimension:     1
    0.4177305629E+01
    0.3682795564E+01
    0.3824619055E+01
    0.4062624925E+01
    0.4016671334E+01
    0.3691072363E+01
    0.3829480340E+01
    0.3575788413E+01
    0.3668255107E+01
    0.3641575793E+01
    0.3485773927E+01
    0.3528821673E+01
    0.4195614171E+01
    0.4435342023E+01
    0.3440116619E+01
    0.3488919964E+01
    0.4027170895E+01
    0.4315608357E+01
    0.4270003103E+01
    0.3793815073E+01
    0.3452603935E+01
    0.3922440559E+01
    0.3778011513E+01
    0.3915952998E+01
    0.4197052092E+01
    0.4152796538E+01
    0.3837236290E+01
    0.3495221536E+01
    0.3964259045E+01
    0.3726482748E+01
    0.3500342148E+01
    0.3809244600E+01
    0.3829480340E+01
    0.3962433746E+01
    0.3713517400E+01
    0.3802216104E+01
    0.3889999121E+01
    0.3736774847E+01
    0.3623694798E+01
    0.3775738491E+01
    0.3735691051E+01
    0.3775520208E+01
    0.4244798141E+01
    0.4481529373E+01
    0.3534565791E+01
    0.3422989633E+01
    0.3576048791E+01
    0.4082200278E+01
    0.3383178433E+01
    0.4360447271E+01
    0.3488919964E+01
    0.3536971699E+01
    0.4076857985E+01
    0.4361570780E+01
    0.4170481742E+01
    0.4050847785E+01
    0.4001502608E+01
    0.3595959999E+01
    0.4190398522E+01
    0.4435745624E+01
    0.3471521061E+01
    0.3555826753E+01
    0.3598270309E+01
    0.3640909456E+01
    0.3726779962E+01
    0.3813449264E+01
    0.3900928559E+01
    0.3989229256E+01
    0.4033691254E+01
    0.4078362978E+01
    0.4168341569E+01
    0.3760733745E+01
    0.3820396084E+01
    0.3849864755E+01
    0.3879085398E+01
    0.3936762887E+01
    0.3993388031E+01
    0.4048918495E+01
    0.4103310023E+01
    0.4130064302E+01
    0.4156516320E+01
    0.4208488930E+01
    0.3404785009E+01
    0.3498630596E+01
    0.3545668228E+01
    0.3592779966E+01
    0.3687218607E+01
    0.3781932541E+01
    0.3876908305E+01
    0.3972132926E+01
    0.4019834631E+01
    0.4067593897E+01
    0.4163279164E+01
    0.4613469250E+01
    0.4575653418E+01
    0.4556609523E+01
    0.4537473444E+01
    0.4498919987E+01
    0.4459983290E+01
    0.4420653154E+01
    0.4380918909E+01
    0.4360896776E+01
    0.4340769385E+01
    0.4300192875E+01
    0.3420657313E+01
    0.3452984328E+01
    0.3469020208E+01
    0.3484972580E+01
    0.3516631368E+01
    0.3547969561E+01
    0.3578995634E+01
    0.3609717686E+01
    0.3624967138E+01
    0.3640143464E+01
    0.3670280387E+01
    0.3382631971E+01
    0.3376834510E+01
    0.3373760792E+01
    0.3370566447E+01
    0.3363803417E+01
    0.3356519531E+01
    0.3348687255E+01
    0.3340277280E+01
    0.3335845975E+01
    0.3331258376E+01
    0.3321597233E+01
    0.3670098927E+01
    0.3638425451E+01
    0.3621942672E+01
    0.3605010871E+01
    0.3569741469E+01
    0.3532492855E+01
    0.3493128556E+01
    0.3451498325E+01
    0.3429782285E+01
    0.3407436154E+01
    0.3360757877E+01
    0.3504997440E+01
    0.3624029469E+01
    0.3684306646E+01
    0.3745094014E+01
    0.3868207781E+01
    0.3993388031E+01
    0.4120652585E+01
    0.4250019825E+01
    0.4315497850E+01
    0.4381508692E+01
    0.4515138691E+01
    0.3791319480E+01
    0.3883337397E+01
    0.3929662689E+01
    0.3976200808E+01
    0.4069921419E+01
    0.4164511155E+01
    0.4259982161E+01
    0.4356346812E+01
    0.4404868185E+01
    0.4453617714E+01
    0.4551807711E+01
    0.3444920824E+01
    0.3578612868E+01
    0.3645476859E+01
    0.3712355850E+01
    0.3846166204E+01
    0.3980056271E+01
    0.4114035039E+01
    0.4248108738E+01
    0.4315182499E+01
    0.4382281321E+01
    0.4516554864E+01
Descriptor coordinates by the model of dimension:     2
    0.2393887565E+00    0.4484155086E-07
    0.2715328566E+00    0.1386172536E-05
    0.2614639486E+00    0.1386172536E-05
    0.2461462770E+00    0.1386172536E-05
    0.2489623663E+00    0.1386172536E-05
    0.2709239760E+00    0.1386172536E-05
    0.2611320365E+00    0.1386172536E-05
    0.2796586052E+00    0.4484155086E-07
    0.2726091755E+00    0.4484155086E-07
    0.2746063948E+00    0.8171276545E-02
    0.2868803373E+00    0.1010208374E-08
    0.2833807125E+00    0.1010208374E-08
    0.2383441278E+00    0.1010208374E-08
    0.2254617558E+00    0.1010208374E-08
    0.2906878199E+00    0.1010208374E-08
    0.2866216509E+00    0.1010208374E-08
    0.2483132765E+00    0.8171276545E-02
    0.2317170413E+00    0.8171276545E-02
    0.2341918673E+00    0.4484155086E-07
    0.2635869121E+00    0.1386172536E-05
    0.2896364653E+00    0.0000000000E+00
    0.2549433152E+00    0.1386172536E-05
    0.2646895057E+00    0.1386172536E-05
    0.2553656799E+00    0.1386172536E-05
    0.2382624705E+00    0.1386172536E-05
    0.2408015878E+00    0.1386172536E-05
    0.2606042277E+00    0.1386172536E-05
    0.2861048977E+00    0.0000000000E+00
    0.2522539493E+00    0.1386172536E-05
    0.2683495585E+00    0.4484155086E-07
    0.2856863580E+00    0.0000000000E+00
    0.2625192407E+00    0.4484155086E-07
    0.2611320365E+00    0.1386172536E-05
    0.2523701503E+00    0.1386172536E-05
    0.2692864721E+00    0.4484155086E-07
    0.2630045144E+00    0.4484155086E-07
    0.2570694668E+00    0.8171276545E-02
    0.2676104504E+00    0.1010208374E-08
    0.2759614305E+00    0.0000000000E+00
    0.2648488507E+00    0.1010208374E-08
    0.2676880894E+00    0.1010208374E-08
    0.2648641630E+00    0.1010208374E-08
    0.2355824628E+00    0.1010208374E-08
    0.2231381113E+00    0.1010208374E-08
    0.2829201829E+00    0.1010208374E-08
    0.2921422813E+00    0.0000000000E+00
    0.2796382428E+00    0.1010208374E-08
    0.2449659331E+00    0.8171276545E-02
    0.2955800351E+00    0.0000000000E+00
    0.2293342719E+00    0.8171276545E-02
    0.2866216509E+00    0.1010208374E-08
    0.2827277358E+00    0.1010208374E-08
    0.2452869351E+00    0.8171276545E-02
    0.2292751970E+00    0.8171276545E-02
    0.2397804527E+00    0.4484155086E-07
    0.2468619047E+00    0.1386172536E-05
    0.2499061223E+00    0.1386172536E-05
    0.2780898564E+00    0.8171276545E-02
    0.2386407867E+00    0.1010208374E-08
    0.2254412414E+00    0.1010208374E-08
    0.2880581689E+00    0.1000000000E+01
    0.2812285495E+00    0.1000000000E+01
    0.2779113058E+00    0.1000000000E+01
    0.2746566516E+00    0.1000000000E+01
    0.2683281573E+00    0.1000000000E+01
    0.2622297901E+00    0.1000000000E+01
    0.2563492217E+00    0.1000000000E+01
    0.2506749891E+00    0.1000000000E+01
    0.2479118845E+00    0.1000000000E+01
    0.2451964196E+00    0.1000000000E+01
    0.2399035644E+00    0.1000000000E+01
    0.2659055567E+00    0.1000000000E+01
    0.2617529644E+00    0.1000000000E+01
    0.2597493844E+00    0.1000000000E+01
    0.2577927262E+00    0.1000000000E+01
    0.2540158066E+00    0.1000000000E+01
    0.2504139323E+00    0.1000000000E+01
    0.2469795332E+00    0.1000000000E+01
    0.2437056899E+00    0.1000000000E+01
    0.2421269808E+00    0.1000000000E+01
    0.2405860877E+00    0.1000000000E+01
    0.2376149769E+00    0.1000000000E+01
    0.2937043007E+00    0.1000000000E+01
    0.2858261175E+00    0.1000000000E+01
    0.2820342840E+00    0.1000000000E+01
    0.2783359987E+00    0.1000000000E+01
    0.2712071365E+00    0.1000000000E+01
    0.2644150812E+00    0.1000000000E+01
    0.2579374907E+00    0.1000000000E+01
    0.2517539112E+00    0.1000000000E+01
    0.2487664523E+00    0.1000000000E+01
    0.2458455847E+00    0.1000000000E+01
    0.2401952789E+00    0.1000000000E+01
    0.2167566197E+00    0.0000000000E+00
    0.2185480211E+00    0.0000000000E+00
    0.2194614208E+00    0.0000000000E+00
    0.2203869647E+00    0.0000000000E+00
    0.2222755690E+00    0.0000000000E+00
    0.2242160867E+00    0.0000000000E+00
    0.2262109162E+00    0.0000000000E+00
    0.2282626136E+00    0.0000000000E+00
    0.2293106330E+00    0.0000000000E+00
    0.2303739064E+00    0.0000000000E+00
    0.2325477087E+00    0.0000000000E+00
    0.2923414737E+00    0.0000000000E+00
    0.2896045580E+00    0.0000000000E+00
    0.2882658330E+00    0.0000000000E+00
    0.2869463036E+00    0.0000000000E+00
    0.2843630439E+00    0.0000000000E+00
    0.2818513470E+00    0.0000000000E+00
    0.2794079966E+00    0.0000000000E+00
    0.2770299749E+00    0.0000000000E+00
    0.2758645698E+00    0.0000000000E+00
    0.2747144474E+00    0.0000000000E+00
    0.2724587482E+00    0.0000000000E+00
    0.2956277858E+00    0.0000000000E+00
    0.2961353294E+00    0.0000000000E+00
    0.2964051282E+00    0.0000000000E+00
    0.2966860365E+00    0.0000000000E+00
    0.2972825329E+00    0.0000000000E+00
    0.2979276571E+00    0.0000000000E+00
    0.2986244830E+00    0.0000000000E+00
    0.2993763440E+00    0.0000000000E+00
    0.2997740325E+00    0.0000000000E+00
    0.3001868624E+00    0.0000000000E+00
    0.3010599811E+00    0.0000000000E+00
    0.2724722194E+00    0.0000000000E+00
    0.2748441636E+00    0.0000000000E+00
    0.2760949277E+00    0.0000000000E+00
    0.2773916739E+00    0.0000000000E+00
    0.2801323314E+00    0.0000000000E+00
    0.2830862060E+00    0.0000000000E+00
    0.2862763234E+00    0.0000000000E+00
    0.2897292439E+00    0.0000000000E+00
    0.2915636961E+00    0.0000000000E+00
    0.2934757850E+00    0.0000000000E+00
    0.2975519322E+00    0.0000000000E+00
    0.2853069131E+00    0.1000000000E+01
    0.2759359461E+00    0.1000000000E+01
    0.2714214901E+00    0.1000000000E+01
    0.2670159938E+00    0.1000000000E+01
    0.2585176538E+00    0.1000000000E+01
    0.2504139323E+00    0.1000000000E+01
    0.2426800074E+00    0.1000000000E+01
    0.2352930201E+00    0.1000000000E+01
    0.2317229749E+00    0.1000000000E+01
    0.2282318877E+00    0.1000000000E+01
    0.2214771391E+00    0.1000000000E+01
    0.2637604151E+00    0.1000000000E+01
    0.2575104601E+00    0.1000000000E+01
    0.2544747677E+00    0.1000000000E+01
    0.2514963525E+00    0.1000000000E+01
    0.2457049896E+00    0.1000000000E+01
    0.2401242218E+00    0.1000000000E+01
    0.2347427670E+00    0.1000000000E+01
    0.2295501353E+00    0.1000000000E+01
    0.2270215493E+00    0.1000000000E+01
    0.2245365598E+00    0.1000000000E+01
    0.2196929360E+00    0.1000000000E+01
    0.2902824335E+00    0.1000000000E+01
    0.2794378819E+00    0.1000000000E+01
    0.2743125354E+00    0.1000000000E+01
    0.2693707286E+00    0.1000000000E+01
    0.2599991646E+00    0.1000000000E+01
    0.2512527291E+00    0.1000000000E+01
    0.2430703654E+00    0.1000000000E+01
    0.2353988708E+00    0.1000000000E+01
    0.2317399091E+00    0.1000000000E+01
    0.2281916488E+00    0.1000000000E+01
    0.2214076946E+00    0.1000000000E+01
Descriptor coordinates by the model of dimension:     3
    0.4177305629E+01    0.4484155086E-07    0.1534095976E+02
    0.3682795564E+01    0.1386172536E-05    0.6378801953E+01
    0.3824619055E+01    0.1386172536E-05    0.4901136945E+01
    0.4062624925E+01    0.1386172536E-05    0.1353575680E+02
    0.4016671334E+01    0.1386172536E-05    0.1354011884E+02
    0.3691072363E+01    0.1386172536E-05    0.7042896764E+01
    0.3829480340E+01    0.1386172536E-05    0.5518204602E+01
    0.3575788413E+01    0.4484155086E-07    0.6763368780E+01
    0.3668255107E+01    0.4484155086E-07    0.5176429337E+01
    0.3641575793E+01    0.8171276545E-02    0.9802253213E+01
    0.3485773927E+01    0.1010208374E-08    0.8651017188E+01
    0.3528821673E+01    0.1010208374E-08    0.6862693289E+01
    0.4195614171E+01    0.1010208374E-08    0.1767314620E+02
    0.4435342023E+01    0.1010208374E-08    0.1753783522E+02
    0.3440116619E+01    0.1010208374E-08    0.4991395524E+01
    0.3488919964E+01    0.1010208374E-08    0.3471997385E+01
    0.4027170895E+01    0.8171276545E-02    0.6876923649E+01
    0.4315608357E+01    0.8171276545E-02    0.5537111989E+01
    0.4270003103E+01    0.4484155086E-07    0.6394918125E+01
    0.3793815073E+01    0.1386172536E-05    0.6585117318E+01
    0.3452603935E+01    0.0000000000E+00    0.1360370738E+02
    0.3922440559E+01    0.1386172536E-05    0.5873243694E+01
    0.3778011513E+01    0.1386172536E-05    0.3290516990E+01
    0.3915952998E+01    0.1386172536E-05    0.2313815084E+01
    0.4197052092E+01    0.1386172536E-05    0.4237704621E+01
    0.4152796538E+01    0.1386172536E-05    0.4237620263E+01
    0.3837236290E+01    0.1386172536E-05    0.4645083897E+01
    0.3495221536E+01    0.0000000000E+00    0.9100340662E+01
    0.3964259045E+01    0.1386172536E-05    0.4152336729E+01
    0.3726482748E+01    0.4484155086E-07    0.5753547789E+01
    0.3500342148E+01    0.0000000000E+00    0.1173085911E+02
    0.3809244600E+01    0.4484155086E-07    0.5056874477E+01
    0.3829480340E+01    0.1386172536E-05    0.2761302868E+01
    0.3962433746E+01    0.1386172536E-05    0.1936824594E+01
    0.3713517400E+01    0.4484155086E-07    0.2691173662E+01
    0.3802216104E+01    0.4484155086E-07    0.1839333254E+01
    0.3889999121E+01    0.8171276545E-02    0.2740917213E+00
    0.3736774847E+01    0.1010208374E-08   -0.4899612322E+00
    0.3623694798E+01    0.0000000000E+00    0.1351251182E+01
    0.3775738491E+01    0.1010208374E-08   -0.6915700416E+00
    0.3735691051E+01    0.1010208374E-08    0.1111432500E+01
    0.3775520208E+01    0.1010208374E-08    0.6147794994E+00
    0.4244798141E+01    0.1010208374E-08    0.9439925082E+01
    0.4481529373E+01    0.1010208374E-08    0.9084007119E+01
    0.3534565791E+01    0.1010208374E-08    0.1298763187E+02
    0.3422989633E+01    0.0000000000E+00    0.2820021875E+02
    0.3576048791E+01    0.1010208374E-08    0.1136339631E+02
    0.4082200278E+01    0.8171276545E-02    0.5095897098E+01
    0.3383178433E+01    0.0000000000E+00    0.1033826948E+02
    0.4360447271E+01    0.8171276545E-02    0.4677027856E+01
    0.3488919964E+01    0.1010208374E-08    0.3805746628E+01
    0.3536971699E+01    0.1010208374E-08    0.2578158739E+01
    0.4076857985E+01    0.8171276545E-02    0.4082801440E+01
    0.4361570780E+01    0.8171276545E-02    0.3005650584E+01
    0.4170481742E+01    0.4484155086E-07    0.1286763121E+02
    0.4050847785E+01    0.1386172536E-05    0.1013821546E+02
    0.4001502608E+01    0.1386172536E-05    0.1037396305E+02
    0.3595959999E+01    0.8171276545E-02    0.5171711849E+01
    0.4190398522E+01    0.1010208374E-08    0.1746694692E+02
    0.4435745624E+01    0.1010208374E-08    0.1513161435E+02
    0.3471521061E+01    0.1000000000E+01    0.8703088095E+01
    0.3555826753E+01    0.1000000000E+01    0.8501414286E+01
    0.3598270309E+01    0.1000000000E+01    0.8400577381E+01
    0.3640909456E+01    0.1000000000E+01    0.8299740476E+01
    0.3726779962E+01    0.1000000000E+01    0.8098066667E+01
    0.3813449264E+01    0.1000000000E+01    0.7896392857E+01
    0.3900928559E+01    0.1000000000E+01    0.7694719048E+01
    0.3989229256E+01    0.1000000000E+01    0.7493045238E+01
    0.4033691254E+01    0.1000000000E+01    0.7392208333E+01
    0.4078362978E+01    0.1000000000E+01    0.7291371429E+01
    0.4168341569E+01    0.1000000000E+01    0.7089697619E+01
    0.3760733745E+01    0.1000000000E+01   -0.5814393939E+00
    0.3820396084E+01    0.1000000000E+01   -0.1780303030E+00
    0.3849864755E+01    0.1000000000E+01    0.2367424242E-01
    0.3879085398E+01    0.1000000000E+01    0.2253787879E+00
    0.3936762887E+01    0.1000000000E+01    0.6287878788E+00
    0.3993388031E+01    0.1000000000E+01    0.1032196970E+01
    0.4048918495E+01    0.1000000000E+01    0.1435606061E+01
    0.4103310023E+01    0.1000000000E+01    0.1839015152E+01
    0.4130064302E+01    0.1000000000E+01    0.2040719697E+01
    0.4156516320E+01    0.1000000000E+01    0.2242424242E+01
    0.4208488930E+01    0.1000000000E+01    0.2645833333E+01
    0.3404785009E+01    0.1000000000E+01    0.4706821480E+01
    0.3498630596E+01    0.1000000000E+01    0.5030478955E+01
    0.3545668228E+01    0.1000000000E+01    0.5192307692E+01
    0.3592779966E+01    0.1000000000E+01    0.5354136430E+01
    0.3687218607E+01    0.1000000000E+01    0.5677793904E+01
    0.3781932541E+01    0.1000000000E+01    0.6001451379E+01
    0.3876908305E+01    0.1000000000E+01    0.6325108853E+01
    0.3972132926E+01    0.1000000000E+01    0.6648766328E+01
    0.4019834631E+01    0.1000000000E+01    0.6810595065E+01
    0.4067593897E+01    0.1000000000E+01    0.6972423803E+01
    0.4163279164E+01    0.1000000000E+01    0.7296081277E+01
    0.4613469250E+01    0.0000000000E+00    0.3705870000E+03
    0.4575653418E+01    0.0000000000E+00    0.3671740000E+03
    0.4556609523E+01    0.0000000000E+00    0.3654675000E+03
    0.4537473444E+01    0.0000000000E+00    0.3637610000E+03
    0.4498919987E+01    0.0000000000E+00    0.3603480000E+03
    0.4459983290E+01    0.0000000000E+00    0.3569350000E+03
    0.4420653154E+01    0.0000000000E+00    0.3535220000E+03
    0.4380918909E+01    0.0000000000E+00    0.3501090000E+03
    0.4360896776E+01    0.0000000000E+00    0.3484025000E+03
    0.4340769385E+01    0.0000000000E+00    0.3466960000E+03
    0.4300192875E+01    0.0000000000E+00    0.3432830000E+03
    0.3420657313E+01    0.0000000000E+00    0.2624594000E+03
    0.3452984328E+01    0.0000000000E+00    0.2029188000E+03
    0.3469020208E+01    0.0000000000E+00    0.1731485000E+03
    0.3484972580E+01    0.0000000000E+00    0.1433782000E+03
    0.3516631368E+01    0.0000000000E+00    0.8383760000E+02
    0.3547969561E+01    0.0000000000E+00    0.2429700000E+02
    0.3578995634E+01    0.0000000000E+00   -0.3524360000E+02
    0.3609717686E+01    0.0000000000E+00   -0.9478420000E+02
    0.3624967138E+01    0.0000000000E+00   -0.1245545000E+03
    0.3640143464E+01    0.0000000000E+00   -0.1543248000E+03
    0.3670280387E+01    0.0000000000E+00   -0.2138654000E+03
    0.3382631971E+01    0.0000000000E+00    0.5782850000E+02
    0.3376834510E+01    0.0000000000E+00    0.5315700000E+02
    0.3373760792E+01    0.0000000000E+00    0.5082125000E+02
    0.3370566447E+01    0.0000000000E+00    0.4848550000E+02
    0.3363803417E+01    0.0000000000E+00    0.4381400000E+02
    0.3356519531E+01    0.0000000000E+00    0.3914250000E+02
    0.3348687255E+01    0.0000000000E+00    0.3447100000E+02
    0.3340277280E+01    0.0000000000E+00    0.2979950000E+02
    0.3335845975E+01    0.0000000000E+00    0.2746375000E+02
    0.3331258376E+01    0.0000000000E+00    0.2512800000E+02
    0.3321597233E+01    0.0000000000E+00    0.2045650000E+02
    0.3670098927E+01    0.0000000000E+00    0.3694960212E+01
    0.3638425451E+01    0.0000000000E+00    0.4233421751E+01
    0.3621942672E+01    0.0000000000E+00    0.4502652520E+01
    0.3605010871E+01    0.0000000000E+00    0.4771883289E+01
    0.3569741469E+01    0.0000000000E+00    0.5310344828E+01
    0.3532492855E+01    0.0000000000E+00    0.5848806366E+01
    0.3493128556E+01    0.0000000000E+00    0.6387267905E+01
    0.3451498325E+01    0.0000000000E+00    0.6925729443E+01
    0.3429782285E+01    0.0000000000E+00    0.7194960212E+01
    0.3407436154E+01    0.0000000000E+00    0.7464190981E+01
    0.3360757877E+01    0.0000000000E+00    0.8002652520E+01
    0.3504997440E+01    0.1000000000E+01    0.7576554511E+01
    0.3624029469E+01    0.1000000000E+01    0.7481492481E+01
    0.3684306646E+01    0.1000000000E+01    0.7433961466E+01
    0.3745094014E+01    0.1000000000E+01    0.7386430451E+01
    0.3868207781E+01    0.1000000000E+01    0.7291368421E+01
    0.3993388031E+01    0.1000000000E+01    0.7196306391E+01
    0.4120652585E+01    0.1000000000E+01    0.7101244361E+01
    0.4250019825E+01    0.1000000000E+01    0.7006182331E+01
    0.4315497850E+01    0.1000000000E+01    0.6958651316E+01
    0.4381508692E+01    0.1000000000E+01    0.6911120301E+01
    0.4515138691E+01    0.1000000000E+01    0.6816058271E+01
    0.3791319480E+01    0.1000000000E+01   -0.9522015504E+00
    0.3883337397E+01    0.1000000000E+01   -0.5690542636E+00
    0.3929662689E+01    0.1000000000E+01   -0.3774806202E+00
    0.3976200808E+01    0.1000000000E+01   -0.1859069767E+00
    0.4069921419E+01    0.1000000000E+01    0.1972403101E+00
    0.4164511155E+01    0.1000000000E+01    0.5803875969E+00
    0.4259982161E+01    0.1000000000E+01    0.9635348837E+00
    0.4356346812E+01    0.1000000000E+01    0.1346682171E+01
    0.4404868185E+01    0.1000000000E+01    0.1538255814E+01
    0.4453617714E+01    0.1000000000E+01    0.1729829457E+01
    0.4551807711E+01    0.1000000000E+01    0.2112976744E+01
    0.3444920824E+01    0.1000000000E+01    0.2572074364E+01
    0.3578612868E+01    0.1000000000E+01    0.2857064579E+01
    0.3645476859E+01    0.1000000000E+01    0.2999559687E+01
    0.3712355850E+01    0.1000000000E+01    0.3142054795E+01
    0.3846166204E+01    0.1000000000E+01    0.3427045010E+01
    0.3980056271E+01    0.1000000000E+01    0.3712035225E+01
    0.4114035039E+01    0.1000000000E+01    0.3997025440E+01
    0.4248108738E+01    0.1000000000E+01    0.4282015656E+01
    0.4315182499E+01    0.1000000000E+01    0.4424510763E+01
    0.4382281321E+01    0.1000000000E+01    0.4567005871E+01
    0.4516554864E+01    0.1000000000E+01    0.4851996086E+01
