Descriptor coordinates by the model of dimension:     1
    0.3951441667E+00
    0.3365076858E+00
    0.3328618823E+00
    0.4119812629E+00
    0.3037962058E+00
    0.3107678703E+00
    0.3868792521E+00
    0.3001680308E+00
    0.3380275651E+00
    0.3398023762E+00
    0.4574567814E+00
    0.3935004380E+00
    0.2934895833E+00
    0.4392473373E+00
    0.4086963537E+00
    0.4107933337E+00
    0.4504489384E+00
    0.3749728300E+00
    0.3847315579E+00
    0.4332015829E+00
    0.2985166404E+00
    0.3014563823E+00
    0.3070691955E+00
    0.3097441188E+00
    0.3148354935E+00
    0.2935753877E+00
    0.2900365083E+00
    0.2888576229E+00
    0.2884891017E+00
    0.3192955051E+00
    0.3403238694E+00
    0.4061038777E+00
    0.3556194911E+00
    0.4052569437E+00
Descriptor coordinates by the model of dimension:     2
    0.6772633780E+01    0.5769938666E-02
    0.5084163851E+01    0.5900453270E-02
    0.5158980978E+01    0.5067628665E-02
    0.7229522758E+01    0.6343978007E-02
    0.4160713778E+01    0.6776889319E-02
    0.4322382096E+01    0.6760363687E-02
    0.6447187500E+01    0.6749246829E-02
    0.4314159292E+01    0.4678500556E-02
    0.5363995151E+01    0.4838506564E-02
    0.5501506454E+01    0.4484830376E-02
    0.8664206321E+01    0.6254662593E-02
    0.6719383082E+01    0.6301777321E-02
    0.3977272727E+01    0.5730139937E-02
    0.8022964450E+01    0.6637932449E-02
    0.7022057995E+01    0.6894596538E-02
    0.7115063048E+01    0.6780972312E-02
    0.8371622348E+01    0.6700423181E-02
    0.6310775862E+01    0.5723981516E-02
    0.6540182069E+01    0.5987819510E-02
    0.7854545455E+01    0.6118345496E-02
    0.4396551724E+01    0.3864531560E-02
    0.4482758621E+01    0.3857514709E-02
    0.4655172414E+01    0.3843525550E-02
    0.4741379310E+01    0.3836553170E-02
    0.4913793103E+01    0.3822652630E-02
    0.4195804196E+01    0.4290273028E-02
    0.3956834532E+01    0.5297116006E-02
    0.3863636364E+01    0.5744062117E-02
    0.3832116788E+01    0.5902717757E-02
    0.5034722222E+01    0.4008045306E-02
    0.5331167763E+01    0.5159182653E-02
    0.7075176978E+01    0.5965511608E-02
    0.5899636364E+01    0.4979074531E-02
    0.7130357143E+01    0.5671104456E-02
Descriptor coordinates by the model of dimension:     3
    0.3101589970E-02    0.2167859186E-02    0.1941936739E+00
    0.2902686042E-02    0.2301214787E-02    0.2010281042E+00
    0.2877006018E-02    0.1895738118E-02    0.1863379797E+00
    0.3154731622E-02    0.2388627138E-02    0.2002320716E+00
    0.2801537143E-02    0.2697465618E-02    0.2149925248E+00
    0.2829527701E-02    0.2690887774E-02    0.2148454175E+00
    0.3063279542E-02    0.2442886845E-02    0.2021521391E+00
    0.2780845844E-02    0.2092289055E-02    0.1960966597E+00
    0.2912479164E-02    0.1887048730E-02    0.1867002815E+00
    0.2923380307E-02    0.1785136982E-02    0.1833643099E+00
    0.3334342628E-02    0.2354998203E-02    0.1991386571E+00
    0.3109153428E-02    0.2280925459E-02    0.1981412847E+00
    0.2778049337E-02    0.2562596484E-02    0.2126193135E+00
    0.3269962791E-02    0.2402596656E-02    0.2009109419E+00
    0.3143004630E-02    0.2593358699E-02    0.2062735958E+00
    0.3135908050E-02    0.2553163720E-02    0.2041323637E+00
    0.3286821572E-02    0.2522835456E-02    0.2031630065E+00
    0.3041573427E-02    0.2065219470E-02    0.1916168915E+00
    0.3077625504E-02    0.2146934421E-02    0.1940642920E+00
    0.3215920593E-02    0.2497804089E-02    0.2022640314E+00
    0.2788983342E-02    0.1728271054E-02    0.1825180209E+00
    0.2798262664E-02    0.1725133023E-02    0.1823724036E+00
    0.2817007790E-02    0.1718876881E-02    0.1820814952E+00
    0.2826474848E-02    0.1715758738E-02    0.1819362039E+00
    0.2845601150E-02    0.1709542227E-02    0.1816459469E+00
    0.2725714752E-02    0.1918668427E-02    0.1880514600E+00
    0.2742327596E-02    0.2368942295E-02    0.2054513662E+00
    0.2749511293E-02    0.2568822672E-02    0.2123530134E+00
    0.2752023740E-02    0.2639775631E-02    0.2147008552E+00
    0.2829232591E-02    0.1792452352E-02    0.1826972567E+00
    0.2907042057E-02    0.1891387603E-02    0.1863720703E+00
    0.3150213971E-02    0.2138935916E-02    0.1937660963E+00
    0.2975807803E-02    0.1831296265E-02    0.1842516738E+00
    0.3157570661E-02    0.2046141363E-02    0.1909611748E+00
