Descriptor coordinates by the model of dimension:     1
    0.1556413052E+03
    0.1608274190E+03
    0.1592831985E+03
    0.1665313648E+03
    0.1879754301E+03
    0.1858542291E+03
    0.1836007887E+03
    0.1810996937E+03
    0.1880685991E+03
    0.1796588509E+03
    0.1676200741E+03
    0.1993998953E+03
    0.1919274744E+03
    0.2159167856E+03
    0.2215382447E+03
    0.1553991873E+03
    0.1592556728E+03
Descriptor coordinates by the model of dimension:     2
    0.3641933308E+03    0.1091092705E+03
    0.3367740090E+03    0.1150640330E+03
    0.3685425681E+03    0.1150640330E+03
    0.3459457517E+03    0.1142427635E+03
    0.2808969000E+03    0.0000000000E+00
    0.2872616750E+03    0.0000000000E+00
    0.3134908800E+03    0.0000000000E+00
    0.3215611350E+03    0.0000000000E+00
    0.2674900992E+03    0.4539992976E+02
    0.2948743045E+03    0.4539992976E+02
    0.3325425126E+03    0.4539992976E+02
    0.2675692250E+03    0.0000000000E+00
    0.2770958001E+03    0.4539992976E+02
    0.2094613215E+03    0.4539992976E+02
    0.1928343037E+03    0.4539992976E+02
    0.3507140893E+03    0.4539992976E+02
    0.3573979311E+03    0.4539992976E+02
Descriptor coordinates by the model of dimension:     3
    0.8516997979E+00    0.3725290298E-01    0.1113561366E+00
    0.8236537577E+00    0.7259536907E-01    0.2099972809E+00
    0.8821586002E+00    0.7259536907E-01    0.2099972809E+00
    0.8015882668E+00    0.1781794801E-01    0.5559372914E-01
    0.5939725250E+00    0.1000000000E+01    0.2718281828E+01
    0.6117290514E+00    0.1000000000E+01    0.2718281828E+01
    0.7120132085E+00    0.1000000000E+01    0.2718281828E+01
    0.7262197019E+00    0.1000000000E+01    0.2718281828E+01
    0.5972577543E+00    0.1000000000E+01    0.2718281828E+01
    0.6694924967E+00    0.1000000000E+01    0.2718281828E+01
    0.7754046500E+00    0.0000000000E+00    0.0000000000E+00
    0.5719757724E+00    0.0000000000E+00    0.0000000000E+00
    0.6453905769E+00    0.0000000000E+00    0.0000000000E+00
    0.4520712930E+00    0.0000000000E+00    0.0000000000E+00
    0.4087121722E+00    0.0000000000E+00    0.0000000000E+00
    0.8187750426E+00    0.1000000000E+01    0.2718281828E+01
    0.8812720334E+00    0.1000000000E+01    0.2718281828E+01
