Descriptor coordinates by the model of dimension:     1
    0.1634187484E+02
    0.1657292885E+02
    0.1567693075E+02
    0.1615188240E+02
    0.1607569476E+02
    0.1606525926E+02
    0.1625879246E+02
    0.1626570832E+02
    0.1626199772E+02
    0.1673895511E+02
    0.1559798269E+02
    0.1560761111E+02
    0.1689035126E+02
    0.1630760025E+02
    0.1612738276E+02
    0.1595342052E+02
    0.1546522924E+02
    0.1596861491E+02
    0.1652090250E+02
    0.1591685005E+02
    0.1529509093E+02
    0.1530388228E+02
    0.1710039405E+02
    0.1677625001E+02
    0.1683983675E+02
    0.1648626825E+02
    0.1576838573E+02
    0.1568549324E+02
    0.1618740717E+02
    0.1565173137E+02
    0.1546494727E+02
    0.1680409070E+02
    0.1661014037E+02
    0.1566475161E+02
Descriptor coordinates by the model of dimension:     2
    0.1438895647E-01    0.4177033950E+00
    0.1491252401E-01    0.4363186075E+00
    0.1296189248E-01    0.2640376457E+00
    0.1389308925E-01    0.5145121777E+00
    0.1384212391E-01    0.3740516157E+00
    0.1383359987E-01    0.3188708761E+00
    0.1429840756E-01    0.3295470431E+00
    0.1426382598E-01    0.3855549679E+00
    0.1426803644E-01    0.3880630931E+00
    0.1531800911E-01    0.3849494799E+00
    0.1282517391E-01    0.2902872747E+00
    0.1271845567E-01    0.5258964067E+00
    0.1571545908E-01    0.4109660509E+00
    0.1435514455E-01    0.3889261597E+00
    0.1393654301E-01    0.3820956311E+00
    0.1353376325E-01    0.3755008844E+00
    0.1241208031E-01    0.3570152615E+00
    0.1365873825E-01    0.4662340621E+00
    0.1468752291E-01    0.6626253301E+00
    0.1334721258E-01    0.5514795118E+00
    0.1217648540E-01    0.1945658615E+00
    0.1212763850E-01    0.2455811091E+00
    0.1618804732E-01    0.3152645566E+00
    0.1523841792E-01    0.4420371620E+00
    0.1537673140E-01    0.4922985586E+00
    0.1472195075E-01    0.3365049387E+00
    0.1314980517E-01    0.2466921661E+00
    0.1297920581E-01    0.2387276499E+00
    0.1418258016E-01    0.4548876565E+00
    0.1298875450E-01    0.4218962320E+00
    0.1257689762E-01    0.4100018276E+00
    0.1534752373E-01    0.7137341436E+00
    0.1491802980E-01    0.6061192218E+00
    0.1293702240E-01    0.3313439120E+00
Descriptor coordinates by the model of dimension:     3
    0.1185431043E+02    0.3079996286E+01    0.7993098395E+01
    0.1199399542E+02    0.3044695603E+01    0.8163721534E+01
    0.1143579997E+02    0.2978616663E+01    0.6104477221E+01
    0.1171649092E+02    0.4457244420E+01    0.6049703277E+01
    0.1166122480E+02    0.3900448002E+01    0.4098479983E+01
    0.1165365494E+02    0.3635968307E+01    0.3278211522E+01
    0.1173621603E+02    0.4327619146E+01    0.3753508128E+01
    0.1174120816E+02    0.4892869202E+01    0.5722557324E+01
    0.1173852971E+02    0.4734816477E+01    0.4164299860E+01
    0.1208281573E+02    0.3238371737E+01    0.4273983236E+01
    0.1137820999E+02    0.3476893664E+01    0.3467273828E+01
    0.1138523360E+02    0.4615985244E+01    0.4784528992E+01
    0.1218537226E+02    0.3983741046E+01    0.8905431404E+01
    0.1183459775E+02    0.3616817529E+01    0.8905431404E+01
    0.1172310789E+02    0.3509082539E+01    0.8905431404E+01
    0.1161411822E+02    0.3407580151E+01    0.8905431404E+01
    0.1130100468E+02    0.3135492002E+01    0.8905431404E+01
    0.1156775330E+02    0.7111858451E+01    0.2787239672E+01
    0.1195634342E+02    0.4999572363E+01    0.7301692823E+01
    0.1158749485E+02    0.4523483721E+01    0.7301692823E+01
    0.1118809502E+02    0.1104309587E+01    0.9316619504E+02
    0.1119452575E+02    0.1143749215E+01    0.9316619504E+02
    0.1230822264E+02    0.1863012029E+01    0.5538003623E+02
    0.1207491591E+02    0.3175127989E+01    0.2312222706E+02
    0.1212068326E+02    0.3149184139E+01    0.2312222706E+02
    0.1194274425E+02    0.3442656021E+01    0.1182799942E+02
    0.1149516991E+02    0.2951770735E+01    0.1182799942E+02
    0.1144204602E+02    0.2900080740E+01    0.1182799942E+02
    0.1167824039E+02    0.7422468905E+01    0.1978691092E+01
    0.1139448798E+02    0.5839303414E+01    0.1978691092E+01
    0.1128803159E+02    0.5380272250E+01    0.1978691092E+01
    0.1212314046E+02    0.4995799367E+01    0.4371693623E+01
    0.1200887626E+02    0.4790454010E+01    0.4371693623E+01
    0.1142691569E+02    0.3907162490E+01    0.4371693623E+01
