Descriptor coordinates by the model of dimension:     1
    0.2766797646E-02
    0.2940341033E-02
    0.2471282202E-02
    0.2712334467E-02
    0.2650696110E-02
    0.2842612470E-02
    0.2776132714E-02
    0.2790096440E-02
    0.2882359227E-02
    0.3093702619E-02
    0.2447399752E-02
    0.2223988513E-02
    0.3075229793E-02
    0.2714609188E-02
    0.2579863468E-02
    0.2442897479E-02
    0.2037709442E-02
    0.2642804824E-02
    0.2973943187E-02
    0.2465747379E-02
    0.2086036493E-02
    0.1999053808E-02
    0.3198369875E-02
    0.3073569926E-02
    0.3128851594E-02
    0.3011041621E-02
    0.2533098303E-02
    0.2465786751E-02
    0.2811911718E-02
    0.2592629015E-02
    0.2370538685E-02
    0.3245855450E-02
    0.3168514046E-02
    0.2476768180E-02
Descriptor coordinates by the model of dimension:     2
    0.2766797646E-02    0.8744888253E+03
    0.2940341033E-02    0.8679841929E+03
    0.2471282202E-02    0.8388384956E+03
    0.2712334467E-02    0.9013826528E+03
    0.2650696110E-02    0.8926708900E+03
    0.2842612470E-02    0.8637631433E+03
    0.2776132714E-02    0.8924706197E+03
    0.2790096440E-02    0.9117789342E+03
    0.2882359227E-02    0.8958207399E+03
    0.3093702619E-02    0.8596772179E+03
    0.2447399752E-02    0.8515795311E+03
    0.2223988513E-02    0.9173200114E+03
    0.3075229793E-02    0.8817336169E+03
    0.2714609188E-02    0.8817336169E+03
    0.2579863468E-02    0.8817336169E+03
    0.2442897479E-02    0.8817336169E+03
    0.2037709442E-02    0.8817336169E+03
    0.2642804824E-02    0.9329122302E+03
    0.2973943187E-02    0.8864130168E+03
    0.2465747379E-02    0.9013709980E+03
    0.2086036493E-02    0.9018466010E+03
    0.1999053808E-02    0.9192811085E+03
    0.3198369875E-02    0.8478331747E+03
    0.3073569926E-02    0.8745436442E+03
    0.3128851594E-02    0.8703574365E+03
    0.3011041621E-02    0.8453347887E+03
    0.2533098303E-02    0.8293783555E+03
    0.2465786751E-02    0.8273838013E+03
    0.2811911718E-02    0.9087048313E+03
    0.2592629015E-02    0.8874645481E+03
    0.2370538685E-02    0.8789684348E+03
    0.3245855450E-02    0.8585491381E+03
    0.3168514046E-02    0.8585491381E+03
    0.2476768180E-02    0.8585491381E+03
Descriptor coordinates by the model of dimension:     3
    0.2766797646E-02    0.1280760016E+03    0.4139482663E+05
    0.2940341033E-02    0.1120660606E+03    0.4090416926E+05
    0.2471282202E-02    0.1944841295E+03    0.3836881626E+05
    0.2712334467E-02    0.1283690817E+03    0.4247808762E+05
    0.2650696110E-02    0.1252171623E+03    0.4314575968E+05
    0.2842612470E-02    0.1283690817E+03    0.4070525028E+05
    0.2776132714E-02    0.9510999143E+02    0.4313607995E+05
    0.2790096440E-02    0.9705985458E+02    0.4335116083E+05
    0.2882359227E-02    0.9905956459E+02    0.4189323013E+05
    0.3093702619E-02    0.9705985458E+02    0.4087394865E+05
    0.2447399752E-02    0.1906673824E+03    0.3958852004E+05
    0.2223988513E-02    0.1884957721E+03    0.4361461518E+05
    0.3075229793E-02    0.8899271991E+02    0.4261712482E+05
    0.2714609188E-02    0.1253995514E+03    0.4261712482E+05
    0.2579863468E-02    0.1399940445E+03    0.4261712482E+05
    0.2442897479E-02    0.1559773674E+03    0.4261712482E+05
    0.2037709442E-02    0.2133268368E+03    0.4261712482E+05
    0.2642804824E-02    0.1120956195E+03    0.4509075779E+05
    0.2973943187E-02    0.1098205240E+03    0.4108198081E+05
    0.2465747379E-02    0.1617543069E+03    0.4212770396E+05
    0.2086036493E-02    0.2224551724E+03    0.4174591643E+05
    0.1999053808E-02    0.2224551724E+03    0.4296477530E+05
    0.3198369875E-02    0.8939974457E+02    0.3976423121E+05
    0.3073569926E-02    0.8939974457E+02    0.4067984725E+05
    0.3128851594E-02    0.8939974457E+02    0.4038718648E+05
    0.3011041621E-02    0.1162473091E+03    0.3960116028E+05
    0.2533098303E-02    0.1798774926E+03    0.3848563464E+05
    0.2465786751E-02    0.1895547882E+03    0.3834619394E+05
    0.2811911718E-02    0.9228874658E+02    0.4276579311E+05
    0.2592629015E-02    0.1617543069E+03    0.4128086974E+05
    0.2370538685E-02    0.1996621082E+03    0.4068690039E+05
    0.3245855450E-02    0.9558477324E+02    0.3863471122E+05
    0.3168514046E-02    0.1073959043E+03    0.3863471122E+05
    0.2476768180E-02    0.1963246020E+03    0.3863471122E+05
