Descriptor coordinates by the model of dimension:     1
    0.1632181046E+02
    0.1551959596E+02
    0.1680899156E+02
    0.1681132651E+02
    0.1629961339E+02
    0.1606128184E+02
    0.1669104775E+02
    0.1651845994E+02
    0.1602237375E+02
    0.1539698347E+02
    0.1530716063E+02
    0.1702684732E+02
    0.1668291517E+02
    0.1601488835E+02
    0.1555665970E+02
    0.1537635643E+02
    0.1607128063E+02
Descriptor coordinates by the model of dimension:     2
    0.1432467683E-01    0.3417433934E+00
    0.1264250676E-01    0.3490823062E+00
    0.1539056107E-01    0.3235748461E+00
    0.1543010181E-01    0.3107225218E+00
    0.1433731396E-01    0.3349424190E+00
    0.1377992888E-01    0.3964373634E+00
    0.1506012809E-01    0.6185180764E+00
    0.1470090467E-01    0.5774267499E+00
    0.1378584560E-01    0.4562651346E+00
    0.1227399212E-01    0.6319142334E+00
    0.1210589458E-01    0.2723610507E+00
    0.1589316292E-01    0.3945767067E+00
    0.1518308357E-01    0.3701993955E+00
    0.1379711614E-01    0.4444608764E+00
    0.1277864818E-01    0.4158639972E+00
    0.1238306173E-01    0.4043026311E+00
    0.1376815099E-01    0.4173420663E+00
Descriptor coordinates by the model of dimension:     3
    0.1183975584E+02    0.2920212076E+01    0.4935511094E-01
    0.1132102947E+02    0.3124329118E+01    0.5547298522E-01
    0.1209848205E+02    0.2504875112E+01    0.1979070041E+00
    0.1210016266E+02    0.2487109000E+01    0.1855985326E+00
    0.1179619426E+02    0.3595192011E+01    0.3895220328E-01
    0.1165076974E+02    0.4308948130E+01    0.4162916135E-01
    0.1204823437E+02    0.4171721395E+01    0.8767195296E-01
    0.1195457572E+02    0.4148024579E+01    0.5861770501E-01
    0.1159555314E+02    0.7252814204E+01    0.2998485922E-01
    0.1125113502E+02    0.5766922469E+01    0.3355665065E-01
    0.1119692380E+02    0.1159275222E+01    0.6922857186E+00
    0.1225528646E+02    0.1840683366E+01    0.5639786433E+00
    0.1206149133E+02    0.3591994981E+01    0.1020404865E+00
    0.1159013588E+02    0.6864160748E+01    0.2631431652E-01
    0.1134082140E+02    0.5600397566E+01    0.2533026313E-01
    0.1123606210E+02    0.5176796694E+01    0.2491614439E-01
    0.1168232686E+02    0.4264584622E+01    0.3194556021E-01
