Descriptor coordinates by the model of dimension:     1
    0.4310041608E+01
    0.4417197667E+01
    0.4453005522E+01
    0.4232221161E+01
    0.4191971262E+01
    0.4264418950E+01
    0.4770859360E+01
    0.4704670460E+01
    0.4204588930E+01
    0.4616803531E+01
    0.4402582531E+01
    0.4416696682E+01
    0.4791699231E+01
    0.4661368313E+01
    0.4272477488E+01
    0.4356251557E+01
    0.4817008933E+01
Descriptor coordinates by the model of dimension:     2
    0.9642681430E+04    0.4484155086E-07
    0.1124339838E+05    0.1386172536E-05
    0.1181740693E+05    0.1386172536E-05
    0.9337830409E+04    0.1010208374E-08
    0.9486199331E+04    0.1010208374E-08
    0.9094435581E+04    0.1010208374E-08
    0.1861761937E+05    0.8171276545E-02
    0.1676178462E+05    0.8171276545E-02
    0.8610603376E+04    0.1000000000E+01
    0.1438709153E+05    0.1000000000E+01
    0.1125333073E+05    0.1000000000E+01
    0.1101433489E+05    0.1000000000E+01
    0.1844181418E+05    0.1000000000E+01
    0.1603425649E+05    0.1000000000E+01
    0.7886708198E+04    0.1000000000E+01
    0.8998117451E+04    0.1000000000E+01
    0.1804887931E+05    0.1000000000E+01
Descriptor coordinates by the model of dimension:     3
    0.9350751099E+02    0.2117582368E-03    0.5976387929E-01
    0.9844771188E+02    0.1177358287E-02    0.4776588434E-01
    0.1025110612E+03    0.1177358287E-02    0.5743918705E-01
    0.8704836430E+02    0.3178377533E-04    0.4131973460E-01
    0.8853008553E+02    0.3178377533E-04    0.4558637031E-01
    0.9282464944E+02    0.3178377533E-04    0.8315354505E-01
    0.1393239944E+03    0.9039511350E-01    0.6257005876E-01
    0.1240892117E+03    0.9039511350E-01    0.5225019000E-01
    0.9067157274E+02    0.1000000000E+01    0.9807717778E-01
    0.1173780515E+03    0.1000000000E+01    0.6924206744E-01
    0.9702799038E+02    0.1000000000E+01    0.5307855626E-01
    0.1046857745E+03    0.1000000000E+01    0.9842192016E-01
    0.1402345334E+03    0.1000000000E+01    0.6950119236E-01
    0.1246291173E+03    0.1000000000E+01    0.6389814246E-01
    0.8213960740E+02    0.1000000000E+01    0.6311186868E-01
    0.8874659296E+02    0.1000000000E+01    0.6206338703E-01
    0.1358617108E+03    0.1000000000E+01    0.5857568131E-01
