Descriptor coordinates by the model of dimension:     1
    0.4177305629E+01
    0.3682795564E+01
    0.3824619055E+01
    0.4062624925E+01
    0.4016671334E+01
    0.3691072363E+01
    0.3829480340E+01
    0.3575788413E+01
    0.3668255107E+01
    0.3641575793E+01
    0.3485773927E+01
    0.3528821673E+01
    0.4195614171E+01
    0.4435342023E+01
    0.3440116619E+01
    0.3488919964E+01
    0.4027170895E+01
    0.4315608357E+01
    0.4270003103E+01
    0.3793815073E+01
    0.3452603935E+01
    0.3922440559E+01
    0.3778011513E+01
    0.3915952998E+01
    0.4197052092E+01
    0.4152796538E+01
    0.3837236290E+01
    0.3495221536E+01
    0.3964259045E+01
    0.3726482748E+01
    0.3500342148E+01
    0.3809244600E+01
    0.3829480340E+01
    0.3962433746E+01
    0.3713517400E+01
    0.3802216104E+01
    0.3889999121E+01
    0.3736774847E+01
    0.3623694798E+01
    0.3775738491E+01
    0.3735691051E+01
    0.3775520208E+01
    0.4244798141E+01
    0.4481529373E+01
    0.3534565791E+01
    0.3422989633E+01
    0.3576048791E+01
    0.4082200278E+01
    0.3383178433E+01
    0.4360447271E+01
    0.3488919964E+01
    0.3536971699E+01
    0.4076857985E+01
    0.4361570780E+01
    0.4170481742E+01
    0.4050847785E+01
    0.4001502608E+01
    0.3595959999E+01
    0.4190398522E+01
    0.4435745624E+01
    0.3471521061E+01
    0.3555826753E+01
    0.3598270309E+01
    0.3640909456E+01
    0.3726779962E+01
    0.3813449264E+01
    0.3900928559E+01
    0.3989229256E+01
    0.4033691254E+01
    0.4078362978E+01
    0.4168341569E+01
    0.3760733745E+01
    0.3820396084E+01
    0.3849864755E+01
    0.3879085398E+01
    0.3936762887E+01
    0.3993388031E+01
    0.4048918495E+01
    0.4103310023E+01
    0.4130064302E+01
    0.4156516320E+01
    0.4208488930E+01
    0.3404785009E+01
    0.3498630596E+01
    0.3545668228E+01
    0.3592779966E+01
    0.3687218607E+01
    0.3781932541E+01
    0.3876908305E+01
    0.3972132926E+01
    0.4019834631E+01
    0.4067593897E+01
    0.4163279164E+01
    0.4613469250E+01
    0.4575653418E+01
    0.4556609523E+01
    0.4537473444E+01
    0.4498919987E+01
    0.4459983290E+01
    0.4420653154E+01
    0.4380918909E+01
    0.4360896776E+01
    0.4340769385E+01
    0.4300192875E+01
    0.3420657313E+01
    0.3452984328E+01
    0.3469020208E+01
    0.3484972580E+01
    0.3516631368E+01
    0.3547969561E+01
    0.3578995634E+01
    0.3609717686E+01
    0.3624967138E+01
    0.3640143464E+01
    0.3670280387E+01
    0.3382631971E+01
    0.3376834510E+01
    0.3373760792E+01
    0.3370566447E+01
    0.3363803417E+01
    0.3356519531E+01
    0.3348687255E+01
    0.3340277280E+01
    0.3335845975E+01
    0.3331258376E+01
    0.3321597233E+01
    0.3670098927E+01
    0.3638425451E+01
    0.3621942672E+01
    0.3605010871E+01
    0.3569741469E+01
    0.3532492855E+01
    0.3493128556E+01
    0.3451498325E+01
    0.3429782285E+01
    0.3407436154E+01
    0.3360757877E+01
    0.3504997440E+01
    0.3624029469E+01
    0.3684306646E+01
    0.3745094014E+01
    0.3868207781E+01
    0.3993388031E+01
    0.4120652585E+01
    0.4250019825E+01
    0.4315497850E+01
    0.4381508692E+01
    0.4515138691E+01
    0.3791319480E+01
    0.3883337397E+01
    0.3929662689E+01
    0.3976200808E+01
    0.4069921419E+01
    0.4164511155E+01
    0.4259982161E+01
    0.4356346812E+01
    0.4404868185E+01
    0.4453617714E+01
    0.4551807711E+01
    0.3444920824E+01
    0.3578612868E+01
    0.3645476859E+01
    0.3712355850E+01
    0.3846166204E+01
    0.3980056271E+01
    0.4114035039E+01
    0.4248108738E+01
    0.4315182499E+01
    0.4382281321E+01
    0.4516554864E+01
Descriptor coordinates by the model of dimension:     2
    0.2393887565E+00    0.3837247635E+01
    0.2715328566E+00    0.3227774206E+01
    0.2614639486E+00    0.3777107799E+01
    0.2461462770E+00    0.4033886878E+01
    0.2489623663E+00    0.3950872478E+01
    0.2709239760E+00    0.3325147041E+01
    0.2611320365E+00    0.3882494730E+01
    0.2796586052E+00    0.3254201104E+01
    0.2726091755E+00    0.3731998601E+01
    0.2746063948E+00    0.4537796456E+01
    0.2868803373E+00    0.3483130502E+01
    0.2833807125E+00    0.3908200958E+01
    0.2383441278E+00    0.3494757269E+01
    0.2254617558E+00    0.3890163562E+01
    0.2906878199E+00    0.2987101371E+01
    0.2866216509E+00    0.3366880121E+01
    0.2483132765E+00    0.3348619143E+01
    0.2317170413E+00    0.4128727372E+01
    0.2341918673E+00    0.4174328702E+01
    0.2635869121E+00    0.3855163762E+01
    0.2896364653E+00    0.2679771093E+01
    0.2549433152E+00    0.4448904755E+01
    0.2646895057E+00    0.3568182152E+01
    0.2553656799E+00    0.4139311943E+01
    0.2382624705E+00    0.4525459429E+01
    0.2408015878E+00    0.4441941704E+01
    0.2606042277E+00    0.3987315219E+01
    0.2861048977E+00    0.2784952423E+01
    0.2522539493E+00    0.4590903325E+01
    0.2683495585E+00    0.4018845566E+01
    0.2856863580E+00    0.2853854575E+01
    0.2625192407E+00    0.4553427527E+01
    0.2611320365E+00    0.3800936292E+01
    0.2523701503E+00    0.4389788096E+01
    0.2692864721E+00    0.3735956482E+01
    0.2630045144E+00    0.4245941140E+01
    0.2570694668E+00    0.5629915521E+01
    0.2676104504E+00    0.4482470636E+01
    0.2759614305E+00    0.3259157802E+01
    0.2648488507E+00    0.4983349678E+01
    0.2676880894E+00    0.4422752869E+01
    0.2648641630E+00    0.4914714185E+01
    0.2355824628E+00    0.3693326851E+01
    0.2231381113E+00    0.4092173917E+01
    0.2829201829E+00    0.3780728964E+01
    0.2921422813E+00    0.2710853799E+01
    0.2796382428E+00    0.4225801294E+01
    0.2449659331E+00    0.3656931777E+01
    0.2955800351E+00    0.2375755876E+01
    0.2293342719E+00    0.4456086013E+01
    0.2866216509E+00    0.3203343059E+01
    0.2827277358E+00    0.3594559741E+01
    0.2452869351E+00    0.3550624373E+01
    0.2292751970E+00    0.4343388602E+01
    0.2397804527E+00    0.3615552203E+01
    0.2468619047E+00    0.3698350919E+01
    0.2499061223E+00    0.3615092046E+01
    0.2780898564E+00    0.3782561361E+01
    0.2386407867E+00    0.3376921926E+01
    0.2254412414E+00    0.3771605926E+01
    0.2880581689E+00    0.4466029397E+01
    0.2812285495E+00    0.4319944323E+01
    0.2779113058E+00    0.4250427978E+01
    0.2746566516E+00    0.4183113507E+01
    0.2683281573E+00    0.4054684584E+01
    0.2622297901E+00    0.3933906745E+01
    0.2563492217E+00    0.3820116054E+01
    0.2506749891E+00    0.3712723233E+01
    0.2479118845E+00    0.3661259743E+01
    0.2451964196E+00    0.3611203458E+01
    0.2399035644E+00    0.3515087776E+01
    0.2659055567E+00    0.5821807675E+01
    0.2617529644E+00    0.5491682739E+01
    0.2597493844E+00    0.5336434795E+01
    0.2577927262E+00    0.5187221224E+01
    0.2540158066E+00    0.4905542545E+01
    0.2504139323E+00    0.4644181671E+01
    0.2469795332E+00    0.4401016808E+01
    0.2437056899E+00    0.4174211661E+01
    0.2421269808E+00    0.4066436583E+01
    0.2405860877E+00    0.3962168978E+01
    0.2376149769E+00    0.3763492884E+01
    0.2937043007E+00    0.3554237078E+01
    0.2858261175E+00    0.3529768491E+01
    0.2820342840E+00    0.3518086042E+01
    0.2783359987E+00    0.3506749691E+01
    0.2712071365E+00    0.3485055535E+01
    0.2644150812E+00    0.3464574878E+01
    0.2579374907E+00    0.3445208671E+01
    0.2517539112E+00    0.3426868360E+01
    0.2487664523E+00    0.3418057774E+01
    0.2458455847E+00    0.3409474531E+01
    0.2401952789E+00    0.3392955759E+01
    0.2167566197E+00    0.3347840557E+01
    0.2185480211E+00    0.3319469027E+01
    0.2194614208E+00    0.3305099031E+01
    0.2203869647E+00    0.3290604078E+01
    0.2222755690E+00    0.3261232728E+01
    0.2242160867E+00    0.3231341530E+01
    0.2262109162E+00    0.3200916561E+01
    0.2282626136E+00    0.3169943395E+01
    0.2293106330E+00    0.3154246586E+01
    0.2303739064E+00    0.3138407080E+01
    0.2325477087E+00    0.3106292117E+01
    0.2923414737E+00    0.2804017042E+01
    0.2896045580E+00    0.2877092691E+01
    0.2882658330E+00    0.2913978495E+01
    0.2869463036E+00    0.2951099240E+01
    0.2843630439E+00    0.3026054591E+01
    0.2818513470E+00    0.3101977107E+01
    0.2794079966E+00    0.3178885631E+01
    0.2770299749E+00    0.3256799494E+01
    0.2758645698E+00    0.3296139609E+01
    0.2747144474E+00    0.3335738540E+01
    0.2724587482E+00    0.3415723136E+01
    0.2956277858E+00    0.2559830735E+01
    0.2961353294E+00    0.2502905128E+01
    0.2964051282E+00    0.2474522002E+01
    0.2966860365E+00    0.2446191797E+01
    0.2972825329E+00    0.2389689558E+01
    0.2979276571E+00    0.2333397234E+01
    0.2986244830E+00    0.2277313658E+01
    0.2993763440E+00    0.2221437671E+01
    0.2997740325E+00    0.2193577163E+01
    0.3001868624E+00    0.2165768122E+01
    0.3010599811E+00    0.2110303870E+01
    0.2724722194E+00    0.3492842648E+01
    0.2748441636E+00    0.3343670311E+01
    0.2760949277E+00    0.3270033200E+01
    0.2773916739E+00    0.3197018104E+01
    0.2801323314E+00    0.3052822700E+01
    0.2830862060E+00    0.2911022874E+01
    0.2862763234E+00    0.2771559421E+01
    0.2897292439E+00    0.2634375069E+01
    0.2915636961E+00    0.2566620168E+01
    0.2934757850E+00    0.2499414403E+01
    0.2975519322E+00    0.2366623791E+01
    0.2853069131E+00    0.5214218558E+01
    0.2759359461E+00    0.5085835524E+01
    0.2714214901E+00    0.5025732182E+01
    0.2670159938E+00    0.4968127666E+01
    0.2585176538E+00    0.4859816654E+01
    0.2504139323E+00    0.4759820426E+01
    0.2426800074E+00    0.4667216916E+01
    0.2352930201E+00    0.4581215532E+01
    0.2317229749E+00    0.4540473863E+01
    0.2282318877E+00    0.4501134534E+01
    0.2214771391E+00    0.4426382918E+01
    0.2637604151E+00    0.6722944939E+01
    0.2575104601E+00    0.6377147532E+01
    0.2544747677E+00    0.6217254037E+01
    0.2514963525E+00    0.6065182408E+01
    0.2457049896E+00    0.5782315984E+01
    0.2401242218E+00    0.5524658380E+01
    0.2347427670E+00    0.5288983469E+01
    0.2295501353E+00    0.5072593089E+01
    0.2270215493E+00    0.4970904743E+01
    0.2245365598E+00    0.4873213288E+01
    0.2196929360E+00    0.4688914104E+01
    0.2902824335E+00    0.4178075841E+01
    0.2794378819E+00    0.4197120052E+01
    0.2743125354E+00    0.4206066891E+01
    0.2693707286E+00    0.4214660502E+01
    0.2599991646E+00    0.4230868535E+01
    0.2512527291E+00    0.4245890415E+01
    0.2430703654E+00    0.4259851757E+01
    0.2353988708E+00    0.4272861041E+01
    0.2317399091E+00    0.4279038584E+01
    0.2281916488E+00    0.4285012441E+01
    0.2214076946E+00    0.4296388106E+01
Descriptor coordinates by the model of dimension:     3
    0.6613888356E+03    0.4137996286E+03    0.2387624299E+02
    0.5550714653E+03    0.3534186667E+03    0.1807055048E+02
    0.5859316809E+03    0.3942229167E+03    0.9627468329E+01
    0.6392503467E+03    0.4321965190E+03    0.2244428654E+02
    0.6291155585E+03    0.4185242089E+03    0.2269503515E+02
    0.5586557594E+03    0.3688249167E+03    0.1812925838E+02
    0.5893264453E+03    0.4096291667E+03    0.1000995175E+02
    0.5342987808E+03    0.3615646345E+03    0.1871090748E+02
    0.5548559601E+03    0.3889876382E+03    0.1018738138E+02
    0.5558078171E+03    0.4661166039E+03    0.1899484486E+02
    0.5217738030E+03    0.4011942715E+03    0.1953458345E+02
    0.5318634920E+03    0.4150188745E+03    0.1167960259E+02
    0.6632172620E+03    0.3709195027E+03    0.2639181985E+02
    0.7140455068E+03    0.4352256658E+03    0.2458550039E+02
    0.5030039225E+03    0.3228990115E+03    0.1952005633E+02
    0.5135010936E+03    0.3367236146E+03    0.9872970325E+01
    0.6268680358E+03    0.3600131847E+03    0.1716078589E+02
    0.6880820065E+03    0.4397417687E+03    0.9222292149E+01
    0.6835495183E+03    0.4205629324E+03    0.6597241040E+01
    0.5877202068E+03    0.4065790833E+03    0.8970348071E+01
    0.5153154425E+03    0.3318437500E+03    0.0000000000E+00
    0.6169485576E+03    0.4473833333E+03    0.5308258091E+01
    0.5778343156E+03    0.3603603333E+03    0.1235619780E+02
    0.6075059603E+03    0.4011645833E+03    0.6180836585E+01
    0.6716000735E+03    0.4426632911E+03    0.5787649571E+01
    0.6619775410E+03    0.4289909810E+03    0.6117157043E+01
    0.5984152306E+03    0.4100499167E+03    0.8374032577E+01
    0.5257047156E+03    0.3349062500E+03    0.0000000000E+00
    0.6271459696E+03    0.4508541667E+03    0.4879819929E+01
    0.5771852707E+03    0.4186542383E+03    0.8707319250E+01
    0.5291041352E+03    0.3485000000E+03    0.0000000000E+00
    0.5962676639E+03    0.4460772420E+03    0.5164110994E+01
    0.5920718654E+03    0.3792374167E+03    0.1140137223E+02
    0.6210657467E+03    0.4200416667E+03    0.5787649571E+01
    0.5674395100E+03    0.3720614097E+03    0.1266435133E+02
    0.5868265063E+03    0.3994844134E+03    0.6527929495E+01
    0.6171420254E+03    0.4893120584E+03    0.4470061909E+01
    0.5864491517E+03    0.4380200420E+03    0.7418344110E+01
    0.5622706422E+03    0.3712812500E+03    0.0000000000E+00
    0.5954769987E+03    0.4518446451E+03    0.4333799755E+01
    0.5834767977E+03    0.4223609900E+03    0.1094106156E+02
    0.5925463945E+03    0.4361855931E+03    0.5991013860E+01
    0.6749752380E+03    0.3742014545E+03    0.8645748124E+01
    0.7249226740E+03    0.4385076176E+03    0.6297334134E+01
    0.5360248127E+03    0.4203811099E+03    0.1052252407E+02
    0.5123976679E+03    0.3559687500E+03    0.0000000000E+00
    0.5458549607E+03    0.4342057130E+03    0.6558101790E+01
    0.6418898954E+03    0.3784554196E+03    0.8755670701E+01
    0.4940104167E+03    0.2880000000E+03    0.0000000000E+00
    0.7017990831E+03    0.4581840035E+03    0.5022277057E+01
    0.5144868150E+03    0.3264267979E+03    0.1703167951E+02
    0.5247488122E+03    0.3402514010E+03    0.8645748124E+01
    0.6387487826E+03    0.3634040647E+03    0.9814410513E+01
    0.6988580106E+03    0.4431326486E+03    0.4678720788E+01
    0.6550923341E+03    0.3837788415E+03    0.1526777880E+02
    0.6295577834E+03    0.3857368671E+03    0.1363100979E+02
    0.6192864754E+03    0.3720645570E+03    0.1464834198E+02
    0.5343145605E+03    0.3631571883E+03    0.1128391405E+02
    0.6600927807E+03    0.3563516551E+03    0.2036237264E+02
    0.7110763799E+03    0.4206578182E+03    0.1357099947E+02
    0.5217777941E+03    0.4826594235E+03    0.1882327373E+02
    0.5376343787E+03    0.4663610390E+03    0.1882327373E+02
    0.5456711959E+03    0.4584994652E+03    0.1882327373E+02
    0.5537813647E+03    0.4508207188E+03    0.1882327373E+02
    0.5702248400E+03    0.4359867769E+03    0.1882327373E+02
    0.5869711032E+03    0.4218121212E+03    0.1882327373E+02
    0.6040266739E+03    0.4082537549E+03    0.1882327373E+02
    0.6213983028E+03    0.3952723404E+03    0.1882327373E+02
    0.6302048145E+03    0.3889866029E+03    0.1882327373E+02
    0.6390929827E+03    0.3828318182E+03    0.1882327373E+02
    0.6571179604E+03    0.3708990724E+03    0.1882327373E+02
    0.5939643734E+03    0.5119942350E+03    0.5388929845E+01
    0.6033481156E+03    0.4918155844E+03    0.5388929845E+01
    0.6080084771E+03    0.4820823529E+03    0.5388929845E+01
    0.6126479631E+03    0.4725754757E+03    0.5388929845E+01
    0.6218647376E+03    0.4542099174E+03    0.5388929845E+01
    0.6309993607E+03    0.4366606061E+03    0.5388929845E+01
    0.6400528633E+03    0.4198743083E+03    0.5388929845E+01
    0.6490263968E+03    0.4038023211E+03    0.5388929845E+01
    0.6534835706E+03    0.3960200957E+03    0.5388929845E+01
    0.6579212441E+03    0.3884000000E+03    0.5388929845E+01
    0.6667388326E+03    0.3736263451E+03    0.5388929845E+01
    0.4947470912E+03    0.3524487805E+03    0.1596406170E+02
    0.5140258666E+03    0.3533740260E+03    0.1596406170E+02
    0.5237419209E+03    0.3538203209E+03    0.1596406170E+02
    0.5335088355E+03    0.3542562368E+03    0.1596406170E+02
    0.5531944914E+03    0.3550983471E+03    0.1596406170E+02
    0.5730813258E+03    0.3559030303E+03    0.1596406170E+02
    0.5931678328E+03    0.3566727273E+03    0.1596406170E+02
    0.6134525125E+03    0.3574096712E+03    0.1596406170E+02
    0.6236687011E+03    0.3577665072E+03    0.1596406170E+02
    0.6339338749E+03    0.3581159091E+03    0.1596406170E+02
    0.6546104416E+03    0.3587933210E+03    0.1596406170E+02
    0.7491442248E+03    0.4158990000E+03    0.0000000000E+00
    0.7413158092E+03    0.4062980000E+03    0.0000000000E+00
    0.7373708330E+03    0.4014975000E+03    0.0000000000E+00
    0.7334049168E+03    0.3966970000E+03    0.0000000000E+00
    0.7254089305E+03    0.3870960000E+03    0.0000000000E+00
    0.7173250951E+03    0.3774950000E+03    0.0000000000E+00
    0.7091505076E+03    0.3678940000E+03    0.0000000000E+00
    0.7008821057E+03    0.3582930000E+03    0.0000000000E+00
    0.6967117210E+03    0.3534925000E+03    0.0000000000E+00
    0.6925166563E+03    0.3486920000E+03    0.0000000000E+00
    0.6840507425E+03    0.3390910000E+03    0.0000000000E+00
    0.5142408373E+03    0.3689500000E+03    0.0000000000E+00
    0.5222284189E+03    0.3714000000E+03    0.0000000000E+00
    0.5262045972E+03    0.3726250000E+03    0.0000000000E+00
    0.5301691446E+03    0.3738500000E+03    0.0000000000E+00
    0.5380636746E+03    0.3763000000E+03    0.0000000000E+00
    0.5459126552E+03    0.3787500000E+03    0.0000000000E+00
    0.5537167190E+03    0.3812000000E+03    0.0000000000E+00
    0.5614764856E+03    0.3836500000E+03    0.0000000000E+00
    0.5653399475E+03    0.3848750000E+03    0.0000000000E+00
    0.5691925616E+03    0.3861000000E+03    0.0000000000E+00
    0.5768655413E+03    0.3885500000E+03    0.0000000000E+00
    0.5029946318E+03    0.3556250000E+03    0.0000000000E+00
    0.4998032622E+03    0.3447500000E+03    0.0000000000E+00
    0.4982163087E+03    0.3393125000E+03    0.0000000000E+00
    0.4966359648E+03    0.3338750000E+03    0.0000000000E+00
    0.4934977345E+03    0.3230000000E+03    0.0000000000E+00
    0.4903943249E+03    0.3121250000E+03    0.0000000000E+00
    0.4873323846E+03    0.3012500000E+03    0.0000000000E+00
    0.4843196225E+03    0.2903750000E+03    0.0000000000E+00
    0.4828344313E+03    0.2849375000E+03    0.0000000000E+00
    0.4813650109E+03    0.2795000000E+03    0.0000000000E+00
    0.4784790356E+03    0.2686250000E+03    0.0000000000E+00
    0.5745419780E+03    0.3776750000E+03    0.0000000000E+00
    0.5644124425E+03    0.3643500000E+03    0.0000000000E+00
    0.5592788867E+03    0.3576875000E+03    0.0000000000E+00
    0.5540977768E+03    0.3510250000E+03    0.0000000000E+00
    0.5435874444E+03    0.3377000000E+03    0.0000000000E+00
    0.5328698703E+03    0.3243750000E+03    0.0000000000E+00
    0.5219322908E+03    0.3110500000E+03    0.0000000000E+00
    0.5107605762E+03    0.2977250000E+03    0.0000000000E+00
    0.5050820773E+03    0.2910625000E+03    0.0000000000E+00
    0.4993390163E+03    0.2844000000E+03    0.0000000000E+00
    0.4876500618E+03    0.2710750000E+03    0.0000000000E+00
    0.5297708841E+03    0.4954323725E+03    0.1711686017E+02
    0.5536813448E+03    0.4912987013E+03    0.1711686017E+02
    0.5657646672E+03    0.4893048128E+03    0.1711686017E+02
    0.5779326595E+03    0.4873572939E+03    0.1711686017E+02
    0.6025205352E+03    0.4835950413E+03    0.1711686017E+02
    0.6274408249E+03    0.4800000000E+03    0.1711686017E+02
    0.6526895202E+03    0.4765612648E+03    0.1711686017E+02
    0.6782627441E+03    0.4732688588E+03    0.1711686017E+02
    0.6911698770E+03    0.4716746412E+03    0.1711686017E+02
    0.7041567444E+03    0.4701136364E+03    0.1711686017E+02
    0.7303678873E+03    0.4670871985E+03    0.1711686017E+02
    0.6010357603E+03    0.5247671840E+03    0.2735568742E+01
    0.6177343102E+03    0.5167532468E+03    0.2735568742E+01
    0.6261427367E+03    0.5128877005E+03    0.2735568742E+01
    0.6345903892E+03    0.5091120507E+03    0.2735568742E+01
    0.6516027565E+03    0.5018181818E+03    0.2735568742E+01
    0.6687701969E+03    0.4948484849E+03    0.2735568742E+01
    0.6860915199E+03    0.4881818182E+03    0.2735568742E+01
    0.7035655589E+03    0.4817988395E+03    0.2735568742E+01
    0.7123594888E+03    0.4787081340E+03    0.2735568742E+01
    0.7211911707E+03    0.4756818182E+03    0.2735568742E+01
    0.7389672347E+03    0.4698144712E+03    0.2735568742E+01
    0.5032132384E+03    0.3652217295E+03    0.6442781969E+01
    0.5308340920E+03    0.3783116883E+03    0.6442781969E+01
    0.5446828582E+03    0.3846256685E+03    0.6442781969E+01
    0.5585607091E+03    0.3907928118E+03    0.6442781969E+01
    0.5864127607E+03    0.4027066116E+03    0.6442781969E+01
    0.6144063857E+03    0.4140909091E+03    0.6442781969E+01
    0.6425549004E+03    0.4249802372E+03    0.6442781969E+01
    0.6708693417E+03    0.4354061896E+03    0.6442781969E+01
    0.6850917164E+03    0.4404545455E+03    0.6442781969E+01
    0.6993588891E+03    0.4453977273E+03    0.6442781969E+01
    0.7280311958E+03    0.4549814471E+03    0.6442781969E+01
