Predictions (y,pred,y-pred) by the model of dimension:     1
    0.2935234994E+03    0.2717441549E+03    0.2177934451E+02
    0.1587309654E+03    0.1505684520E+03    0.8162513476E+01
    0.1746566799E+03    0.1853211544E+03   -0.1066447450E+02
    0.2635678493E+03    0.2436425734E+03    0.1992527591E+02
    0.2592711134E+03    0.2323820165E+03    0.2688909688E+02
    0.1533371356E+03    0.1525966146E+03    0.7405210302E+00
    0.1737380718E+03    0.1865123731E+03   -0.1277430127E+02
    0.1354613601E+03    0.1243472125E+03    0.1111414758E+02
    0.1415692716E+03    0.1470054301E+03   -0.5436158465E+01
    0.1215912466E+03    0.1404678794E+03   -0.1887663284E+02
    0.1096500264E+03    0.1022898887E+03    0.7360137718E+01
    0.1139947988E+03    0.1128383918E+03    0.1156406988E+01
    0.3022450560E+03    0.2762305155E+03    0.2601454050E+02
    0.3443617784E+03    0.3349738922E+03    0.9387886248E+01
    0.1198075480E+03    0.9110193362E+02    0.2870561434E+02
    0.1135857840E+03    0.1030607998E+03    0.1052498421E+02
    0.2788580290E+03    0.2349548492E+03    0.4390317976E+02
    0.3189353197E+03    0.3056341231E+03    0.1330119654E+02
    0.3054724589E+03    0.2944589233E+03    0.1101353562E+02
    0.1557885917E+03    0.1777728871E+03   -0.2198429541E+02
    0.1177067906E+03    0.9416184979E+02    0.2354494084E+02
    0.1777489072E+03    0.2092915252E+03   -0.3154261798E+02
    0.1784743125E+03    0.1739003522E+03    0.4573960366E+01
    0.1956337281E+03    0.2077018007E+03   -0.1206807260E+02
    0.2605553334E+03    0.2765828664E+03   -0.1602753296E+02
    0.2590247442E+03    0.2657383999E+03   -0.6713655768E+01
    0.1618420223E+03    0.1884129063E+03   -0.2657088396E+02
    0.1079419546E+03    0.1046049491E+03    0.3337005558E+01
    0.1750833160E+03    0.2195388077E+03   -0.4445549175E+02
    0.1299731940E+03    0.1612736439E+03   -0.3130044992E+02
    0.1169255214E+03    0.1058597139E+03    0.1106580750E+02
    0.1562825046E+03    0.1815537684E+03   -0.2527126374E+02
    0.1770777058E+03    0.1865123731E+03   -0.9434667308E+01
    0.1900791570E+03    0.2190915330E+03   -0.2901237607E+02
    0.1509485565E+03    0.1580965901E+03   -0.7148033608E+01
    0.1653278390E+03    0.1798314921E+03   -0.1450365304E+02
    0.1854096194E+03    0.2013420125E+03   -0.1593239303E+02
    0.1640343275E+03    0.1637956399E+03    0.2386876065E+00
    0.1464641946E+03    0.1360862858E+03    0.1037790883E+02
    0.1858012828E+03    0.1733433665E+03    0.1245791634E+02
    0.1653253369E+03    0.1635300643E+03    0.1795272625E+01
    0.1777252035E+03    0.1732898782E+03    0.4435325339E+01
    0.3048441671E+03    0.2882826507E+03    0.1656151650E+02
    0.3431197118E+03    0.3462917297E+03   -0.3172017870E+01
    0.1196200687E+03    0.1142459415E+03    0.5374127259E+01
    0.9846246946E+02    0.8690510377E+02    0.1155736569E+02
    0.1234999985E+03    0.1244110162E+03   -0.9110176476E+00
    0.2754221649E+03    0.2484393557E+03    0.2698280912E+02
    0.1012461757E+03    0.7714969045E+02    0.2409648520E+02
    0.3280589644E+03    0.3166215373E+03    0.1143742707E+02
    0.1252586322E+03    0.1030607998E+03    0.2219783243E+02
    0.1336360451E+03    0.1148354899E+03    0.1880055519E+02
    0.2730061052E+03    0.2471302700E+03    0.2587583521E+02
    0.3342069804E+03    0.3168968442E+03    0.1731013621E+02
    0.2925690386E+03    0.2700720164E+03    0.2249702219E+02
    0.2499290681E+03    0.2407566803E+03    0.9172387844E+01
    0.2494959393E+03    0.2286650425E+03    0.2083089684E+02
    0.1635212792E+03    0.1292900971E+03    0.3423118205E+02
    0.3044292394E+03    0.2749524629E+03    0.2947677647E+02
    0.3466922574E+03    0.3350727913E+03    0.1161946615E+02
    0.7539411855E+02    0.9879733888E+02   -0.2340322032E+02
    0.8308542094E+02    0.1194557688E+03   -0.3637034788E+02
    0.1161810959E+03    0.1298562198E+03   -0.1367512381E+02
    0.1374857342E+03    0.1403045990E+03   -0.2818864793E+01
    0.1810345920E+03    0.1613464740E+03    0.1968811800E+02
    0.2137989748E+03    0.1825840873E+03    0.3121488748E+02
    0.2362153392E+03    0.2040201830E+03    0.3219515626E+02
    0.2531818108E+03    0.2256575566E+03    0.2752425424E+02
    0.2540849331E+03    0.2365526106E+03    0.1753232252E+02
    0.2565445535E+03    0.2474990563E+03    0.9045497182E+01
    0.2716754675E+03    0.2695475845E+03    0.2127883049E+01
    0.1656333067E+03    0.1696665747E+03   -0.4033267944E+01
    0.1614262859E+03    0.1842863494E+03   -0.2286006353E+02
    0.1638021596E+03    0.1915074097E+03   -0.2770525012E+02
    0.1557274398E+03    0.1986676927E+03   -0.4294025288E+02
    0.1765848111E+03    0.2128010961E+03   -0.3621628495E+02
    0.2133581471E+03    0.2266766309E+03   -0.1331848382E+02
    0.2477361032E+03    0.2402839233E+03    0.7452179931E+01
    0.2563639819E+03    0.2536121285E+03    0.2751853400E+01
    0.2589913668E+03    0.2601680488E+03   -0.1176681991E+01
    0.2636269676E+03    0.2666499026E+03   -0.3022934998E+01
    0.2787418701E+03    0.2793853714E+03   -0.6435013466E+00
    0.7419914298E+02    0.8244420764E+02   -0.8245064662E+01
    0.1199555727E+03    0.1054403119E+03    0.1451526080E+02
    0.1275768211E+03    0.1169665043E+03    0.1061031682E+02
    0.1365911272E+03    0.1285108557E+03    0.8080271472E+01
    0.1664174620E+03    0.1516522829E+03    0.1476517913E+02
    0.1835905845E+03    0.1748611686E+03    0.8729415912E+01
    0.2269835653E+03    0.1981342136E+03    0.2884935173E+02
    0.2427378609E+03    0.2214682388E+03    0.2126962210E+02
    0.2489758592E+03    0.2331571570E+03    0.1581870224E+02
    0.2556213033E+03    0.2448601799E+03    0.1076112343E+02
    0.2752750396E+03    0.2683070828E+03    0.6967956813E+01
    0.3579410584E+03    0.3786225326E+03   -0.2068147427E+02
    0.3560854796E+03    0.3693560680E+03   -0.1327058834E+02
    0.3559526572E+03    0.3646895151E+03   -0.8736857925E+01
    0.3545054002E+03    0.3600003733E+03   -0.5494973102E+01
    0.3498113830E+03    0.3505531596E+03   -0.7417765940E+00
    0.3429812803E+03    0.3410120359E+03    0.1969244369E+01
    0.3356323513E+03    0.3313745032E+03    0.4257848033E+01
    0.3316835756E+03    0.3216379470E+03    0.1004562852E+02
    0.3292392192E+03    0.3167316847E+03    0.1250753448E+02
    0.3269858934E+03    0.3117996300E+03    0.1518626345E+02
    0.3207503283E+03    0.3018566835E+03    0.1889364481E+02
    0.7685966542E+02    0.8633358770E+02   -0.9473922273E+01
    0.9037831757E+02    0.9425506196E+02   -0.3876744388E+01
    0.9507898511E+02    0.9818452506E+02   -0.3105539955E+01
    0.1152563537E+03    0.1020935252E+03    0.1316282842E+02
    0.1250793226E+03    0.1098512557E+03    0.1522806686E+02
    0.1376933148E+03    0.1175304273E+03    0.2016288753E+02
    0.1448486749E+03    0.1251331162E+03    0.1971555866E+02
    0.1532934530E+03    0.1326613072E+03    0.2063214582E+02
    0.1533473073E+03    0.1363980624E+03    0.1694924490E+02
    0.1575849665E+03    0.1401168988E+03    0.1746806777E+02
    0.1621881784E+03    0.1475017088E+03    0.1468646967E+02
    0.8311168116E+02    0.7701578440E+02    0.6095896758E+01
    0.7247803067E+02    0.7559516320E+02   -0.3117132537E+01
    0.6678121200E+02    0.7484197348E+02   -0.8060761473E+01
    0.6475675694E+02    0.7405922500E+02   -0.9302468061E+01
    0.7030410540E+02    0.7240199909E+02   -0.2097893691E+01
    0.6625141588E+02    0.7061714146E+02   -0.4365725573E+01
    0.6514082646E+02    0.6869790533E+02   -0.3557078875E+01
    0.7365959505E+02    0.6663710882E+02    0.7022486229E+01
    0.6708569690E+02    0.6555125341E+02    0.1534443491E+01
    0.6606186028E+02    0.6442709928E+02    0.1634760996E+01
    0.7019308169E+02    0.6205971396E+02    0.8133367730E+01
    0.1593068290E+03    0.1474572433E+03    0.1184958570E+02
    0.1468949451E+03    0.1396959135E+03    0.7199031625E+01
    0.1388089549E+03    0.1356569414E+03    0.3152013485E+01
    0.1291537303E+03    0.1315079403E+03   -0.2354209999E+01
    0.1235282770E+03    0.1228654576E+03    0.6628193461E+00
    0.1106958100E+03    0.1137379854E+03   -0.3042175389E+01
    0.9736886424E+02    0.1040920811E+03   -0.6723216911E+01
    0.9411222420E+02    0.9389092884E+02    0.2212953626E+00
    0.7726231874E+02    0.8856958857E+02   -0.1130726983E+02
    0.6947861574E+02    0.8309384926E+02   -0.1361523352E+02
    0.7451208676E+02    0.7165571389E+02    0.2856372865E+01
    0.8219213345E+02    0.1070004555E+03   -0.2480832201E+02
    0.9923806785E+02    0.1361682941E+03   -0.3693022629E+02
    0.1193451659E+03    0.1509387303E+03   -0.3159356439E+02
    0.1356927131E+03    0.1658341847E+03   -0.3014147162E+02
    0.1672786173E+03    0.1960022203E+03   -0.2872360300E+02
    0.2253661327E+03    0.2266766309E+03   -0.1310498201E+01
    0.2698899312E+03    0.2578617835E+03    0.1202814766E+02
    0.2781444213E+03    0.2895621823E+03   -0.1141776099E+02
    0.2994904688E+03    0.3056070441E+03   -0.6116575255E+01
    0.3348078087E+03    0.3217824687E+03    0.1302533995E+02
    0.3536124748E+03    0.3545274222E+03   -0.9149473990E+00
    0.1815617150E+03    0.1771613623E+03    0.4400352674E+01
    0.1851328402E+03    0.1997096107E+03   -0.1457677043E+02
    0.1879236927E+03    0.2110612498E+03   -0.2313755713E+02
    0.1904213831E+03    0.2224650404E+03   -0.3204365731E+02
    0.2062694130E+03    0.2454305203E+03   -0.3916110738E+02
    0.2324792831E+03    0.2686089722E+03   -0.3612968911E+02
    0.2580894811E+03    0.2920033724E+03   -0.3391389137E+02
    0.2927787662E+03    0.3156167530E+03   -0.2283798678E+02
    0.3243674594E+03    0.3275065240E+03   -0.3139064546E+01
    0.3451406716E+03    0.3394522029E+03    0.5688468679E+01
    0.3548500077E+03    0.3635128697E+03   -0.8662862088E+01
    0.8919480068E+02    0.9227916545E+02   -0.3084364769E+01
    0.1207847205E+03    0.1250393224E+03   -0.4254601949E+01
    0.1243448504E+03    0.1414238042E+03   -0.1707895372E+02
    0.1408027874E+03    0.1578119615E+03   -0.1700917411E+02
    0.1693828405E+03    0.1906011095E+03   -0.2121826896E+02
    0.2053585443E+03    0.2234097906E+03   -0.1805124630E+02
    0.2357175677E+03    0.2562402072E+03   -0.2052263954E+02
    0.2786727984E+03    0.2890938857E+03   -0.1042108734E+02
    0.3075347098E+03    0.3055297700E+03    0.2004939863E+01
    0.3365297414E+03    0.3219717951E+03    0.1455794629E+02
    0.3525696231E+03    0.3548744440E+03   -0.2304820824E+01
Prediction RMSE and MaxAE:        17.7558468661       44.4554917500
Predictions (y,pred,y-pred) by the model of dimension:     2
    0.2935234994E+03    0.2797501083E+03    0.1377339108E+02
    0.1587309654E+03    0.1628874480E+03   -0.4156482530E+01
    0.1746566799E+03    0.1937028377E+03   -0.1904615778E+02
    0.2635678493E+03    0.2499353093E+03    0.1363253996E+02
    0.2592711134E+03    0.2401757344E+03    0.1909537898E+02
    0.1533371356E+03    0.1637143629E+03   -0.1037722724E+02
    0.1737380718E+03    0.1933084770E+03   -0.1957040512E+02
    0.1354613601E+03    0.1304293044E+03    0.5032055707E+01
    0.1415692716E+03    0.1504979186E+03   -0.8928646949E+01
    0.1215912466E+03    0.1296057387E+03   -0.8014492116E+01
    0.1096500264E+03    0.9826290170E+02    0.1138712472E+02
    0.1139947988E+03    0.1051903301E+03    0.8804468767E+01
    0.3022450560E+03    0.2894015814E+03    0.1284347457E+02
    0.3443617784E+03    0.3337944631E+03    0.1056731528E+02
    0.1198075480E+03    0.9126839781E+02    0.2853915015E+02
    0.1135857840E+03    0.1011608835E+03    0.1242490049E+02
    0.2788580290E+03    0.2524650084E+03    0.2639302054E+02
    0.3189353197E+03    0.3052820661E+03    0.1365325359E+02
    0.3054724589E+03    0.2947896849E+03    0.1068277403E+02
    0.1557885917E+03    0.1840731061E+03   -0.2828451436E+02
    0.1177067906E+03    0.1003783021E+03    0.1732848852E+02
    0.1777489072E+03    0.2085525230E+03   -0.3080361582E+02
    0.1784743125E+03    0.1843635154E+03   -0.5889202865E+01
    0.1956337281E+03    0.2118896792E+03   -0.1625595111E+02
    0.2605553334E+03    0.2730704181E+03   -0.1251508471E+02
    0.2590247442E+03    0.2644107810E+03   -0.5386036831E+01
    0.1618420223E+03    0.1936954803E+03   -0.3185345795E+02
    0.1079419546E+03    0.1126000941E+03   -0.4658139458E+01
    0.1750833160E+03    0.2168595557E+03   -0.4177623966E+02
    0.1299731940E+03    0.1626544622E+03   -0.3268126814E+02
    0.1169255214E+03    0.1131366984E+03    0.3788823038E+01
    0.1562825046E+03    0.1769999511E+03   -0.2071744649E+02
    0.1770777058E+03    0.1946262163E+03   -0.1754851053E+02
    0.1900791570E+03    0.2196509170E+03   -0.2957176002E+02
    0.1509485565E+03    0.1635318481E+03   -0.1258329166E+02
    0.1653278390E+03    0.1800550907E+03   -0.1472725164E+02
    0.1854096194E+03    0.1810897873E+03    0.4319832110E+01
    0.1640343275E+03    0.1580771887E+03    0.5957138800E+01
    0.1464641946E+03    0.1449232377E+03    0.1540956934E+01
    0.1858012828E+03    0.1608705314E+03    0.2493075138E+02
    0.1653253369E+03    0.1587360007E+03    0.6589336253E+01
    0.1777252035E+03    0.1619191148E+03    0.1580608865E+02
    0.3048441671E+03    0.2970795945E+03    0.7764572676E+01
    0.3431197118E+03    0.3396902357E+03    0.3429476166E+01
    0.1196200687E+03    0.1090652717E+03    0.1055479697E+02
    0.9846246946E+02    0.8999833802E+02    0.8464131441E+01
    0.1234999985E+03    0.1148114311E+03    0.8688567403E+01
    0.2754221649E+03    0.2606786093E+03    0.1474355558E+02
    0.1012461757E+03    0.8186111532E+02    0.1938506034E+02
    0.3280589644E+03    0.3093856534E+03    0.1867331093E+02
    0.1252586322E+03    0.1038031512E+03    0.2145548101E+02
    0.1336360451E+03    0.1128318211E+03    0.2080422401E+02
    0.2730061052E+03    0.2611308488E+03    0.1187525643E+02
    0.3342069804E+03    0.3114393743E+03    0.2276760610E+02
    0.2925690386E+03    0.2817880001E+03    0.1078103855E+02
    0.2499290681E+03    0.2525356053E+03   -0.2606537114E+01
    0.2494959393E+03    0.2418807139E+03    0.7615225431E+01
    0.1635212792E+03    0.1280764937E+03    0.3544478549E+02
    0.3044292394E+03    0.2901360367E+03    0.1429320271E+02
    0.3466922574E+03    0.3357908647E+03    0.1090139271E+02
    0.7539411855E+02    0.7773927375E+02   -0.2345155200E+01
    0.8308542094E+02    0.1070214784E+03   -0.2393605749E+02
    0.1161810959E+03    0.1212210094E+03   -0.5039913463E+01
    0.1374857342E+03    0.1351382410E+03    0.2347493233E+01
    0.1810345920E+03    0.1621597732E+03    0.1887481875E+02
    0.2137989748E+03    0.1881505412E+03    0.2564843357E+02
    0.2362153392E+03    0.2131698693E+03    0.2304546997E+02
    0.2531818108E+03    0.2372724651E+03    0.1590934567E+02
    0.2540849331E+03    0.2489959364E+03    0.5088996653E+01
    0.2565445535E+03    0.2605088788E+03   -0.3964325335E+01
    0.2716754675E+03    0.2829259054E+03   -0.1125043787E+02
    0.1656333067E+03    0.1431581038E+03    0.2247520294E+02
    0.1614262859E+03    0.1648611757E+03   -0.3434889784E+01
    0.1638021596E+03    0.1752674963E+03   -0.1146533671E+02
    0.1557274398E+03    0.1853913567E+03   -0.2966391689E+02
    0.1765848111E+03    0.2048308059E+03   -0.2824599475E+02
    0.2133581471E+03    0.2232519631E+03   -0.9893816016E+01
    0.2477361032E+03    0.2407189512E+03    0.7017151973E+01
    0.2563639819E+03    0.2572887155E+03   -0.9247335194E+00
    0.2589913668E+03    0.2652532039E+03   -0.6261837115E+01
    0.2636269676E+03    0.2730119541E+03   -0.9384986549E+01
    0.2787418701E+03    0.2879338856E+03   -0.9192015514E+01
    0.7419914298E+02    0.7021442018E+02    0.3984722794E+01
    0.1199555727E+03    0.1016650368E+03    0.1829053591E+02
    0.1275768211E+03    0.1168009475E+03    0.1077587352E+02
    0.1365911272E+03    0.1315625053E+03    0.5028621817E+01
    0.1664174620E+03    0.1600145218E+03    0.6402940207E+01
    0.1835905845E+03    0.1871192612E+03   -0.3528676675E+01
    0.2269835653E+03    0.2129663949E+03    0.1401717039E+02
    0.2427378609E+03    0.2376379812E+03    0.5099879637E+01
    0.2489758592E+03    0.2495566998E+03   -0.5808405264E+00
    0.2556213033E+03    0.2612092463E+03   -0.5587942993E+01
    0.2752750396E+03    0.2837492724E+03   -0.8474232786E+01
    0.3579410584E+03    0.3768718455E+03   -0.1893078707E+02
    0.3560854796E+03    0.3702686581E+03   -0.1418317849E+02
    0.3559526572E+03    0.3669002730E+03   -0.1094761578E+02
    0.3545054002E+03    0.3634860347E+03   -0.8980634541E+01
    0.3498113830E+03    0.3565158343E+03   -0.6704451322E+01
    0.3429812803E+03    0.3493493936E+03   -0.6368113297E+01
    0.3356323513E+03    0.3419774836E+03   -0.6345132326E+01
    0.3316835756E+03    0.3343902613E+03   -0.2706685728E+01
    0.3292392192E+03    0.3305126512E+03   -0.1273432001E+01
    0.3269858934E+03    0.3265772165E+03    0.4086769656E+00
    0.3207503283E+03    0.3185271127E+03    0.2223215564E+01
    0.7685966542E+02    0.8770789633E+02   -0.1084823091E+02
    0.9037831757E+02    0.9731595448E+02   -0.6937636906E+01
    0.9507898511E+02    0.1019971561E+03   -0.6918171029E+01
    0.1152563537E+03    0.1065988943E+03    0.8657459362E+01
    0.1250793226E+03    0.1155708800E+03    0.9508442578E+01
    0.1376933148E+03    0.1242451434E+03    0.1344817135E+02
    0.1448486749E+03    0.1326340587E+03    0.1221461618E+02
    0.1532934530E+03    0.1407492091E+03    0.1254424388E+02
    0.1533473073E+03    0.1447075411E+03    0.8639766183E+01
    0.1575849665E+03    0.1486014481E+03    0.8983518439E+01
    0.1621881784E+03    0.1562009542E+03    0.5987224179E+01
    0.8311168116E+02    0.7869878822E+02    0.4412892939E+01
    0.7247803067E+02    0.7761783172E+02   -0.5139801054E+01
    0.6678121200E+02    0.7701288898E+02   -0.1023167697E+02
    0.6475675694E+02    0.7636329786E+02   -0.1160654092E+02
    0.7030410540E+02    0.7492485505E+02   -0.4620749644E+01
    0.6625141588E+02    0.7329133262E+02   -0.7039916740E+01
    0.6514082646E+02    0.7145063341E+02   -0.6309806957E+01
    0.7365959505E+02    0.6938963491E+02    0.4269960145E+01
    0.6708569690E+02    0.6827211505E+02   -0.1186418152E+01
    0.6606186028E+02    0.6709407744E+02   -0.1032217165E+01
    0.7019308169E+02    0.6454843721E+02    0.5644644474E+01
    0.1593068290E+03    0.1549018321E+03    0.4404996885E+01
    0.1468949451E+03    0.1479619615E+03   -0.1067016347E+01
    0.1388089549E+03    0.1442212867E+03   -0.5412331853E+01
    0.1291537303E+03    0.1402893034E+03   -0.1113557314E+02
    0.1235282770E+03    0.1318155772E+03   -0.8287300261E+01
    0.1106958100E+03    0.1224626579E+03   -0.1176684794E+02
    0.9736886424E+02    0.1121407361E+03   -0.1477187187E+02
    0.9411222420E+02    0.1007460384E+03   -0.6633814242E+01
    0.7726231874E+02    0.9460946472E+02   -0.1734714597E+02
    0.6947861574E+02    0.8815797998E+02   -0.1867936424E+02
    0.7451208676E+02    0.7423557400E+02    0.2765127626E+00
    0.8219213345E+02    0.7649605270E+02    0.5696080750E+01
    0.9923806785E+02    0.1155100703E+03   -0.1627200243E+02
    0.1193451659E+03    0.1342768470E+03   -0.1493168101E+02
    0.1356927131E+03    0.1525737388E+03   -0.1688102567E+02
    0.1672786173E+03    0.1878236143E+03   -0.2054499707E+02
    0.2253661327E+03    0.2213835881E+03    0.3982544542E+01
    0.2698899312E+03    0.2533664039E+03    0.1652352729E+02
    0.2781444213E+03    0.2838749444E+03   -0.5730523068E+01
    0.2994904688E+03    0.2986060896E+03    0.8843792438E+00
    0.3348078087E+03    0.3130033302E+03    0.2180447849E+02
    0.3536124748E+03    0.3408378648E+03    0.1277460993E+02
    0.1815617150E+03    0.1370544386E+03    0.4450727640E+02
    0.1851328402E+03    0.1672783959E+03    0.1785444435E+02
    0.1879236927E+03    0.1818282936E+03    0.6095399117E+01
    0.1904213831E+03    0.1960260304E+03   -0.5604647244E+01
    0.2062694130E+03    0.2234254723E+03   -0.1715605931E+02
    0.2324792831E+03    0.2495874637E+03   -0.1710818058E+02
    0.2580894811E+03    0.2746086016E+03   -0.1651912056E+02
    0.2927787662E+03    0.2985738317E+03   -0.5795065549E+01
    0.3243674594E+03    0.3101843287E+03    0.1418313075E+02
    0.3451406716E+03    0.3215583940E+03    0.2358227758E+02
    0.3548500077E+03    0.3436293604E+03    0.1122064725E+02
    0.8919480068E+02    0.7362383410E+02    0.1557096658E+02
    0.1207847205E+03    0.1160646430E+03    0.4720077493E+01
    0.1243448504E+03    0.1361238664E+03   -0.1177901596E+02
    0.1408027874E+03    0.1554652958E+03   -0.1466250839E+02
    0.1693828405E+03    0.1921455089E+03   -0.2276266838E+02
    0.2053585443E+03    0.2263806718E+03   -0.2102212753E+02
    0.2357175677E+03    0.2584094361E+03   -0.2269186846E+02
    0.2786727984E+03    0.2884397700E+03   -0.9766971666E+01
    0.3075347098E+03    0.3027633451E+03    0.4771364731E+01
    0.3365297414E+03    0.3166538334E+03    0.1987590801E+02
    0.3525696231E+03    0.3432119362E+03    0.9357686904E+01
Prediction RMSE and MaxAE:        14.7590479592       44.5072763963
Predictions (y,pred,y-pred) by the model of dimension:     3
    0.2935234994E+03    0.2932880708E+03    0.2354286340E+00
    0.1587309654E+03    0.1660414423E+03   -0.7310476832E+01
    0.1746566799E+03    0.1812561598E+03   -0.6599479877E+01
    0.2635678493E+03    0.2561054619E+03    0.7462387389E+01
    0.2592711134E+03    0.2477339146E+03    0.1153719880E+02
    0.1533371356E+03    0.1656619059E+03   -0.1232477024E+02
    0.1737380718E+03    0.1810728894E+03   -0.7334817523E+01
    0.1354613601E+03    0.1369344733E+03   -0.1473113219E+01
    0.1415692716E+03    0.1430041766E+03   -0.1434904965E+01
    0.1215912466E+03    0.1305075472E+03   -0.8916300624E+01
    0.1096500264E+03    0.1083500275E+03    0.1299998887E+01
    0.1139947988E+03    0.1061610263E+03    0.7833772549E+01
    0.3022450560E+03    0.3135154765E+03   -0.1127042050E+02
    0.3443617784E+03    0.3561754392E+03   -0.1181366084E+02
    0.1198075480E+03    0.1099415364E+03    0.9866011524E+01
    0.1135857840E+03    0.1058243621E+03    0.7761421887E+01
    0.2788580290E+03    0.2567890008E+03    0.2206902811E+02
    0.3189353197E+03    0.2994805200E+03    0.1945479973E+02
    0.3054724589E+03    0.2963533822E+03    0.9119076704E+01
    0.1557885917E+03    0.1785587821E+03   -0.2277019041E+02
    0.1177067906E+03    0.9627232394E+02    0.2143446668E+02
    0.1777489072E+03    0.1982026598E+03   -0.2045375257E+02
    0.1784743125E+03    0.1857301573E+03   -0.7255844747E+01
    0.1956337281E+03    0.2025017696E+03   -0.6868041519E+01
    0.2605553334E+03    0.2721544379E+03   -0.1159910447E+02
    0.2590247442E+03    0.2645632840E+03   -0.5538539875E+01
    0.1618420223E+03    0.1906095292E+03   -0.2876750681E+02
    0.1079419546E+03    0.1088782348E+03   -0.9362802058E+00
    0.1750833160E+03    0.2098311752E+03   -0.3474785916E+02
    0.1299731940E+03    0.1603269299E+03   -0.3035373583E+02
    0.1169255214E+03    0.1087828875E+03    0.8142633913E+01
    0.1562825046E+03    0.1713058334E+03   -0.1502332877E+02
    0.1770777058E+03    0.1967731884E+03   -0.1969548259E+02
    0.1900791570E+03    0.2134273203E+03   -0.2334816335E+02
    0.1509485565E+03    0.1685925122E+03   -0.1764395574E+02
    0.1653278390E+03    0.1764073040E+03   -0.1107946493E+02
    0.1854096194E+03    0.1832523317E+03    0.2157287745E+01
    0.1640343275E+03    0.1642207478E+03   -0.1864202999E+00
    0.1464641946E+03    0.1446673009E+03    0.1796893727E+01
    0.1858012828E+03    0.1671943565E+03    0.1860692633E+02
    0.1653253369E+03    0.1704098429E+03   -0.5084505999E+01
    0.1777252035E+03    0.1708745130E+03    0.6850690540E+01
    0.3048441671E+03    0.3034557431E+03    0.1388424088E+01
    0.3431197118E+03    0.3442149627E+03   -0.1095250916E+01
    0.1196200687E+03    0.1082340252E+03    0.1138604348E+02
    0.9846246946E+02    0.8435834906E+02    0.1410412040E+02
    0.1234999985E+03    0.1110511771E+03    0.1244882143E+02
    0.2754221649E+03    0.2587681317E+03    0.1665403312E+02
    0.1012461757E+03    0.8301099441E+02    0.1823518124E+02
    0.3280589644E+03    0.3055265559E+03    0.2253240845E+02
    0.1252586322E+03    0.1204067801E+03    0.4851852152E+01
    0.1336360451E+03    0.1177141993E+03    0.1592184577E+02
    0.2730061052E+03    0.2611459312E+03    0.1186017401E+02
    0.3342069804E+03    0.3062396935E+03    0.2796728695E+02
    0.2925690386E+03    0.2832570498E+03    0.9311988817E+01
    0.2499290681E+03    0.2468462556E+03    0.3082812588E+01
    0.2494959393E+03    0.2393490727E+03    0.1014686659E+02
    0.1635212792E+03    0.1262146839E+03    0.3730659530E+02
    0.3044292394E+03    0.3060119116E+03   -0.1582672225E+01
    0.3466922574E+03    0.3420248718E+03    0.4667385618E+01
    0.7539411855E+02    0.8007495306E+02   -0.4680834511E+01
    0.8308542094E+02    0.1063435393E+03   -0.2325811841E+02
    0.1161810959E+03    0.1195238392E+03   -0.3342743231E+01
    0.1374857342E+03    0.1327391136E+03    0.4746620696E+01
    0.1810345920E+03    0.1592869862E+03    0.2174760579E+02
    0.2137989748E+03    0.1860112048E+03    0.2778776995E+02
    0.2362153392E+03    0.2129347343E+03    0.2328060493E+02
    0.2531818108E+03    0.2400796164E+03    0.1310219437E+02
    0.2540849331E+03    0.2537417357E+03    0.3431973766E+00
    0.2565445535E+03    0.2674671121E+03   -0.1092255864E+02
    0.2716754675E+03    0.2951178289E+03   -0.2344236136E+02
    0.1656333067E+03    0.1465006713E+03    0.1913263539E+02
    0.1614262859E+03    0.1655763676E+03   -0.4150081750E+01
    0.1638021596E+03    0.1749535268E+03   -0.1115136727E+02
    0.1557274398E+03    0.1842274324E+03   -0.2849999262E+02
    0.1765848111E+03    0.2024763901E+03   -0.2589157897E+02
    0.2133581471E+03    0.2203439902E+03   -0.6985843121E+01
    0.2477361032E+03    0.2378494266E+03    0.9886676590E+01
    0.2563639819E+03    0.2550105327E+03    0.1353449277E+01
    0.2589913668E+03    0.2634672056E+03   -0.4475838813E+01
    0.2636269676E+03    0.2718439541E+03   -0.8216986512E+01
    0.2787418701E+03    0.2883653049E+03   -0.9623434826E+01
    0.7419914298E+02    0.8431689232E+02   -0.1011774934E+02
    0.1199555727E+03    0.1093034685E+03    0.1065210419E+02
    0.1275768211E+03    0.1219028269E+03    0.5673994147E+01
    0.1365911272E+03    0.1345724002E+03    0.2018726950E+01
    0.1664174620E+03    0.1601207275E+03    0.6296734439E+01
    0.1835905845E+03    0.1859455751E+03   -0.2354990638E+01
    0.2269835653E+03    0.2120441488E+03    0.1493941658E+02
    0.2427378609E+03    0.2384137321E+03    0.4324128726E+01
    0.2489758592E+03    0.2516993242E+03   -0.2723464978E+01
    0.2556213033E+03    0.2650516839E+03   -0.9430380546E+01
    0.2752750396E+03    0.2919554343E+03   -0.1668039469E+02
    0.3579410584E+03    0.3749202139E+03   -0.1697915552E+02
    0.3560854796E+03    0.3678658918E+03   -0.1178041218E+02
    0.3559526572E+03    0.3642983580E+03   -0.8345700810E+01
    0.3545054002E+03    0.3607033477E+03   -0.6197947469E+01
    0.3498113830E+03    0.3534291474E+03   -0.3617764459E+01
    0.3429812803E+03    0.3460396760E+03   -0.3058395685E+01
    0.3356323513E+03    0.3385311239E+03   -0.2898772645E+01
    0.3316835756E+03    0.3308994732E+03    0.7841023540E+00
    0.3292392192E+03    0.3270361694E+03    0.2203049846E+01
    0.3269858934E+03    0.3231404816E+03    0.3845411861E+01
    0.3207503283E+03    0.3152496653E+03    0.5500662963E+01
    0.7685966542E+02    0.8242624341E+02   -0.5566577988E+01
    0.9037831757E+02    0.9208604928E+02   -0.1707731706E+01
    0.9507898511E+02    0.9689284184E+02   -0.1813856729E+01
    0.1152563537E+03    0.1016843730E+03    0.1357198063E+02
    0.1250793226E+03    0.1112220810E+03    0.1385724156E+02
    0.1376933148E+03    0.1207000212E+03    0.1699329357E+02
    0.1448486749E+03    0.1301190239E+03    0.1472965095E+02
    0.1532934530E+03    0.1394799020E+03    0.1381355100E+02
    0.1533473073E+03    0.1441387937E+03    0.9208513667E+01
    0.1575849665E+03    0.1487834514E+03    0.8801515108E+01
    0.1621881784E+03    0.1580304519E+03    0.4157726516E+01
    0.8311168116E+02    0.7213535031E+02    0.1097633085E+02
    0.7247803067E+02    0.7159251072E+02    0.8855199503E+00
    0.6678121200E+02    0.7133254763E+02   -0.4551335627E+01
    0.6475675694E+02    0.7108125744E+02   -0.6324500500E+01
    0.7030410540E+02    0.7060814459E+02   -0.3040391895E+00
    0.6625141588E+02    0.7018072187E+02   -0.3929305983E+01
    0.6514082646E+02    0.6980771310E+02   -0.4666886643E+01
    0.7365959505E+02    0.6949923355E+02    0.4160361506E+01
    0.6708569690E+02    0.6937279804E+02   -0.2287101138E+01
    0.6606186028E+02    0.6926705618E+02   -0.3205195900E+01
    0.7019308169E+02    0.6912494013E+02    0.1068141554E+01
    0.1593068290E+03    0.1586263054E+03    0.6805236768E+00
    0.1468949451E+03    0.1498006521E+03   -0.2905706960E+01
    0.1388089549E+03    0.1452975651E+03   -0.6488610190E+01
    0.1291537303E+03    0.1407320799E+03   -0.1157834963E+02
    0.1235282770E+03    0.1314067637E+03   -0.7878486688E+01
    0.1106958100E+03    0.1218095147E+03   -0.1111370477E+02
    0.9736886424E+02    0.1119235856E+03   -0.1455472134E+02
    0.9411222420E+02    0.1017304357E+03   -0.7618211497E+01
    0.7726231874E+02    0.9651230093E+02   -0.1924998218E+02
    0.6947861574E+02    0.9120945107E+02   -0.2173083533E+02
    0.7451208676E+02    0.8033760418E+02   -0.5825517419E+01
    0.8219213345E+02    0.8393719762E+02   -0.1745064169E+01
    0.9923806785E+02    0.1166967243E+03   -0.1745865650E+02
    0.1193451659E+03    0.1332201159E+03   -0.1387494999E+02
    0.1356927131E+03    0.1498390666E+03   -0.1414635349E+02
    0.1672786173E+03    0.1833629845E+03   -0.1608436727E+02
    0.2253661327E+03    0.2172670397E+03    0.8099092986E+01
    0.2698899312E+03    0.2515496272E+03    0.1834030400E+02
    0.2781444213E+03    0.2862090036E+03   -0.8064582228E+01
    0.2994904688E+03    0.3036794107E+03   -0.4188941885E+01
    0.3348078087E+03    0.3212433104E+03    0.1356449830E+02
    0.3536124748E+03    0.3566505946E+03   -0.3038119821E+01
    0.1815617150E+03    0.1478521325E+03    0.3370958247E+02
    0.1851328402E+03    0.1724489999E+03    0.1268384038E+02
    0.1879236927E+03    0.1847776521E+03    0.3146040610E+01
    0.1904213831E+03    0.1971276462E+03   -0.6706263067E+01
    0.2062694130E+03    0.2218949609E+03   -0.1562554797E+02
    0.2324792831E+03    0.2467571098E+03   -0.1427782670E+02
    0.2580894811E+03    0.2717196163E+03   -0.1363013526E+02
    0.2927787662E+03    0.2967874323E+03   -0.4008666112E+01
    0.3243674594E+03    0.3093622379E+03    0.1500522147E+02
    0.3451406716E+03    0.3219650000E+03    0.2317567162E+02
    0.3548500077E+03    0.3472563061E+03    0.7593701578E+01
    0.8919480068E+02    0.7806005869E+02    0.1113474199E+02
    0.1207847205E+03    0.1099157399E+03    0.1086898053E+02
    0.1243448504E+03    0.1259713063E+03   -0.1626455914E+01
    0.1408027874E+03    0.1421142481E+03   -0.1311460658E+01
    0.1693828405E+03    0.1746674818E+03   -0.5284641271E+01
    0.2053585443E+03    0.2075839422E+03   -0.2225397923E+01
    0.2357175677E+03    0.2408695287E+03   -0.5151961053E+01
    0.2786727984E+03    0.2745281349E+03    0.4144663500E+01
    0.3075347098E+03    0.2914981018E+03    0.1603660800E+02
    0.3365297414E+03    0.3085620993E+03    0.2796764212E+02
    0.3525696231E+03    0.3429725503E+03    0.9597072871E+01
Prediction RMSE and MaxAE:        13.1018363679       37.3065953012
