Descriptor coordinates by the model of dimension:     1
    0.1590159182E+02
    0.1656699424E+02
    0.1630684438E+02
    0.1625490565E+02
    0.1540114103E+02
    0.1567271972E+02
    0.1566734114E+02
    0.1530825117E+02
    0.1702146991E+02
    0.1694250880E+02
    0.1678443374E+02
    0.1710164908E+02
    0.1704508027E+02
    0.1639707074E+02
    0.1658364304E+02
    0.1593843765E+02
    0.1607114996E+02
Descriptor coordinates by the model of dimension:     2
    0.1607111111E+01   -0.4602189524E-01
    0.1727146097E+01   -0.4812669489E-01
    0.1705992873E+01   -0.4366219219E-01
    0.1729980703E+01   -0.4087746254E-01
    0.1510416767E+01   -0.4511242590E-01
    0.1534494945E+01   -0.4765446988E-01
    0.1565461006E+01   -0.4863282860E-01
    0.1456481481E+01   -0.5037941749E-01
    0.1844400000E+01   -0.4153381746E-01
    0.1832800000E+01   -0.4073509020E-01
    0.1809600000E+01   -0.3922638315E-01
    0.1837264000E+01   -0.4646504546E-01
    0.1779904000E+01   -0.5310290909E-01
    0.1742976000E+01   -0.4349651485E-01
    0.1762747004E+01   -0.4632247855E-01
    0.1627323251E+01   -0.4342732364E-01
    0.1700443787E+01   -0.4493263926E-01
Descriptor coordinates by the model of dimension:     3
    0.1607111111E+01   -0.2172878789E+02    0.1091092705E+03
    0.1727146097E+01   -0.2077848899E+02    0.1091092705E+03
    0.1705992873E+01   -0.2290311022E+02    0.0000000000E+00
    0.1729980703E+01   -0.2446335799E+02    0.1142427635E+03
    0.1510416767E+01   -0.2216684162E+02    0.7111670089E+02
    0.1534494945E+01   -0.2098439039E+02    0.1091092705E+03
    0.1565461006E+01   -0.2056224219E+02    0.0000000000E+00
    0.1456481481E+01   -0.1984937599E+02    0.4539992976E+02
    0.1844400000E+01   -0.2407676590E+02    0.0000000000E+00
    0.1832800000E+01   -0.2454885935E+02    0.0000000000E+00
    0.1809600000E+01   -0.2549304625E+02    0.0000000000E+00
    0.1837264000E+01   -0.2152155432E+02    0.4539992976E+02
    0.1779904000E+01   -0.1883136003E+02    0.4539992976E+02
    0.1742976000E+01   -0.2299034770E+02    0.4539992976E+02
    0.1762747004E+01   -0.2158779131E+02    0.4539992976E+02
    0.1627323251E+01   -0.2302697740E+02    0.4539992976E+02
    0.1700443787E+01   -0.2225553665E+02    0.4539992976E+02
