Descriptor coordinates by the model of dimension:     1
    0.3594665621E+00
    0.4218798460E+00
    0.3040388796E+00
    0.3047734513E+00
    0.3527684964E+00
    0.3747349935E+00
    0.3087397389E+00
    0.3260239894E+00
    0.3492941284E+00
    0.4121870589E+00
    0.4363615516E+00
    0.2877949689E+00
    0.3312106378E+00
    0.3639770932E+00
    0.4376898174E+00
    0.4696180281E+00
    0.3816129326E+00
Descriptor coordinates by the model of dimension:     2
    0.2988099928E-02    0.4464650981E-02
    0.3200108471E-02    0.4394328170E-02
    0.2793655505E-02    0.4215638057E-02
    0.2791322933E-02    0.4192263043E-02
    0.2967357064E-02    0.3907169479E-02
    0.3038262404E-02    0.4277813996E-02
    0.2825915927E-02    0.4830763815E-02
    0.2876685269E-02    0.5286210802E-02
    0.2949438850E-02    0.4298843614E-02
    0.3183141892E-02    0.4298843614E-02
    0.3227699306E-02    0.5088362058E-02
    0.2757227318E-02    0.4448439526E-02
    0.2873028774E-02    0.3947851741E-02
    0.3005861767E-02    0.3788198187E-02
    0.3280790956E-02    0.3788198187E-02
    0.3405808929E-02    0.3788198187E-02
    0.3063772768E-02    0.5044109164E-02
Descriptor coordinates by the model of dimension:     3
    0.5859316809E+03    0.6454406211E+01   -0.1156400599E+00
    0.6835495183E+03    0.4631243239E+01   -0.7591204734E-01
    0.5257047156E+03    0.4396524529E+01   -0.2804229074E-01
    0.5291041352E+03    0.3762731938E+01   -0.5019326550E-01
    0.5962676639E+03    0.3197291698E+01   -0.1002284354E+00
    0.6210657467E+03    0.4697849224E+01   -0.2799518010E-01
    0.5144868150E+03    0.8519014160E+01   -0.1507994630E-01
    0.5343145605E+03    0.9694201647E+01   -0.2878941588E-01
    0.6080084771E+03    0.2762842637E+01   -0.7254293170E-02
    0.6667388326E+03    0.5568836979E+01   -0.1443786170E+00
    0.6967117210E+03    0.6115492263E+01   -0.7470294217E-01
    0.4784790356E+03    0.1001201802E+02   -0.3449543146E-01
    0.5536813448E+03    0.3645857121E+01   -0.2276182360E+00
    0.6261427367E+03    0.2722837914E+01   -0.1110365847E-01
    0.7035655589E+03    0.4304786132E+01   -0.1260631750E+00
    0.7389672347E+03    0.5281204549E+01   -0.2885412075E+00
    0.6144063857E+03    0.8145563755E+01   -0.7374710900E-01
