Descriptor coordinates by the model of dimension:     1
    0.1683562100E+02
    0.1548701338E+02
    0.1563409383E+02
    0.1601863482E+02
    0.1668843340E+02
    0.1649450890E+02
    0.1557413088E+02
    0.1552872871E+02
    0.1642960775E+02
    0.1686349675E+02
    0.1638835447E+02
    0.1710227241E+02
    0.1652154250E+02
    0.1656099157E+02
    0.1629695508E+02
    0.1560396419E+02
    0.1585301031E+02
Descriptor coordinates by the model of dimension:     2
    0.1554126937E-01    0.3686933280E+00
    0.1256619003E-01    0.2190406596E+00
    0.1291579723E-01    0.3496992367E+00
    0.1379181205E-01    0.4031089740E+00
    0.1506891070E-01    0.5861999194E+00
    0.1479048947E-01    0.3960053452E+00
    0.1270949310E-01    0.5649896366E+00
    0.1259841110E-01    0.5803556734E+00
    0.1448130172E-01    0.6440812057E+00
    0.1561495252E-01    0.3335804652E+00
    0.1460384080E-01    0.2314701830E+00
    0.1620445744E-01    0.3012889894E+00
    0.1477163874E-01    0.3256657864E+00
    0.1483669978E-01    0.3383923113E+00
    0.1429059378E-01    0.3084323373E+00
    0.1281356872E-01    0.2312613223E+00
    0.1343596847E-01    0.4345013835E+00
Descriptor coordinates by the model of dimension:     3
    0.1215259286E+02    0.1231696789E-02   -0.1303372231E+05
    0.1131384466E+02    0.6136400780E-03   -0.1441418534E+05
    0.1138568980E+02    0.2626686872E-02   -0.2056522652E+04
    0.1159284724E+02    0.4134882223E-02   -0.5230363549E+03
    0.1204634724E+02    0.1394507952E-02   -0.5726617922E+03
    0.1194871383E+02    0.1875972483E-02   -0.1727272727E+01
    0.1135355791E+02    0.7231883905E-02   -0.1727272727E+01
    0.1132769150E+02    0.7231883905E-02   -0.1727272727E+01
    0.1190169907E+02    0.1255520548E-02   -0.3804571365E+05
    0.1213771284E+02    0.0000000000E+00   -0.2500000000E+01
    0.1179572324E+02    0.0000000000E+00   -0.2500000000E+01
    0.1230957461E+02    0.0000000000E+00   -0.5506616449E+05
    0.1189158699E+02    0.0000000000E+00   -0.5506616449E+05
    0.1191998095E+02    0.0000000000E+00   -0.5506616449E+05
    0.1182687244E+02    0.1155800405E-02   -0.3804571365E+05
    0.1138950154E+02    0.1155800405E-02   -0.3804571365E+05
    0.1150469703E+02    0.3182024234E-02   -0.3804571365E+05
