Descriptor coordinates by the model of dimension:     1
    0.4411913193E+01
    0.4652242854E+01
    0.4428035325E+01
    0.4450131695E+01
    0.4321841190E+01
    0.4141466230E+01
    0.4243529374E+01
    0.4625562718E+01
    0.4617903876E+01
    0.4781689371E+01
    0.4281775568E+01
    0.4528801081E+01
    0.4172907057E+01
    0.4130243291E+01
    0.4250028883E+01
    0.4916700080E+01
    0.4440025625E+01
Descriptor coordinates by the model of dimension:     2
    0.2363827687E+02    0.1091092705E+03
    0.2647928143E+02    0.1150640330E+03
    0.2452264471E+02    0.1091092705E+03
    0.2365394891E+02    0.0000000000E+00
    0.2294423272E+02    0.1091092705E+03
    0.2064548181E+02    0.1142427635E+03
    0.2106327003E+02    0.0000000000E+00
    0.2719273619E+02    0.1150640330E+03
    0.2689090505E+02    0.1091092705E+03
    0.2764603037E+02    0.0000000000E+00
    0.2240699295E+02    0.4539992976E+02
    0.2513680842E+02    0.4539992976E+02
    0.2055580635E+02    0.0000000000E+00
    0.1988993199E+02    0.4539992976E+02
    0.2096233462E+02    0.4539992976E+02
    0.3097846844E+02    0.4539992976E+02
    0.2403772622E+02    0.0000000000E+00
Descriptor coordinates by the model of dimension:     3
    0.2363827687E+02    0.1091092705E+03    0.3454345327E+02
    0.2647928143E+02    0.1150640330E+03    0.3529144381E+02
    0.2452264471E+02    0.1091092705E+03    0.4296400097E+02
    0.2365394891E+02    0.0000000000E+00    0.3955258791E+02
    0.2294423272E+02    0.1091092705E+03    0.6087975169E+02
    0.2064548181E+02    0.1142427635E+03    0.0000000000E+00
    0.2106327003E+02    0.0000000000E+00    0.5565707066E+02
    0.2719273619E+02    0.1150640330E+03    0.4931777929E+02
    0.2689090505E+02    0.1091092705E+03    0.4986527544E+02
    0.2764603037E+02    0.0000000000E+00    0.9395499271E+01
    0.2240699295E+02    0.4539992976E+02    0.2760668203E+02
    0.2513680842E+02    0.4539992976E+02    0.2760668203E+02
    0.2055580635E+02    0.0000000000E+00    0.0000000000E+00
    0.1988993199E+02    0.4539992976E+02    0.0000000000E+00
    0.2096233462E+02    0.4539992976E+02    0.2444324974E+02
    0.3097846844E+02    0.4539992976E+02    0.2444324974E+02
    0.2403772622E+02    0.0000000000E+00    0.3390597326E+02
