Descriptor coordinates by the model of dimension:     1
    0.2963224183E-02
    0.3062698064E-02
    0.2315627736E-02
    0.2873839283E-02
    0.3055398249E-02
    0.3039323616E-02
    0.2944085249E-02
    0.2861373814E-02
    0.2977663512E-02
    0.3084860659E-02
    0.3047853118E-02
    0.2966048592E-02
    0.2734540800E-02
    0.2675316716E-02
    0.2024658227E-02
    0.2179200940E-02
    0.2107313467E-02
    0.2064575301E-02
    0.2042926673E-02
    0.1976822698E-02
    0.1965631924E-02
    0.3217205583E-02
    0.3254719768E-02
    0.3279613689E-02
    0.2961627018E-02
    0.3156323267E-02
    0.3093457590E-02
    0.2830580065E-02
    0.2485681844E-02
    0.2250564579E-02
    0.2950981827E-02
    0.2822504379E-02
    0.2686801055E-02
    0.2406303037E-02
Descriptor coordinates by the model of dimension:     2
    0.2963224183E-02    0.2643633251E+01
    0.3062698064E-02    0.2763436379E+01
    0.2315627736E-02    0.2970790566E+01
    0.2873839283E-02    0.2683293374E+01
    0.3055398249E-02    0.2623551885E+01
    0.3039323616E-02    0.2635058467E+01
    0.2944085249E-02    0.2699190248E+01
    0.2861373814E-02    0.2762315053E+01
    0.2977663512E-02    0.2755913870E+01
    0.3084860659E-02    0.2779772192E+01
    0.3047853118E-02    0.2836778596E+01
    0.2966048592E-02    0.2849006022E+01
    0.2734540800E-02    0.3015810906E+01
    0.2675316716E-02    0.3015810906E+01
    0.2024658227E-02    0.3015810906E+01
    0.2179200940E-02    0.2996379487E+01
    0.2107313467E-02    0.2996112618E+01
    0.2064575301E-02    0.3040173098E+01
    0.2042926673E-02    0.3062203337E+01
    0.1976822698E-02    0.3128294057E+01
    0.1965631924E-02    0.3139309177E+01
    0.3217205583E-02    0.2588227874E+01
    0.3254719768E-02    0.2533159195E+01
    0.3279613689E-02    0.2496446743E+01
    0.2961627018E-02    0.2722966553E+01
    0.3156323267E-02    0.2655375185E+01
    0.3093457590E-02    0.2700939269E+01
    0.2830580065E-02    0.2860978277E+01
    0.2485681844E-02    0.2770631594E+01
    0.2250564579E-02    0.2730477513E+01
    0.2950981827E-02    0.2752485160E+01
    0.2822504379E-02    0.2752485160E+01
    0.2686801055E-02    0.2752485160E+01
    0.2406303037E-02    0.2752485160E+01
Descriptor coordinates by the model of dimension:     3
    0.2963224183E-02    0.3946604247E+05    0.3870361070E+05
    0.3062698064E-02    0.2978376421E+05    0.4139057969E+05
    0.2315627736E-02    0.5391206457E+05    0.4296268821E+05
    0.2873839283E-02    0.3775343742E+05    0.4053958995E+05
    0.3055398249E-02    0.2633475621E+05    0.4037695375E+05
    0.3039323616E-02    0.2627051894E+05    0.4066999738E+05
    0.2944085249E-02    0.3286658454E+05    0.4096406261E+05
    0.2861373814E-02    0.3866918044E+05    0.4057522992E+05
    0.2977663512E-02    0.3380154669E+05    0.4053845259E+05
    0.3084860659E-02    0.2973576374E+05    0.4092008755E+05
    0.3047853118E-02    0.3355311713E+05    0.4006960043E+05
    0.2966048592E-02    0.3088526376E+05    0.4261712482E+05
    0.2734540800E-02    0.2678122927E+05    0.4509075779E+05
    0.2675316716E-02    0.3186876775E+05    0.4509075779E+05
    0.2024658227E-02    0.6419800328E+05    0.4509075779E+05
    0.2179200940E-02    0.6199673037E+05    0.4272526004E+05
    0.2107313467E-02    0.6757308207E+05    0.4144120171E+05
    0.2064575301E-02    0.6757308207E+05    0.4205063115E+05
    0.2042926673E-02    0.6757308207E+05    0.4235534587E+05
    0.1976822698E-02    0.6757308207E+05    0.4326949002E+05
    0.1965631924E-02    0.6757308207E+05    0.4342184738E+05
    0.3217205583E-02    0.2714525513E+05    0.3934566035E+05
    0.3254719768E-02    0.2714525513E+05    0.3850851864E+05
    0.3279613689E-02    0.2714525513E+05    0.3795042417E+05
    0.2961627018E-02    0.2643352778E+05    0.4126516880E+05
    0.3156323267E-02    0.2643352778E+05    0.4024085610E+05
    0.3093457590E-02    0.3081572053E+05    0.3988004169E+05
    0.2830580065E-02    0.3179885246E+05    0.4232031610E+05
    0.2485681844E-02    0.5208405169E+05    0.4098388507E+05
    0.2250564579E-02    0.6405716249E+05    0.4038991572E+05
    0.2950981827E-02    0.4028495221E+05    0.3863471122E+05
    0.2822504379E-02    0.4497347344E+05    0.3863471122E+05
    0.2686801055E-02    0.5010816004E+05    0.3863471122E+05
    0.2406303037E-02    0.6185121784E+05    0.3863471122E+05
