Version SISSO.3.0.2, June, 2020.
================================================================================

Reading data from train.dat ...
Reading parameters from SISSO.in: 
--------------------------------------------------------------------------------
Restarts :     F
Descriptor dimension:        3
Property type:     1
Total number of properties:        1
Task_weighting:        1
Number of samples for each property:      136
Number of scalar features:       33
Number of recursive calls for feature transformation (rung of the feature space):        2
Max feature complexity (number of operators in a feature):       10
Number of dimension(unit)-type (for dimension analysis):       11
Dimension type for each primary feature: 
  1.00  0.00  0.00  0.00  0.00  0.00  0.00  0.00  0.00  0.00  0.00
  1.00  0.00  0.00  0.00  0.00  0.00  0.00  0.00  0.00  0.00  0.00
  1.00  0.00  0.00  0.00  0.00  0.00  0.00  0.00  0.00  0.00  0.00
  0.00  1.00  0.00  0.00  0.00  0.00  0.00  0.00  0.00  0.00  0.00
  0.00  1.00  0.00  0.00  0.00  0.00  0.00  0.00  0.00  0.00  0.00
  0.00  1.00  0.00  0.00  0.00  0.00  0.00  0.00  0.00  0.00  0.00
  0.00  0.00  1.00  0.00  0.00  0.00  0.00  0.00  0.00  0.00  0.00
  0.00  0.00  1.00  0.00  0.00  0.00  0.00  0.00  0.00  0.00  0.00
  0.00  0.00  1.00  0.00  0.00  0.00  0.00  0.00  0.00  0.00  0.00
  0.00  0.00  0.00  1.00  0.00  0.00  0.00  0.00  0.00  0.00  0.00
  0.00  0.00  0.00  1.00  0.00  0.00  0.00  0.00  0.00  0.00  0.00
  0.00  0.00  0.00  1.00  0.00  0.00  0.00  0.00  0.00  0.00  0.00
  0.00  0.00  0.00  0.00  1.00  0.00  0.00  0.00  0.00  0.00  0.00
  0.00  0.00  0.00  0.00  1.00  0.00  0.00  0.00  0.00  0.00  0.00
  0.00  0.00  0.00  0.00  1.00  0.00  0.00  0.00  0.00  0.00  0.00
  0.00  0.00  0.00  0.00  0.00  1.00  0.00  0.00  0.00  0.00  0.00
  0.00  0.00  0.00  0.00  0.00  1.00  0.00  0.00  0.00  0.00  0.00
  0.00  0.00  0.00  0.00  0.00  1.00  0.00  0.00  0.00  0.00  0.00
  0.00  0.00  0.00  0.00  0.00  0.00  1.00  0.00  0.00  0.00  0.00
  0.00  0.00  0.00  0.00  0.00  0.00  1.00  0.00  0.00  0.00  0.00
  0.00  0.00  0.00  0.00  0.00  0.00  1.00  0.00  0.00  0.00  0.00
  0.00  0.00  0.00  0.00  0.00  0.00  0.00  1.00  0.00  0.00  0.00
  0.00  0.00  0.00  0.00  0.00  0.00  0.00  1.00  0.00  0.00  0.00
  0.00  0.00  0.00  0.00  0.00  0.00  0.00  1.00  0.00  0.00  0.00
  0.00  0.00  0.00  0.00  0.00  0.00  0.00  0.00  1.00  0.00  0.00
  0.00  0.00  0.00  0.00  0.00  0.00  0.00  0.00  1.00  0.00  0.00
  0.00  0.00  0.00  0.00  0.00  0.00  0.00  0.00  1.00  0.00  0.00
  0.00  0.00  0.00  0.00  0.00  0.00  0.00  0.00  0.00  1.00  0.00
  0.00  0.00  0.00  0.00  0.00  0.00  0.00  0.00  0.00  1.00  0.00
  0.00  0.00  0.00  0.00  0.00  0.00  0.00  0.00  0.00  1.00  0.00
  0.00  0.00  0.00  0.00  0.00  0.00  0.00  0.00  0.00  0.00  1.00
  0.00  0.00  0.00  0.00  0.00  0.00  0.00  0.00  0.00  0.00  1.00
  0.00  0.00  0.00  0.00  0.00  0.00  0.00  0.00  0.00  0.00  1.00
Lower bound of the max abs. data value for the selected features:     0.10000E-02
Upper bound of the max abs. data value for the selected features:     0.10000E+06
Size of the SIS-selected (single) subspace :     1000    1000    1000
Operators for feature construction: (+)(-)(*)(/)(exp)(^-1)(^2)(^3)(sqrt)(log)(^6) (+)(-)(*)(/)(exp)(^-1)(^2)(^3)(sqrt)(log)(^6) 
Method for sparsification:  L0        
Number of the top ranked models to output:      100
Fitting intercept?      T
Metric for model selection: RMSE
--------------------------------------------------------------------------------

Feature Construction and Descriptor Identification (FCDI) starts ...

iteration:   1
--------------------------------------------------------------------------------
FC starts ...
Standard Deviation (SD) of property 001:   20.67283
Total number of features in the space phi00:             33
Total number of features in the space phi01:           1835
Total number of features in the space phi02:        4687976
Size of the SIS-selected subspace from phi02:       1000
Wall-clock time (second) for this FC:            0.56
FC done!

DI starts ...
total number of SIS-selected features from all iterations:       1000
L0 starts ...

Model/descriptor for generating residual:
================================================================================
  1D descriptor (model): 
Total RMSE,MaxAE:   8.326594 23.698862
@@@descriptor: 
                      1:[(log(en_pauling_avg)/exp(valence_avg))]
       coefficients_001:     0.5202959347E+05
          Intercept_001:    -0.4074215592E+02
         RMSE,MaxAE_001:     0.8326593943E+01    0.2369886200E+02
================================================================================
Wall-clock time (second) for this DI:            0.04
DI done!

iteration:   2
--------------------------------------------------------------------------------
FC starts ...
File containing the features to be rejected: feature_space/Uspace.name
Total number of features in the space phi00:             33
Total number of features in the space phi01:           1835
Total number of features in the space phi02:        4687976
Size of the SIS-selected subspace from phi02:       1000
Wall-clock time (second) for this FC:            0.56
FC done!

DI starts ...
total number of SIS-selected features from all iterations:       2000
L0 starts ...

Model/descriptor for generating residual:
================================================================================
  2D descriptor (model): 
Total RMSE,MaxAE:   7.107166 18.679528
@@@descriptor: 
                      1:[(log(en_pauling_avg)/exp(valence_avg))]
                   1131:[((period_red*atomic_radius_avg)*(valence_red/heat_of_formation_red))]
       coefficients_001:     0.6360384208E+05    0.4054211185E+02
          Intercept_001:    -0.1853821983E+03
         RMSE,MaxAE_001:     0.7107165608E+01    0.1867952798E+02
================================================================================
Wall-clock time (second) for this DI:            0.60
DI done!

iteration:   3
--------------------------------------------------------------------------------
FC starts ...
File containing the features to be rejected: feature_space/Uspace.name
Total number of features in the space phi00:             33
Total number of features in the space phi01:           1835
Total number of features in the space phi02:        4687976
Size of the SIS-selected subspace from phi02:       1000
Wall-clock time (second) for this FC:            0.58
FC done!

DI starts ...
total number of SIS-selected features from all iterations:       3000
L0 starts ...

Final model/descriptor to report
================================================================================
  3D descriptor (model): 
Total RMSE,MaxAE:   6.466688 15.876895
@@@descriptor: 
                      1:[(log(en_pauling_avg)/exp(valence_avg))]
                    727:[((valence_avg)^6*(en_allen_red/valence_red))]
                   1043:[((atomic_radius_avg*atomic_radius_red)*(melting_point_red/heat_of_formation_red))]
       coefficients_001:     0.1066287507E+06    0.1171658026E-02    0.5671993548E-02
          Intercept_001:    -0.4712487487E+03
         RMSE,MaxAE_001:     0.6466688209E+01    0.1587689492E+02
================================================================================
Wall-clock time (second) for this DI:         1416.40
DI done!

FCDI done !

--------------------------------------------------------------------------------
Total wall-clock time (second):         1422.64

                                               Have a nice day !    

