Descriptor coordinates by the model of dimension:     1
    0.2670249631E-02
    0.3129910270E-02
    0.2906522323E-02
    0.2140632842E-02
    0.3173831617E-02
    0.2758962221E-02
    0.2249600629E-02
    0.2075329124E-02
    0.2021087306E-02
    0.3060747949E-02
    0.2821248044E-02
    0.3229733533E-02
    0.3017830944E-02
    0.2428905912E-02
    0.3120736490E-02
    0.2547193194E-02
    0.2266180839E-02
Descriptor coordinates by the model of dimension:     2
    0.2670249631E-02    0.2903939135E+01
    0.3129910270E-02    0.2630838307E+01
    0.2906522323E-02    0.2849006022E+01
    0.2140632842E-02    0.3015810906E+01
    0.3173831617E-02    0.2849703568E+01
    0.2758962221E-02    0.2912564676E+01
    0.2249600629E-02    0.2985902636E+01
    0.2075329124E-02    0.3029157978E+01
    0.2021087306E-02    0.3084233577E+01
    0.3060747949E-02    0.2612994440E+01
    0.2821248044E-02    0.2612994440E+01
    0.3229733533E-02    0.2569871648E+01
    0.3017830944E-02    0.2703654734E+01
    0.2428905912E-02    0.2760593074E+01
    0.3120736490E-02    0.2752485160E+01
    0.2547193194E-02    0.2752485160E+01
    0.2266180839E-02    0.2752485160E+01
Descriptor coordinates by the model of dimension:     3
    0.2670249631E-02    0.2291018200E+04    0.9580788280E+03
    0.3129910270E-02    0.1506380467E+04    0.9233238105E+03
    0.2906522323E-02    0.1965875406E+04    0.9473510024E+03
    0.2140632842E-02    0.3362802576E+04    0.1003819336E+04
    0.3173831617E-02    0.1782806366E+04    0.8961406521E+03
    0.2758962221E-02    0.2512150643E+04    0.9159084607E+03
    0.2249600629E-02    0.3661762627E+04    0.9389709039E+03
    0.2075329124E-02    0.3937236045E+04    0.9454110371E+03
    0.2021087306E-02    0.3937236045E+04    0.9626003287E+03
    0.3060747949E-02    0.1409417863E+04    0.9441910201E+03
    0.2821248044E-02    0.1409417863E+04    0.9441910201E+03
    0.3229733533E-02    0.1618894805E+04    0.8811824254E+03
    0.3017830944E-02    0.1539336880E+04    0.9255077000E+03
    0.2428905912E-02    0.2908717988E+04    0.9442865266E+03
    0.3120736490E-02    0.1968954659E+04    0.8838517945E+03
    0.2547193194E-02    0.3224994876E+04    0.8838517945E+03
    0.2266180839E-02    0.3966358494E+04    0.8838517945E+03
