Descriptor coordinates by the model of dimension:     1
    0.4166021495E+03
    0.3913514115E+03
    0.3832272289E+03
    0.3666493894E+03
    0.3460823659E+03
    0.3865373174E+03
    0.2743250080E+03
    0.3867128899E+03
    0.4056131088E+03
    0.3949368169E+03
    0.3542703282E+03
    0.3473292972E+03
    0.2766679063E+03
    0.2801021068E+03
    0.3901978806E+03
    0.3661272321E+03
    0.2733750000E+03
Descriptor coordinates by the model of dimension:     2
    0.2158305327E+03    0.1091092705E+03
    0.2680605379E+03    0.1091092705E+03
    0.2921634422E+03    0.0000000000E+00
    0.2934272621E+03    0.1142427635E+03
    0.3079625926E+03    0.7111670089E+02
    0.2486637699E+03    0.1142427635E+03
    0.4546693695E+03    0.7111670089E+02
    0.3003612770E+03    0.1142427635E+03
    0.2097448200E+03    0.0000000000E+00
    0.2683683200E+03    0.0000000000E+00
    0.3179953332E+03    0.0000000000E+00
    0.2842634541E+03    0.4539992976E+02
    0.4384310625E+03    0.4539992976E+02
    0.4284951840E+03    0.4539992976E+02
    0.2033290768E+03    0.0000000000E+00
    0.2383432364E+03    0.0000000000E+00
    0.4276486278E+03    0.0000000000E+00
Descriptor coordinates by the model of dimension:     3
    0.4478580788E+02    0.4484155086E-07    0.2145096057E+04
    0.6126037283E+02    0.1386172536E-05    0.1363689240E+04
    0.7226416196E+02    0.1386172536E-05    0.6224023354E+03
    0.7677999249E+02    0.1010208374E-08    0.1516323464E+04
    0.8843771887E+02    0.1010208374E-08    0.7362268357E+03
    0.6217272121E+02    0.1010208374E-08    0.4058963983E+03
    0.1369581669E+03    0.8171276545E-02    0.2050806519E+03
    0.7228114893E+02    0.8171276545E-02    0.8476337677E+03
    0.5279116364E+02    0.1000000000E+01    0.4214877915E+03
    0.6507752727E+02    0.1000000000E+01    0.4214877915E+03
    0.9468741927E+02    0.1000000000E+01    0.4279016056E+03
    0.8320890546E+02    0.1000000000E+01    0.2688074063E+03
    0.1327889318E+03    0.1000000000E+01    0.2688074063E+03
    0.1430804771E+03    0.1000000000E+01    0.1084810143E+03
    0.4929479182E+02    0.1000000000E+01    0.8624301766E+03
    0.5978860364E+02    0.1000000000E+01    0.8624301766E+03
    0.1268925511E+03    0.1000000000E+01    0.8624301766E+03
