Descriptor coordinates by the model of dimension:     1
    0.2633266878E-02
    0.2902604024E-02
    0.2998709915E-02
    0.2827112890E-02
    0.3241917173E-02
    0.3117451018E-02
    0.3003285155E-02
    0.3121981701E-02
    0.2942414351E-02
    0.2767133972E-02
    0.2220342865E-02
    0.2899681941E-02
    0.3212224966E-02
    0.2271931981E-02
    0.2637814467E-02
    0.2875302938E-02
    0.2277924757E-02
    0.2829661409E-02
    0.2838311369E-02
    0.2755622207E-02
    0.3126921143E-02
    0.3084158457E-02
    0.3003663989E-02
    0.2965759792E-02
    0.2894250652E-02
    0.3281905922E-02
    0.3291464524E-02
    0.3300933943E-02
    0.3304880815E-02
    0.2916723514E-02
    0.2896243426E-02
    0.2448848617E-02
    0.2699911455E-02
    0.2430419414E-02
Descriptor coordinates by the model of dimension:     2
    0.1778069620E+00    0.1091092705E+03
    0.1277727897E+00    0.1091092705E+03
    0.1195473640E+00    0.1142427635E+03
    0.1578551046E+00    0.1142427635E+03
    0.8021292735E-01    0.7111670089E+02
    0.9764781938E-01    0.1142427635E+03
    0.1287071130E+00    0.1142427635E+03
    0.1035386203E+00    0.1091092705E+03
    0.1410609310E+00    0.0000000000E+00
    0.1732437490E+00    0.1142427635E+03
    0.2716293462E+00    0.7111670089E+02
    0.1497733448E+00    0.0000000000E+00
    0.8515661538E-01    0.7111670089E+02
    0.2638514934E+00    0.1142427635E+03
    0.1818797854E+00    0.1091092705E+03
    0.1518670971E+00    0.7111670089E+02
    0.2612041300E+00    0.1142427635E+03
    0.1695842069E+00    0.0000000000E+00
    0.1672873490E+00    0.0000000000E+00
    0.1730666667E+00    0.4539992976E+02
    0.1028390069E+00    0.0000000000E+00
    0.1110009931E+00    0.0000000000E+00
    0.1269904552E+00    0.0000000000E+00
    0.1348179310E+00    0.0000000000E+00
    0.1501383724E+00    0.0000000000E+00
    0.8479260131E-01    0.4539992976E+02
    0.7703417450E-01    0.4539992976E+02
    0.7397500000E-01    0.4539992976E+02
    0.7293638095E-01    0.4539992976E+02
    0.1532610052E+00    0.4539992976E+02
    0.1320785246E+00    0.4539992976E+02
    0.2070902550E+00    0.4539992976E+02
    0.1877798065E+00    0.4539992976E+02
    0.2313040667E+00    0.4539992976E+02
Descriptor coordinates by the model of dimension:     3
    0.3304208723E+02    0.2486101917E+00    0.1870169596E+00
    0.2122798582E+02    0.1173160873E+00    0.1136729813E+00
    0.2300158910E+02    0.1095017947E+01    0.5179424773E+00
    0.2876313427E+02    0.7012565403E-01    0.7785863996E-01
    0.1216917937E+02    0.5010454845E-01    0.6026054147E-01
    0.1547225174E+02    0.5081479728E-01    0.6111475492E-01
    0.2163798010E+02    0.8978911675E+00    0.4345368898E+00
    0.1273201478E+02    0.0000000000E+00    0.0000000000E+00
    0.2176892584E+02    0.1026406956E+00    0.9945331573E-01
    0.2930072295E+02    0.3814144429E-01    0.4587256360E-01
    0.4972960290E+02    0.6726157399E-01    0.7467872841E-01
    0.2448249083E+02    0.8671560194E+00    0.4196625307E+00
    0.1036622396E+02    0.0000000000E+00    0.0000000000E+00
    0.4581631516E+02    0.8697532151E+00    0.4209194507E+00
    0.3286126312E+02    0.1210678894E+00    0.1095348358E+00
    0.2797949717E+02    0.6570276676E-01    0.7294802639E-01
    0.4627829666E+02    0.6954962799E-01    0.7721909363E-01
    0.2961867246E+02    0.1459090909E+01    0.5350000000E+00
    0.2894793191E+02    0.1575272727E+01    0.5776000000E+00
    0.3257772403E+02    0.0000000000E+00    0.0000000000E+00
    0.1227057755E+02    0.0000000000E+00    0.0000000000E+00
    0.1324941213E+02    0.0000000000E+00    0.0000000000E+00
    0.1516952981E+02    0.0000000000E+00    0.0000000000E+00
    0.1611081290E+02    0.0000000000E+00    0.0000000000E+00
    0.1795582761E+02    0.0000000000E+00    0.0000000000E+00
    0.1067068287E+02    0.0000000000E+00    0.0000000000E+00
    0.9439597058E+01    0.0000000000E+00    0.0000000000E+00
    0.8973023839E+01    0.0000000000E+00    0.0000000000E+00
    0.8816903550E+01    0.0000000000E+00    0.0000000000E+00
    0.2002099014E+02    0.0000000000E+00    0.0000000000E+00
    0.2736062424E+02    0.2433053182E+01    0.8921195000E+00
    0.4029881458E+02    0.2336504727E+01    0.8567184000E+00
    0.3990099298E+02    0.1147778182E+01    0.4208520000E+00
    0.4599783373E+02    0.1552172727E+01    0.5691300000E+00
