Descriptor coordinates by the model of dimension:     1
    0.2947006847E+01
    0.2631845110E+01
    0.2628628190E+01
    0.3028554206E+01
    0.2414476121E+01
    0.2461845700E+01
    0.2889354671E+01
    0.2477122915E+01
    0.2703171072E+01
    0.2758318711E+01
    0.3273925445E+01
    0.2946687736E+01
    0.2387232543E+01
    0.3181620930E+01
    0.3010412661E+01
    0.3016091782E+01
    0.3230377420E+01
    0.2902821829E+01
    0.2938342918E+01
    0.3138309566E+01
    0.2467798455E+01
    0.2496454612E+01
    0.2552056528E+01
    0.2579044012E+01
    0.2631488018E+01
    0.2417718739E+01
    0.2365269063E+01
    0.2341292853E+01
    0.2332712167E+01
    0.2678844739E+01
    0.2666369802E+01
    0.2999842334E+01
    0.2840594280E+01
    0.3046268031E+01
Descriptor coordinates by the model of dimension:     2
    0.2461462770E+00    0.1386172536E-05
    0.2726091755E+00    0.4484155086E-07
    0.2746063948E+00    0.8171276545E-02
    0.2383441278E+00    0.1010208374E-08
    0.2906878199E+00    0.1010208374E-08
    0.2866216509E+00    0.1010208374E-08
    0.2483132765E+00    0.8171276545E-02
    0.2896364653E+00    0.0000000000E+00
    0.2683495585E+00    0.4484155086E-07
    0.2648488507E+00    0.1010208374E-08
    0.2231381113E+00    0.1010208374E-08
    0.2449659331E+00    0.8171276545E-02
    0.2955800351E+00    0.0000000000E+00
    0.2292751970E+00    0.8171276545E-02
    0.2397804527E+00    0.4484155086E-07
    0.2386407867E+00    0.1010208374E-08
    0.2254412414E+00    0.1010208374E-08
    0.2504139323E+00    0.1000000000E+01
    0.2469795332E+00    0.1000000000E+01
    0.2303739064E+00    0.0000000000E+00
    0.2923414737E+00    0.0000000000E+00
    0.2896045580E+00    0.0000000000E+00
    0.2843630439E+00    0.0000000000E+00
    0.2818513470E+00    0.0000000000E+00
    0.2770299749E+00    0.0000000000E+00
    0.2961353294E+00    0.0000000000E+00
    0.2986244830E+00    0.0000000000E+00
    0.2997740325E+00    0.0000000000E+00
    0.3001868624E+00    0.0000000000E+00
    0.2724722194E+00    0.0000000000E+00
    0.2714214901E+00    0.1000000000E+01
    0.2426800074E+00    0.1000000000E+01
    0.2575104601E+00    0.1000000000E+01
    0.2401242218E+00    0.1000000000E+01
Descriptor coordinates by the model of dimension:     3
    0.6392503467E+03    0.1386172536E-05    0.9072700468E+02
    0.5548559601E+03    0.4484155086E-07    0.4476302473E+02
    0.5558078171E+03    0.8171276545E-02    0.4390553365E+02
    0.6632172620E+03    0.1010208374E-08    0.1177737865E+03
    0.5030039225E+03    0.1010208374E-08    0.4197435557E+02
    0.5135010936E+03    0.1010208374E-08    0.3377278553E+02
    0.6268680358E+03    0.8171276545E-02    0.1250670386E+03
    0.5153154425E+03    0.0000000000E+00    0.0000000000E+00
    0.5771852707E+03    0.4484155086E-07    0.3634527179E+02
    0.5954769987E+03    0.1010208374E-08    0.1974264721E+02
    0.7249226740E+03    0.1010208374E-08    0.1257874616E+03
    0.6418898954E+03    0.8171276545E-02    0.1048455318E+03
    0.4940104167E+03    0.0000000000E+00    0.0000000000E+00
    0.6988580106E+03    0.8171276545E-02    0.1252663287E+03
    0.6550923341E+03    0.4484155086E-07    0.1151740831E+03
    0.6600927807E+03    0.1010208374E-08    0.1239240029E+03
    0.7110763799E+03    0.1010208374E-08    0.1517027402E+03
    0.6309993607E+03    0.1000000000E+01    0.5690659532E+02
    0.6400528633E+03    0.1000000000E+01    0.7038596391E+02
    0.6925166563E+03    0.0000000000E+00    0.0000000000E+00
    0.5142408373E+03    0.0000000000E+00    0.0000000000E+00
    0.5222284189E+03    0.0000000000E+00    0.0000000000E+00
    0.5380636746E+03    0.0000000000E+00    0.0000000000E+00
    0.5459126552E+03    0.0000000000E+00    0.0000000000E+00
    0.5614764856E+03    0.0000000000E+00    0.0000000000E+00
    0.4998032622E+03    0.0000000000E+00    0.0000000000E+00
    0.4873323846E+03    0.0000000000E+00    0.0000000000E+00
    0.4828344313E+03    0.0000000000E+00    0.0000000000E+00
    0.4813650109E+03    0.0000000000E+00    0.0000000000E+00
    0.5745419780E+03    0.0000000000E+00    0.0000000000E+00
    0.5657646672E+03    0.1000000000E+01    0.4328172822E+02
    0.6526895202E+03    0.1000000000E+01    0.9938596746E+02
    0.6177343102E+03    0.1000000000E+01    0.2540499931E+02
    0.6687701969E+03    0.1000000000E+01    0.6009597738E+02
