Descriptor coordinates by the model of dimension:     1
    0.3383932847E+00
    0.3219446312E+00
    0.4338468247E+00
    0.3472455945E+00
    0.3541687036E+00
    0.3766154058E+00
    0.3325673706E+00
    0.3320926629E+00
    0.3392731149E+00
    0.3217101073E+00
    0.4405973441E+00
    0.3925042215E+00
    0.3073847364E+00
    0.3438714548E+00
    0.3563086402E+00
    0.3688889382E+00
    0.4075248639E+00
    0.3545740994E+00
    0.3190042650E+00
    0.3653399810E+00
    0.4720398225E+00
    0.4459287035E+00
    0.2931093443E+00
    0.3036813599E+00
    0.2999199545E+00
    0.3495090156E+00
    0.4255234001E+00
    0.4353352102E+00
    0.3388000419E+00
    0.4215376274E+00
    0.4537158575E+00
    0.3052516291E+00
    0.3237504627E+00
    0.4324020906E+00
Descriptor coordinates by the model of dimension:     2
    0.3383932847E+00    0.2198589540E-02
    0.3219446312E+00    0.2206892456E-02
    0.4338468247E+00    0.2167594889E-02
    0.3472455945E+00    0.2304602691E-02
    0.3541687036E+00    0.2192834985E-02
    0.3766154058E+00    0.2140313708E-02
    0.3325673706E+00    0.2184222547E-02
    0.3320926629E+00    0.2213293469E-02
    0.3392731149E+00    0.2168493186E-02
    0.3217101073E+00    0.2108897780E-02
    0.4405973441E+00    0.2152138865E-02
    0.3925042215E+00    0.2309531229E-02
    0.3073847364E+00    0.2097345864E-02
    0.3438714548E+00    0.2125186739E-02
    0.3563086402E+00    0.2134632013E-02
    0.3688889382E+00    0.2144161620E-02
    0.4075248639E+00    0.2173267887E-02
    0.3545740994E+00    0.2228576417E-02
    0.3190042650E+00    0.2414147471E-02
    0.3653399810E+00    0.2380119060E-02
    0.4720398225E+00    0.2317996616E-02
    0.4459287035E+00    0.2320927079E-02
    0.2931093443E+00    0.2091877613E-02
    0.3036813599E+00    0.2254736664E-02
    0.2999199545E+00    0.2273985226E-02
    0.3495090156E+00    0.2038106329E-02
    0.4255234001E+00    0.2072257721E-02
    0.4353352102E+00    0.2076607288E-02
    0.3388000419E+00    0.2136888688E-02
    0.4215376274E+00    0.2184445558E-02
    0.4537158575E+00    0.2204066326E-02
    0.3052516291E+00    0.2355351487E-02
    0.3237504627E+00    0.2345008036E-02
    0.4324020906E+00    0.2289704631E-02
Descriptor coordinates by the model of dimension:     3
    0.5586557594E+03    0.5640749100E+01   -0.1367112865E+00
    0.5342987808E+03    0.6079616076E+01   -0.1135316064E+00
    0.6880820065E+03    0.5896994618E+01   -0.1639714489E+00
    0.5778343156E+03    0.5927782166E+01   -0.2369371442E-01
    0.5984152306E+03    0.3517277253E+01   -0.6839434538E-01
    0.6271459696E+03    0.3441002225E+01   -0.8785365578E-01
    0.5864491517E+03    0.2549009060E+01   -0.1089032419E-01
    0.5834767977E+03    0.2975094895E+01   -0.3463305515E-02
    0.5925463945E+03    0.2953442225E+01   -0.4366416913E-02
    0.5458549607E+03    0.3307139538E+01   -0.3265323355E+00
    0.7017990831E+03    0.4779713054E+01   -0.1863006319E+00
    0.6387487826E+03    0.5841991063E+01   -0.7495823596E-01
    0.5217777941E+03    0.3458379367E+01   -0.3002562123E+00
    0.5702248400E+03    0.4197797660E+01   -0.2118900506E+00
    0.5869711032E+03    0.4479011158E+01   -0.1877718989E+00
    0.6040266739E+03    0.4779683721E+01   -0.1659861785E+00
    0.6571179604E+03    0.5812912095E+01   -0.1128381859E+00
    0.6126479631E+03    0.2915254068E+01   -0.9705252793E-02
    0.5237419209E+03    0.9766756624E+01   -0.2556672746E-01
    0.5931678328E+03    0.7898394793E+01   -0.5448304528E-01
    0.7413158092E+03    0.5920177935E+01   -0.9957919378E-01
    0.7091505076E+03    0.6061583495E+01   -0.8090583566E-01
    0.4982163087E+03    0.4418751440E+01   -0.3233312094E+00
    0.5219322908E+03    0.5766765694E+01   -0.4791658254E-02
    0.5107605762E+03    0.6828835884E+01   -0.6266592568E-02
    0.5779326595E+03    0.3866381045E+01   -0.2126489706E+00
    0.6782627441E+03    0.4895646362E+01   -0.1607015724E+00
    0.6911698770E+03    0.5042880633E+01   -0.1550270753E+00
    0.6010357603E+03    0.2338624632E+01   -0.3725919693E-02
    0.6860915199E+03    0.3887288390E+01   -0.7948292223E-01
    0.7211911707E+03    0.4767750018E+01   -0.1934625795E+00
    0.5032132384E+03    0.1063774701E+02   -0.2346920101E-01
    0.5308340920E+03    0.9949140575E+01   -0.3191424365E-01
    0.6850917164E+03    0.6900847988E+01   -0.1368800661E+00
