Descriptor coordinates by the model of dimension:     1
    0.1632181046E+02
    0.1683907343E+02
    0.1551959596E+02
    0.1615812336E+02
    0.1680899156E+02
    0.1681132651E+02
    0.1629961339E+02
    0.1606128184E+02
    0.1629331327E+02
    0.1669104775E+02
    0.1651845994E+02
    0.1668858524E+02
    0.1619058166E+02
    0.1602237375E+02
    0.1539698347E+02
    0.1560455719E+02
    0.1529288192E+02
    0.1529729546E+02
    0.1529949554E+02
    0.1530606896E+02
    0.1530716063E+02
    0.1709285545E+02
    0.1706079755E+02
    0.1702684732E+02
    0.1663682742E+02
    0.1687009897E+02
    0.1668291517E+02
    0.1601488835E+02
    0.1555665970E+02
    0.1537635643E+02
    0.1624422308E+02
    0.1607128063E+02
    0.1590443467E+02
    0.1558750279E+02
Descriptor coordinates by the model of dimension:     2
    0.1432467683E-01    0.3417433934E+00
    0.1558170697E-01    0.3869661281E+00
    0.1264250676E-01    0.3490823062E+00
    0.1401340756E-01    0.3261582352E+00
    0.1539056107E-01    0.3235748461E+00
    0.1543010181E-01    0.3107225218E+00
    0.1433731396E-01    0.3349424190E+00
    0.1377992888E-01    0.3964373634E+00
    0.1424373107E-01    0.4324788866E+00
    0.1506012809E-01    0.6185180764E+00
    0.1470090467E-01    0.5774267499E+00
    0.1524357061E-01    0.4033470174E+00
    0.1417999860E-01    0.4287620129E+00
    0.1378584560E-01    0.4562651346E+00
    0.1227399212E-01    0.6319142334E+00
    0.1267690269E-01    0.5032441257E+00
    0.1218691758E-01    0.1849602829E+00
    0.1216539058E-01    0.2052237888E+00
    0.1215358625E-01    0.2171170234E+00
    0.1211337652E-01    0.2628082141E+00
    0.1210589458E-01    0.2723610507E+00
    0.1615521652E-01    0.3305997295E+00
    0.1603026979E-01    0.3662280298E+00
    0.1589316292E-01    0.3945767067E+00
    0.1496842823E-01    0.3670823545E+00
    0.1544672658E-01    0.5219738159E+00
    0.1518308357E-01    0.3701993955E+00
    0.1379711614E-01    0.4444608764E+00
    0.1277864818E-01    0.4158639972E+00
    0.1238306173E-01    0.4043026311E+00
    0.1413079806E-01    0.4656886486E+00
    0.1376815099E-01    0.4173420663E+00
    0.1342353952E-01    0.3780897713E+00
    0.1278228450E-01    0.3182289613E+00
Descriptor coordinates by the model of dimension:     3
    0.1140841734E+01    0.2331836016E+02    0.1227683824E+04
    0.1886640418E+01    0.3478762066E+02    0.1209378768E+04
    0.6855091603E+00    0.1695544574E+02    0.1379702279E+04
    0.1021932758E+01    0.2072837763E+02    0.1393235294E+04
    0.1716901960E+01    0.3193752637E+02    0.1339625000E+04
    0.1713388197E+01    0.3185970024E+02    0.1394000000E+04
    0.1165941719E+01    0.2272369830E+02    0.1366951075E+04
    0.9705562180E+00    0.1970689912E+02    0.1308088235E+04
    0.1160873289E+01    0.2261273742E+02    0.1224172849E+04
    0.1789368364E+01    0.3454333840E+02    0.9839962000E+03
    0.1548565040E+01    0.3120076968E+02    0.9115984053E+03
    0.1717449067E+01    0.3242173102E+02    0.1106021840E+04
    0.1230384734E+01    0.2455030642E+02    0.1157112660E+04
    0.1107104136E+01    0.2258290697E+02    0.1170690125E+04
    0.7383342678E+00    0.2013906457E+02    0.1206069993E+04
    0.8839764015E+00    0.2292279904E+02    0.1109299840E+04
    0.4853189750E+00    0.1381938067E+02    0.1663596000E+04
    0.5148614711E+00    0.1479126866E+02    0.1586788000E+04
    0.5322008120E+00    0.1534891167E+02    0.1548384000E+04
    0.5988147448E+00    0.1741341727E+02    0.1433172000E+04
    0.6127419812E+00    0.1783081142E+02    0.1413970000E+04
    0.2228158956E+01    0.4002806483E+02    0.1292000000E+04
    0.2296785876E+01    0.4233356737E+02    0.1161500000E+04
    0.2351390849E+01    0.4450713545E+02    0.1074500000E+04
    0.1530780246E+01    0.2899228291E+02    0.1350800000E+04
    0.1877665370E+01    0.3500531673E+02    0.1164250000E+04
    0.1507737390E+01    0.2834548628E+02    0.1165164000E+04
    0.1021819766E+01    0.2022802782E+02    0.1245497917E+04
    0.6430599120E+00    0.1516503661E+02    0.1430883667E+04
    0.5236856463E+00    0.1390338469E+02    0.1516566333E+04
    0.1098005977E+01    0.2291217934E+02    0.1048182667E+04
    0.9392658481E+00    0.2039781398E+02    0.1127362500E+04
    0.8100283326E+00    0.1840554146E+02    0.1209002667E+04
    0.6134332505E+00    0.1545900976E+02    0.1379664000E+04
