Descriptor coordinates by the model of dimension:     1
    0.1281173443E+00
    0.1037775683E+00
    0.1183459930E+00
    0.1573065233E+00
    0.1080424693E+00
    0.1269737645E+00
    0.1516325266E+00
    0.1809803100E+00
    0.1775439750E+00
    0.1046517712E+00
    0.1075972249E+00
    0.1026095665E+00
    0.1050852872E+00
    0.1629479831E+00
    0.1195655205E+00
    0.1561010025E+00
    0.1746783239E+00
Descriptor coordinates by the model of dimension:     2
    0.3889368764E+05    0.3464377418E+03
    0.2391886720E+05    0.1000000000E+01
    0.3209041285E+05    0.4593970675E+04
    0.6221156544E+05    0.5187462834E+04
    0.2378660731E+05    0.8330676964E+04
    0.3551354482E+05    0.7493565515E+04
    0.5506735484E+05    0.6622644232E+04
    0.8496342043E+05    0.1000000000E+01
    0.8133375594E+05    0.1000000000E+01
    0.2483913702E+05    0.1000000000E+01
    0.2739570738E+05    0.1000000000E+01
    0.2225079114E+05    0.1000000000E+01
    0.2468404423E+05    0.1000000000E+01
    0.6781843527E+05    0.4841597465E+04
    0.3084303592E+05    0.7822425878E+04
    0.5939731082E+05    0.6554453361E+04
    0.7776449304E+05    0.6058999703E+04
Descriptor coordinates by the model of dimension:     3
    0.2383578498E-01    0.8401799517E-04    0.6349033385E+00
    0.2075551367E-01    0.0000000000E+00    0.0000000000E+00
    0.2254209391E-01    0.1224717458E-02    0.1579848382E+01
    0.2712181436E-01    0.9695955435E-03    0.9374159107E+00
    0.2118479790E-01    0.1032937748E-02    0.1051331576E+01
    0.2351366010E-01    0.1072104341E-02    0.1005480972E+01
    0.2637087419E-01    0.1110959542E-02    0.9794094018E+00
    0.3016338500E-01    0.0000000000E+00    0.0000000000E+00
    0.2959066250E-01    0.0000000000E+00    0.0000000000E+00
    0.2093035425E-01    0.0000000000E+00    0.0000000000E+00
    0.2151944497E-01    0.0000000000E+00    0.0000000000E+00
    0.2052191330E-01    0.0000000000E+00    0.0000000000E+00
    0.2101705744E-01    0.0000000000E+00    0.0000000000E+00
    0.2833877966E-01    0.8308185907E-03    0.9076911265E+00
    0.2277438486E-01    0.9973972888E-03    0.1005225921E+01
    0.2738614079E-01    0.9713893516E-03    0.9574515198E+00
    0.2960649557E-01    0.9629139397E-03    0.9515172493E+00
