Descriptor coordinates by the model of dimension:     1
    0.4177305629E+01
    0.3682795564E+01
    0.4016671334E+01
    0.3829480340E+01
    0.3793815073E+01
    0.3915952998E+01
    0.4152796538E+01
    0.3713517400E+01
    0.3623694798E+01
    0.4244798141E+01
    0.3534565791E+01
    0.4050847785E+01
    0.4001502608E+01
    0.3989229256E+01
    0.4033691254E+01
    0.4078362978E+01
    0.3820396084E+01
    0.3936762887E+01
    0.3498630596E+01
    0.3781932541E+01
    0.3972132926E+01
    0.4163279164E+01
    0.4300192875E+01
    0.3578995634E+01
    0.3624967138E+01
    0.3370566447E+01
    0.3638425451E+01
    0.3407436154E+01
    0.3360757877E+01
    0.3504997440E+01
    0.3993388031E+01
    0.4515138691E+01
    0.3976200808E+01
    0.3712355850E+01
Descriptor coordinates by the model of dimension:     2
    0.2393887565E+00    0.4484155086E-07
    0.2715328566E+00    0.1386172536E-05
    0.2489623663E+00    0.1386172536E-05
    0.2611320365E+00    0.1386172536E-05
    0.2635869121E+00    0.1386172536E-05
    0.2553656799E+00    0.1386172536E-05
    0.2408015878E+00    0.1386172536E-05
    0.2692864721E+00    0.4484155086E-07
    0.2759614305E+00    0.0000000000E+00
    0.2355824628E+00    0.1010208374E-08
    0.2829201829E+00    0.1010208374E-08
    0.2468619047E+00    0.1386172536E-05
    0.2499061223E+00    0.1386172536E-05
    0.2506749891E+00    0.1000000000E+01
    0.2479118845E+00    0.1000000000E+01
    0.2451964196E+00    0.1000000000E+01
    0.2617529644E+00    0.1000000000E+01
    0.2540158066E+00    0.1000000000E+01
    0.2858261175E+00    0.1000000000E+01
    0.2644150812E+00    0.1000000000E+01
    0.2517539112E+00    0.1000000000E+01
    0.2401952789E+00    0.1000000000E+01
    0.2325477087E+00    0.0000000000E+00
    0.2794079966E+00    0.0000000000E+00
    0.2758645698E+00    0.0000000000E+00
    0.2966860365E+00    0.0000000000E+00
    0.2748441636E+00    0.0000000000E+00
    0.2934757850E+00    0.0000000000E+00
    0.2975519322E+00    0.0000000000E+00
    0.2853069131E+00    0.1000000000E+01
    0.2504139323E+00    0.1000000000E+01
    0.2214771391E+00    0.1000000000E+01
    0.2514963525E+00    0.1000000000E+01
    0.2693707286E+00    0.1000000000E+01
Descriptor coordinates by the model of dimension:     3
    0.6613888356E+03    0.4484155086E-07    0.1083950777E+03
    0.5550714653E+03    0.1386172536E-05    0.6548617122E+02
    0.6291155585E+03    0.1386172536E-05    0.8627450980E+02
    0.5893264453E+03    0.1386172536E-05    0.6045075603E+02
    0.5877202068E+03    0.1386172536E-05    0.4969457555E+02
    0.6075059603E+03    0.1386172536E-05    0.5061764336E+02
    0.6619775410E+03    0.1386172536E-05    0.6786403703E+02
    0.5674395100E+03    0.4484155086E-07    0.3764174450E+02
    0.5622706422E+03    0.0000000000E+00    0.0000000000E+00
    0.6749752380E+03    0.1010208374E-08    0.1004425143E+03
    0.5360248127E+03    0.1010208374E-08    0.3141790968E+02
    0.6295577834E+03    0.1386172536E-05    0.9764808345E+02
    0.6192864754E+03    0.1386172536E-05    0.9298807682E+02
    0.6213983028E+03    0.1000000000E+01    0.1115701399E+03
    0.6302048145E+03    0.1000000000E+01    0.1213165886E+03
    0.6390929827E+03    0.1000000000E+01    0.1317624577E+03
    0.6033481156E+03    0.1000000000E+01    0.2862707600E+02
    0.6218647376E+03    0.1000000000E+01    0.4565071134E+02
    0.5140258666E+03    0.1000000000E+01    0.5164430716E+02
    0.5730813258E+03    0.1000000000E+01    0.8737343627E+02
    0.6134525125E+03    0.1000000000E+01    0.1211174343E+03
    0.6546104416E+03    0.1000000000E+01    0.1650864179E+03
    0.6840507425E+03    0.0000000000E+00    0.0000000000E+00
    0.5537167190E+03    0.0000000000E+00    0.0000000000E+00
    0.5653399475E+03    0.0000000000E+00    0.0000000000E+00
    0.4966359648E+03    0.0000000000E+00    0.0000000000E+00
    0.5644124425E+03    0.0000000000E+00    0.0000000000E+00
    0.4993390163E+03    0.0000000000E+00    0.0000000000E+00
    0.4876500618E+03    0.0000000000E+00    0.0000000000E+00
    0.5297708841E+03    0.1000000000E+01    0.2916288555E+02
    0.6274408249E+03    0.1000000000E+01    0.7928253890E+02
    0.7303678873E+03    0.1000000000E+01    0.1867940357E+03
    0.6345903892E+03    0.1000000000E+01    0.3432533411E+02
    0.5585607091E+03    0.1000000000E+01    0.5473922027E+02
