Descriptor coordinates by the model of dimension:     1
    0.3691072363E+01
    0.4315608357E+01
    0.3964259045E+01
    0.3736774847E+01
    0.3726779962E+01
    0.3813449264E+01
    0.4168341569E+01
    0.3545668228E+01
    0.3876908305E+01
    0.4575653418E+01
    0.4420653154E+01
    0.3373760792E+01
    0.3493128556E+01
    0.3451498325E+01
    0.4250019825E+01
    0.3791319480E+01
    0.4453617714E+01
Descriptor coordinates by the model of dimension:     2
    0.2709239760E+00    0.3325147041E+01
    0.2317170413E+00    0.4128727372E+01
    0.2522539493E+00    0.4590903325E+01
    0.2676104504E+00    0.4482470636E+01
    0.2683281573E+00    0.4054684584E+01
    0.2622297901E+00    0.3933906745E+01
    0.2399035644E+00    0.3515087776E+01
    0.2820342840E+00    0.3518086042E+01
    0.2579374907E+00    0.3445208671E+01
    0.2185480211E+00    0.3319469027E+01
    0.2262109162E+00    0.3200916561E+01
    0.2964051282E+00    0.2474522002E+01
    0.2862763234E+00    0.2771559421E+01
    0.2897292439E+00    0.2634375069E+01
    0.2352930201E+00    0.4581215532E+01
    0.2637604151E+00    0.6722944939E+01
    0.2245365598E+00    0.4873213288E+01
Descriptor coordinates by the model of dimension:     3
    0.5586557594E+03    0.3688249167E+03    0.1335583999E+01
    0.6880820065E+03    0.4397417687E+03    0.1215836523E+01
    0.6271459696E+03    0.4508541667E+03    0.6766592869E+00
    0.5864491517E+03    0.4380200420E+03    0.6268307062E+00
    0.5702248400E+03    0.4359867769E+03    0.1988626846E+01
    0.5869711032E+03    0.4218121212E+03    0.1988626846E+01
    0.6571179604E+03    0.3708990724E+03    0.1988626846E+01
    0.5237419209E+03    0.3538203209E+03    0.1648852939E+01
    0.5931678328E+03    0.3566727273E+03    0.1648852939E+01
    0.7413158092E+03    0.4062980000E+03    0.0000000000E+00
    0.7091505076E+03    0.3678940000E+03    0.0000000000E+00
    0.4982163087E+03    0.3393125000E+03    0.0000000000E+00
    0.5219322908E+03    0.3110500000E+03    0.0000000000E+00
    0.5107605762E+03    0.2977250000E+03    0.0000000000E+00
    0.6782627441E+03    0.4732688588E+03    0.1722253701E+01
    0.6010357603E+03    0.5247671840E+03    0.3628379805E+00
    0.7211911707E+03    0.4756818182E+03    0.3628379805E+00
