Descriptor coordinates by the model of dimension:     1
    0.1556413052E+03
    0.2032991481E+03
    0.1682108533E+03
    0.1600466087E+03
    0.1696862244E+03
    0.2030271038E+03
    0.1685820935E+03
    0.2096536791E+03
    0.1844867134E+03
    0.1966637856E+03
    0.2157058999E+03
    0.2026789213E+03
    0.1702319060E+03
    0.1277432650E+03
    0.2182737254E+03
    0.2037180304E+03
    0.1858195450E+03
    0.1304288404E+03
    0.1493796008E+03
    0.1936532104E+03
    0.2122806424E+03
    0.1625699788E+03
    0.1934004068E+03
    0.1608274190E+03
    0.1505256778E+03
    0.1592831985E+03
    0.1893855492E+03
    0.2071318446E+03
    0.1593098114E+03
    0.1951080978E+03
    0.2071510067E+03
    0.1736651100E+03
    0.1889202068E+03
    0.1579716101E+03
    0.1946044460E+03
    0.1721288264E+03
    0.1728694504E+03
    0.1885058138E+03
    0.1938704620E+03
    0.1780992519E+03
    0.1879992712E+03
    0.1774535413E+03
    0.1665313648E+03
    0.1253547795E+03
    0.2105210913E+03
    0.2172678571E+03
    0.1981967952E+03
    0.1816516153E+03
    0.2192606747E+03
    0.1287592676E+03
    0.2122457675E+03
    0.1983152919E+03
    0.1815104967E+03
    0.1279254260E+03
    0.1546562042E+03
    0.1586790653E+03
    0.1687683252E+03
    0.1973503828E+03
    0.1699860481E+03
    0.1269526747E+03
    0.2169054058E+03
    0.2115901683E+03
    0.2090130392E+03
    0.2064875127E+03
    0.2015854407E+03
    0.1968728306E+03
    0.1923393589E+03
    0.1879754301E+03
    0.1858542291E+03
    0.1837721138E+03
    0.1797210886E+03
    0.1850049853E+03
    0.1836007887E+03
    0.1829378518E+03
    0.1823003404E+03
    0.1810996937E+03
    0.1799952767E+03
    0.1789838642E+03
    0.1780625533E+03
    0.1776348613E+03
    0.1772287410E+03
    0.1764801058E+03
    0.2208807285E+03
    0.2144366702E+03
    0.2113825786E+03
    0.2084332247E+03
    0.2028290587E+03
    0.1975877588E+03
    0.1926771280E+03
    0.1880685991E+03
    0.1858695652E+03
    0.1837367422E+03
    0.1796588509E+03
    0.1164239563E+03
    0.1216805319E+03
    0.1244129876E+03
    0.1272181237E+03
    0.1330568272E+03
    0.1392186707E+03
    0.1457278540E+03
    0.1526110223E+03
    0.1562019231E+03
    0.1598975831E+03
    0.1676200741E+03
    0.2182421791E+03
    0.2141941263E+03
    0.2122258963E+03
    0.2102935090E+03
    0.2065324165E+03
    0.2029034942E+03
    0.1993998953E+03
    0.1960152382E+03
    0.1943656360E+03
    0.1927435670E+03
    0.1895793172E+03
    0.2225937605E+03
    0.2228137001E+03
    0.2229521815E+03
    0.2231104531E+03
    0.2234888783E+03
    0.2239542950E+03
    0.2245125397E+03
    0.2251700296E+03
    0.2255381737E+03
    0.2259338371E+03
    0.2268117758E+03
    0.1891000285E+03
    0.1919274744E+03
    0.1934413387E+03
    0.1950269387E+03
    0.1984300276E+03
    0.2021735126E+03
    0.2063004302E+03
    0.2108614755E+03
    0.2133231613E+03
    0.2159167856E+03
    0.2215382447E+03
    0.2065282934E+03
    0.1920061117E+03
    0.1852204126E+03
    0.1787286263E+03
    0.1665645254E+03
    0.1553991873E+03
    0.1451321939E+03
    0.1356752680E+03
    0.1312258844E+03
    0.1269505538E+03
    0.1188891761E+03
    0.1768789640E+03
    0.1678048162E+03
    0.1634669364E+03
    0.1592556728E+03
    0.1511956079E+03
    0.1435916221E+03
    0.1364133637E+03
    0.1296328797E+03
    0.1263836685E+03
    0.1232243938E+03
    0.1171641085E+03
    0.2086619682E+03
    0.1920247721E+03
    0.1845050619E+03
    0.1774547776E+03
    0.1646044075E+03
    0.1531989415E+03
    0.1430184501E+03
    0.1338848439E+03
    0.1296640316E+03
    0.1256524248E+03
    0.1182008820E+03
Descriptor coordinates by the model of dimension:     2
    0.3641933308E+03    0.1091092705E+03
    0.2302013112E+03    0.1091092705E+03
    0.3054458284E+03    0.1150640330E+03
    0.3465293996E+03    0.1091092705E+03
    0.3205540338E+03    0.1150640330E+03
    0.2325336073E+03    0.1150640330E+03
    0.3059087955E+03    0.1091092705E+03
    0.2158305327E+03    0.1091092705E+03
    0.2639600121E+03    0.1091092705E+03
    0.2475418121E+03    0.1142427635E+03
    0.2065664545E+03    0.1142427635E+03
    0.2271266242E+03    0.7111670089E+02
    0.3268640757E+03    0.1142427635E+03
    0.4603124293E+03    0.7111670089E+02
    0.1938657247E+03    0.7111670089E+02
    0.2180380681E+03    0.1142427635E+03
    0.2801756317E+03    0.1142427635E+03
    0.4339932633E+03    0.1142427635E+03
    0.3964504774E+03    0.1091092705E+03
    0.2763203375E+03    0.0000000000E+00
    0.2224833659E+03    0.1091092705E+03
    0.3417615791E+03    0.1091092705E+03
    0.2680605379E+03    0.1091092705E+03
    0.3367740090E+03    0.1150640330E+03
    0.3920343861E+03    0.1091092705E+03
    0.3685425681E+03    0.1150640330E+03
    0.2921634422E+03    0.0000000000E+00
    0.2377046923E+03    0.1091092705E+03
    0.3550463126E+03    0.1091092705E+03
    0.2758889372E+03    0.0000000000E+00
    0.2385608897E+03    0.1150640330E+03
    0.3154419468E+03    0.1150640330E+03
    0.2857029575E+03    0.1150640330E+03
    0.3501124821E+03    0.1091092705E+03
    0.2688494650E+03    0.1091092705E+03
    0.3104355031E+03    0.1091092705E+03
    0.3306703722E+03    0.1142427635E+03
    0.2984302212E+03    0.0000000000E+00
    0.2765974966E+03    0.1142427635E+03
    0.3129335546E+03    0.1142427635E+03
    0.2934272621E+03    0.1142427635E+03
    0.3079625926E+03    0.7111670089E+02
    0.3459457517E+03    0.1142427635E+03
    0.4749133896E+03    0.7111670089E+02
    0.2294754174E+03    0.0000000000E+00
    0.2096588431E+03    0.1142427635E+03
    0.2486637699E+03    0.1142427635E+03
    0.3072180073E+03    0.0000000000E+00
    0.1999336669E+03    0.7111670089E+02
    0.4546693695E+03    0.7111670089E+02
    0.2141889975E+03    0.7111670089E+02
    0.2368013655E+03    0.1142427635E+03
    0.3003612770E+03    0.1142427635E+03
    0.4482698661E+03    0.1142427635E+03
    0.3574085570E+03    0.1091092705E+03
    0.3395893498E+03    0.1150640330E+03
    0.3123880562E+03    0.1091092705E+03
    0.2327269768E+03    0.1142427635E+03
    0.3197840548E+03    0.7111670089E+02
    0.4536337372E+03    0.1142427635E+03
    0.2097448200E+03    0.0000000000E+00
    0.2209336000E+03    0.0000000000E+00
    0.2266284750E+03    0.0000000000E+00
    0.2323903400E+03    0.0000000000E+00
    0.2441150400E+03    0.0000000000E+00
    0.2561077000E+03    0.0000000000E+00
    0.2683683200E+03    0.0000000000E+00
    0.2808969000E+03    0.0000000000E+00
    0.2872616750E+03    0.0000000000E+00
    0.2936934400E+03    0.0000000000E+00
    0.3067579400E+03    0.0000000000E+00
    0.3080955036E+03    0.0000000000E+00
    0.3134908800E+03    0.0000000000E+00
    0.3158573772E+03    0.0000000000E+00
    0.3179953332E+03    0.0000000000E+00
    0.3215611350E+03    0.0000000000E+00
    0.3241370864E+03    0.0000000000E+00
    0.3256681956E+03    0.0000000000E+00
    0.3260953206E+03    0.0000000000E+00
    0.3258751750E+03    0.0000000000E+00
    0.3253547700E+03    0.0000000000E+00
    0.3233778571E+03    0.0000000000E+00
    0.1871363691E+03    0.4539992976E+02
    0.2003100429E+03    0.4539992976E+02
    0.2069331440E+03    0.4539992976E+02
    0.2135792969E+03    0.4539992976E+02
    0.2269376145E+03    0.4539992976E+02
    0.2403790580E+03    0.4539992976E+02
    0.2538982062E+03    0.4539992976E+02
    0.2674900992E+03    0.4539992976E+02
    0.2743118892E+03    0.4539992976E+02
    0.2811501904E+03    0.4539992976E+02
    0.2948743045E+03    0.4539992976E+02
    0.5099605061E+03    0.4539992976E+02
    0.4889275714E+03    0.4539992976E+02
    0.4783023587E+03    0.4539992976E+02
    0.4676021053E+03    0.4539992976E+02
    0.4459684362E+03    0.4539992976E+02
    0.4240097532E+03    0.4539992976E+02
    0.4017080000E+03    0.4539992976E+02
    0.3790437574E+03    0.4539992976E+02
    0.3675692296E+03    0.4539992976E+02
    0.3559961126E+03    0.4539992976E+02
    0.3325425126E+03    0.4539992976E+02
    0.2119794235E+03    0.0000000000E+00
    0.2244034500E+03    0.0000000000E+00
    0.2303542500E+03    0.0000000000E+00
    0.2361374792E+03    0.0000000000E+00
    0.2472198444E+03    0.0000000000E+00
    0.2576860909E+03    0.0000000000E+00
    0.2675692250E+03    0.0000000000E+00
    0.2768999368E+03    0.0000000000E+00
    0.2813671413E+03    0.0000000000E+00
    0.2857068000E+03    0.0000000000E+00
    0.2940164508E+03    0.0000000000E+00
    0.1903764628E+03    0.4539992976E+02
    0.1889521734E+03    0.4539992976E+02
    0.1882093936E+03    0.4539992976E+02
    0.1874453211E+03    0.4539992976E+02
    0.1858505213E+03    0.4539992976E+02
    0.1841619107E+03    0.4539992976E+02
    0.1823730933E+03    0.4539992976E+02
    0.1804770777E+03    0.4539992976E+02
    0.1794865060E+03    0.4539992976E+02
    0.1784662071E+03    0.4539992976E+02
    0.1763320774E+03    0.4539992976E+02
    0.2844907409E+03    0.4539992976E+02
    0.2770958001E+03    0.4539992976E+02
    0.2730659749E+03    0.4539992976E+02
    0.2687981673E+03    0.4539992976E+02
    0.2594936858E+03    0.4539992976E+02
    0.2490615337E+03    0.4539992976E+02
    0.2373607523E+03    0.4539992976E+02
    0.2242258680E+03    0.4539992976E+02
    0.2170608830E+03    0.4539992976E+02
    0.2094613215E+03    0.4539992976E+02
    0.1928343037E+03    0.4539992976E+02
    0.2215438733E+03    0.4539992976E+02
    0.2524103753E+03    0.4539992976E+02
    0.2682171161E+03    0.4539992976E+02
    0.2842634541E+03    0.4539992976E+02
    0.3170483000E+03    0.4539992976E+02
    0.3507140893E+03    0.4539992976E+02
    0.3852136286E+03    0.4539992976E+02
    0.4205030363E+03    0.4539992976E+02
    0.4384310625E+03    0.4539992976E+02
    0.4565414571E+03    0.4539992976E+02
    0.4932908058E+03    0.4539992976E+02
    0.3126511962E+03    0.4539992976E+02
    0.3347594203E+03    0.4539992976E+02
    0.3460123898E+03    0.4539992976E+02
    0.3573979311E+03    0.4539992976E+02
    0.3805667286E+03    0.4539992976E+02
    0.4042658129E+03    0.4539992976E+02
    0.4284951840E+03    0.4539992976E+02
    0.4532548418E+03    0.4539992976E+02
    0.4658335282E+03    0.4539992976E+02
    0.4785447864E+03    0.4539992976E+02
    0.5043650177E+03    0.4539992976E+02
    0.2033290768E+03    0.0000000000E+00
    0.2383432364E+03    0.0000000000E+00
    0.2557664062E+03    0.0000000000E+00
    0.2731385005E+03    0.0000000000E+00
    0.3077422312E+03    0.0000000000E+00
    0.3421774125E+03    0.0000000000E+00
    0.3764634923E+03    0.0000000000E+00
    0.4106170375E+03    0.0000000000E+00
    0.4276486278E+03    0.0000000000E+00
    0.4446522482E+03    0.0000000000E+00
    0.4785813659E+03    0.0000000000E+00
Descriptor coordinates by the model of dimension:     3
    0.3439883039E+02    0.6916761476E-01    0.6257863556E-01
    0.1617960518E+02    0.9783015921E-01    0.7792169803E-01
    0.2572122763E+02    0.1007332004E+00    0.8023396967E-01
    0.3304208723E+02    0.1225690269E+00    0.9220252233E-01
    0.2965066248E+02    0.1221996985E+00    0.9192469517E-01
    0.1675561141E+02    0.9964557242E-01    0.7936767421E-01
    0.2635929943E+02    0.1027042586E+00    0.8180391702E-01
    0.1492253465E+02    0.5517754988E-01    0.5346407930E-01
    0.2122798582E+02    0.5669902432E-01    0.5493830623E-01
    0.2300158910E+02    0.5180633296E+00    0.2450434763E+00
    0.1474718949E+02    0.3037579700E-01    0.3653285044E-01
    0.1827311067E+02    0.3121508038E-01    0.3754225323E-01
    0.2876313427E+02    0.3652111286E-01    0.4054841579E-01
    0.4709875585E+02    0.3708179164E-01    0.4117092245E-01
    0.1216917937E+02    0.2768193988E-01    0.3329295918E-01
    0.1547225174E+02    0.2829026461E-01    0.3402458892E-01
    0.2163798010E+02    0.4323752283E+00    0.2092491760E+00
    0.4337360773E+02    0.4487585353E+00    0.2171779223E+00
    0.3935911022E+02    0.4871959938E-01    0.4407851947E-01
    0.2160363538E+02    0.8396013131E-01    0.6687422418E-01
    0.1273201478E+02    0.0000000000E+00    0.0000000000E+00
    0.3166322879E+02    0.8656233217E-01    0.6894687653E-01
    0.2004411459E+02    0.6967057384E-01    0.5549259513E-01
    0.2998467843E+02    0.7133890473E-01    0.5682142028E-01
    0.4024007450E+02    0.8283094019E-01    0.6230955574E-01
    0.3677311342E+02    0.8272307991E-01    0.6222841787E-01
    0.2342751052E+02    0.8068297107E-01    0.6426396685E-01
    0.1398087559E+02    0.0000000000E+00    0.0000000000E+00
    0.3367918857E+02    0.8303822985E-01    0.6613992989E-01
    0.2176892584E+02    0.4543024576E-01    0.4401946565E-01
    0.1432688746E+02    0.0000000000E+00    0.0000000000E+00
    0.2869625775E+02    0.4669542404E-01    0.4524535539E-01
    0.2245936734E+02    0.6820882678E-01    0.5432831395E-01
    0.3265426333E+02    0.6978586060E-01    0.5558442101E-01
    0.2035616061E+02    0.3804510912E-01    0.3686366530E-01
    0.2717887255E+02    0.3887334884E-01    0.3766618506E-01
    0.3579462937E+02    0.3077076030E+00    0.1455454119E+00
    0.2492540671E+02    0.2116484806E-01    0.2545487873E-01
    0.1828091757E+02    0.0000000000E+00    0.0000000000E+00
    0.2930072295E+02    0.2158350920E-01    0.2595840082E-01
    0.2469408215E+02    0.1867586442E-01    0.2246138798E-01
    0.2906026512E+02    0.1900214211E-01    0.2285380086E-01
    0.3130030119E+02    0.2688044132E-01    0.2984463577E-01
    0.4972960290E+02    0.2704418443E-01    0.3002643537E-01
    0.1690628351E+02    0.2602776388E-01    0.3130348827E-01
    0.1218655366E+02    0.0000000000E+00    0.0000000000E+00
    0.2059581167E+02    0.2681285766E-01    0.3224771744E-01
    0.2448249083E+02    0.3737186158E+00    0.1808621477E+00
    0.1036622396E+02    0.0000000000E+00    0.0000000000E+00
    0.4644209937E+02    0.3873421141E+00    0.1874552770E+00
    0.1399084357E+02    0.2084492311E-01    0.2507010626E-01
    0.1744674447E+02    0.2130667479E-01    0.2562545317E-01
    0.2387256183E+02    0.3129727044E+00    0.1514639975E+00
    0.4581631516E+02    0.3218912279E+00    0.1557801414E+00
    0.3286126312E+02    0.5778357777E-01    0.5227905382E-01
    0.3080128715E+02    0.1004359992E+00    0.7555295735E-01
    0.2743572609E+02    0.1002314714E+00    0.7539910139E-01
    0.1895178646E+02    0.4009518481E+00    0.1896498538E+00
    0.2797949717E+02    0.3116845455E-01    0.3460550228E-01
    0.4627829666E+02    0.3147894894E-01    0.3495023591E-01
    0.1779174536E+02    0.1123754952E+01    0.4120434825E+00
    0.1858592681E+02    0.1123754952E+01    0.4120434825E+00
    0.1898938723E+02    0.1123754952E+01    0.4120434825E+00
    0.1939709413E+02    0.1123754952E+01    0.4120434825E+00
    0.2022524732E+02    0.1123754952E+01    0.4120434825E+00
    0.2107038638E+02    0.1123754952E+01    0.4120434825E+00
    0.2193251132E+02    0.1123754952E+01    0.4120434825E+00
    0.2281162213E+02    0.1123754952E+01    0.4120434825E+00
    0.2325754723E+02    0.1123754952E+01    0.4120434825E+00
    0.2370771881E+02    0.1123754952E+01    0.4120434825E+00
    0.2462080136E+02    0.1123754952E+01    0.4120434825E+00
    0.3154980594E+02    0.6139065420E+00    0.2250990654E+00
    0.3117979688E+02    0.6139065420E+00    0.2250990654E+00
    0.3096659877E+02    0.6139065420E+00    0.2250990654E+00
    0.3073460494E+02    0.6139065420E+00    0.2250990654E+00
    0.3021423014E+02    0.6139065420E+00    0.2250990654E+00
    0.2961867246E+02    0.6139065420E+00    0.2250990654E+00
    0.2894793191E+02    0.6139065420E+00    0.2250990654E+00
    0.2820200848E+02    0.6139065420E+00    0.2250990654E+00
    0.2780085320E+02    0.6139065420E+00    0.2250990654E+00
    0.2738090219E+02    0.6139065420E+00    0.2250990654E+00
    0.2648461302E+02    0.6139065420E+00    0.2250990654E+00
    0.1340595508E+02    0.8413197172E+00    0.3084838963E+00
    0.1459219435E+02    0.8413197172E+00    0.3084838963E+00
    0.1520049081E+02    0.8413197172E+00    0.3084838963E+00
    0.1581890517E+02    0.8413197172E+00    0.3084838963E+00
    0.1708608753E+02    0.8413197172E+00    0.3084838963E+00
    0.1839374145E+02    0.8413197172E+00    0.3084838963E+00
    0.1974186692E+02    0.8413197172E+00    0.3084838963E+00
    0.2113046394E+02    0.8413197172E+00    0.3084838963E+00
    0.2183993928E+02    0.8413197172E+00    0.3084838963E+00
    0.2255953250E+02    0.8413197172E+00    0.3084838963E+00
    0.2402907262E+02    0.8413197172E+00    0.3084838963E+00
    0.5268536512E+02    0.0000000000E+00    0.0000000000E+00
    0.4968996123E+02    0.0000000000E+00    0.0000000000E+00
    0.4820761975E+02    0.0000000000E+00    0.0000000000E+00
    0.4673551858E+02    0.0000000000E+00    0.0000000000E+00
    0.4382203718E+02    0.0000000000E+00    0.0000000000E+00
    0.4094951703E+02    0.0000000000E+00    0.0000000000E+00
    0.3811795812E+02    0.0000000000E+00    0.0000000000E+00
    0.3532736045E+02    0.0000000000E+00    0.0000000000E+00
    0.3394742209E+02    0.0000000000E+00    0.0000000000E+00
    0.3257772403E+02    0.0000000000E+00    0.0000000000E+00
    0.2986904886E+02    0.0000000000E+00    0.0000000000E+00
    0.1227057755E+02    0.0000000000E+00    0.0000000000E+00
    0.1324941213E+02    0.0000000000E+00    0.0000000000E+00
    0.1373413548E+02    0.0000000000E+00    0.0000000000E+00
    0.1421572955E+02    0.0000000000E+00    0.0000000000E+00
    0.1516952981E+02    0.0000000000E+00    0.0000000000E+00
    0.1611081290E+02    0.0000000000E+00    0.0000000000E+00
    0.1703957884E+02    0.0000000000E+00    0.0000000000E+00
    0.1795582761E+02    0.0000000000E+00    0.0000000000E+00
    0.1840925806E+02    0.0000000000E+00    0.0000000000E+00
    0.1885955923E+02    0.0000000000E+00    0.0000000000E+00
    0.1975077368E+02    0.0000000000E+00    0.0000000000E+00
    0.1097547490E+02    0.0000000000E+00    0.0000000000E+00
    0.1067068287E+02    0.0000000000E+00    0.0000000000E+00
    0.1051783994E+02    0.0000000000E+00    0.0000000000E+00
    0.1036469907E+02    0.0000000000E+00    0.0000000000E+00
    0.1005752350E+02    0.0000000000E+00    0.0000000000E+00
    0.9749156162E+01    0.0000000000E+00    0.0000000000E+00
    0.9439597058E+01    0.0000000000E+00    0.0000000000E+00
    0.9128846187E+01    0.0000000000E+00    0.0000000000E+00
    0.8973023839E+01    0.0000000000E+00    0.0000000000E+00
    0.8816903550E+01    0.0000000000E+00    0.0000000000E+00
    0.8503769145E+01    0.0000000000E+00    0.0000000000E+00
    0.2002099014E+02    0.0000000000E+00    0.0000000000E+00
    0.1881544766E+02    0.0000000000E+00    0.0000000000E+00
    0.1820464589E+02    0.0000000000E+00    0.0000000000E+00
    0.1758849042E+02    0.0000000000E+00    0.0000000000E+00
    0.1634011841E+02    0.0000000000E+00    0.0000000000E+00
    0.1507033164E+02    0.0000000000E+00    0.0000000000E+00
    0.1377913011E+02    0.0000000000E+00    0.0000000000E+00
    0.1246651382E+02    0.0000000000E+00    0.0000000000E+00
    0.1180217514E+02    0.0000000000E+00    0.0000000000E+00
    0.1113248276E+02    0.0000000000E+00    0.0000000000E+00
    0.9777036941E+01    0.0000000000E+00    0.0000000000E+00
    0.2239887728E+02    0.1178021532E+01    0.4319412283E+00
    0.2566782914E+02    0.1178021532E+01    0.4319412283E+00
    0.2736062424E+02    0.1178021532E+01    0.4319412283E+00
    0.2909229879E+02    0.1178021532E+01    0.4319412283E+00
    0.3267228625E+02    0.1178021532E+01    0.4319412283E+00
    0.3640779151E+02    0.1178021532E+01    0.4319412283E+00
    0.4029881458E+02    0.1178021532E+01    0.4319412283E+00
    0.4434535544E+02    0.1178021532E+01    0.4319412283E+00
    0.4642694505E+02    0.1178021532E+01    0.4319412283E+00
    0.4854741411E+02    0.1178021532E+01    0.4319412283E+00
    0.5290499058E+02    0.1178021532E+01    0.4319412283E+00
    0.3795218923E+02    0.6297547931E+00    0.2309100908E+00
    0.3990099298E+02    0.6297547931E+00    0.2309100908E+00
    0.4089104670E+02    0.6297547931E+00    0.2309100908E+00
    0.4189153498E+02    0.6297547931E+00    0.2309100908E+00
    0.4392381523E+02    0.6297547931E+00    0.2309100908E+00
    0.4599783373E+02    0.6297547931E+00    0.2309100908E+00
    0.4811359048E+02    0.6297547931E+00    0.2309100908E+00
    0.5027108549E+02    0.6297547931E+00    0.2309100908E+00
    0.5136548483E+02    0.6297547931E+00    0.2309100908E+00
    0.5247031874E+02    0.6297547931E+00    0.2309100908E+00
    0.5471129024E+02    0.6297547931E+00    0.2309100908E+00
    0.1742605895E+02    0.8713716276E+00    0.3195029301E+00
    0.2113569595E+02    0.8713716276E+00    0.3195029301E+00
    0.2306013791E+02    0.8713716276E+00    0.3195029301E+00
    0.2503099552E+02    0.8713716276E+00    0.3195029301E+00
    0.2911195766E+02    0.8713716276E+00    0.3195029301E+00
    0.3337858237E+02    0.8713716276E+00    0.3195029301E+00
    0.3783086965E+02    0.8713716276E+00    0.3195029301E+00
    0.4246881951E+02    0.8713716276E+00    0.3195029301E+00
    0.4485741790E+02    0.8713716276E+00    0.3195029301E+00
    0.4729243194E+02    0.8713716276E+00    0.3195029301E+00
    0.5230170694E+02    0.8713716276E+00    0.3195029301E+00
