Descriptor coordinates by the model of dimension:     1
    0.2998709915E-02
    0.2827112890E-02
    0.3241917173E-02
    0.3117451018E-02
    0.3003285155E-02
    0.3121981701E-02
    0.2899681941E-02
    0.3212224966E-02
    0.2271931981E-02
    0.2875302938E-02
    0.2277924757E-02
    0.2829661409E-02
    0.2965759792E-02
    0.2894250652E-02
    0.3291464524E-02
    0.3300933943E-02
    0.2430419414E-02
Descriptor coordinates by the model of dimension:     2
    0.1195473640E+00    0.1142427635E+03
    0.1578551046E+00    0.1142427635E+03
    0.8021292735E-01    0.7111670089E+02
    0.9764781938E-01    0.1142427635E+03
    0.1287071130E+00    0.1142427635E+03
    0.1035386203E+00    0.1091092705E+03
    0.1497733448E+00    0.0000000000E+00
    0.8515661538E-01    0.7111670089E+02
    0.2638514934E+00    0.1142427635E+03
    0.1518670971E+00    0.7111670089E+02
    0.2612041300E+00    0.1142427635E+03
    0.1695842069E+00    0.0000000000E+00
    0.1348179310E+00    0.0000000000E+00
    0.1501383724E+00    0.0000000000E+00
    0.7703417450E-01    0.4539992976E+02
    0.7397500000E-01    0.4539992976E+02
    0.2313040667E+00    0.4539992976E+02
Descriptor coordinates by the model of dimension:     3
    0.6848231214E+04    0.3341922674E+01    0.5179424773E+00
    0.8693484444E+04    0.2133079625E+00    0.7785863996E-01
    0.6434791965E+04    0.1702380305E+00    0.6026054147E-01
    0.6976234005E+04    0.1725545264E+00    0.6111475492E-01
    0.7874048305E+04    0.2897043017E+01    0.4345368898E+00
    0.6596394562E+04    0.0000000000E+00    0.0000000000E+00
    0.8103468833E+04    0.2752371461E+01    0.4196625307E+00
    0.6443916609E+04    0.0000000000E+00    0.0000000000E+00
    0.1184722342E+05    0.2780071852E+01    0.4209194507E+00
    0.8843447833E+04    0.2019404043E+00    0.7294802639E-01
    0.1197028812E+05    0.2131530900E+00    0.7721909363E-01
    0.8351130742E+04    0.4451200000E+01    0.5350000000E+00
    0.6928834208E+04    0.0000000000E+00    0.0000000000E+00
    0.7397469204E+04    0.0000000000E+00    0.0000000000E+00
    0.6063691073E+04    0.0000000000E+00    0.0000000000E+00
    0.6104993204E+04    0.0000000000E+00    0.0000000000E+00
    0.1053268078E+05    0.4723779000E+01    0.5691300000E+00
