Descriptor coordinates by the model of dimension:     1
    0.2980169849E+03
    0.2232366248E+03
    0.2272243633E+03
    0.3278371913E+03
    0.1862753421E+03
    0.1916760165E+03
    0.2939835696E+03
    0.1905785770E+03
    0.2381260763E+03
    0.2403773717E+03
    0.3749263160E+03
    0.3055462319E+03
    0.1769106349E+03
    0.3457900850E+03
    0.3121539598E+03
    0.3234119567E+03
    0.3631145388E+03
    0.2833010836E+03
    0.2950611077E+03
    0.3563451777E+03
    0.1931232960E+03
    0.1968503937E+03
    0.2042978208E+03
    0.2080181543E+03
    0.2154520714E+03
    0.1849568434E+03
    0.1756066411E+03
    0.1719255663E+03
    0.1706762029E+03
    0.2209692167E+03
    0.2326773067E+03
    0.3057990050E+03
    0.2572097561E+03
    0.3085780526E+03
Descriptor coordinates by the model of dimension:     2
    0.2286978950E+01    0.9040000000E+01
    0.2585246514E+01    0.9067517007E+01
    0.2546324275E+01    0.9205215420E+01
    0.2209188344E+01    0.8808510638E+01
    0.2781402045E+01    0.8860202261E+01
    0.2751257257E+01    0.8909339679E+01
    0.2328979094E+01    0.8798913043E+01
    0.2762685171E+01    0.8962312500E+01
    0.2568416985E+01    0.8956462585E+01
    0.2588411087E+01    0.8866151101E+01
    0.2060822401E+01    0.8873698506E+01
    0.2309936952E+01    0.8804158790E+01
    0.2841984107E+01    0.8855000000E+01
    0.2147469364E+01    0.8906474480E+01
    0.2255729923E+01    0.8823345936E+01
    0.2227834389E+01    0.8747397012E+01
    0.2076099203E+01    0.8857175192E+01
    0.2442392818E+01    0.8771900826E+01
    0.2391067661E+01    0.8766581633E+01
    0.2121259985E+01    0.8738888889E+01
    0.2690882056E+01    0.9222000000E+01
    0.2687488930E+01    0.9164000000E+01
    0.2680193128E+01    0.9048000000E+01
    0.2676287764E+01    0.8990000000E+01
    0.2667955445E+01    0.8874000000E+01
    0.2734638827E+01    0.9186320000E+01
    0.2814995960E+01    0.8996080000E+01
    0.2844886217E+01    0.8923750000E+01
    0.2854820018E+01    0.8899520000E+01
    0.2680313812E+01    0.8714880000E+01
    0.2517137432E+01    0.9254421769E+01
    0.2246310597E+01    0.9113010204E+01
    0.2537463175E+01    0.8842307692E+01
    0.2325128992E+01    0.8932231405E+01
Descriptor coordinates by the model of dimension:     3
    0.2153873054E-02    0.1695626800E+03    0.1820692803E+04
    0.3401468337E-02    0.1684039602E+03    0.1733376432E+04
    0.3341773303E-02    0.2276561832E+03    0.2340699553E+04
    0.1737341970E-02    0.1426052721E+03    0.1578173738E+04
    0.4297016484E-02    0.1379510637E+03    0.1424334747E+04
    0.4175943503E-02    0.1446927996E+03    0.1490235839E+04
    0.2058198248E-02    0.1280721501E+03    0.1374670054E+04
    0.4419402160E-02    0.1685805412E+03    0.1785069521E+04
    0.3188782692E-02    0.1755507480E+03    0.1810496167E+04
    0.3329881720E-02    0.1456322987E+03    0.1525400644E+04
    0.1519139328E-02    0.1332678422E+03    0.1543650368E+04
    0.1980310686E-02    0.1416441476E+03    0.1513144735E+04
    0.4760840837E-02    0.1408093113E+03    0.1479193294E+04
    0.1749837529E-02    0.1253394718E+03    0.1411981194E+04
    0.1938391134E-02    0.1243961229E+03    0.1370401692E+04
    0.1761113960E-02    0.1242762505E+03    0.1377241508E+04
    0.1568555514E-02    0.1192896941E+03    0.1391745924E+04
    0.2400049408E-02    0.1316428995E+03    0.1357976555E+04
    0.2200913701E-02    0.1330477107E+03    0.1384911082E+04
    0.1502505166E-02    0.1366120532E+03    0.1563718834E+04
    0.4361169224E-02    0.2608197113E+03    0.2758034423E+04
    0.4278596344E-02    0.2451567321E+03    0.2602012350E+04
    0.4122625349E-02    0.2128019716E+03    0.2277307922E+04
    0.4048893606E-02    0.1960995675E+03    0.2108173120E+04
    0.3909191355E-02    0.1616176115E+03    0.1755079554E+04
    0.4553729180E-02    0.2033874631E+03    0.2139217767E+04
    0.4796193182E-02    0.1633616243E+03    0.1712068680E+04
    0.4898883818E-02    0.1485915401E+03    0.1555321164E+04
    0.4934744040E-02    0.1436969634E+03    0.1503476326E+04
    0.3811586914E-02    0.9805464645E+02    0.1075118501E+04
    0.3263456681E-02    0.2339861190E+03    0.2407095738E+04
    0.2123630306E-02    0.1722196983E+03    0.1867240195E+04
    0.3015721883E-02    0.1368766758E+03    0.1417390021E+04
    0.2203450934E-02    0.1430090614E+03    0.1498452349E+04
