Descriptor coordinates by the model of dimension:     1
    0.1658713510E+02
    0.1550129529E+02
    0.1678057854E+02
    0.1677800722E+02
    0.1569379043E+02
    0.1690424230E+02
    0.1561607132E+02
    0.1696171597E+02
    0.1559051026E+02
    0.1549015248E+02
    0.1547668372E+02
    0.1576397130E+02
    0.1670531978E+02
    0.1654693902E+02
    0.1707399918E+02
    0.1705325337E+02
    0.1575042091E+02
Descriptor coordinates by the model of dimension:     2
    0.1498073009E-01    0.4266658736E-01
    0.1251444786E-01    0.3492283668E-01
    0.1532670225E-01    0.2789781322E-01
    0.1532517446E-01    0.3263915436E-01
    0.1290401388E-01    0.3648740600E-01
    0.1563500803E-01    0.4535290507E-01
    0.1277389061E-01    0.3652758157E-01
    0.1571596329E-01    0.3395900554E-01
    0.1280607154E-01    0.4641923763E-01
    0.1246188687E-01    0.2834262964E-01
    0.1254390253E-01    0.4174817079E-01
    0.1316990181E-01    0.3145358259E-01
    0.1525445488E-01    0.5564660295E-01
    0.1491821395E-01    0.6189464258E-01
    0.1608168310E-01    0.4130477400E-01
    0.1600048293E-01    0.3761196308E-01
    0.1320769096E-01    0.4124381534E-01
Descriptor coordinates by the model of dimension:     3
    0.1898798967E+01    0.1048060983E-01    0.1598666470E+00
    0.1700403981E+01    0.1023277761E-01    0.1739542787E+00
    0.1954835659E+01    0.9459703291E-02    0.4774314058E-02
    0.1954449455E+01    0.1133766711E-01    0.6507491493E-01
    0.1738842679E+01    0.1382316943E-01    0.9190897020E-01
    0.1978032820E+01    0.2115909072E-01    0.1790961147E-01
    0.1727595103E+01    0.1371622238E-01    0.0000000000E+00
    0.1993290118E+01    0.1438529532E-01    0.4139954831E-02
    0.1726776552E+01    0.2799951167E-01    0.5497213755E-01
    0.1701617953E+01    0.1064739316E-01    0.8463070611E-02
    0.1699713195E+01    0.2083391687E-01    0.1095612974E+00
    0.1773645706E+01    0.1726262674E-01    0.0000000000E+00
    0.1944975142E+01    0.2848238430E-01    0.0000000000E+00
    0.1926344334E+01    0.3510479710E-01    0.0000000000E+00
    0.2003359969E+01    0.1444683196E-01    0.1156963190E-02
    0.2004139534E+01    0.1293540796E-01    0.1156963190E-02
    0.1771716382E+01    0.2196148146E-01    0.9185434743E-03
