Descriptor coordinates by the model of dimension:     1
    0.3528821673E+01
    0.4435342023E+01
    0.4197052092E+01
    0.3889999121E+01
    0.3536971699E+01
    0.3640909456E+01
    0.4103310023E+01
    0.4130064302E+01
    0.3592779966E+01
    0.3484972580E+01
    0.3670280387E+01
    0.3382631971E+01
    0.3621942672E+01
    0.3605010871E+01
    0.3868207781E+01
    0.4381508692E+01
    0.4069921419E+01
Descriptor coordinates by the model of dimension:     2
    0.2833807125E+00    0.1010208374E-08
    0.2254617558E+00    0.1010208374E-08
    0.2382624705E+00    0.1386172536E-05
    0.2570694668E+00    0.8171276545E-02
    0.2827277358E+00    0.1010208374E-08
    0.2746566516E+00    0.1000000000E+01
    0.2437056899E+00    0.1000000000E+01
    0.2421269808E+00    0.1000000000E+01
    0.2783359987E+00    0.1000000000E+01
    0.2869463036E+00    0.0000000000E+00
    0.2724587482E+00    0.0000000000E+00
    0.2956277858E+00    0.0000000000E+00
    0.2760949277E+00    0.0000000000E+00
    0.2773916739E+00    0.0000000000E+00
    0.2585176538E+00    0.1000000000E+01
    0.2282318877E+00    0.1000000000E+01
    0.2457049896E+00    0.1000000000E+01
Descriptor coordinates by the model of dimension:     3
    0.3528821673E+01    0.1010208374E-08    0.6862693289E+01
    0.4435342023E+01    0.1010208374E-08    0.1753783522E+02
    0.4197052092E+01    0.1386172536E-05    0.4237704621E+01
    0.3889999121E+01    0.8171276545E-02    0.2740917213E+00
    0.3536971699E+01    0.1010208374E-08    0.2578158739E+01
    0.3640909456E+01    0.1000000000E+01    0.8299740476E+01
    0.4103310023E+01    0.1000000000E+01    0.1839015152E+01
    0.4130064302E+01    0.1000000000E+01    0.2040719697E+01
    0.3592779966E+01    0.1000000000E+01    0.5354136430E+01
    0.3484972580E+01    0.0000000000E+00    0.1433782000E+03
    0.3670280387E+01    0.0000000000E+00   -0.2138654000E+03
    0.3382631971E+01    0.0000000000E+00    0.5782850000E+02
    0.3621942672E+01    0.0000000000E+00    0.4502652520E+01
    0.3605010871E+01    0.0000000000E+00    0.4771883289E+01
    0.3868207781E+01    0.1000000000E+01    0.7291368421E+01
    0.4381508692E+01    0.1000000000E+01    0.6911120301E+01
    0.4069921419E+01    0.1000000000E+01    0.1972403101E+00
