Descriptor coordinates by the model of dimension:     1
    0.1569444912E+02
    0.1614311340E+02
    0.1563731252E+02
    0.1541562148E+02
    0.1578531396E+02
    0.1570334069E+02
    0.1607725674E+02
    0.1586429590E+02
    0.1575799938E+02
    0.1545619300E+02
    0.1531042892E+02
    0.1662615488E+02
    0.1648107267E+02
    0.1689934044E+02
    0.1695476109E+02
    0.1611449230E+02
    0.1595980761E+02
Descriptor coordinates by the model of dimension:     2
    0.2353836848E-02    0.6981284737E+01
    0.2901764505E-02    0.7958780890E+01
    0.2431614007E-02    0.7100573095E+01
    0.2087291120E-02    0.7015658168E+01
    0.2305835822E-02    0.9555677755E+01
    0.2237805257E-02    0.9163608234E+01
    0.2702047768E-02    0.9637395216E+01
    0.2563538886E-02    0.8918057349E+01
    0.2320919088E-02    0.9266112920E+01
    0.2041612712E-02    0.7991506417E+01
    0.1931753235E-02    0.6889174275E+01
    0.2909327037E-02    0.1217878392E+02
    0.2847792847E-02    0.1089170056E+02
    0.3183683390E-02    0.1391691025E+02
    0.3238072577E-02    0.1502053701E+02
    0.2791660675E-02    0.7847207460E+01
    0.2816141474E-02    0.7930907587E+01
Descriptor coordinates by the model of dimension:     3
    0.1569444912E+02    0.1428355058E-01    0.1634674573E+03
    0.1614311340E+02    0.4963908391E-01    0.2898991507E+02
    0.1563731252E+02    0.5693128879E-01    0.2505200647E+02
    0.1541562148E+02    0.4069499384E-01    0.1999611199E+02
    0.1578531396E+02    0.8415726255E-01    0.1415582408E+00
    0.1570334069E+02    0.8415726255E-01    0.1413887100E+00
    0.1607725674E+02    0.1382757784E+00    0.3514098563E-01
    0.1586429590E+02    0.1382757784E+00    0.3873626799E-01
    0.1575799938E+02    0.4383019178E-01    0.2721030006E+04
    0.1545619300E+02    0.4383019178E-01    0.2463176788E+04
    0.1531042892E+02    0.0000000000E+00    0.7139044684E+04
    0.1662615488E+02    0.0000000000E+00    0.2789910696E-01
    0.1648107267E+02    0.0000000000E+00    0.1722297740E+04
    0.1689934044E+02    0.0000000000E+00    0.3288022958E+04
    0.1695476109E+02    0.0000000000E+00    0.3875169915E+04
    0.1611449230E+02    0.1271057295E-01    0.3787287390E+04
    0.1595980761E+02    0.8297795620E-01    0.6079745214E+03
