Descriptor coordinates by the model of dimension:     1
    0.1569444912E+02
    0.1633032861E+02
    0.1632181046E+02
    0.1590159182E+02
    0.1590468838E+02
    0.1634187484E+02
    0.1633284300E+02
    0.1657292885E+02
    0.1656699424E+02
    0.1658713510E+02
    0.1683907343E+02
    0.1683562100E+02
    0.1550129529E+02
    0.1548701338E+02
    0.1678057854E+02
    0.1677800722E+02
    0.1569379043E+02
    0.1567693075E+02
    0.1551959596E+02
    0.1616843344E+02
    0.1690424230E+02
    0.1615812336E+02
    0.1615188240E+02
    0.1614311340E+02
    0.1563409383E+02
    0.1563731252E+02
    0.1607569476E+02
    0.1680899156E+02
    0.1606525926E+02
    0.1630684438E+02
    0.1681132651E+02
    0.1629961339E+02
    0.1607068996E+02
    0.1606128184E+02
    0.1629950230E+02
    0.1629331327E+02
    0.1601863482E+02
    0.1625879246E+02
    0.1651639261E+02
    0.1625490565E+02
    0.1626570832E+02
    0.1626199772E+02
    0.1541562148E+02
    0.1540114103E+02
    0.1674262679E+02
    0.1700489147E+02
    0.1673895511E+02
    0.1561607132E+02
    0.1696171597E+02
    0.1559798269E+02
    0.1669104775E+02
    0.1668843340E+02
    0.1560761111E+02
    0.1559051026E+02
    0.1567271972E+02
    0.1586884377E+02
    0.1587144015E+02
    0.1651845994E+02
    0.1549015248E+02
    0.1547668372E+02
    0.1689035126E+02
    0.1668858524E+02
    0.1659061961E+02
    0.1649450890E+02
    0.1630760025E+02
    0.1612738276E+02
    0.1595342052E+02
    0.1578531396E+02
    0.1570334069E+02
    0.1562269608E+02
    0.1546522924E+02
    0.1619058166E+02
    0.1607725674E+02
    0.1602237375E+02
    0.1596861491E+02
    0.1586429590E+02
    0.1576397130E+02
    0.1566734114E+02
    0.1557413088E+02
    0.1552872871E+02
    0.1548408875E+02
    0.1539698347E+02
    0.1680599852E+02
    0.1661402183E+02
    0.1652090250E+02
    0.1642960775E+02
    0.1625224538E+02
    0.1608146836E+02
    0.1591685005E+02
    0.1575799938E+02
    0.1568062351E+02
    0.1560455719E+02
    0.1545619300E+02
    0.1529288192E+02
    0.1529509093E+02
    0.1529619375E+02
    0.1529729546E+02
    0.1529949554E+02
    0.1530169114E+02
    0.1530388228E+02
    0.1530606896E+02
    0.1530716063E+02
    0.1530825117E+02
    0.1531042892E+02
    0.1702146991E+02
    0.1694250880E+02
    0.1690300914E+02
    0.1686349675E+02
    0.1678443374E+02
    0.1670531978E+02
    0.1662615488E+02
    0.1654693902E+02
    0.1650731199E+02
    0.1646767222E+02
    0.1638835447E+02
    0.1710227241E+02
    0.1710164908E+02
    0.1710039405E+02
    0.1709851010E+02
    0.1709285545E+02
    0.1708468515E+02
    0.1707399918E+02
    0.1706079755E+02
    0.1705325337E+02
    0.1704508027E+02
    0.1702684732E+02
    0.1639707074E+02
    0.1648107267E+02
    0.1652154250E+02
    0.1656099157E+02
    0.1663682742E+02
    0.1670858024E+02
    0.1677625001E+02
    0.1683983675E+02
    0.1687009897E+02
    0.1689934044E+02
    0.1695476109E+02
    0.1688742535E+02
    0.1668291517E+02
    0.1658364304E+02
    0.1648626825E+02
    0.1629695508E+02
    0.1611449230E+02
    0.1593843765E+02
    0.1576838573E+02
    0.1568549324E+02
    0.1560396419E+02
    0.1544483038E+02
    0.1618740717E+02
    0.1607114996E+02
    0.1601488835E+02
    0.1595980761E+02
    0.1585301031E+02
    0.1575042091E+02
    0.1565173137E+02
    0.1555665970E+02
    0.1551039890E+02
    0.1546494727E+02
    0.1537635643E+02
    0.1680409070E+02
    0.1661014037E+02
    0.1651600985E+02
    0.1642368782E+02
    0.1624422308E+02
    0.1607128063E+02
    0.1590443467E+02
    0.1574329487E+02
    0.1566475161E+02
    0.1558750279E+02
    0.1543672865E+02
Descriptor coordinates by the model of dimension:     2
    0.1297077597E-01    0.2760160682E+00
    0.1433426011E-01    0.4408439051E+00
    0.1432467683E-01    0.3417433934E+00
    0.1342369007E-01    0.2831171544E+00
    0.1342768898E-01    0.3081242398E+00
    0.1438895647E-01    0.4177033950E+00
    0.1435787320E-01    0.3268572351E+00
    0.1491252401E-01    0.4363186075E+00
    0.1488285628E-01    0.3707535585E+00
    0.1498073009E-01    0.3694976713E+00
    0.1558170697E-01    0.3869661281E+00
    0.1554126937E-01    0.3686933280E+00
    0.1251444786E-01    0.3193916499E+00
    0.1256619003E-01    0.2190406596E+00
    0.1532670225E-01    0.5160786037E+00
    0.1532517446E-01    0.4821385795E+00
    0.1290401388E-01    0.4099140909E+00
    0.1296189248E-01    0.2640376457E+00
    0.1264250676E-01    0.3490823062E+00
    0.1403964406E-01    0.3906230568E+00
    0.1563500803E-01    0.3441257429E+00
    0.1401340756E-01    0.3261582352E+00
    0.1389308925E-01    0.5145121777E+00
    0.1392599599E-01    0.4236474255E+00
    0.1291579723E-01    0.3496992367E+00
    0.1290461279E-01    0.3733323533E+00
    0.1384212391E-01    0.3740516157E+00
    0.1539056107E-01    0.3235748461E+00
    0.1383359987E-01    0.3188708761E+00
    0.1435981384E-01    0.3672803089E+00
    0.1543010181E-01    0.3107225218E+00
    0.1433731396E-01    0.3349424190E+00
    0.1375092055E-01    0.4677640115E+00
    0.1377992888E-01    0.3964373634E+00
    0.1422704239E-01    0.4778708547E+00
    0.1424373107E-01    0.4324788866E+00
    0.1379181205E-01    0.4031089740E+00
    0.1429840756E-01    0.3295470431E+00
    0.1480953570E-01    0.2649915189E+00
    0.1429669279E-01    0.3317570817E+00
    0.1426382598E-01    0.3855549679E+00
    0.1426803644E-01    0.3880630931E+00
    0.1234586027E-01    0.4080482133E+00
    0.1241933296E-01    0.2900650503E+00
    0.1535443612E-01    0.3995711182E+00
    0.1594279154E-01    0.3379334231E+00
    0.1531800911E-01    0.3849494799E+00
    0.1277389061E-01    0.4291568943E+00
    0.1571596329E-01    0.4294145723E+00
    0.1282517391E-01    0.2902872747E+00
    0.1506012809E-01    0.6185180764E+00
    0.1506891070E-01    0.5861999194E+00
    0.1271845567E-01    0.5258964067E+00
    0.1280607154E-01    0.3546708881E+00
    0.1289430796E-01    0.3436566520E+00
    0.1331237862E-01    0.3685588294E+00
    0.1329652367E-01    0.4036183451E+00
    0.1470090467E-01    0.5774267499E+00
    0.1246188687E-01    0.3818531008E+00
    0.1254390253E-01    0.2609196554E+00
    0.1571545908E-01    0.4109660509E+00
    0.1524357061E-01    0.4033470174E+00
    0.1501474799E-01    0.3996424664E+00
    0.1479048947E-01    0.3960053452E+00
    0.1435514455E-01    0.3889261597E+00
    0.1393654301E-01    0.3820956311E+00
    0.1353376325E-01    0.3755008844E+00
    0.1314594865E-01    0.3691299182E+00
    0.1295740197E-01    0.3660248233E+00
    0.1277230197E-01    0.3629715323E+00
    0.1241208031E-01    0.3570152615E+00
    0.1417999860E-01    0.4287620129E+00
    0.1391504431E-01    0.4467135902E+00
    0.1378584560E-01    0.4562651346E+00
    0.1365873825E-01    0.4662340621E+00
    0.1341052911E-01    0.4875384991E+00
    0.1316990181E-01    0.5108831646E+00
    0.1293637405E-01    0.5365758725E+00
    0.1270949310E-01    0.5649896366E+00
    0.1259841110E-01    0.5803556734E+00
    0.1248883303E-01    0.5965808985E+00
    0.1227399212E-01    0.6319142334E+00
    0.1533981033E-01    0.7252704023E+00
    0.1489919484E-01    0.6822689402E+00
    0.1468752291E-01    0.6626253301E+00
    0.1448130172E-01    0.6440812057E+00
    0.1408436660E-01    0.6099417454E+00
    0.1370680990E-01    0.5792392276E+00
    0.1334721258E-01    0.5514795118E+00
    0.1300429562E-01    0.5262588510E+00
    0.1283872655E-01    0.5144942392E+00
    0.1267690269E-01    0.5032441257E+00
    0.1236398539E-01    0.4821580481E+00
    0.1218691758E-01    0.1849602829E+00
    0.1217648540E-01    0.1945658615E+00
    0.1217102365E-01    0.1997527612E+00
    0.1216539058E-01    0.2052237888E+00
    0.1215358625E-01    0.2171170234E+00
    0.1214102103E-01    0.2304735449E+00
    0.1212763850E-01    0.2455811091E+00
    0.1211337652E-01    0.2628082141E+00
    0.1210589458E-01    0.2723610507E+00
    0.1209816650E-01    0.2826345566E+00
    0.1208193257E-01    0.3056963986E+00
    0.1600245699E-01    0.3910884513E+00
    0.1580514108E-01    0.3600526104E+00
    0.1570918044E-01    0.3463113900E+00
    0.1561495252E-01    0.3335804652E+00
    0.1543150895E-01    0.3107343464E+00
    0.1525445488E-01    0.2908169942E+00
    0.1508345937E-01    0.2732991514E+00
    0.1491821395E-01    0.2577718382E+00
    0.1483765681E-01    0.2506515363E+00
    0.1475843075E-01    0.2439140220E+00
    0.1460384080E-01    0.2314701830E+00
    0.1620445744E-01    0.3012889894E+00
    0.1619523310E-01    0.3104641679E+00
    0.1618804732E-01    0.3152645566E+00
    0.1617903974E-01    0.3202157237E+00
    0.1615521652E-01    0.3305997295E+00
    0.1612303353E-01    0.3416797749E+00
    0.1608168310E-01    0.3535282701E+00
    0.1603026979E-01    0.3662280298E+00
    0.1600048293E-01    0.3729263268E+00
    0.1596779886E-01    0.3798742121E+00
    0.1589316292E-01    0.3945767067E+00
    0.1457961719E-01    0.2926474393E+00
    0.1470710756E-01    0.3138618234E+00
    0.1477163874E-01    0.3256657864E+00
    0.1483669978E-01    0.3383923113E+00
    0.1496842823E-01    0.3670823545E+00
    0.1510232480E-01    0.4010879453E+00
    0.1523841792E-01    0.4420371620E+00
    0.1537673140E-01    0.4922985586E+00
    0.1544672658E-01    0.5219738159E+00
    0.1551728286E-01    0.5554561486E+00
    0.1566008169E-01    0.6372038124E+00
    0.1567704442E-01    0.4113923802E+00
    0.1518308357E-01    0.3701993955E+00
    0.1494861362E-01    0.3525489200E+00
    0.1472195075E-01    0.3365049387E+00
    0.1429059378E-01    0.3084323373E+00
    0.1388632404E-01    0.2846829367E+00
    0.1350676430E-01    0.2643294725E+00
    0.1314980517E-01    0.2466921661E+00
    0.1297920581E-01    0.2387276499E+00
    0.1281356872E-01    0.2312613223E+00
    0.1249637776E-01    0.2176472663E+00
    0.1418258016E-01    0.4548876565E+00
    0.1392279409E-01    0.4478829499E+00
    0.1379711614E-01    0.4444608764E+00
    0.1367413790E-01    0.4410906994E+00
    0.1343596847E-01    0.4345013835E+00
    0.1320769096E-01    0.4281060413E+00
    0.1298875450E-01    0.4218962320E+00
    0.1277864818E-01    0.4158639972E+00
    0.1267675675E-01    0.4129121069E+00
    0.1257689762E-01    0.4100018276E+00
    0.1238306173E-01    0.4043026311E+00
    0.1534752373E-01    0.7137341436E+00
    0.1491802980E-01    0.6061192218E+00
    0.1471276811E-01    0.5636280577E+00
    0.1451334962E-01    0.5267041773E+00
    0.1413079806E-01    0.4656886486E+00
    0.1376815099E-01    0.4173420663E+00
    0.1342353952E-01    0.3780897713E+00
    0.1309537343E-01    0.3455863229E+00
    0.1293702240E-01    0.3313439120E+00
    0.1278228450E-01    0.3182289613E+00
    0.1248308397E-01    0.2948852095E+00
Descriptor coordinates by the model of dimension:     3
    0.1144857904E+02    0.2174422852E+01    0.1445394175E+00
    0.1184593486E+02    0.3130691641E+01    0.6467107962E-01
    0.1183975584E+02    0.2920212076E+01    0.4935511094E-01
    0.1158049796E+02    0.2379580694E+01    0.1297228778E+00
    0.1158275306E+02    0.2416607240E+01    0.1303929482E+00
    0.1185431043E+02    0.3079996286E+01    0.6329163926E-01
    0.1184775879E+02    0.2869843926E+01    0.5041484515E-01
    0.1199399542E+02    0.3044695603E+01    0.6639475264E-01
    0.1198970048E+02    0.2880745293E+01    0.5299416498E-01
    0.1200427661E+02    0.3251262456E+01    0.9689481735E-01
    0.1215508495E+02    0.2873469583E+01    0.6594773071E-01
    0.1215259286E+02    0.2755059285E+01    0.5963512573E-01
    0.1132427813E+02    0.2048785493E+01    0.1652880295E+00
    0.1131384466E+02    0.1905206863E+01    0.1609027987E+00
    0.1211286111E+02    0.3118169201E+01    0.7440875843E-01
    0.1211100503E+02    0.3006707083E+01    0.5560911479E-01
    0.1144809854E+02    0.3320620659E+01    0.6027281809E-01
    0.1143579997E+02    0.2978616663E+01    0.4412973942E-01
    0.1132102947E+02    0.3124329118E+01    0.5547298522E-01
    0.1172849695E+02    0.3721956466E+01    0.4472087726E-01
    0.1216703996E+02    0.2405525224E+01    0.2057625602E+00
    0.1172101807E+02    0.3464501277E+01    0.3883190501E-01
    0.1171649092E+02    0.4457244420E+01    0.6057880406E-01
    0.1171012993E+02    0.4178538116E+01    0.4391983680E-01
    0.1138568980E+02    0.3587620312E+01    0.4752230141E-01
    0.1138803384E+02    0.3638059868E+01    0.4961908892E-01
    0.1166122480E+02    0.3900448002E+01    0.4277097640E-01
    0.1209848205E+02    0.2504875112E+01    0.1979070041E+00
    0.1165365494E+02    0.3635968307E+01    0.3679202854E-01
    0.1180142740E+02    0.3803839935E+01    0.4424123402E-01
    0.1210016266E+02    0.2487109000E+01    0.1855985326E+00
    0.1179619426E+02    0.3595192011E+01    0.3895220328E-01
    0.1165759434E+02    0.4594328419E+01    0.5584717712E-01
    0.1165076974E+02    0.4308948130E+01    0.4162916135E-01
    0.1179611386E+02    0.4512405693E+01    0.6347332679E-01
    0.1179163481E+02    0.4291068605E+01    0.4824536053E-01
    0.1159284724E+02    0.5716821860E+01    0.3418011674E-01
    0.1173621603E+02    0.4327619146E+01    0.4068633678E-01
    0.1188788029E+02    0.2803405761E+01    0.1579631743E+00
    0.1173341038E+02    0.4178186338E+01    0.3605451493E-01
    0.1174120816E+02    0.4892869202E+01    0.5685820299E-01
    0.1173852971E+02    0.4734816477E+01    0.4754408162E-01
    0.1126169020E+02    0.2800131748E+01    0.7252236210E-01
    0.1125111169E+02    0.2626995102E+01    0.5698734083E-01
    0.1208546609E+02    0.3386370567E+01    0.5049216546E-01
    0.1223948346E+02    0.2282645566E+01    0.1928975396E+00
    0.1208281573E+02    0.3238371737E+01    0.4630497242E-01
    0.1139140504E+02    0.3872903233E+01    0.4411675417E-01
    0.1220840736E+02    0.2359878599E+01    0.2653730006E+00
    0.1137820999E+02    0.3476893664E+01    0.3608903722E-01
    0.1204823437E+02    0.4171721395E+01    0.8767195296E-01
    0.1204634724E+02    0.4021469837E+01    0.6423373208E-01
    0.1138523360E+02    0.4615985244E+01    0.4589224329E-01
    0.1137275909E+02    0.4176599035E+01    0.3091202290E-01
    0.1143272816E+02    0.2593524753E+01    0.8485175812E-01
    0.1155664885E+02    0.2887923605E+01    0.7381362095E-01
    0.1155853970E+02    0.2929786944E+01    0.7937417900E-01
    0.1195457572E+02    0.4148024579E+01    0.5861770501E-01
    0.1131613790E+02    0.2396381071E+01    0.1156966240E+00
    0.1130629846E+02    0.2240557923E+01    0.7897535401E-01
    0.1218537226E+02    0.3983741046E+01    0.6771611682E-01
    0.1206559070E+02    0.3853431760E+01    0.6841402477E-01
    0.1200679840E+02    0.3791422513E+01    0.6876840137E-01
    0.1194871383E+02    0.3731377360E+01    0.6912646834E-01
    0.1183459775E+02    0.3616817529E+01    0.6985390641E-01
    0.1172310789E+02    0.3509082539E+01    0.7059681739E-01
    0.1161411822E+02    0.3407580151E+01    0.7135570027E-01
    0.1150751060E+02    0.3311784725E+01    0.7213107571E-01
    0.1145506514E+02    0.3265878798E+01    0.7252511707E-01
    0.1140317415E+02    0.3221228112E+01    0.7292348725E-01
    0.1130100468E+02    0.3135492002E+01    0.7373350261E-01
    0.1168053059E+02    0.7711325446E+01    0.2926599207E-01
    0.1162360959E+02    0.7399470373E+01    0.2974134477E-01
    0.1159555314E+02    0.7252814204E+01    0.2998485922E-01
    0.1156775330E+02    0.7111858451E+01    0.3023239425E-01
    0.1151288710E+02    0.6845768509E+01    0.3073993106E-01
    0.1145894154E+02    0.6598871939E+01    0.3126479974E-01
    0.1140585193E+02    0.6369164372E+01    0.3180790350E-01
    0.1135355791E+02    0.6154911136E+01    0.3237020944E-01
    0.1132769150E+02    0.6053100576E+01    0.3265888430E-01
    0.1130200316E+02    0.5954603377E+01    0.3295275425E-01
    0.1125113502E+02    0.5766922469E+01    0.3355665065E-01
    0.1212451683E+02    0.5235737545E+01    0.6106240274E-01
    0.1201168250E+02    0.5075890720E+01    0.5945246192E-01
    0.1195634342E+02    0.4999572363E+01    0.5867891246E-01
    0.1190169907E+02    0.4925514974E+01    0.5792523412E-01
    0.1179442614E+02    0.4783792774E+01    0.5647450473E-01
    0.1168973238E+02    0.4649998042E+01    0.5509466652E-01
    0.1158749485E+02    0.4523483721E+01    0.5378064716E-01
    0.1148759824E+02    0.4403671309E+01    0.5252784699E-01
    0.1143849372E+02    0.4346114076E+01    0.5192308255E-01
    0.1138993437E+02    0.4290042010E+01    0.5133208516E-01
    0.1129440157E+02    0.4182129231E+01    0.5018955306E-01
    0.1118647918E+02    0.1094871043E+01    0.5884068233E+00
    0.1118809502E+02    0.1104309587E+01    0.6023111347E+00
    0.1118890172E+02    0.1109090148E+01    0.6095126605E+00
    0.1118970760E+02    0.1113912279E+01    0.6168884801E+00
    0.1119131692E+02    0.1123683439E+01    0.6321889387E+00
    0.1119292297E+02    0.1133627540E+01    0.6482676841E+00
    0.1119452575E+02    0.1143749215E+01    0.6651856497E+00
    0.1119612527E+02    0.1154053262E+01    0.6830102999E+00
    0.1119692380E+02    0.1159275222E+01    0.6922857186E+00
    0.1119772152E+02    0.1164544655E+01    0.7018165298E+00
    0.1119931450E+02    0.1175228551E+01    0.7216877163E+00
    0.1225141600E+02    0.2638754714E+01    0.1287877949E+00
    0.1219458276E+02    0.2655455693E+01    0.1279382255E+00
    0.1216615238E+02    0.2663885711E+01    0.1275176302E+00
    0.1213771284E+02    0.2672369424E+01    0.1270997912E+00
    0.1208080625E+02    0.2689499997E+01    0.1262722746E+00
    0.1202386299E+02    0.2706851610E+01    0.1254554639E+00
    0.1196688306E+02    0.2724428568E+01    0.1246491525E+00
    0.1190986646E+02    0.2742235291E+01    0.1238531394E+00
    0.1188134440E+02    0.2751226226E+01    0.1234589333E+00
    0.1185281318E+02    0.2760276313E+01    0.1230672285E+00
    0.1179572324E+02    0.2778556288E+01    0.1222912288E+00
    0.1230957461E+02    0.1868241944E+01    0.4260070666E+00
    0.1230912596E+02    0.1864752078E+01    0.4394452880E+00
    0.1230822264E+02    0.1863012029E+01    0.4464874210E+00
    0.1230686664E+02    0.1861275225E+01    0.4537589309E+00
    0.1230279664E+02    0.1857811313E+01    0.4690364181E+00
    0.1229691596E+02    0.1854360271E+01    0.4853784960E+00
    0.1228922460E+02    0.1850922025E+01    0.5029004583E+00
    0.1227972256E+02    0.1847496506E+01    0.5217348706E+00
    0.1227429254E+02    0.1845788497E+01    0.5316912062E+00
    0.1226840985E+02    0.1844083643E+01    0.5420349304E+00
    0.1225528646E+02    0.1840683366E+01    0.5639786433E+00
    0.1180199688E+02    0.3311534677E+01    0.2242454139E+00
    0.1186245833E+02    0.3283323700E+01    0.2324465121E+00
    0.1189158699E+02    0.3269397694E+01    0.2367761990E+00
    0.1191998095E+02    0.3255589322E+01    0.2412702419E+00
    0.1197456476E+02    0.3228319566E+01    0.2507903070E+00
    0.1202620974E+02    0.3201502854E+01    0.2610925216E+00
    0.1207491591E+02    0.3175127989E+01    0.2722774045E+00
    0.1212068326E+02    0.3149184139E+01    0.2844634702E+00
    0.1214246488E+02    0.3136370558E+01    0.2909749167E+00
    0.1216351179E+02    0.3123660827E+01    0.2977914440E+00
    0.1220340150E+02    0.3098547907E+01    0.3124297212E+00
    0.1218326140E+02    0.3754877808E+01    0.1036571322E+00
    0.1206149133E+02    0.3591994981E+01    0.1020404865E+00
    0.1200174938E+02    0.3515740339E+01    0.1012509273E+00
    0.1194274425E+02    0.3442656021E+01    0.1004734931E+00
    0.1182687244E+02    0.3305239079E+01    0.9895389910E-01
    0.1171373772E+02    0.3178371316E+01    0.9747958596E-01
    0.1160321066E+02    0.3060882882E+01    0.9604855944E-01
    0.1149516991E+02    0.2951770735E+01    0.9465894075E-01
    0.1144204602E+02    0.2900080740E+01    0.9397910174E-01
    0.1138950154E+02    0.2850169930E+01    0.9330895828E-01
    0.1128609850E+02    0.2755330651E+01    0.9199694004E-01
    0.1167824039E+02    0.7422468905E+01    0.2665954807E-01
    0.1161919448E+02    0.7040691198E+01    0.2642839592E-01
    0.1159013588E+02    0.6864160748E+01    0.2631431652E-01
    0.1156137324E+02    0.6696266031E+01    0.2620121774E-01
    0.1150469703E+02    0.6383967290E+01    0.2597791190E-01
    0.1144909167E+02    0.6099500354E+01    0.2575838025E-01
    0.1139448798E+02    0.5839303414E+01    0.2554252790E-01
    0.1134082140E+02    0.5600397566E+01    0.2533026313E-01
    0.1131432052E+02    0.5488128524E+01    0.2522544825E-01
    0.1128803159E+02    0.5380272250E+01    0.2512149722E-01
    0.1123606210E+02    0.5176796694E+01    0.2491614439E-01
    0.1212314046E+02    0.4995799367E+01    0.3975376380E-01
    0.1200887626E+02    0.4790454010E+01    0.3746447651E-01
    0.1195280256E+02    0.4693984177E+01    0.3641593996E-01
    0.1189741064E+02    0.4601323051E+01    0.3542449731E-01
    0.1178860427E+02    0.4426558960E+01    0.3359520396E-01
    0.1168232686E+02    0.4264584622E+01    0.3194556021E-01
    0.1157845643E+02    0.4114045610E+01    0.3045034042E-01
    0.1147687864E+02    0.3973772219E+01    0.2908883057E-01
    0.1142691569E+02    0.3907162490E+01    0.2845273458E-01
    0.1137748619E+02    0.3842749016E+01    0.2784386276E-01
    0.1128017826E+02    0.3720090215E+01    0.2670108755E-01
