Predictions (y,pred,y-pred) by the model of dimension:     1
    0.4311771491E+00    0.3902148085E+00    0.4096234061E-01
    0.2780862305E+00    0.2794928940E+00   -0.1406663516E-02
    0.2863966357E+00    0.2809761085E+00    0.5420527148E-02
    0.4041564535E+00    0.3541462820E+00    0.5001017149E-01
    0.4080844591E+00    0.3536070970E+00    0.5447736206E-01
    0.2714353627E+00    0.2774824179E+00   -0.6047055170E-02
    0.2872237083E+00    0.2790550786E+00    0.8168629726E-02
    0.2527832565E+00    0.2372503559E+00    0.1553290059E-01
    0.2511563255E+00    0.2382837144E+00    0.1287261111E-01
    0.2186514932E+00    0.2347767077E+00   -0.1612521444E-01
    0.2151500840E+00    0.1909081833E+00    0.2424190077E-01
    0.2188755888E+00    0.1915093341E+00    0.2736625467E-01
    0.4440869345E+00    0.4238475376E+00    0.2023939688E-01
    0.4565628182E+00    0.4263343614E+00    0.3022845674E-01
    0.2267002756E+00    0.2010935502E+00    0.2560672538E-01
    0.2092739035E+00    0.2015412792E+00    0.7732624314E-02
    0.4412176146E+00    0.3903295030E+00    0.5088811161E-01
    0.4373163477E+00    0.3932651776E+00    0.4405117009E-01
    0.4371113264E+00    0.4206609499E+00    0.1645037651E-01
    0.2680617680E+00    0.3076827377E+00   -0.3962096975E-01
    0.2364462509E+00    0.1795607157E+00    0.5688553522E-01
    0.2877592344E+00    0.3094779704E+00   -0.2171873593E-01
    0.3052002036E+00    0.3105646709E+00   -0.5364467313E-02
    0.3162345360E+00    0.3120915650E+00    0.4142970955E-02
    0.3810698261E+00    0.4007241158E+00   -0.1965428976E-01
    0.3893930302E+00    0.4001636659E+00   -0.1077063566E-01
    0.2746515510E+00    0.3238307719E+00   -0.4917922083E-01
    0.2119213688E+00    0.1961461611E+00    0.1577520773E-01
    0.2796253592E+00    0.3256478443E+00   -0.4602248512E-01
    0.2320546000E+00    0.2835820638E+00   -0.5152746383E-01
    0.2307039824E+00    0.1957395889E+00    0.3496439348E-01
    0.2694453323E+00    0.2848411525E+00   -0.1539582024E-01
    0.3020090589E+00    0.3247022289E+00   -0.2269317005E-01
    0.3046928854E+00    0.3263404091E+00   -0.2164752364E-01
    0.2681246117E+00    0.2848604966E+00   -0.1673588485E-01
    0.2821058033E+00    0.2859381544E+00   -0.3832351182E-02
    0.3155324828E+00    0.3337662812E+00   -0.1823379841E-01
    0.3001533759E+00    0.2919490581E+00    0.8204317841E-02
    0.2820478834E+00    0.2470946766E+00    0.3495320677E-01
    0.3337535518E+00    0.2926258460E+00    0.4112770576E-01
    0.3033097908E+00    0.2907448418E+00    0.1256494903E-01
    0.3195628020E+00    0.2913909453E+00    0.2817185673E-01
    0.4433412280E+00    0.4387654078E+00    0.4575820204E-02
    0.4489842999E+00    0.4412868029E+00    0.7697497027E-02
    0.2294035237E+00    0.2077018641E+00    0.2170165958E-01
    0.1983230862E+00    0.1620352737E+00    0.3628781247E-01
    0.2315906063E+00    0.2083411914E+00    0.2324941487E-01
    0.4269733901E+00    0.4038622689E+00    0.2311112117E-01
    0.2011678056E+00    0.1695531663E+00    0.3161463931E-01
    0.4469048804E+00    0.4070119341E+00    0.3989294630E-01
    0.2339656649E+00    0.2166830147E+00    0.1728265016E-01
    0.2431243250E+00    0.2171382357E+00    0.2598608929E-01
    0.4234910986E+00    0.4053353945E+00    0.1815570411E-01
    0.4522062284E+00    0.4083130647E+00    0.4389316374E-01
    0.4210826770E+00    0.3939984196E+00    0.2708425736E-01
    0.3691071406E+00    0.3598485060E+00    0.9258634641E-02
    0.3793562733E+00    0.3593964128E+00    0.1995986050E-01
    0.2843223449E+00    0.2467347033E+00    0.3758764163E-01
    0.4463194501E+00    0.4257877672E+00    0.2053168291E-01
    0.4555457409E+00    0.4281330027E+00    0.2741273823E-01
    0.1426577999E+00    0.1819794801E+00   -0.3932168014E-01
    0.1532933446E+00    0.2171117977E+00   -0.6381845303E-01
    0.2124254665E+00    0.2341699693E+00   -0.2174450285E-01
    0.2458956862E+00    0.2509051557E+00   -0.5009469469E-02
    0.3168200734E+00    0.2834504479E+00    0.3336962554E-01
    0.3606096115E+00    0.3148306475E+00    0.4577896407E-01
    0.3855424304E+00    0.3451216578E+00    0.4042077254E-01
    0.3978840001E+00    0.3743930551E+00    0.2349094502E-01
    0.3956483535E+00    0.3886665731E+00    0.6981780476E-02
    0.3933726165E+00    0.4027087388E+00   -0.9336122309E-02
    0.3988790197E+00    0.4301275033E+00   -0.3124848363E-01
    0.2907721873E+00    0.3038261997E+00   -0.1305401246E-01
    0.2766077859E+00    0.3235587940E+00   -0.4695100817E-01
    0.2778108002E+00    0.3331152434E+00   -0.5530444315E-01
    0.2595940232E+00    0.3424759499E+00   -0.8288192672E-01
    0.2860637736E+00    0.3606403994E+00   -0.7457662573E-01
    0.3369956056E+00    0.3781093249E+00   -0.4111371930E-01
    0.3829514472E+00    0.3949349593E+00   -0.1198351208E-01
    0.3834132326E+00    0.4111651085E+00   -0.2775187588E-01
    0.3842960836E+00    0.4190707189E+00   -0.3477463528E-01
    0.3898202890E+00    0.4268436098E+00   -0.3702332083E-01
    0.4002315923E+00    0.4420107344E+00   -0.4177914218E-01
    0.1342891712E+00    0.1966673208E+00   -0.6237814958E-01
    0.2160994330E+00    0.2300950799E+00   -0.1399564689E-01
    0.2259092688E+00    0.2463093958E+00   -0.2040012703E-01
    0.2378831299E+00    0.2622060080E+00   -0.2432287818E-01
    0.2813862858E+00    0.2930890628E+00   -0.1170277694E-01
    0.3009395713E+00    0.3228254504E+00   -0.2188587913E-01
    0.3605672677E+00    0.3514894579E+00    0.9077809709E-02
    0.3718718209E+00    0.3791491803E+00   -0.7277359346E-02
    0.3770097654E+00    0.3926221793E+00   -0.1561241388E-01
    0.3835882870E+00    0.4058671567E+00   -0.2227886968E-01
    0.3997269348E+00    0.4317009305E+00   -0.3197399569E-01
    0.4484240400E+00    0.4601373169E+00   -0.1171327691E-01
    0.4533916717E+00    0.4597526765E+00   -0.6361004850E-02
    0.4572457538E+00    0.4595606479E+00   -0.2314894077E-02
    0.4592785290E+00    0.4593688136E+00   -0.9028466366E-04
    0.4595310313E+00    0.4589857282E+00    0.5453031785E-03
    0.4578862221E+00    0.4586034201E+00   -0.7171980102E-03
    0.4527502248E+00    0.4582218895E+00   -0.5471664735E-02
    0.4509489184E+00    0.4578411364E+00   -0.6892217987E-02
    0.4502571878E+00    0.4576510514E+00   -0.7393863566E-02
    0.4487305421E+00    0.4574611607E+00   -0.8730618656E-02
    0.4477070965E+00    0.4570819625E+00   -0.9374865969E-02
    0.1422823761E+00    0.1591485687E+00   -0.1686619254E-01
    0.1702090010E+00    0.1728975968E+00   -0.2688595873E-02
    0.1796044697E+00    0.1797754377E+00   -0.1709680642E-03
    0.2246052236E+00    0.1866554965E+00    0.3794972711E-01
    0.2431527848E+00    0.2004222677E+00    0.4273051712E-01
    0.2672206022E+00    0.2141979105E+00    0.5302269175E-01
    0.2793822363E+00    0.2279824247E+00    0.5139981153E-01
    0.2945343546E+00    0.2417758105E+00    0.5275854404E-01
    0.2956445844E+00    0.2486758303E+00    0.4696875415E-01
    0.3018347465E+00    0.2555780679E+00    0.4625667862E-01
    0.3104478013E+00    0.2693891967E+00    0.4105860462E-01
    0.1609983312E+00    0.1450789105E+00    0.1591942066E-01
    0.1464057447E+00    0.1451874461E+00    0.1218298643E-02
    0.1354515406E+00    0.1454059778E+00   -0.9954437136E-02
    0.1321953933E+00    0.1457340187E+00   -0.1353862544E-01
    0.1444167407E+00    0.1467186284E+00   -0.2301887705E-02
    0.1364241452E+00    0.1481412752E+00   -0.1171713003E-01
    0.1333490388E+00    0.1500019591E+00   -0.1665292031E-01
    0.1509255145E+00    0.1523006800E+00   -0.1375165456E-02
    0.1360308813E+00    0.1536143044E+00   -0.1758342309E-01
    0.1320689701E+00    0.1550374380E+00   -0.2296846791E-01
    0.1415712356E+00    0.1582122331E+00   -0.1664099747E-01
    0.2966245313E+00    0.2678714839E+00    0.2875304740E-01
    0.2769316302E+00    0.2532447263E+00    0.2368690387E-01
    0.2639498902E+00    0.2461979559E+00    0.1775193438E-01
    0.2484917914E+00    0.2393289243E+00    0.9162867104E-02
    0.2399862202E+00    0.2261240778E+00    0.1386214245E-01
    0.2176879084E+00    0.2136301868E+00    0.4057721540E-02
    0.1909003345E+00    0.2018472514E+00   -0.1094691691E-01
    0.1864659655E+00    0.1907752715E+00   -0.4309306053E-02
    0.1513056224E+00    0.1855058899E+00   -0.3420026757E-01
    0.1346825959E+00    0.1804142472E+00   -0.4573165135E-01
    0.1458560428E+00    0.1707641784E+00   -0.2490813558E-01
    0.1545919717E+00    0.1824889502E+00   -0.2789697849E-01
    0.1781381791E+00    0.2180990922E+00   -0.3996091309E-01
    0.2098434920E+00    0.2353847586E+00   -0.2554126658E-01
    0.2335975515E+00    0.2523400523E+00   -0.1874250084E-01
    0.2777107383E+00    0.2853040277E+00   -0.7593289373E-02
    0.3556845611E+00    0.3170751879E+00    0.3860937316E-01
    0.4029868256E+00    0.3477305371E+00    0.5525628850E-01
    0.3891821346E+00    0.3773406660E+00    0.1184146859E-01
    0.4103677372E+00    0.3917742427E+00    0.1859349443E-01
    0.4480318505E+00    0.4059704113E+00    0.4206143921E-01
    0.4593358219E+00    0.4336794351E+00    0.2565638683E-01
    0.3179402455E+00    0.3043789540E+00    0.1356129148E-01
    0.3102337429E+00    0.3246221318E+00   -0.1438838889E-01
    0.3068125379E+00    0.3344186315E+00   -0.2760609365E-01
    0.3029599096E+00    0.3440095133E+00   -0.4104960371E-01
    0.3140799395E+00    0.3626054913E+00   -0.4852555185E-01
    0.3409530845E+00    0.3804687736E+00   -0.3951568907E-01
    0.3660323783E+00    0.3976529967E+00   -0.3162061840E-01
    0.3946178759E+00    0.4142072614E+00   -0.1958938545E-01
    0.4298996304E+00    0.4222623797E+00    0.7637250774E-02
    0.4491178787E+00    0.4301766017E+00    0.1894127700E-01
    0.4517514088E+00    0.4456023970E+00    0.6149011809E-02
    0.1592238765E+00    0.1969995184E+00   -0.3777564187E-01
    0.2102269710E+00    0.2307709352E+00   -0.2054396424E-01
    0.2116025279E+00    0.2471613234E+00   -0.3555879547E-01
    0.2338955183E+00    0.2632368095E+00   -0.2934129118E-01
    0.2688141384E+00    0.2944859384E+00   -0.2567179992E-01
    0.3126505444E+00    0.3245993779E+00   -0.1194883350E-01
    0.3424241728E+00    0.3536512740E+00   -0.1122710128E-01
    0.3826141023E+00    0.3817095889E+00    0.9045133585E-03
    0.4122722955E+00    0.3953858588E+00    0.1688643664E-01
    0.4440677561E+00    0.4088367368E+00    0.3523101933E-01
    0.4524044644E+00    0.4350901426E+00    0.1731432174E-01
Prediction RMSE and MaxAE:         0.0293655901        0.0828819267
Predictions (y,pred,y-pred) by the model of dimension:     2
    0.4311771491E+00    0.4065988040E+00    0.2457834512E-01
    0.2780862305E+00    0.2767777788E+00    0.1308451691E-02
    0.2863966357E+00    0.2929407944E+00   -0.6544158736E-02
    0.4041564535E+00    0.3708952819E+00    0.3326117158E-01
    0.4080844591E+00    0.3666959506E+00    0.4138850847E-01
    0.2714353627E+00    0.2762027719E+00   -0.4767409175E-02
    0.2872237083E+00    0.2927228719E+00   -0.5499163653E-02
    0.2527832565E+00    0.2333092143E+00    0.1947404226E-01
    0.2511563255E+00    0.2457846560E+00    0.5371669446E-02
    0.2186514932E+00    0.2385036944E+00   -0.1985220113E-01
    0.2151500840E+00    0.1898754494E+00    0.2527463462E-01
    0.2188755888E+00    0.1958097115E+00    0.2306587726E-01
    0.4440869345E+00    0.4347033898E+00    0.9383544639E-02
    0.4565628182E+00    0.4463765072E+00    0.1018631095E-01
    0.2267002756E+00    0.1892509693E+00    0.3744930631E-01
    0.2092739035E+00    0.1946524830E+00    0.1462142047E-01
    0.4412176146E+00    0.3908494354E+00    0.5036817916E-01
    0.4373163477E+00    0.4091425692E+00    0.2817377844E-01
    0.4371113264E+00    0.4202979187E+00    0.1681340766E-01
    0.2680617680E+00    0.3071032013E+00   -0.3904143330E-01
    0.2364462509E+00    0.1924744987E+00    0.4397175219E-01
    0.2877592344E+00    0.3191452171E+00   -0.3138598269E-01
    0.3052002036E+00    0.2990076339E+00    0.6192569692E-02
    0.3162345360E+00    0.3106424730E+00    0.5592063011E-02
    0.3810698261E+00    0.3993253762E+00   -0.1825555009E-01
    0.3893930302E+00    0.3964998322E+00   -0.7106801967E-02
    0.2746515510E+00    0.3247719776E+00   -0.5012042658E-01
    0.2119213688E+00    0.2143476250E+00   -0.2426256162E-02
    0.2796253592E+00    0.3340153244E+00   -0.5438996520E-01
    0.2320546000E+00    0.2862803449E+00   -0.5422574498E-01
    0.2307039824E+00    0.2133283711E+00    0.1737561128E-01
    0.2694453323E+00    0.2930344337E+00   -0.2358910140E-01
    0.3020090589E+00    0.3171469711E+00   -0.1513791218E-01
    0.3046928854E+00    0.3260373271E+00   -0.2134444165E-01
    0.2681246117E+00    0.2792025985E+00   -0.1107798680E-01
    0.2821058033E+00    0.2849957514E+00   -0.2889948136E-02
    0.3155324828E+00    0.3240907418E+00   -0.8558259081E-02
    0.3001533759E+00    0.2968465828E+00    0.3306793141E-02
    0.2820478834E+00    0.2678537895E+00    0.1419409387E-01
    0.3337535518E+00    0.2966334468E+00    0.3712010495E-01
    0.3033097908E+00    0.2907672442E+00    0.1254254654E-01
    0.3195628020E+00    0.2900550697E+00    0.2950773234E-01
    0.4433412280E+00    0.4337769590E+00    0.9564268949E-02
    0.4489842999E+00    0.4465356039E+00    0.2448696003E-02
    0.2294035237E+00    0.2052737956E+00    0.2412972805E-01
    0.1983230862E+00    0.1699273260E+00    0.2839576020E-01
    0.2315906063E+00    0.2103331683E+00    0.2125743803E-01
    0.4269733901E+00    0.3977931662E+00    0.2918022385E-01
    0.2011678056E+00    0.1730100433E+00    0.2815776231E-01
    0.4469048804E+00    0.4154990776E+00    0.3140580280E-01
    0.2339656649E+00    0.1936635295E+00    0.4030213533E-01
    0.2431243250E+00    0.1980248964E+00    0.4509942859E-01
    0.4234910986E+00    0.3869644816E+00    0.3652661705E-01
    0.4522062284E+00    0.4069331137E+00    0.4527311475E-01
    0.4210826770E+00    0.4019078195E+00    0.1917485745E-01
    0.3691071406E+00    0.3660941545E+00    0.3012986133E-02
    0.3793562733E+00    0.3618461814E+00    0.1751009190E-01
    0.2843223449E+00    0.2275027073E+00    0.5681963761E-01
    0.4463194501E+00    0.4289926077E+00    0.1732684249E-01
    0.4555457409E+00    0.4415580503E+00    0.1398769060E-01
    0.1426577999E+00    0.1759211817E+00   -0.3326338180E-01
    0.1532933446E+00    0.2131547932E+00   -0.5986144857E-01
    0.2124254665E+00    0.2312112392E+00   -0.1878577266E-01
    0.2458956862E+00    0.2489085369E+00   -0.3012850659E-02
    0.3168200734E+00    0.2832665499E+00    0.3355352349E-01
    0.3606096115E+00    0.3163068291E+00    0.4430278244E-01
    0.3855424304E+00    0.3481017796E+00    0.3744065074E-01
    0.3978840001E+00    0.3787187064E+00    0.1916529378E-01
    0.3956483535E+00    0.3936051582E+00    0.2043195388E-02
    0.3933726165E+00    0.4082202538E+00   -0.1484763734E-01
    0.3988790197E+00    0.4366648019E+00   -0.3778578224E-01
    0.2907721873E+00    0.2904429879E+00    0.3291993705E-03
    0.2766077859E+00    0.3078874288E+00   -0.3127964298E-01
    0.2778108002E+00    0.3162695611E+00   -0.3845876091E-01
    0.2595940232E+00    0.3244269452E+00   -0.6483292203E-01
    0.2860637736E+00    0.3400701616E+00   -0.5400638800E-01
    0.3369956056E+00    0.3548165211E+00   -0.1782091543E-01
    0.3829514472E+00    0.3686549382E+00    0.1429650903E-01
    0.3834132326E+00    0.3815619136E+00    0.1851319004E-02
    0.3842960836E+00    0.3876547466E+00   -0.3358662996E-02
    0.3898202890E+00    0.3934989114E+00   -0.3678622455E-02
    0.4002315923E+00    0.4044087086E+00   -0.4177116299E-02
    0.1342891712E+00    0.1556763660E+00   -0.2138719487E-01
    0.2160994330E+00    0.1960304579E+00    0.2006897517E-01
    0.2259092688E+00    0.2152586477E+00    0.1065062108E-01
    0.2378831299E+00    0.2338992568E+00    0.3983873047E-02
    0.2813862858E+00    0.2695367306E+00    0.1184955523E-01
    0.3009395713E+00    0.3031587321E+00   -0.2219160876E-02
    0.3605672677E+00    0.3349506048E+00    0.2561666286E-01
    0.3718718209E+00    0.3650729191E+00    0.6798901803E-02
    0.3770097654E+00    0.3795525011E+00   -0.2542735724E-02
    0.3835882870E+00    0.3936658760E+00   -0.1007758898E-01
    0.3997269348E+00    0.4208527398E+00   -0.2112580501E-01
    0.4484240400E+00    0.4806555408E+00   -0.3223150078E-01
    0.4533916717E+00    0.4799567621E+00   -0.2656509039E-01
    0.4572457538E+00    0.4795663289E+00   -0.2232057503E-01
    0.4592785290E+00    0.4791447410E+00   -0.1986621206E-01
    0.4595310313E+00    0.4781945690E+00   -0.1866353762E-01
    0.4578862221E+00    0.4770746714E+00   -0.1918844926E-01
    0.4527502248E+00    0.4757445529E+00   -0.2299432808E-01
    0.4509489184E+00    0.4741515813E+00   -0.2320266289E-01
    0.4502571878E+00    0.4732356485E+00   -0.2297846069E-01
    0.4487305421E+00    0.4722263019E+00   -0.2349575982E-01
    0.4477070965E+00    0.4698754386E+00   -0.2216834214E-01
    0.1422823761E+00    0.1570927438E+00   -0.1481036768E-01
    0.1702090010E+00    0.1769981721E+00   -0.6789171164E-02
    0.1796044697E+00    0.1864681900E+00   -0.6863720317E-02
    0.2246052236E+00    0.1956485328E+00    0.2895669080E-01
    0.2431527848E+00    0.2132190391E+00    0.2993374570E-01
    0.2672206022E+00    0.2298454172E+00    0.3737518498E-01
    0.2793822363E+00    0.2456353579E+00    0.3374687834E-01
    0.2945343546E+00    0.2606761072E+00    0.3385824738E-01
    0.2956445844E+00    0.2679385177E+00    0.2770606675E-01
    0.3018347465E+00    0.2750396436E+00    0.2679510293E-01
    0.3104478013E+00    0.2887863005E+00    0.2166150088E-01
    0.1609983312E+00    0.1556447494E+00    0.5353581785E-02
    0.1464057447E+00    0.1549207225E+00   -0.8514977794E-02
    0.1354515406E+00    0.1547221701E+00   -0.1927062946E-01
    0.1321953933E+00    0.1546393067E+00   -0.2244391343E-01
    0.1444167407E+00    0.1548422516E+00   -0.1042551088E-01
    0.1364241452E+00    0.1555754133E+00   -0.1915126817E-01
    0.1333490388E+00    0.1568892149E+00   -0.2354017611E-01
    0.1509255145E+00    0.1588391626E+00   -0.7913648046E-02
    0.1360308813E+00    0.1600715684E+00   -0.2404068710E-01
    0.1320689701E+00    0.1614864264E+00   -0.2941745631E-01
    0.1415712356E+00    0.1648984894E+00   -0.2332725386E-01
    0.2966245313E+00    0.2811108060E+00    0.1551372531E-01
    0.2769316302E+00    0.2680686058E+00    0.8863024392E-02
    0.2639498902E+00    0.2613011147E+00    0.2648775561E-02
    0.2484917914E+00    0.2543494956E+00   -0.5857704250E-02
    0.2399862202E+00    0.2398195147E+00    0.1667055058E-03
    0.2176879084E+00    0.2242962283E+00   -0.6608319898E-02
    0.1909003345E+00    0.2075239554E+00   -0.1662362094E-01
    0.1864659655E+00    0.1891320698E+00   -0.2666104297E-02
    0.1513056224E+00    0.1791644456E+00   -0.2785882323E-01
    0.1346825959E+00    0.1685611584E+00   -0.3387856252E-01
    0.1458560428E+00    0.1449239094E+00    0.9321334444E-03
    0.1545919717E+00    0.1787892688E+00   -0.2419729711E-01
    0.1781381791E+00    0.2229367793E+00   -0.4479860024E-01
    0.2098434920E+00    0.2435961430E+00   -0.3375265093E-01
    0.2335975515E+00    0.2634089812E+00   -0.2981142978E-01
    0.2777107383E+00    0.3007312460E+00   -0.2302050766E-01
    0.3556845611E+00    0.3353111682E+00    0.2037339286E-01
    0.4029868256E+00    0.3674747287E+00    0.3551209693E-01
    0.3891821346E+00    0.3974889097E+00   -0.8306775068E-02
    0.4103677372E+00    0.4117610385E+00   -0.1393301374E-02
    0.4480318505E+00    0.4255765306E+00    0.2245531990E-01
    0.4593358219E+00    0.4519263862E+00    0.7409435688E-02
    0.3179402455E+00    0.2861777564E+00    0.3176248908E-01
    0.3102337429E+00    0.3071133476E+00    0.3120395337E-02
    0.3068125379E+00    0.3172466548E+00   -0.1043411689E-01
    0.3029599096E+00    0.3271656525E+00   -0.2420574289E-01
    0.3140799395E+00    0.3463852827E+00   -0.3230534320E-01
    0.3409530845E+00    0.3648190711E+00   -0.2386598650E-01
    0.3660323783E+00    0.3825104141E+00   -0.1647803581E-01
    0.3946178759E+00    0.3994995775E+00   -0.4881701628E-02
    0.4298996304E+00    0.4077426368E+00    0.2215699365E-01
    0.4491178787E+00    0.4158239699E+00    0.3329390872E-01
    0.4517514088E+00    0.4315183886E+00    0.2023302016E-01
    0.1592238765E+00    0.1568834572E+00    0.2340419306E-02
    0.2102269710E+00    0.2064489515E+00    0.3778019529E-02
    0.2116025279E+00    0.2287450633E+00   -0.1714253541E-01
    0.2338955183E+00    0.2497279337E+00   -0.1583241537E-01
    0.2688141384E+00    0.2884515327E+00   -0.1963739425E-01
    0.3126505444E+00    0.3236819578E+00   -0.1103141345E-01
    0.3424241728E+00    0.3561185822E+00   -0.1369440945E-01
    0.3826141023E+00    0.3862480913E+00   -0.3633988970E-02
    0.4122722955E+00    0.4005621102E+00    0.1171018527E-01
    0.4440677561E+00    0.4144245676E+00    0.2964318854E-01
    0.4524044644E+00    0.4409151588E+00    0.1148930561E-01
Prediction RMSE and MaxAE:         0.0248008193        0.0648329220
Predictions (y,pred,y-pred) by the model of dimension:     3
    0.4311771491E+00    0.4154835881E+00    0.1569356096E-01
    0.2780862305E+00    0.2893772458E+00   -0.1129101532E-01
    0.2863966357E+00    0.2968146970E+00   -0.1041806132E-01
    0.4041564535E+00    0.3745318035E+00    0.2962465002E-01
    0.4080844591E+00    0.3730945784E+00    0.3498988068E-01
    0.2714353627E+00    0.2880401299E+00   -0.1660476715E-01
    0.2872237083E+00    0.2953238491E+00   -0.8100140799E-02
    0.2527832565E+00    0.2475237639E+00    0.5259492617E-02
    0.2511563255E+00    0.2533201165E+00   -0.2163791028E-02
    0.2186514932E+00    0.2373642521E+00   -0.1871275881E-01
    0.2151500840E+00    0.2037145002E+00    0.1143558382E-01
    0.2188755888E+00    0.2073684789E+00    0.1150710993E-01
    0.4440869345E+00    0.4520644717E+00   -0.7977537229E-02
    0.4565628182E+00    0.4583195895E+00   -0.1756771307E-02
    0.2267002756E+00    0.2105044509E+00    0.1619582476E-01
    0.2092739035E+00    0.2151527777E+00   -0.5878874255E-02
    0.4412176146E+00    0.4025979633E+00    0.3861965124E-01
    0.4373163477E+00    0.4144241753E+00    0.2289217241E-01
    0.4371113264E+00    0.4440244277E+00   -0.6913101329E-02
    0.2680617680E+00    0.3145404400E+00   -0.4647867206E-01
    0.2364462509E+00    0.1944503922E+00    0.4199585867E-01
    0.2877592344E+00    0.3222638779E+00   -0.3450464350E-01
    0.3052002036E+00    0.3023444024E+00    0.2855801240E-02
    0.3162345360E+00    0.3112791442E+00    0.4955391819E-02
    0.3810698261E+00    0.4170976025E+00   -0.3602777640E-01
    0.3893930302E+00    0.4152282005E+00   -0.2583517033E-01
    0.2746515510E+00    0.3310172085E+00   -0.5636565745E-01
    0.2119213688E+00    0.2134355809E+00   -0.1514212007E-02
    0.2796253592E+00    0.3389108621E+00   -0.5928550288E-01
    0.2320546000E+00    0.2916918234E+00   -0.5963722339E-01
    0.2307039824E+00    0.2145774945E+00    0.1612648792E-01
    0.2694453323E+00    0.2977631888E+00   -0.2831785650E-01
    0.3020090589E+00    0.3174541575E+00   -0.1544509859E-01
    0.3046928854E+00    0.3263952894E+00   -0.2170240403E-01
    0.2681246117E+00    0.2776933913E+00   -0.9568779603E-02
    0.2821058033E+00    0.2848316044E+00   -0.2725801161E-02
    0.3155324828E+00    0.3172393167E+00   -0.1706833975E-02
    0.3001533759E+00    0.3011410130E+00   -0.9876370335E-03
    0.2820478834E+00    0.2735457907E+00    0.8502092676E-02
    0.3337535518E+00    0.3053023701E+00    0.2845118170E-01
    0.3033097908E+00    0.2871862154E+00    0.1612357540E-01
    0.3195628020E+00    0.2919673360E+00    0.2759546599E-01
    0.4433412280E+00    0.4657817335E+00   -0.2244050551E-01
    0.4489842999E+00    0.4738161831E+00   -0.2483188325E-01
    0.2294035237E+00    0.2159122383E+00    0.1349128538E-01
    0.1983230862E+00    0.1769567104E+00    0.2136637577E-01
    0.2315906063E+00    0.2199540266E+00    0.1163657973E-01
    0.4269733901E+00    0.4103360983E+00    0.1663729175E-01
    0.2011678056E+00    0.1769518008E+00    0.2421600478E-01
    0.4469048804E+00    0.4226024596E+00    0.2430242081E-01
    0.2339656649E+00    0.2078977359E+00    0.2606792892E-01
    0.2431243250E+00    0.2137836333E+00    0.2934069173E-01
    0.4234910986E+00    0.3977652050E+00    0.2572589360E-01
    0.4522062284E+00    0.4113801776E+00    0.4082605082E-01
    0.4210826770E+00    0.4183942078E+00    0.2688469241E-02
    0.3691071406E+00    0.3776808304E+00   -0.8573689846E-02
    0.3793562733E+00    0.3757435388E+00    0.3612734476E-02
    0.2843223449E+00    0.2388048522E+00    0.4551749267E-01
    0.4463194501E+00    0.4530231544E+00   -0.6703704267E-02
    0.4555457409E+00    0.4627386474E+00   -0.7192906420E-02
    0.1426577999E+00    0.1734668185E+00   -0.3080901856E-01
    0.1532933446E+00    0.2109232635E+00   -0.5762991885E-01
    0.2124254665E+00    0.2292694970E+00   -0.1684403049E-01
    0.2458956862E+00    0.2473707938E+00   -0.1475107571E-02
    0.3168200734E+00    0.2828659771E+00    0.3395409627E-01
    0.3606096115E+00    0.3174609234E+00    0.4314868813E-01
    0.3855424304E+00    0.3512037560E+00    0.3433867434E-01
    0.3978840001E+00    0.3841390197E+00    0.1374498043E-01
    0.3956483535E+00    0.4003168430E+00   -0.4668489443E-02
    0.3933726165E+00    0.4163080347E+00   -0.2293541820E-01
    0.3988790197E+00    0.4477492065E+00   -0.4887018680E-01
    0.2907721873E+00    0.2540184550E+00    0.3675373225E-01
    0.2766077859E+00    0.2765754916E+00    0.3229423532E-04
    0.2778108002E+00    0.2875581473E+00   -0.9747347115E-02
    0.2595940232E+00    0.2983564610E+00   -0.3876243774E-01
    0.2860637736E+00    0.3194350752E+00   -0.3337130151E-01
    0.3369956056E+00    0.3398760282E+00   -0.2880422607E-02
    0.3829514472E+00    0.3597364274E+00    0.2321501980E-01
    0.3834132326E+00    0.3790669485E+00    0.4346284114E-02
    0.3842960836E+00    0.3885478174E+00   -0.4251733723E-02
    0.3898202890E+00    0.3979127764E+00   -0.8092487431E-02
    0.4002315923E+00    0.4163143778E+00   -0.1608278557E-01
    0.1342891712E+00    0.1680617972E+00   -0.3377262600E-01
    0.2160994330E+00    0.2042925875E+00    0.1180684553E-01
    0.2259092688E+00    0.2220204490E+00    0.3888819722E-02
    0.2378831299E+00    0.2394998064E+00   -0.1616676502E-02
    0.2813862858E+00    0.2737407934E+00    0.7645492432E-02
    0.3009395713E+00    0.3070684193E+00   -0.6128848003E-02
    0.3605672677E+00    0.3395315465E+00    0.2103572120E-01
    0.3718718209E+00    0.3711754307E+00    0.6963902593E-03
    0.3770097654E+00    0.3867034000E+00   -0.9693634674E-02
    0.3835882870E+00    0.4020420715E+00   -0.1845378449E-01
    0.3997269348E+00    0.4321705205E+00   -0.3244358570E-01
    0.4484240400E+00    0.4660988247E+00   -0.1767478469E-01
    0.4533916717E+00    0.4639837552E+00   -0.1059208348E-01
    0.4572457538E+00    0.4628991855E+00   -0.5653431673E-02
    0.4592785290E+00    0.4617957328E+00   -0.2517203814E-02
    0.4595310313E+00    0.4595294089E+00    0.1622450944E-05
    0.4578862221E+00    0.4571788962E+00    0.7073259096E-03
    0.4527502248E+00    0.4547376988E+00   -0.1987473961E-02
    0.4509489184E+00    0.4521986306E+00   -0.1249712186E-02
    0.4502571878E+00    0.4508899377E+00   -0.6327499152E-03
    0.4487305421E+00    0.4495537211E+00   -0.8231790055E-03
    0.4477070965E+00    0.4467941040E+00    0.9129924528E-03
    0.1422823761E+00    0.1734073274E+00   -0.3112495132E-01
    0.1702090010E+00    0.1898040312E+00   -0.1959503022E-01
    0.1796044697E+00    0.1980044469E+00   -0.1839997721E-01
    0.2246052236E+00    0.2062062294E+00    0.1839899421E-01
    0.2431527848E+00    0.2226138669E+00    0.2053891794E-01
    0.2672206022E+00    0.2390268858E+00    0.2819371642E-01
    0.2793822363E+00    0.2554452256E+00    0.2393701070E-01
    0.2945343546E+00    0.2718688230E+00    0.2266553159E-01
    0.2956445844E+00    0.2800825728E+00    0.1556201161E-01
    0.3018347465E+00    0.2882976121E+00    0.1353713441E-01
    0.3104478013E+00    0.3047315240E+00    0.5716277287E-02
    0.1609983312E+00    0.1398522416E+00    0.2114608954E-01
    0.1464057447E+00    0.1386370171E+00    0.7768727607E-02
    0.1354515406E+00    0.1381939831E+00   -0.2742442446E-02
    0.1321953933E+00    0.1378591929E+00   -0.5663799593E-02
    0.1444167407E+00    0.1375094721E+00    0.6907268662E-02
    0.1364241452E+00    0.1375772619E+00   -0.1153116768E-02
    0.1333490388E+00    0.1380504400E+00   -0.4701401256E-02
    0.1509255145E+00    0.1389150675E+00    0.1201044704E-01
    0.1360308813E+00    0.1394892370E+00   -0.3458355727E-02
    0.1320689701E+00    0.1401550361E+00   -0.8086065994E-02
    0.1415712356E+00    0.1417516286E+00   -0.1803930594E-03
    0.2966245313E+00    0.2819975153E+00    0.1462701608E-01
    0.2769316302E+00    0.2639861306E+00    0.1294549964E-01
    0.2639498902E+00    0.2552753169E+00    0.8674573300E-02
    0.2484917914E+00    0.2467599082E+00    0.1731883207E-02
    0.2399862202E+00    0.2303113264E+00    0.9674893835E-02
    0.2176879084E+00    0.2146315824E+00    0.3056325982E-02
    0.1909003345E+00    0.1997103197E+00   -0.8809985248E-02
    0.1864659655E+00    0.1855352828E+00    0.9306827012E-03
    0.1513056224E+00    0.1787231431E+00   -0.2741752079E-01
    0.1346825959E+00    0.1720918734E+00   -0.3740927758E-01
    0.1458560428E+00    0.1593625776E+00   -0.1350653472E-01
    0.1545919717E+00    0.1746752005E+00   -0.2008322879E-01
    0.1781381791E+00    0.2135787751E+00   -0.3544059595E-01
    0.2098434920E+00    0.2325951399E+00   -0.2275164791E-01
    0.2335975515E+00    0.2513341385E+00   -0.1773658701E-01
    0.2777107383E+00    0.2880157132E+00   -0.1030497492E-01
    0.3556845611E+00    0.3236903626E+00    0.3199419846E-01
    0.4029868256E+00    0.3584184972E+00    0.4456832838E-01
    0.3891821346E+00    0.3922549705E+00   -0.3072835894E-02
    0.4103677372E+00    0.4088546396E+00    0.1513097553E-02
    0.4480318505E+00    0.4252498126E+00    0.2278203792E-01
    0.4593358219E+00    0.4574488375E+00    0.1886984352E-02
    0.3179402455E+00    0.2604784211E+00    0.5746182432E-01
    0.3102337429E+00    0.2850665992E+00    0.2516714373E-01
    0.3068125379E+00    0.2969504998E+00    0.9862038044E-02
    0.3029599096E+00    0.3085828151E+00   -0.5622905483E-02
    0.3140799395E+00    0.3311501770E+00   -0.1707023750E-01
    0.3409530845E+00    0.3528724055E+00   -0.1191932091E-01
    0.3660323783E+00    0.3738377611E+00   -0.7805382828E-02
    0.3946178759E+00    0.3941220274E+00    0.4958485405E-03
    0.4298996304E+00    0.4040295986E+00    0.2587003186E-01
    0.4491178787E+00    0.4137908064E+00    0.3532707225E-01
    0.4517514088E+00    0.4329013087E+00    0.1885010009E-01
    0.1592238765E+00    0.1752869575E+00   -0.1606308099E-01
    0.2102269710E+00    0.2128763055E+00   -0.2649334551E-02
    0.2116025279E+00    0.2312327990E+00   -0.1963027111E-01
    0.2338955183E+00    0.2493111062E+00   -0.1541558794E-01
    0.2688141384E+00    0.2846714578E+00   -0.1585731940E-01
    0.3126505444E+00    0.3190288539E+00   -0.6378309490E-02
    0.3424241728E+00    0.3524474959E+00   -0.1002332315E-01
    0.3826141023E+00    0.3849853490E+00   -0.2371246648E-02
    0.4122722955E+00    0.4009406029E+00    0.1133169258E-01
    0.4440677561E+00    0.4166949998E+00    0.2737275629E-01
    0.4524044644E+00    0.4476243627E+00    0.4780101687E-02
Prediction RMSE and MaxAE:         0.0218315606        0.0596372234
