Descriptor coordinates by the model of dimension:     1
    0.2963224183E-02
    0.2315627736E-02
    0.3055398249E-02
    0.3039323616E-02
    0.2944085249E-02
    0.2861373814E-02
    0.3084860659E-02
    0.3047853118E-02
    0.2675316716E-02
    0.2024658227E-02
    0.1965631924E-02
    0.3279613689E-02
    0.3093457590E-02
    0.2830580065E-02
    0.2485681844E-02
    0.2250564579E-02
    0.2822504379E-02
Descriptor coordinates by the model of dimension:     2
    0.2963224183E-02    0.2643633251E+01
    0.2315627736E-02    0.2970790566E+01
    0.3055398249E-02    0.2623551885E+01
    0.3039323616E-02    0.2635058467E+01
    0.2944085249E-02    0.2699190248E+01
    0.2861373814E-02    0.2762315053E+01
    0.3084860659E-02    0.2779772192E+01
    0.3047853118E-02    0.2836778596E+01
    0.2675316716E-02    0.3015810906E+01
    0.2024658227E-02    0.3015810906E+01
    0.1965631924E-02    0.3139309177E+01
    0.3279613689E-02    0.2496446743E+01
    0.3093457590E-02    0.2700939269E+01
    0.2830580065E-02    0.2860978277E+01
    0.2485681844E-02    0.2770631594E+01
    0.2250564579E-02    0.2730477513E+01
    0.2822504379E-02    0.2752485160E+01
Descriptor coordinates by the model of dimension:     3
    0.2963224183E-02    0.3946604247E+05    0.3870361070E+05
    0.2315627736E-02    0.5391206457E+05    0.4296268821E+05
    0.3055398249E-02    0.2633475621E+05    0.4037695375E+05
    0.3039323616E-02    0.2627051894E+05    0.4066999738E+05
    0.2944085249E-02    0.3286658454E+05    0.4096406261E+05
    0.2861373814E-02    0.3866918044E+05    0.4057522992E+05
    0.3084860659E-02    0.2973576374E+05    0.4092008755E+05
    0.3047853118E-02    0.3355311713E+05    0.4006960043E+05
    0.2675316716E-02    0.3186876775E+05    0.4509075779E+05
    0.2024658227E-02    0.6419800328E+05    0.4509075779E+05
    0.1965631924E-02    0.6757308207E+05    0.4342184738E+05
    0.3279613689E-02    0.2714525513E+05    0.3795042417E+05
    0.3093457590E-02    0.3081572053E+05    0.3988004169E+05
    0.2830580065E-02    0.3179885246E+05    0.4232031610E+05
    0.2485681844E-02    0.5208405169E+05    0.4098388507E+05
    0.2250564579E-02    0.6405716249E+05    0.4038991572E+05
    0.2822504379E-02    0.4497347344E+05    0.3863471122E+05
