Descriptor coordinates by the model of dimension:     1
    0.3829480340E+01
    0.3422989633E+01
    0.3598270309E+01
    0.4156516320E+01
    0.3404785009E+01
    0.3687218607E+01
    0.4019834631E+01
    0.4556609523E+01
    0.4459983290E+01
    0.3469020208E+01
    0.3640143464E+01
    0.3356519531E+01
    0.3532492855E+01
    0.4404868185E+01
    0.3645476859E+01
    0.4248108738E+01
    0.4516554864E+01
Descriptor coordinates by the model of dimension:     2
    0.2611320365E+00    0.1386172536E-05
    0.2921422813E+00    0.0000000000E+00
    0.2779113058E+00    0.1000000000E+01
    0.2405860877E+00    0.1000000000E+01
    0.2937043007E+00    0.1000000000E+01
    0.2712071365E+00    0.1000000000E+01
    0.2487664523E+00    0.1000000000E+01
    0.2194614208E+00    0.0000000000E+00
    0.2242160867E+00    0.0000000000E+00
    0.2882658330E+00    0.0000000000E+00
    0.2747144474E+00    0.0000000000E+00
    0.2979276571E+00    0.0000000000E+00
    0.2830862060E+00    0.0000000000E+00
    0.2270215493E+00    0.1000000000E+01
    0.2743125354E+00    0.1000000000E+01
    0.2353988708E+00    0.1000000000E+01
    0.2214076946E+00    0.1000000000E+01
Descriptor coordinates by the model of dimension:     3
    0.3829480340E+01    0.1386172536E-05    0.2761302868E+01
    0.3422989633E+01    0.0000000000E+00    0.2820021875E+02
    0.3598270309E+01    0.1000000000E+01    0.8400577381E+01
    0.4156516320E+01    0.1000000000E+01    0.2242424242E+01
    0.3404785009E+01    0.1000000000E+01    0.4706821480E+01
    0.3687218607E+01    0.1000000000E+01    0.5677793904E+01
    0.4019834631E+01    0.1000000000E+01    0.6810595065E+01
    0.4556609523E+01    0.0000000000E+00    0.3654675000E+03
    0.4459983290E+01    0.0000000000E+00    0.3569350000E+03
    0.3469020208E+01    0.0000000000E+00    0.1731485000E+03
    0.3640143464E+01    0.0000000000E+00   -0.1543248000E+03
    0.3356519531E+01    0.0000000000E+00    0.3914250000E+02
    0.3532492855E+01    0.0000000000E+00    0.5848806366E+01
    0.4404868185E+01    0.1000000000E+01    0.1538255814E+01
    0.3645476859E+01    0.1000000000E+01    0.2999559687E+01
    0.4248108738E+01    0.1000000000E+01    0.4282015656E+01
    0.4516554864E+01    0.1000000000E+01    0.4851996086E+01
