Descriptor coordinates by the model of dimension:     1
    0.2504630796E+03
    0.1913509376E+03
    0.2217672414E+03
    0.3188505343E+03
    0.1793172107E+03
    0.2255343750E+03
    0.2896614374E+03
    0.3933491686E+03
    0.3765451664E+03
    0.1987130961E+03
    0.2191656590E+03
    0.1780063291E+03
    0.1974723539E+03
    0.3567337764E+03
    0.2131469926E+03
    0.3207319436E+03
    0.3786389701E+03
Descriptor coordinates by the model of dimension:     2
    0.2553221180E+01    0.8779664684E+01
    0.2715601198E+01    0.9149687500E+01
    0.2575331854E+01    0.9153741497E+01
    0.2282905778E+01    0.8741379310E+01
    0.2823212846E+01    0.8800000000E+01
    0.2604783749E+01    0.8780452675E+01
    0.2348686757E+01    0.8738563327E+01
    0.1990267503E+01    0.8822916667E+01
    0.2049380910E+01    0.8788888889E+01
    0.2685728926E+01    0.9135000000E+01
    0.2663525850E+01    0.8816000000E+01
    0.2794995178E+01    0.9044000000E+01
    0.2780248016E+01    0.8764000000E+01
    0.2130676321E+01    0.8920604915E+01
    0.2652512564E+01    0.8877551020E+01
    0.2211450831E+01    0.8896121884E+01
    0.2023102725E+01    0.8869434071E+01
Descriptor coordinates by the model of dimension:     3
    0.2553221180E+01    0.8779664684E+01    0.3886999567E-03
    0.2715601198E+01    0.9149687500E+01    0.0000000000E+00
    0.2575331854E+01    0.9153741497E+01    0.1694060000E+00
    0.2282905778E+01    0.8741379310E+01    0.4260000000E+00
    0.2823212846E+01    0.8800000000E+01    0.1012418434E-04
    0.2604783749E+01    0.8780452675E+01    0.1012418434E-04
    0.2348686757E+01    0.8738563327E+01    0.1012418434E-04
    0.1990267503E+01    0.8822916667E+01    0.0000000000E+00
    0.2049380910E+01    0.8788888889E+01    0.0000000000E+00
    0.2685728926E+01    0.9135000000E+01    0.0000000000E+00
    0.2663525850E+01    0.8816000000E+01    0.0000000000E+00
    0.2794995178E+01    0.9044000000E+01    0.0000000000E+00
    0.2780248016E+01    0.8764000000E+01    0.0000000000E+00
    0.2130676321E+01    0.8920604915E+01    0.2243936928E-04
    0.2652512564E+01    0.8877551020E+01    0.2912600000E+00
    0.2211450831E+01    0.8896121884E+01    0.2912600000E+00
    0.2023102725E+01    0.8869434071E+01    0.2912600000E+00
