Descriptor coordinates by the model of dimension:     1
    0.2353836848E-02
    0.2901764505E-02
    0.2431614007E-02
    0.2087291120E-02
    0.2305835822E-02
    0.2237805257E-02
    0.2702047768E-02
    0.2563538886E-02
    0.2320919088E-02
    0.2041612712E-02
    0.1931753235E-02
    0.2909327037E-02
    0.2847792847E-02
    0.3183683390E-02
    0.3238072577E-02
    0.2791660675E-02
    0.2816141474E-02
Descriptor coordinates by the model of dimension:     2
    0.2353836848E-02    0.9074433174E+02
    0.2901764505E-02    0.8298576319E+02
    0.2431614007E-02    0.9068968949E+02
    0.2087291120E-02    0.9644675238E+02
    0.2305835822E-02    0.9296837349E+02
    0.2237805257E-02    0.9411355198E+02
    0.2702047768E-02    0.8615686275E+02
    0.2563538886E-02    0.8926530612E+02
    0.2320919088E-02    0.9255022489E+02
    0.2041612712E-02    0.9747460845E+02
    0.1931753235E-02    0.9908256881E+02
    0.2909327037E-02    0.8116883117E+02
    0.2847792847E-02    0.8191349934E+02
    0.3183683390E-02    0.7793017456E+02
    0.3238072577E-02    0.7730364873E+02
    0.2791660675E-02    0.8402777778E+02
    0.2816141474E-02    0.8468543800E+02
Descriptor coordinates by the model of dimension:     3
    0.2353836848E-02    0.1903535156E+03    0.4142384666E+05
    0.2901764505E-02    0.1556120605E+03    0.4011459351E+05
    0.2431614007E-02    0.1783034668E+03    0.4339925541E+05
    0.2087291120E-02    0.2029572754E+03    0.4405730359E+05
    0.2305835822E-02    0.1861930000E+03    0.4261712482E+05
    0.2237805257E-02    0.1911093750E+03    0.4261712482E+05
    0.2702047768E-02    0.1416080000E+03    0.4509075779E+05
    0.2563538886E-02    0.1584640000E+03    0.4509075779E+05
    0.2320919088E-02    0.1861930000E+03    0.4242648200E+05
    0.2041612712E-02    0.2063790000E+03    0.4302403809E+05
    0.1931753235E-02    0.2160000000E+03    0.4387891946E+05
    0.2909327037E-02    0.1250000000E+03    0.4142451173E+05
    0.2847792847E-02    0.1250000000E+03    0.4185049034E+05
    0.3183683390E-02    0.1250000000E+03    0.4009452571E+05
    0.3238072577E-02    0.1250000000E+03    0.3980186494E+05
    0.2791660675E-02    0.1673750000E+03    0.3904339746E+05
    0.2816141474E-02    0.1498770000E+03    0.4217182376E+05
