Descriptor coordinates by the model of dimension:     1
    0.1607068996E+02
    0.1700489147E+02
    0.1659061961E+02
    0.1548408875E+02
    0.1680599852E+02
    0.1625224538E+02
    0.1568062351E+02
    0.1529619375E+02
    0.1530169114E+02
    0.1690300914E+02
    0.1646767222E+02
    0.1708468515E+02
    0.1670858024E+02
    0.1551039890E+02
    0.1651600985E+02
    0.1574329487E+02
    0.1543672865E+02
Descriptor coordinates by the model of dimension:     2
    0.2670249631E-02    0.9724893068E+01
    0.3129910270E-02    0.1563689483E+02
    0.2906522323E-02    0.1396141928E+02
    0.2140632842E-02    0.7817864071E+01
    0.3173831617E-02    0.1509800226E+02
    0.2758962221E-02    0.1171052931E+02
    0.2249600629E-02    0.8924810849E+01
    0.2075329124E-02    0.4680345784E+01
    0.2021087306E-02    0.5337640412E+01
    0.3060747949E-02    0.1456636565E+02
    0.2821248044E-02    0.1123143398E+02
    0.3229733533E-02    0.1691519088E+02
    0.3017830944E-02    0.1191757587E+02
    0.2428905912E-02    0.5236766686E+01
    0.3120736490E-02    0.1040077375E+02
    0.2547193194E-02    0.5748163545E+01
    0.2266180839E-02    0.4617595403E+01
Descriptor coordinates by the model of dimension:     3
    0.2670249631E-02    0.9724893068E+01   -0.7725094345E+01
    0.3129910270E-02    0.1563689483E+02   -0.7040054544E+01
    0.2906522323E-02    0.1396141928E+02   -0.7465258733E+01
    0.2140632842E-02    0.7817864071E+01   -0.8124837927E+01
    0.3173831617E-02    0.1509800226E+02   -0.7517217667E+01
    0.2758962221E-02    0.1171052931E+02   -0.7517217667E+01
    0.2249600629E-02    0.8924810849E+01   -0.7517217667E+01
    0.2075329124E-02    0.4680345784E+01   -0.8169745649E+01
    0.2021087306E-02    0.5337640412E+01   -0.8169745649E+01
    0.3060747949E-02    0.1456636565E+02   -0.7314329987E+01
    0.2821248044E-02    0.1123143398E+02   -0.7314329987E+01
    0.3229733533E-02    0.1691519088E+02   -0.6825738088E+01
    0.3017830944E-02    0.1191757587E+02   -0.7772778153E+01
    0.2428905912E-02    0.5236766686E+01   -0.8058099219E+01
    0.3120736490E-02    0.1040077375E+02   -0.7481218339E+01
    0.2547193194E-02    0.5748163545E+01   -0.7481218339E+01
    0.2266180839E-02    0.4617595403E+01   -0.7481218339E+01
