Descriptor coordinates by the model of dimension:     1
    0.1632181046E+02
    0.1551959596E+02
    0.1680899156E+02
    0.1681132651E+02
    0.1629961339E+02
    0.1606128184E+02
    0.1669104775E+02
    0.1651845994E+02
    0.1602237375E+02
    0.1539698347E+02
    0.1530716063E+02
    0.1702684732E+02
    0.1668291517E+02
    0.1601488835E+02
    0.1555665970E+02
    0.1537635643E+02
    0.1607128063E+02
Descriptor coordinates by the model of dimension:     2
    0.1432467683E-01    0.4767301625E-01
    0.1264250676E-01    0.3475712467E-01
    0.1539056107E-01    0.4805624845E-01
    0.1543010181E-01    0.5087532717E-01
    0.1433731396E-01    0.5339717943E-01
    0.1377992888E-01    0.4312087512E-01
    0.1506012809E-01    0.2404928595E-01
    0.1470090467E-01    0.2316980725E-01
    0.1378584560E-01    0.3569297851E-01
    0.1227399212E-01    0.2467054913E-01
    0.1210589458E-01    0.2677094173E-01
    0.1589316292E-01    0.3391915216E-01
    0.1518308357E-01    0.4996434452E-01
    0.1379711614E-01    0.4110353025E-01
    0.1277864818E-01    0.4135604341E-01
    0.1238306173E-01    0.4146827148E-01
    0.1376815099E-01    0.3765695215E-01
Descriptor coordinates by the model of dimension:     3
    0.3932029920E+00    0.7093358993E-02   -0.1329446251E-01
    0.3432045506E+00    0.7373570859E-02   -0.1922542578E-01
    0.4163612838E+00    0.7427200984E-02   -0.3937060893E-02
    0.4174889664E+00    0.7386377613E-02   -0.4011051722E-02
    0.3875157542E+00    0.7187930458E-02   -0.1909478443E-01
    0.3722123933E+00    0.7392831039E-02   -0.1640037746E-01
    0.4107702740E+00    0.7756878790E-02   -0.8547326417E-02
    0.4026779787E+00    0.7654244715E-02   -0.1457833202E-01
    0.3662726853E+00    0.7769771408E-02   -0.4085589006E-01
    0.3354348506E+00    0.7471287725E-02   -0.4085589006E-01
    0.3320253441E+00    0.7411430322E-02   -0.7141419248E-02
    0.4355307313E+00    0.7377967223E-02   -0.1207474480E-02
    0.4176020896E+00    0.7082546827E-02   -0.4163817735E-01
    0.3664008728E+00    0.7559380106E-02   -0.4268553809E-01
    0.3459926336E+00    0.7166288940E-02   -0.4268553809E-01
    0.3379622357E+00    0.7004407890E-02   -0.4268553809E-01
    0.3772127101E+00    0.7259843888E-02   -0.2757335655E-01
