Descriptor coordinates by the model of dimension:     1
    0.2470757508E+03
    0.2021502425E+03
    0.3348306018E+03
    0.2687661508E+03
    0.1953888238E+03
    0.1981059142E+03
    0.2490111138E+03
    0.2684728021E+03
    0.2401237159E+03
    0.1916760165E+03
    0.2073110673E+03
    0.2149969419E+03
    0.2375959016E+03
    0.2544473911E+03
    0.3308379343E+03
    0.2997879641E+03
    0.4034188034E+03
    0.3899904973E+03
    0.3832699620E+03
    0.3630827783E+03
    0.3597145123E+03
    0.1803638645E+03
    0.1731636598E+03
    0.1681430446E+03
    0.2035065748E+03
    0.1818916734E+03
    0.2234601467E+03
    0.2653074866E+03
    0.3466951638E+03
    0.3881177953E+03
    0.2457175553E+03
    0.2692152104E+03
    0.2942020619E+03
    0.3488592593E+03
Descriptor coordinates by the model of dimension:     2
    0.2486688448E+01    0.2807421448E+00
    0.2660805758E+01    0.3751044259E+00
    0.2220238829E+01    0.2120192919E+00
    0.2421009072E+01    0.3080854944E+00
    0.2758674051E+01    0.2341473751E+00
    0.2732921044E+01    0.2560777006E+00
    0.2511867973E+01    0.3157396952E+00
    0.2464187237E+01    0.2380701768E+00
    0.2581675469E+01    0.2428195382E+00
    0.2779540476E+01    0.2399144949E+00
    0.2683644612E+01    0.2721721622E+00
    0.2600124329E+01    0.4479840018E+00
    0.2619453320E+01    0.2569784522E+00
    0.2559394870E+01    0.2560769725E+00
    0.2226770524E+01    0.2349143931E+00
    0.2312510784E+01    0.2247071842E+00
    0.1955177486E+01    0.1616411055E+00
    0.2002028747E+01    0.1647581781E+00
    0.2025644613E+01    0.1663621795E+00
    0.2097194103E+01    0.1713669610E+00
    0.2109214369E+01    0.1722304766E+00
    0.2774935337E+01    0.2981916599E+00
    0.2834937601E+01    0.2492125082E+00
    0.2874643130E+01    0.2171560151E+00
    0.2755982835E+01    0.1826960720E+00
    0.2838818205E+01    0.2022964971E+00
    0.2554109752E+01    0.5162169502E+00
    0.2504595593E+01    0.3038651049E+00
    0.2170199284E+01    0.2558647466E+00
    0.2011412827E+01    0.2384852319E+00
    0.2504449777E+01    0.2800075425E+00
    0.2405900304E+01    0.2657354850E+00
    0.2308088794E+01    0.2528948487E+00
    0.2116353418E+01    0.2307077967E+00
Descriptor coordinates by the model of dimension:     3
    0.2486688448E+01    0.5838255211E+00    0.5147716446E+02
    0.2660805758E+01    0.7204029523E+00    0.5250815932E+02
    0.2220238829E+01    0.4450424538E+00    0.1032618674E+03
    0.2421009072E+01    0.6466946234E+00    0.5078615202E+02
    0.2758674051E+01    0.4681080869E+00    0.1231314627E+03
    0.2732921044E+01    0.5110136034E+00    0.1314520612E+03
    0.2511867973E+01    0.6324569341E+00    0.5051779023E+02
    0.2464187237E+01    0.4965897855E+00    0.5093010581E+02
    0.2581675469E+01    0.4862268021E+00    0.4664367998E+02
    0.2779540476E+01    0.4693066134E+00    0.3418366644E+02
    0.2683644612E+01    0.5019701788E+00    0.4566713976E+02
    0.2600124329E+01    0.8344116834E+00    0.4436336929E+02
    0.2619453320E+01    0.4545948819E+00    0.5097025296E+02
    0.2559394870E+01    0.4816381058E+00    0.4757952798E+02
    0.2226770524E+01    0.5556769461E+00    0.3288638639E+02
    0.2312510784E+01    0.4968385108E+00    0.4632339351E+02
    0.1955177486E+01    0.3353824633E+00    0.7283953721E+03
    0.2002028747E+01    0.3360063597E+00    0.6625517227E+03
    0.2025644613E+01    0.3363273064E+00    0.6296298979E+03
    0.2097194103E+01    0.3373282787E+00    0.5308644238E+03
    0.2109214369E+01    0.3375009174E+00    0.5144035114E+03
    0.2774935337E+01    0.5953268432E+00    0.3121949215E+03
    0.2834937601E+01    0.5003199106E+00    0.2623176263E+03
    0.2874643130E+01    0.4375768643E+00    0.2290660962E+03
    0.2755982835E+01    0.3629830965E+00    0.9262744240E+02
    0.2838818205E+01    0.4137087475E+00    0.6204290953E+02
    0.2554109752E+01    0.9484830253E+00    0.4707758309E+02
    0.2504595593E+01    0.5682363300E+00    0.5067630274E+02
    0.2170199284E+01    0.5864448902E+00    0.5098762473E+02
    0.2011412827E+01    0.5913382798E+00    0.5112599006E+02
    0.2504449777E+01    0.5582084438E+00    0.4774491665E+02
    0.2405900304E+01    0.5498772348E+00    0.5335549442E+02
    0.2308088794E+01    0.5424551115E+00    0.5896607218E+02
    0.2116353418E+01    0.5298014915E+00    0.7018722771E+02
