Descriptor coordinates by the model of dimension:     1
    0.8113973802E+03
    0.5299974241E+03
    0.7046181930E+03
    0.9207687787E+03
    0.7627096073E+03
    0.8106119035E+03
    0.4154759784E+03
    0.5366891529E+03
    0.7564333918E+03
    0.9626038028E+03
    0.9601605285E+03
    0.2433975809E+03
    0.2457721915E+03
    0.2573484179E+03
    0.2592777890E+03
    0.6704558944E+03
    0.5244817685E+03
Descriptor coordinates by the model of dimension:     2
    0.5179968619E+02    0.3687383251E+03
    0.3938449679E+02    0.1282256305E+04
    0.4492667852E+02    0.1112097714E+04
    0.5270130753E+02    0.9412433162E+03
    0.4911220245E+02    0.2275532437E+03
    0.5088369330E+02    0.2275532437E+03
    0.3170737463E+02    0.2218385093E+04
    0.3734869572E+02    0.2218385093E+04
    0.4955620730E+02    0.1014058026E+04
    0.5674238212E+02    0.1014058026E+04
    0.5307783755E+02    0.2759523806E+04
    0.2332295135E+02    0.3171004626E+04
    0.2299870506E+02    0.2786835062E+04
    0.2486442116E+02    0.2786835062E+04
    0.2518976881E+02    0.2786835062E+04
    0.4707782940E+02    0.2015407013E+03
    0.3654519206E+02    0.2058513502E+04
Descriptor coordinates by the model of dimension:     3
    0.5405457461E+05    0.1146731518E+04    0.1461462760E-06
    0.3557717647E+05    0.1262845068E+04    0.8649163044E-06
    0.4909023984E+05    0.1135578535E+04    0.8345904859E-09
    0.6081933540E+05    0.1218713683E+04    0.4829060624E-08
    0.5072955346E+05    0.1335643223E+03    0.1415055569E-05
    0.5345877142E+05    0.1346973872E+03    0.1427059896E-05
    0.3055045356E+05    0.9487876169E+03    0.1536616239E-07
    0.3831423506E+05    0.8693391874E+03    0.1407944928E-07
    0.5003752113E+05    0.2664934967E+03    0.2304907258E-02
    0.6154017435E+05    0.2908684443E+03    0.2515726637E-02
    0.6194925876E+05    0.3375707600E+04    0.2032110068E-07
    0.1365927419E+05    0.6138711024E+04    0.2807142326E-07
    0.1423672125E+05    0.5273426968E+04    0.4092811198E-03
    0.1423672125E+05    0.2979762504E+04    0.2312652743E-03
    0.1423672125E+05    0.2597485093E+04    0.2015959667E-03
    0.4743175632E+05    0.1167600480E+04    0.4559856658E-07
    0.3938825171E+05    0.4799110152E+03    0.7870437600E-12
