Predictions (y,pred,y-pred) by the model of dimension:     1
    0.7301306667E+02    0.8241937744E+02   -0.9406310769E+01
    0.1115410667E+03    0.1040616207E+03    0.7479445967E+01
    0.1163904667E+03    0.1136343541E+03    0.2756112525E+01
    0.8049570000E+02    0.9219512498E+02   -0.1169942498E+02
    0.7687850000E+02    0.8990017705E+02   -0.1302167705E+02
    0.1124396667E+03    0.1035726915E+03    0.8866975139E+01
    0.1151615000E+03    0.1131647821E+03    0.1996717874E+01
    0.1120797667E+03    0.1124621982E+03   -0.3824315286E+00
    0.1183827000E+03    0.1200291010E+03   -0.1646400972E+01
    0.1263473667E+03    0.1145644209E+03    0.1178294576E+02
    0.1167774333E+03    0.1187297585E+03   -0.1952325154E+01
    0.1183212333E+03    0.1232455759E+03   -0.4924342552E+01
    0.6767893333E+02    0.6961881762E+02   -0.1939884288E+01
    0.6924846667E+02    0.7788035106E+02   -0.8631884395E+01
    0.1178638333E+03    0.1221228827E+03   -0.4259049412E+01
    0.1260300667E+03    0.1265890376E+03   -0.5589709386E+00
    0.6395140000E+02    0.7677820884E+02   -0.1282680884E+02
    0.7548660000E+02    0.8843534425E+02   -0.1294874425E+02
    0.7241710000E+02    0.8046217145E+02   -0.8045071454E+01
    0.1167479333E+03    0.9929255226E+02    0.1745538107E+02
    0.1084637000E+03    0.1210864002E+03   -0.1262270018E+02
    0.1173802333E+03    0.1090557431E+03    0.8324490232E+01
    0.1055167333E+03    0.1007828947E+03    0.4733838671E+01
    0.1077780667E+03    0.1104861719E+03   -0.2708105205E+01
    0.9370783333E+02    0.8874192290E+02    0.4965910432E+01
    0.8791373333E+02    0.8640339887E+02    0.1510334468E+01
    0.1162208000E+03    0.9762555979E+02    0.1859524021E+02
    0.1175302333E+03    0.1183558361E+03   -0.8256027696E+00
    0.1218277333E+03    0.1074561952E+03    0.1437153811E+02
    0.1233274667E+03    0.1048735202E+03    0.1845394644E+02
    0.1119479000E+03    0.1175324365E+03   -0.5584536509E+01
    0.1160802000E+03    0.1126539902E+03    0.3426209809E+01
    0.1068349333E+03    0.9862716037E+02    0.8207772961E+01
    0.1127276667E+03    0.1084172177E+03    0.4310448990E+01
    0.1130756000E+03    0.1066438656E+03    0.6431734385E+01
    0.1132335667E+03    0.1143739877E+03   -0.1140421025E+01
    0.1026179667E+03    0.1028926972E+03   -0.2747305193E+00
    0.1001382000E+03    0.1040508667E+03   -0.3912666735E+01
    0.1001710667E+03    0.1083429711E+03   -0.8171904477E+01
    0.9148953333E+02    0.1087879187E+03   -0.1729838540E+02
    0.9892276667E+02    0.1047661382E+03   -0.5843371561E+01
    0.9586320000E+02    0.1094921648E+03   -0.1362896484E+02
    0.6868523333E+02    0.6876596164E+02   -0.8072830818E-01
    0.7368413333E+02    0.7707522091E+02   -0.3391087577E+01
    0.1155646000E+03    0.1157581612E+03   -0.1935612175E+00
    0.1181048000E+03    0.1221726056E+03   -0.4067805641E+01
    0.1175400000E+03    0.1203179216E+03   -0.2777921586E+01
    0.7083120000E+02    0.7546382473E+02   -0.4632624727E+01
    0.1189540667E+03    0.1262156995E+03   -0.7261632839E+01
    0.7171576667E+02    0.8721200062E+02   -0.1549623395E+02
    0.1173187667E+03    0.1198650051E+03   -0.2546238399E+01
    0.1177421333E+03    0.1243641460E+03   -0.6622012683E+01
    0.7212726667E+02    0.7576808603E+02   -0.3640819362E+01
    0.6982910000E+02    0.8749512654E+02   -0.1766602654E+02
    0.7875026667E+02    0.8300198663E+02   -0.4251719967E+01
    0.9753893333E+02    0.9321862306E+02    0.4320310271E+01
    0.9081230000E+02    0.9093643305E+02   -0.1241330507E+00
    0.1104217667E+03    0.1179693478E+03   -0.7547581161E+01
    0.6689893333E+02    0.6987369171E+02   -0.2974758372E+01
    0.7034353333E+02    0.7812101415E+02   -0.7777480816E+01
    0.1323314333E+03    0.1193716780E+03    0.1295975533E+02
    0.1293472000E+03    0.1137790304E+03    0.1556816964E+02
    0.1163718000E+03    0.1107298841E+03    0.5641915878E+01
    0.1096154000E+03    0.1075505565E+03    0.2064843467E+01
    0.9314260000E+02    0.1008994139E+03   -0.7756813925E+01
    0.8257986667E+02    0.9399726110E+02   -0.1141739443E+02
    0.7522936667E+02    0.8698137825E+02   -0.1175201159E+02
    0.7383243333E+02    0.7996059496E+02   -0.6128161628E+01
    0.7589846667E+02    0.7647582860E+02   -0.5773619321E+00
    0.7789620000E+02    0.7302023023E+02    0.4875969769E+01
    0.7840820000E+02    0.6622621253E+02    0.1218198747E+02
    0.1073171667E+03    0.1019203817E+03    0.5396785009E+01
    0.1140277000E+03    0.1002559735E+03    0.1377172647E+02
    0.1140622333E+03    0.9888671440E+02    0.1517551894E+02
    0.1204607667E+03    0.9722134022E+02    0.2323942644E+02
    0.1132415667E+03    0.9316105825E+02    0.2008050842E+02
    0.9731303333E+02    0.8835436145E+02    0.8958671883E+01
    0.8288196667E+02    0.8302679472E+02   -0.1448280543E+00
    0.8378776667E+02    0.7735975300E+02    0.6428013667E+01
    0.8411906667E+02    0.7444549974E+02    0.9673566926E+01
    0.8230160000E+02    0.7149831348E+02    0.1080328652E+02
    0.7972536667E+02    0.6555768310E+02    0.1416768357E+02
    0.1333271667E+03    0.1244224125E+03    0.8904754162E+01
    0.1177511000E+03    0.1177128938E+03    0.3820620699E-01
    0.1165381667E+03    0.1141834195E+03    0.2354747200E+01
    0.1148520667E+03    0.1105696691E+03    0.4282397552E+01
    0.1043592000E+03    0.1031713333E+03    0.1187866680E+01
    0.9885580000E+02    0.9566089026E+02    0.3194909737E+01
    0.8333353333E+02    0.8815183102E+02   -0.4818297691E+01
    0.8251083333E+02    0.8073321323E+02    0.1777620100E+01
    0.8228193333E+02    0.7708002929E+02    0.5201904042E+01
    0.8122306667E+02    0.7347390800E+02    0.7749158669E+01
    0.7805130000E+02    0.6642615186E+02    0.1162514814E+02
    0.7565850000E+02    0.6979157710E+02    0.5866922899E+01
    0.7168876667E+02    0.6870169520E+02    0.2987071467E+01
    0.6902210000E+02    0.6815322583E+02    0.8688741711E+00
    0.6723246667E+02    0.6760237697E+02   -0.3699103071E+00
    0.6564466667E+02    0.6649345759E+02   -0.8487909271E+00
    0.6465190000E+02    0.6537476787E+02   -0.7228678730E+00
    0.6549303333E+02    0.6424613411E+02    0.1246899220E+01
    0.6527446667E+02    0.6310737794E+02    0.2167088724E+01
    0.6491693333E+02    0.6253414689E+02    0.2382786441E+01
    0.6509713333E+02    0.6195831615E+02    0.3138817187E+01
    0.6360703333E+02    0.6079876049E+02    0.2808272844E+01
    0.1331329333E+03    0.1219013746E+03    0.1123155875E+02
    0.1303768667E+03    0.1197238185E+03    0.1065304820E+02
    0.1275528667E+03    0.1186298667E+03    0.8922999982E+01
    0.1131955333E+03    0.1175324365E+03   -0.4336903176E+01
    0.1089584667E+03    0.1153270520E+03   -0.6368585345E+01
    0.1032596000E+03    0.1131074849E+03   -0.9847884881E+01
    0.1006016333E+03    0.1108735515E+03   -0.1027191819E+02
    0.9690393333E+02    0.1086250647E+03   -0.1172113141E+02
    0.9634486667E+02    0.1074953043E+03   -0.1115043766E+02
    0.9517810000E+02    0.1063618337E+03   -0.1118373369E+02
    0.9246266667E+02    0.1040836637E+03   -0.1162099704E+02
    0.1244155333E+03    0.1247118126E+03   -0.2962792637E+00
    0.1249338000E+03    0.1253571381E+03   -0.4233381190E+00
    0.1282895000E+03    0.1256793490E+03    0.2610151029E+01
    0.1282394333E+03    0.1260012593E+03    0.2238174033E+01
    0.1238324333E+03    0.1266441806E+03   -0.2811747294E+01
    0.1230619333E+03    0.1272859066E+03   -0.4223973230E+01
    0.1256808333E+03    0.1279264415E+03   -0.2245608210E+01
    0.1205031000E+03    0.1285657900E+03   -0.8062689981E+01
    0.1237962000E+03    0.1288850206E+03   -0.5088820618E+01
    0.1263286333E+03    0.1292039563E+03   -0.2875322930E+01
    0.1243047333E+03    0.1298409448E+03   -0.5536211421E+01
    0.9942550000E+02    0.1047686950E+03   -0.5343195021E+01
    0.1039796667E+03    0.1077215524E+03   -0.3741885782E+01
    0.1065988000E+03    0.1091885612E+03   -0.2589761194E+01
    0.1094606333E+03    0.1106493609E+03   -0.1188727532E+01
    0.1100665000E+03    0.1135525417E+03   -0.3486041679E+01
    0.1137924333E+03    0.1164315058E+03   -0.2639072419E+01
    0.1200650667E+03    0.1192866538E+03    0.7784129153E+00
    0.1181213667E+03    0.1221183765E+03   -0.3997009812E+01
    0.1254120333E+03    0.1235255729E+03    0.1886460459E+01
    0.1295430000E+03    0.1249270552E+03    0.4615944802E+01
    0.1281758000E+03    0.1277130619E+03    0.4627380614E+00
    0.1324569000E+03    0.1231207860E+03    0.9336114031E+01
    0.1310257333E+03    0.1203053703E+03    0.1072036301E+02
    0.1248918667E+03    0.1183450243E+03    0.6546842369E+01
    0.1208332667E+03    0.1160837326E+03    0.4749534064E+01
    0.1109500000E+03    0.1108303491E+03    0.1196509447E+00
    0.9142540000E+02    0.1048462639E+03   -0.1342086387E+02
    0.8069620000E+02    0.9837264610E+02   -0.1767644610E+02
    0.9159523333E+02    0.9160178383E+02   -0.6550494010E-02
    0.8447216667E+02    0.8815384784E+02   -0.3681681172E+01
    0.7063323333E+02    0.8468603429E+02   -0.1405280096E+02
    0.6796646667E+02    0.7774513370E+02   -0.9778667032E+01
    0.9883910000E+02    0.1058835940E+03   -0.7044494024E+01
    0.1059929000E+03    0.1070983892E+03   -0.1105489188E+01
    0.1099493000E+03    0.1068398528E+03    0.3109447158E+01
    0.1138922667E+03    0.1061002571E+03    0.7792009607E+01
    0.1143839667E+03    0.1034223971E+03    0.1096156955E+02
    0.1074090000E+03    0.9949203591E+02    0.7916964092E+01
    0.1007096000E+03    0.9465115761E+02    0.6058442385E+01
    0.9387423333E+02    0.8917294493E+02    0.4701288400E+01
    0.7960966667E+02    0.8626468069E+02   -0.6655014028E+01
    0.7212493333E+02    0.8327490470E+02   -0.1114997136E+02
    0.7295700000E+02    0.7712940624E+02   -0.4172406243E+01
    0.1322593000E+03    0.1281117282E+03    0.4147571781E+01
    0.1247315333E+03    0.1241500277E+03    0.5815056111E+00
    0.1265596000E+03    0.1217026921E+03    0.4856907851E+01
    0.1238607000E+03    0.1190043134E+03    0.4856386640E+01
    0.1190111667E+03    0.1130072573E+03    0.6003909347E+01
    0.1090786333E+03    0.1064261876E+03    0.2652445729E+01
    0.1036082667E+03    0.9947498289E+02    0.4133283772E+01
    0.9512590000E+02    0.9232377402E+02    0.2802125979E+01
    0.8489250000E+02    0.8871635547E+02   -0.3823855471E+01
    0.7258806667E+02    0.8510688142E+02   -0.1251881476E+02
    0.7170470000E+02    0.7792932632E+02   -0.6224626324E+01
Prediction RMSE and MaxAE:         8.0600653742       23.2394264426
Predictions (y,pred,y-pred) by the model of dimension:     2
    0.7301306667E+02    0.8086428195E+02   -0.7851215287E+01
    0.1115410667E+03    0.1042113899E+03    0.7329676724E+01
    0.1163904667E+03    0.1106088512E+03    0.5781615473E+01
    0.8049570000E+02    0.9176103698E+02   -0.1126533698E+02
    0.7687850000E+02    0.9020096968E+02   -0.1332246968E+02
    0.1124396667E+03    0.1041279944E+03    0.8311672260E+01
    0.1151615000E+03    0.1104448795E+03    0.4716620460E+01
    0.1120797667E+03    0.1136421941E+03   -0.1562427418E+01
    0.1183827000E+03    0.1187059032E+03   -0.3232032436E+00
    0.1263473667E+03    0.1183942918E+03    0.7953074909E+01
    0.1167774333E+03    0.1214940021E+03   -0.4716568752E+01
    0.1183212333E+03    0.1236918630E+03   -0.5370629631E+01
    0.6767893333E+02    0.6884664932E+02   -0.1167715982E+01
    0.6924846667E+02    0.7259844753E+02   -0.3349980860E+01
    0.1178638333E+03    0.1230936741E+03   -0.5229840760E+01
    0.1260300667E+03    0.1258376696E+03    0.1923970477E+00
    0.6395140000E+02    0.7443453221E+02   -0.1048313221E+02
    0.7548660000E+02    0.7975309873E+02   -0.4266498731E+01
    0.7241710000E+02    0.8263071148E+02   -0.1021361148E+02
    0.1167479333E+03    0.1000870438E+03    0.1666088957E+02
    0.1084637000E+03    0.1186562339E+03   -0.1019253393E+02
    0.1173802333E+03    0.1065342501E+03    0.1084598323E+02
    0.1055167333E+03    0.1040126837E+03    0.1504049665E+01
    0.1077780667E+03    0.1105079866E+03   -0.2729919938E+01
    0.9370783333E+02    0.9209454667E+02    0.1613286662E+01
    0.8791373333E+02    0.9049361683E+02   -0.2579883501E+01
    0.1162208000E+03    0.9843045875E+02    0.1779034125E+02
    0.1175302333E+03    0.1156169716E+03    0.1913261709E+01
    0.1218277333E+03    0.1049765165E+03    0.1685121688E+02
    0.1233274667E+03    0.1063341312E+03    0.1699333546E+02
    0.1119479000E+03    0.1150536599E+03   -0.3105759873E+01
    0.1160802000E+03    0.1115595954E+03    0.4520604596E+01
    0.1068349333E+03    0.1023016582E+03    0.4533275105E+01
    0.1127276667E+03    0.1088128739E+03    0.3914792782E+01
    0.1130756000E+03    0.1106357140E+03    0.2439885998E+01
    0.1132335667E+03    0.1158647391E+03   -0.2631172385E+01
    0.1026179667E+03    0.1098704835E+03   -0.7252516786E+01
    0.1001382000E+03    0.1054886586E+03   -0.5350458598E+01
    0.1001710667E+03    0.1051537726E+03   -0.4982705913E+01
    0.9148953333E+02    0.1082411766E+03   -0.1675164325E+02
    0.9892276667E+02    0.1096168740E+03   -0.1069410730E+02
    0.9586320000E+02    0.1121200794E+03   -0.1625687940E+02
    0.6868523333E+02    0.7155461514E+02   -0.2869381810E+01
    0.7368413333E+02    0.7536527448E+02   -0.1681141150E+01
    0.1155646000E+03    0.1179383914E+03   -0.2373791394E+01
    0.1181048000E+03    0.1205765603E+03   -0.2471760304E+01
    0.1175400000E+03    0.1203315019E+03   -0.2791501939E+01
    0.7083120000E+02    0.7345958185E+02   -0.2628381852E+01
    0.1189540667E+03    0.1233159877E+03   -0.4361920995E+01
    0.7171576667E+02    0.7866928002E+02   -0.6953513352E+01
    0.1173187667E+03    0.1235180221E+03   -0.6199255448E+01
    0.1177421333E+03    0.1262249897E+03   -0.8482856335E+01
    0.7212726667E+02    0.7692323668E+02   -0.4795970017E+01
    0.6982910000E+02    0.8223218180E+02   -0.1240308180E+02
    0.7875026667E+02    0.8437041547E+02   -0.5620148803E+01
    0.9753893333E+02    0.9532841416E+02    0.2210519171E+01
    0.9081230000E+02    0.9372637676E+02   -0.2914076756E+01
    0.1104217667E+03    0.1234032502E+03   -0.1298148352E+02
    0.6689893333E+02    0.7226958220E+02   -0.5370648863E+01
    0.7034353333E+02    0.7637846972E+02   -0.6034936387E+01
    0.1323314333E+03    0.1255954233E+03    0.6736010039E+01
    0.1293472000E+03    0.1187418116E+03    0.1060538845E+02
    0.1163718000E+03    0.1150051799E+03    0.1366620143E+01
    0.1096154000E+03    0.1111090151E+03   -0.1493615055E+01
    0.9314260000E+02    0.1029582514E+03   -0.9815651412E+01
    0.8257986667E+02    0.9449988273E+02   -0.1192001606E+02
    0.7522936667E+02    0.8590214153E+02   -0.1067277486E+02
    0.7383243333E+02    0.7729839499E+02   -0.3465961657E+01
    0.7589846667E+02    0.7302792469E+02    0.2870541977E+01
    0.7789620000E+02    0.6879319884E+02    0.9103001162E+01
    0.7840820000E+02    0.6046734631E+02    0.1794085369E+02
    0.1073171667E+03    0.1106710488E+03   -0.3353882096E+01
    0.1140277000E+03    0.1086313696E+03    0.5396330440E+01
    0.1140622333E+03    0.1069533861E+03    0.7108847277E+01
    0.1204607667E+03    0.1049125230E+03    0.1554824367E+02
    0.1132415667E+03    0.9993677662E+02    0.1330479004E+02
    0.9731303333E+02    0.9404632263E+02    0.3266710698E+01
    0.8288196667E+02    0.8751755912E+02   -0.4635592450E+01
    0.8378776667E+02    0.8057277980E+02    0.3214986868E+01
    0.8411906667E+02    0.7700145515E+02    0.7117611514E+01
    0.8230160000E+02    0.7338977216E+02    0.8911827838E+01
    0.7972536667E+02    0.6610971865E+02    0.1361564802E+02
    0.1333271667E+03    0.1318119591E+03    0.1515207611E+01
    0.1177511000E+03    0.1244013551E+03   -0.6650255142E+01
    0.1165381667E+03    0.1204819455E+03   -0.3943778880E+01
    0.1148520667E+03    0.1164592584E+03   -0.1607191698E+01
    0.1043592000E+03    0.1082045310E+03   -0.3845331031E+01
    0.9885580000E+02    0.9981241982E+02   -0.9566198152E+00
    0.8333353333E+02    0.9142200442E+02   -0.8088471092E+01
    0.8251083333E+02    0.8314242215E+02   -0.6315888173E+00
    0.8228193333E+02    0.7907141036E+02    0.3210522975E+01
    0.8122306667E+02    0.7505807234E+02    0.6164994323E+01
    0.7805130000E+02    0.6723296922E+02    0.1081833078E+02
    0.7565850000E+02    0.7053515509E+02    0.5123344908E+01
    0.7168876667E+02    0.7005293983E+02    0.1635826832E+01
    0.6902210000E+02    0.6980750824E+02   -0.7854082393E+00
    0.6723246667E+02    0.6955916066E+02   -0.2326693995E+01
    0.6564466667E+02    0.6905361558E+02   -0.3408948914E+01
    0.6465190000E+02    0.6853609726E+02   -0.3884197258E+01
    0.6549303333E+02    0.6800639283E+02   -0.2513359498E+01
    0.6527446667E+02    0.6746428371E+02   -0.2189817046E+01
    0.6491693333E+02    0.6718850747E+02   -0.2271574134E+01
    0.6509713333E+02    0.6690954538E+02   -0.1812412044E+01
    0.6360703333E+02    0.6634194715E+02   -0.2734913816E+01
    0.1331329333E+03    0.1195529453E+03    0.1357998802E+02
    0.1303768667E+03    0.1168844196E+03    0.1349244709E+02
    0.1275528667E+03    0.1155438165E+03    0.1200905019E+02
    0.1131955333E+03    0.1141989507E+03   -0.1003417376E+01
    0.1089584667E+03    0.1114963222E+03   -0.2537855511E+01
    0.1032596000E+03    0.1087763133E+03   -0.5516713279E+01
    0.1006016333E+03    0.1060386990E+03   -0.5437065689E+01
    0.9690393333E+02    0.1032832500E+03   -0.6379316686E+01
    0.9634486667E+02    0.1018987646E+03   -0.5553897907E+01
    0.9517810000E+02    0.1005097324E+03   -0.5331632370E+01
    0.9246266667E+02    0.9771790754E+02   -0.5255240873E+01
    0.1244155333E+03    0.1241708811E+03    0.2446522074E+00
    0.1249338000E+03    0.1242506294E+03    0.6831705528E+00
    0.1282895000E+03    0.1242899498E+03    0.3999550192E+01
    0.1282394333E+03    0.1243289019E+03    0.3910531446E+01
    0.1238324333E+03    0.1244057039E+03   -0.5732706113E+00
    0.1230619333E+03    0.1244810411E+03   -0.1419107754E+01
    0.1256808333E+03    0.1245549188E+03    0.1125914581E+01
    0.1205031000E+03    0.1246273423E+03   -0.4124242346E+01
    0.1237962000E+03    0.1246630105E+03   -0.8668105486E+00
    0.1263286333E+03    0.1246983172E+03    0.1630316086E+01
    0.1243047333E+03    0.1247678488E+03   -0.4631154693E+00
    0.9942550000E+02    0.1050617411E+03   -0.5636241080E+01
    0.1039796667E+03    0.1079322789E+03   -0.3952612193E+01
    0.1065988000E+03    0.1093560039E+03   -0.2757203878E+01
    0.1094606333E+03    0.1107721199E+03   -0.1311486540E+01
    0.1100665000E+03    0.1135817805E+03   -0.3515280544E+01
    0.1137924333E+03    0.1163617644E+03   -0.2569331036E+01
    0.1200650667E+03    0.1191125624E+03    0.9525043140E+00
    0.1181213667E+03    0.1218346534E+03   -0.3713286745E+01
    0.1254120333E+03    0.1231850803E+03    0.2226953035E+01
    0.1295430000E+03    0.1245285048E+03    0.5014495228E+01
    0.1281758000E+03    0.1271945723E+03    0.9812276570E+00
    0.1324569000E+03    0.1251857388E+03    0.7271161224E+01
    0.1310257333E+03    0.1210038713E+03    0.1002186200E+02
    0.1248918667E+03    0.1182356971E+03    0.6656169582E+01
    0.1208332667E+03    0.1150987235E+03    0.5734543178E+01
    0.1109500000E+03    0.1079292040E+03    0.3020796043E+01
    0.9142540000E+02    0.9986423281E+02   -0.8438832815E+01
    0.8069620000E+02    0.9119935507E+02   -0.1050315507E+02
    0.9159523333E+02    0.8217021364E+02    0.9425019691E+01
    0.8447216667E+02    0.7757904522E+02    0.6893121446E+01
    0.7063323333E+02    0.7296351748E+02   -0.2330284150E+01
    0.6796646667E+02    0.6372599950E+02    0.4240467163E+01
    0.9883910000E+02    0.1106965898E+03   -0.1185748978E+02
    0.1059929000E+03    0.1114075447E+03   -0.5414644669E+01
    0.1099493000E+03    0.1107018476E+03   -0.7525476392E+00
    0.1138922667E+03    0.1094066276E+03    0.4485639092E+01
    0.1143839667E+03    0.1053472575E+03    0.9036709181E+01
    0.1074090000E+03    0.9975298695E+02    0.7656013052E+01
    0.1007096000E+03    0.9304290669E+02    0.7666693306E+01
    0.9387423333E+02    0.8555179342E+02    0.8322439909E+01
    0.7960966667E+02    0.8159893917E+02   -0.1989272501E+01
    0.7212493333E+02    0.7754619484E+02   -0.5421261511E+01
    0.7295700000E+02    0.6923734409E+02    0.3719655907E+01
    0.1322593000E+03    0.1325670827E+03   -0.3077826713E+00
    0.1247315333E+03    0.1277121448E+03   -0.2980611431E+01
    0.1265596000E+03    0.1247130129E+03    0.1846587113E+01
    0.1238607000E+03    0.1214062355E+03    0.2454464464E+01
    0.1190111667E+03    0.1140570342E+03    0.4954132497E+01
    0.1090786333E+03    0.1059921426E+03    0.3086490707E+01
    0.1036082667E+03    0.9747366242E+02    0.6134604243E+01
    0.9512590000E+02    0.8871008348E+02    0.6415816518E+01
    0.8489250000E+02    0.8428930683E+02    0.6031931722E+00
    0.7258806667E+02    0.7986601123E+02   -0.7277944558E+01
    0.7170470000E+02    0.7107014582E+02    0.6345541758E+00
Prediction RMSE and MaxAE:         6.9545429424       17.9408536868
Predictions (y,pred,y-pred) by the model of dimension:     3
    0.7301306667E+02    0.7887056661E+02   -0.5857499945E+01
    0.1115410667E+03    0.1031471682E+03    0.8393898464E+01
    0.1163904667E+03    0.1107257650E+03    0.5664701681E+01
    0.8049570000E+02    0.9023433554E+02   -0.9738635536E+01
    0.7687850000E+02    0.8822031518E+02   -0.1134181518E+02
    0.1124396667E+03    0.1039222875E+03    0.8517379185E+01
    0.1151615000E+03    0.1113096446E+03    0.3851855376E+01
    0.1120797667E+03    0.1139099251E+03   -0.1830158413E+01
    0.1183827000E+03    0.1197179325E+03   -0.1335232487E+01
    0.1263473667E+03    0.1198236099E+03    0.6523756728E+01
    0.1167774333E+03    0.1244954862E+03   -0.7718052884E+01
    0.1183212333E+03    0.1258383745E+03   -0.7517141117E+01
    0.6767893333E+02    0.6776632832E+02   -0.8739498646E-01
    0.6924846667E+02    0.7099084563E+02   -0.1742378965E+01
    0.1178638333E+03    0.1225437807E+03   -0.4679947368E+01
    0.1260300667E+03    0.1250056723E+03    0.1024394353E+01
    0.6395140000E+02    0.7457105293E+02   -0.1061965293E+02
    0.7548660000E+02    0.7881247366E+02   -0.3325873658E+01
    0.7241710000E+02    0.8385512858E+02   -0.1143802858E+02
    0.1167479333E+03    0.1032058582E+03    0.1354207510E+02
    0.1084637000E+03    0.1195081644E+03   -0.1104446436E+02
    0.1173802333E+03    0.1106619982E+03    0.6718235084E+01
    0.1055167333E+03    0.1045234530E+03    0.9932803080E+00
    0.1077780667E+03    0.1124018141E+03   -0.4623747462E+01
    0.9370783333E+02    0.9300715315E+02    0.7006801802E+00
    0.8791373333E+02    0.9088970909E+02   -0.2975975752E+01
    0.1162208000E+03    0.1005504134E+03    0.1567038659E+02
    0.1175302333E+03    0.1143493553E+03    0.3180877990E+01
    0.1218277333E+03    0.1082288604E+03    0.1359887292E+02
    0.1233274667E+03    0.1086072381E+03    0.1472022859E+02
    0.1119479000E+03    0.1142580433E+03   -0.2310143344E+01
    0.1160802000E+03    0.1145794844E+03    0.1500715648E+01
    0.1068349333E+03    0.1027086674E+03    0.4126265938E+01
    0.1127276667E+03    0.1106135047E+03    0.2114161939E+01
    0.1130756000E+03    0.1105353055E+03    0.2540294500E+01
    0.1132335667E+03    0.1167828387E+03   -0.3549272039E+01
    0.1026179667E+03    0.1080387501E+03   -0.5420783397E+01
    0.1001382000E+03    0.1027665078E+03   -0.2628307751E+01
    0.1001710667E+03    0.9832010421E+02    0.1850962459E+01
    0.9148953333E+02    0.1052555996E+03   -0.1376606631E+02
    0.9892276667E+02    0.1063201092E+03   -0.7397342574E+01
    0.9586320000E+02    0.1084996910E+03   -0.1263649100E+02
    0.6868523333E+02    0.7401832272E+02   -0.5333089383E+01
    0.7368413333E+02    0.7756264502E+02   -0.3878511685E+01
    0.1155646000E+03    0.1232783835E+03   -0.7713783512E+01
    0.1181048000E+03    0.1244994829E+03   -0.6394682872E+01
    0.1175400000E+03    0.1248129267E+03   -0.7272926744E+01
    0.7083120000E+02    0.7820860615E+02   -0.7377406150E+01
    0.1189540667E+03    0.1248681834E+03   -0.5914116740E+01
    0.7171576667E+02    0.8201108757E+02   -0.1029532090E+02
    0.1173187667E+03    0.1245452274E+03   -0.7226460700E+01
    0.1177421333E+03    0.1269246341E+03   -0.9182500800E+01
    0.7212726667E+02    0.8070446691E+02   -0.8577200244E+01
    0.6982910000E+02    0.8509223540E+02   -0.1526313540E+02
    0.7875026667E+02    0.8065570186E+02   -0.1905435195E+01
    0.9753893333E+02    0.9113071131E+02    0.6408222023E+01
    0.9081230000E+02    0.8898176880E+02    0.1830531200E+01
    0.1104217667E+03    0.1199739421E+03   -0.9552175393E+01
    0.6689893333E+02    0.7029417355E+02   -0.3395240221E+01
    0.7034353333E+02    0.7435605760E+02   -0.4012524263E+01
    0.1323314333E+03    0.1301046929E+03    0.2226740392E+01
    0.1293472000E+03    0.1223337543E+03    0.7013445690E+01
    0.1163718000E+03    0.1180641159E+03   -0.1692315878E+01
    0.1096154000E+03    0.1136258596E+03   -0.4010459576E+01
    0.9314260000E+02    0.1044702497E+03   -0.1132764966E+02
    0.8257986667E+02    0.9526937751E+02   -0.1268951085E+02
    0.7522936667E+02    0.8635420777E+02   -0.1112484111E+02
    0.7383243333E+02    0.7799696752E+02   -0.4164534182E+01
    0.7589846667E+02    0.7409923661E+02    0.1799230052E+01
    0.7789620000E+02    0.7042178636E+02    0.7474413640E+01
    0.7840820000E+02    0.6381358459E+02    0.1459461541E+02
    0.1073171667E+03    0.1075288710E+03   -0.2117043467E+00
    0.1140277000E+03    0.1081575797E+03    0.5870120277E+01
    0.1140622333E+03    0.1074799980E+03    0.6582235306E+01
    0.1204607667E+03    0.1062789870E+03    0.1418177967E+02
    0.1132415667E+03    0.1026633437E+03    0.1057822300E+02
    0.9731303333E+02    0.9794312795E+02   -0.6300946125E+00
    0.8288196667E+02    0.9263803848E+02   -0.9756071813E+01
    0.8378776667E+02    0.8717546687E+02   -0.3387700204E+01
    0.8411906667E+02    0.8449764857E+02   -0.3785819011E+00
    0.8230160000E+02    0.8190732204E+02    0.3942779565E+00
    0.7972536667E+02    0.7712389510E+02    0.2601471571E+01
    0.1333271667E+03    0.1303416260E+03    0.2985540636E+01
    0.1177511000E+03    0.1221179607E+03   -0.4366860745E+01
    0.1165381667E+03    0.1177947679E+03   -0.1256601192E+01
    0.1148520667E+03    0.1134051799E+03    0.1446886809E+01
    0.1043592000E+03    0.1046198591E+03   -0.2606591054E+00
    0.9885580000E+02    0.9610449096E+02    0.2751309037E+01
    0.8333353333E+02    0.8814055847E+02   -0.4807025132E+01
    0.8251083333E+02    0.8095947456E+02    0.1551358775E+01
    0.8228193333E+02    0.7772341235E+02    0.4558520981E+01
    0.8122306667E+02    0.7475174301E+02    0.6471323655E+01
    0.7805130000E+02    0.6967463471E+02    0.8376665286E+01
    0.7565850000E+02    0.6790646557E+02    0.7752034435E+01
    0.7168876667E+02    0.6739172561E+02    0.4297041054E+01
    0.6902210000E+02    0.6712681091E+02    0.1895289088E+01
    0.6723246667E+02    0.6685680823E+02    0.3756584412E+00
    0.6564466667E+02    0.6630136095E+02   -0.6566942859E+00
    0.6465190000E+02    0.6572502203E+02   -0.1073122027E+01
    0.6549303333E+02    0.6512742003E+02    0.3656132993E+00
    0.6527446667E+02    0.6450817357E+02    0.7662931006E+00
    0.6491693333E+02    0.6419031164E+02    0.7266216906E+00
    0.6509713333E+02    0.6386689086E+02    0.1230242473E+01
    0.6360703333E+02    0.6320316942E+02    0.4038639146E+00
    0.1331329333E+03    0.1273464822E+03    0.5786451152E+01
    0.1303768667E+03    0.1226902734E+03    0.7686593295E+01
    0.1275528667E+03    0.1203511061E+03    0.7201760541E+01
    0.1131955333E+03    0.1180045011E+03   -0.4808967801E+01
    0.1089584667E+03    0.1132887877E+03   -0.4330320990E+01
    0.1032596000E+03    0.1085427478E+03   -0.5283147839E+01
    0.1006016333E+03    0.1037659891E+03   -0.3164355769E+01
    0.9690393333E+02    0.9895811120E+02   -0.2054177865E+01
    0.9634486667E+02    0.9654237533E+02   -0.1975086651E+00
    0.9517810000E+02    0.9411870600E+02    0.1059394000E+01
    0.9246266667E+02    0.8924735730E+02    0.3215309365E+01
    0.1244155333E+03    0.1271727902E+03   -0.2757256886E+01
    0.1249338000E+03    0.1268898940E+03   -0.1956094007E+01
    0.1282895000E+03    0.1267474796E+03    0.1542020404E+01
    0.1282394333E+03    0.1266044226E+03    0.1635010748E+01
    0.1238324333E+03    0.1263163855E+03   -0.2483952216E+01
    0.1230619333E+03    0.1260257924E+03   -0.2963859105E+01
    0.1256808333E+03    0.1257326527E+03   -0.5181940820E-01
    0.1205031000E+03    0.1254369759E+03   -0.4933875892E+01
    0.1237962000E+03    0.1252881890E+03   -0.1491988970E+01
    0.1263286333E+03    0.1251387713E+03    0.1189862060E+01
    0.1243047333E+03    0.1248380482E+03   -0.5333148819E+00
    0.9942550000E+02    0.9621023435E+02    0.3215265653E+01
    0.1039796667E+03    0.1007803507E+03    0.3199315956E+01
    0.1065988000E+03    0.1030452664E+03    0.3553533569E+01
    0.1094606333E+03    0.1052969055E+03    0.4163727875E+01
    0.1100665000E+03    0.1097607997E+03    0.3057003249E+00
    0.1137924333E+03    0.1141729119E+03   -0.3804785631E+00
    0.1200650667E+03    0.1185340989E+03    0.1530967812E+01
    0.1181213667E+03    0.1228451962E+03   -0.4723829529E+01
    0.1254120333E+03    0.1249822168E+03    0.4298165318E+00
    0.1295430000E+03    0.1271070192E+03    0.2435980838E+01
    0.1281758000E+03    0.1313203633E+03   -0.3144563255E+01
    0.1324569000E+03    0.1247286296E+03    0.7728270353E+01
    0.1310257333E+03    0.1213894791E+03    0.9636254198E+01
    0.1248918667E+03    0.1187004407E+03    0.6191425965E+01
    0.1208332667E+03    0.1154817084E+03    0.5351558298E+01
    0.1109500000E+03    0.1078407409E+03    0.3109259064E+01
    0.9142540000E+02    0.9914700264E+02   -0.7721602637E+01
    0.8069620000E+02    0.8995498685E+02   -0.9258786848E+01
    0.9159523333E+02    0.8071684135E+02    0.1087839198E+02
    0.8447216667E+02    0.7619858548E+02    0.8273581188E+01
    0.7063323333E+02    0.7180158605E+02   -0.1168352720E+01
    0.6796646667E+02    0.6351082452E+02    0.4455642144E+01
    0.9883910000E+02    0.1034045501E+03   -0.4565450083E+01
    0.1059929000E+03    0.1085752162E+03   -0.2582316170E+01
    0.1099493000E+03    0.1094711743E+03    0.4781256593E+00
    0.1138922667E+03    0.1094523063E+03    0.4439960411E+01
    0.1143839667E+03    0.1072106375E+03    0.7173329194E+01
    0.1074090000E+03    0.1028004479E+03    0.4608552072E+01
    0.1007096000E+03    0.9699180122E+02    0.3717798785E+01
    0.9387423333E+02    0.9040981989E+02    0.3464413447E+01
    0.7960966667E+02    0.8699159280E+02   -0.7381926130E+01
    0.7212493333E+02    0.8356283143E+02   -0.1143789809E+02
    0.7295700000E+02    0.7686498340E+02   -0.3907983404E+01
    0.1322593000E+03    0.1275733768E+03    0.4685923203E+01
    0.1247315333E+03    0.1236000455E+03    0.1131487831E+01
    0.1265596000E+03    0.1207839289E+03    0.5775671118E+01
    0.1238607000E+03    0.1175488881E+03    0.6311811941E+01
    0.1190111667E+03    0.1101671785E+03    0.8843988117E+01
    0.1090786333E+03    0.1020645595E+03    0.7014073841E+01
    0.1036082667E+03    0.9373855599E+02    0.9869710673E+01
    0.9512590000E+02    0.8559540131E+02    0.9530498690E+01
    0.8489250000E+02    0.8169863991E+02    0.3193860089E+01
    0.7258806667E+02    0.7796709196E+02   -0.5379025295E+01
    0.7170470000E+02    0.7112539456E+02    0.5793054370E+00
Prediction RMSE and MaxAE:         6.3070628357       15.6703865881
