Descriptor coordinates by the model of dimension:     1
    0.2353836848E-02
    0.2776342656E-02
    0.2963224183E-02
    0.2544681672E-02
    0.2499879069E-02
    0.2766797646E-02
    0.2954057069E-02
    0.2940341033E-02
    0.3088064184E-02
    0.2981381201E-02
    0.3062698064E-02
    0.3150857089E-02
    0.2103940809E-02
    0.2265224730E-02
    0.3128939566E-02
    0.3216129066E-02
    0.2243708407E-02
    0.2471282202E-02
    0.2315627736E-02
    0.2683239594E-02
    0.3108705069E-02
    0.2873839283E-02
    0.2712334467E-02
    0.2901764505E-02
    0.2477267314E-02
    0.2431614007E-02
    0.2650696110E-02
    0.3055398249E-02
    0.2842612470E-02
    0.2792192781E-02
    0.3039323616E-02
    0.2944085249E-02
    0.2670249631E-02
    0.2861373814E-02
    0.2826753949E-02
    0.2977663512E-02
    0.2753522610E-02
    0.2776132714E-02
    0.2859924353E-02
    0.2868610742E-02
    0.2790096440E-02
    0.2882359227E-02
    0.2087291120E-02
    0.2249506758E-02
    0.3004685727E-02
    0.3129910270E-02
    0.3093702619E-02
    0.2218048640E-02
    0.3208840657E-02
    0.2447399752E-02
    0.3084860659E-02
    0.3172694122E-02
    0.2223988513E-02
    0.2452927014E-02
    0.2365210704E-02
    0.2564662682E-02
    0.2520109143E-02
    0.3047853118E-02
    0.2108916530E-02
    0.2269923021E-02
    0.3075229793E-02
    0.2966048592E-02
    0.2906522323E-02
    0.2844454618E-02
    0.2714609188E-02
    0.2579863468E-02
    0.2442897479E-02
    0.2305835822E-02
    0.2237805257E-02
    0.2170344118E-02
    0.2037709442E-02
    0.2734540800E-02
    0.2702047768E-02
    0.2675316716E-02
    0.2642804824E-02
    0.2563538886E-02
    0.2469701233E-02
    0.2365695014E-02
    0.2255061472E-02
    0.2198168621E-02
    0.2140632842E-02
    0.2024658227E-02
    0.3173831617E-02
    0.3042846552E-02
    0.2973943187E-02
    0.2903394561E-02
    0.2758962221E-02
    0.2612341292E-02
    0.2465747379E-02
    0.2320919088E-02
    0.2249600629E-02
    0.2179200940E-02
    0.2041612712E-02
    0.2107313467E-02
    0.2086036493E-02
    0.2075329124E-02
    0.2064575301E-02
    0.2042926673E-02
    0.2021087306E-02
    0.1999053808E-02
    0.1976822698E-02
    0.1965631924E-02
    0.1954390398E-02
    0.1931753235E-02
    0.3124615223E-02
    0.3082104375E-02
    0.3060747949E-02
    0.3039323616E-02
    0.2996269495E-02
    0.2952938497E-02
    0.2909327037E-02
    0.2865431462E-02
    0.2843375969E-02
    0.2821248044E-02
    0.2776772985E-02
    0.3179481365E-02
    0.3192079586E-02
    0.3198369875E-02
    0.3204654297E-02
    0.3217205583E-02
    0.3229733533E-02
    0.3242238232E-02
    0.3254719768E-02
    0.3260951876E-02
    0.3267178225E-02
    0.3279613689E-02
    0.2790146354E-02
    0.2847792847E-02
    0.2876432194E-02
    0.2904950326E-02
    0.2961627018E-02
    0.3017830944E-02
    0.3073569926E-02
    0.3128851594E-02
    0.3156323267E-02
    0.3183683390E-02
    0.3238072577E-02
    0.3148420906E-02
    0.3093457590E-02
    0.3055187177E-02
    0.3011041621E-02
    0.2908483627E-02
    0.2791660675E-02
    0.2665280933E-02
    0.2533098303E-02
    0.2465786751E-02
    0.2398087144E-02
    0.2262584980E-02
    0.2811911718E-02
    0.2835627283E-02
    0.2830580065E-02
    0.2816141474E-02
    0.2763863557E-02
    0.2687133968E-02
    0.2592629015E-02
    0.2485681844E-02
    0.2428905912E-02
    0.2370538685E-02
    0.2250564579E-02
    0.3245855450E-02
    0.3168514046E-02
    0.3120736490E-02
    0.3068057999E-02
    0.2950981827E-02
    0.2822504379E-02
    0.2686801055E-02
    0.2547193194E-02
    0.2476768180E-02
    0.2406303037E-02
    0.2266180839E-02
Descriptor coordinates by the model of dimension:     2
    0.2353836848E-02    0.2863274489E+01
    0.2776342656E-02    0.2781318814E+01
    0.2963224183E-02    0.2643633251E+01
    0.2544681672E-02    0.2835314306E+01
    0.2499879069E-02    0.2867642479E+01
    0.2766797646E-02    0.2794633283E+01
    0.2954057069E-02    0.2654255310E+01
    0.2940341033E-02    0.2759019174E+01
    0.3088064184E-02    0.2650357796E+01
    0.2981381201E-02    0.2815189051E+01
    0.3062698064E-02    0.2763436379E+01
    0.3150857089E-02    0.2677315325E+01
    0.2103940809E-02    0.2957989669E+01
    0.2265224730E-02    0.2793487084E+01
    0.3128939566E-02    0.2697389730E+01
    0.3216129066E-02    0.2626938033E+01
    0.2243708407E-02    0.2875751305E+01
    0.2471282202E-02    0.2644274291E+01
    0.2315627736E-02    0.2970790566E+01
    0.2683239594E-02    0.2825719913E+01
    0.3108705069E-02    0.2615627892E+01
    0.2873839283E-02    0.2683293374E+01
    0.2712334467E-02    0.2879911925E+01
    0.2901764505E-02    0.2740622354E+01
    0.2477267314E-02    0.2953165949E+01
    0.2431614007E-02    0.2985817801E+01
    0.2650696110E-02    0.2835691115E+01
    0.3055398249E-02    0.2623551885E+01
    0.2842612470E-02    0.2693682778E+01
    0.2792192781E-02    0.2810432181E+01
    0.3039323616E-02    0.2635058467E+01
    0.2944085249E-02    0.2699190248E+01
    0.2670249631E-02    0.2903939135E+01
    0.2861373814E-02    0.2762315053E+01
    0.2826753949E-02    0.2865471124E+01
    0.2977663512E-02    0.2755913870E+01
    0.2753522610E-02    0.2964385339E+01
    0.2776132714E-02    0.2814631273E+01
    0.2859924353E-02    0.2670205388E+01
    0.2868610742E-02    0.2735829737E+01
    0.2790096440E-02    0.2898572105E+01
    0.2882359227E-02    0.2813683439E+01
    0.2087291120E-02    0.3054875024E+01
    0.2249506758E-02    0.2890382110E+01
    0.3004685727E-02    0.2765656110E+01
    0.3129910270E-02    0.2630838307E+01
    0.3093702619E-02    0.2683185222E+01
    0.2218048640E-02    0.2892163893E+01
    0.3208840657E-02    0.2573652237E+01
    0.2447399752E-02    0.2654996410E+01
    0.3084860659E-02    0.2779772192E+01
    0.3172694122E-02    0.2707321114E+01
    0.2223988513E-02    0.2971951646E+01
    0.2452927014E-02    0.2738014808E+01
    0.2365210704E-02    0.2935353267E+01
    0.2564662682E-02    0.2895026529E+01
    0.2520109143E-02    0.2925867661E+01
    0.3047853118E-02    0.2836778596E+01
    0.2108916530E-02    0.3038288565E+01
    0.2269923021E-02    0.2883453685E+01
    0.3075229793E-02    0.2849006022E+01
    0.2966048592E-02    0.2849006022E+01
    0.2906522323E-02    0.2849006022E+01
    0.2844454618E-02    0.2849006022E+01
    0.2714609188E-02    0.2849006022E+01
    0.2579863468E-02    0.2849006022E+01
    0.2442897479E-02    0.2849006022E+01
    0.2305835822E-02    0.2849006022E+01
    0.2237805257E-02    0.2849006022E+01
    0.2170344118E-02    0.2849006022E+01
    0.2037709442E-02    0.2849006022E+01
    0.2734540800E-02    0.3015810906E+01
    0.2702047768E-02    0.3015810906E+01
    0.2675316716E-02    0.3015810906E+01
    0.2642804824E-02    0.3015810906E+01
    0.2563538886E-02    0.3015810906E+01
    0.2469701233E-02    0.3015810906E+01
    0.2365695014E-02    0.3015810906E+01
    0.2255061472E-02    0.3015810906E+01
    0.2198168621E-02    0.3015810906E+01
    0.2140632842E-02    0.3015810906E+01
    0.2024658227E-02    0.3015810906E+01
    0.3173831617E-02    0.2849703568E+01
    0.3042846552E-02    0.2870657271E+01
    0.2973943187E-02    0.2881134122E+01
    0.2903394561E-02    0.2891610974E+01
    0.2758962221E-02    0.2912564676E+01
    0.2612341292E-02    0.2933518379E+01
    0.2465747379E-02    0.2954472082E+01
    0.2320919088E-02    0.2975425785E+01
    0.2249600629E-02    0.2985902636E+01
    0.2179200940E-02    0.2996379487E+01
    0.2041612712E-02    0.3017333190E+01
    0.2107313467E-02    0.2996112618E+01
    0.2086036493E-02    0.3018142858E+01
    0.2075329124E-02    0.3029157978E+01
    0.2064575301E-02    0.3040173098E+01
    0.2042926673E-02    0.3062203337E+01
    0.2021087306E-02    0.3084233577E+01
    0.1999053808E-02    0.3106263817E+01
    0.1976822698E-02    0.3128294057E+01
    0.1965631924E-02    0.3139309177E+01
    0.1954390398E-02    0.3150324297E+01
    0.1931753235E-02    0.3172354537E+01
    0.3124615223E-02    0.2612994440E+01
    0.3082104375E-02    0.2612994440E+01
    0.3060747949E-02    0.2612994440E+01
    0.3039323616E-02    0.2612994440E+01
    0.2996269495E-02    0.2612994440E+01
    0.2952938497E-02    0.2612994440E+01
    0.2909327037E-02    0.2612994440E+01
    0.2865431462E-02    0.2612994440E+01
    0.2843375969E-02    0.2612994440E+01
    0.2821248044E-02    0.2612994440E+01
    0.2776772985E-02    0.2612994440E+01
    0.3179481365E-02    0.2643296552E+01
    0.3192079586E-02    0.2624940326E+01
    0.3198369875E-02    0.2615762213E+01
    0.3204654297E-02    0.2606584100E+01
    0.3217205583E-02    0.2588227874E+01
    0.3229733533E-02    0.2569871648E+01
    0.3242238232E-02    0.2551515421E+01
    0.3254719768E-02    0.2533159195E+01
    0.3260951876E-02    0.2523981082E+01
    0.3267178225E-02    0.2514802969E+01
    0.3279613689E-02    0.2496446743E+01
    0.2790146354E-02    0.2780902012E+01
    0.2847792847E-02    0.2761590193E+01
    0.2876432194E-02    0.2751934283E+01
    0.2904950326E-02    0.2742278373E+01
    0.2961627018E-02    0.2722966553E+01
    0.3017830944E-02    0.2703654734E+01
    0.3073569926E-02    0.2684342914E+01
    0.3128851594E-02    0.2665031095E+01
    0.3156323267E-02    0.2655375185E+01
    0.3183683390E-02    0.2645719275E+01
    0.3238072577E-02    0.2626407456E+01
    0.3148420906E-02    0.2719826956E+01
    0.3093457590E-02    0.2700939269E+01
    0.3055187177E-02    0.2691495425E+01
    0.3011041621E-02    0.2682051582E+01
    0.2908483627E-02    0.2663163895E+01
    0.2791660675E-02    0.2644276207E+01
    0.2665280933E-02    0.2625388520E+01
    0.2533098303E-02    0.2606500833E+01
    0.2465786751E-02    0.2597056989E+01
    0.2398087144E-02    0.2587613146E+01
    0.2262584980E-02    0.2568725459E+01
    0.2811911718E-02    0.2891093837E+01
    0.2835627283E-02    0.2871016797E+01
    0.2830580065E-02    0.2860978277E+01
    0.2816141474E-02    0.2850939756E+01
    0.2763863557E-02    0.2830862716E+01
    0.2687133968E-02    0.2810785675E+01
    0.2592629015E-02    0.2790708635E+01
    0.2485681844E-02    0.2770631594E+01
    0.2428905912E-02    0.2760593074E+01
    0.2370538685E-02    0.2750554554E+01
    0.2250564579E-02    0.2730477513E+01
    0.3245855450E-02    0.2752485160E+01
    0.3168514046E-02    0.2752485160E+01
    0.3120736490E-02    0.2752485160E+01
    0.3068057999E-02    0.2752485160E+01
    0.2950981827E-02    0.2752485160E+01
    0.2822504379E-02    0.2752485160E+01
    0.2686801055E-02    0.2752485160E+01
    0.2547193194E-02    0.2752485160E+01
    0.2476768180E-02    0.2752485160E+01
    0.2406303037E-02    0.2752485160E+01
    0.2266180839E-02    0.2752485160E+01
Descriptor coordinates by the model of dimension:     3
    0.2353836848E-02    0.1806129822E+03    0.4142384666E+05
    0.2776342656E-02    0.1283690817E+03    0.4107056628E+05
    0.2963224183E-02    0.1315559900E+03    0.3870361070E+05
    0.2544681672E-02    0.1592579789E+03    0.4118770334E+05
    0.2499879069E-02    0.1588943763E+03    0.4169647781E+05
    0.2766797646E-02    0.1280760016E+03    0.4139482663E+05
    0.2954057069E-02    0.1312693757E+03    0.3898841781E+05
    0.2940341033E-02    0.1120660606E+03    0.4090416926E+05
    0.3088064184E-02    0.1145980139E+03    0.3900171239E+05
    0.2981381201E-02    0.1067352093E+03    0.4148291820E+05
    0.3062698064E-02    0.9705985458E+02    0.4139057969E+05
    0.3150857089E-02    0.9905956459E+02    0.3986766763E+05
    0.2103940809E-02    0.2033282182E+03    0.4270205180E+05
    0.2265224730E-02    0.2056707092E+03    0.4012887765E+05
    0.3128939566E-02    0.9817805567E+02    0.3977397763E+05
    0.3216129066E-02    0.1001433673E+03    0.3845887607E+05
    0.2243708407E-02    0.1884957721E+03    0.4222282918E+05
    0.2471282202E-02    0.1944841295E+03    0.3836881626E+05
    0.2315627736E-02    0.1806129822E+03    0.4296268821E+05
    0.2683239594E-02    0.1252171623E+03    0.4299320475E+05
    0.3108705069E-02    0.8837686420E+02    0.4026285609E+05
    0.2873839283E-02    0.1283690817E+03    0.4053958995E+05
    0.2712334467E-02    0.1283690817E+03    0.4247808762E+05
    0.2901764505E-02    0.1315559900E+03    0.4011459351E+05
    0.2477267314E-02    0.1592579789E+03    0.4289220044E+05
    0.2431614007E-02    0.1588943763E+03    0.4339925541E+05
    0.2650696110E-02    0.1252171623E+03    0.4314575968E+05
    0.3055398249E-02    0.8837686420E+02    0.4037695375E+05
    0.2842612470E-02    0.1283690817E+03    0.4070525028E+05
    0.2792192781E-02    0.1093144386E+03    0.4291328154E+05
    0.3039323616E-02    0.8817509054E+02    0.4066999738E+05
    0.2944085249E-02    0.1118102021E+03    0.4096406261E+05
    0.2670249631E-02    0.1280760016E+03    0.4296583458E+05
    0.2861373814E-02    0.1312693757E+03    0.4057522992E+05
    0.2826753949E-02    0.1120660606E+03    0.4242571866E+05
    0.2977663512E-02    0.1145980139E+03    0.4053845259E+05
    0.2753522610E-02    0.1067352093E+03    0.4369352031E+05
    0.2776132714E-02    0.9510999143E+02    0.4313607995E+05
    0.2859924353E-02    0.8797423612E+02    0.4130572131E+05
    0.2868610742E-02    0.9705985458E+02    0.4172932044E+05
    0.2790096440E-02    0.9705985458E+02    0.4335116083E+05
    0.2882359227E-02    0.9905956459E+02    0.4189323013E+05
    0.2087291120E-02    0.2033282182E+03    0.4405730359E+05
    0.2249506758E-02    0.2056707092E+03    0.4152067292E+05
    0.3004685727E-02    0.9510999143E+02    0.4237728026E+05
    0.3129910270E-02    0.8797423612E+02    0.4073645088E+05
    0.3093702619E-02    0.9705985458E+02    0.4087394865E+05
    0.2218048640E-02    0.1847090267E+03    0.4354694772E+05
    0.3208840657E-02    0.8898776418E+02    0.3928271044E+05
    0.2447399752E-02    0.1906673824E+03    0.3958852004E+05
    0.3084860659E-02    0.9817805567E+02    0.4092008755E+05
    0.3172694122E-02    0.1001433673E+03    0.3957930652E+05
    0.2223988513E-02    0.1884957721E+03    0.4361461518E+05
    0.2452927014E-02    0.1944841295E+03    0.3976007727E+05
    0.2365210704E-02    0.1846936435E+03    0.4125357289E+05
    0.2564662682E-02    0.1632117392E+03    0.4071817747E+05
    0.2520109143E-02    0.1628561581E+03    0.4119921856E+05
    0.3047853118E-02    0.1101261002E+03    0.4006960043E+05
    0.2108916530E-02    0.2075173597E+03    0.4276709272E+05
    0.2269923021E-02    0.2097877904E+03    0.4034415017E+05
    0.3075229793E-02    0.8899271991E+02    0.4261712482E+05
    0.2966048592E-02    0.9998929025E+02    0.4261712482E+05
    0.2906522323E-02    0.1058983624E+03    0.4261712482E+05
    0.2844454618E-02    0.1120956195E+03    0.4261712482E+05
    0.2714609188E-02    0.1253995514E+03    0.4261712482E+05
    0.2579863468E-02    0.1399940445E+03    0.4261712482E+05
    0.2442897479E-02    0.1559773674E+03    0.4261712482E+05
    0.2305835822E-02    0.1734532964E+03    0.4261712482E+05
    0.2237805257E-02    0.1827849743E+03    0.4261712482E+05
    0.2170344118E-02    0.1925313186E+03    0.4261712482E+05
    0.2037709442E-02    0.2133268368E+03    0.4261712482E+05
    0.2734540800E-02    0.8899271991E+02    0.4509075779E+05
    0.2702047768E-02    0.9998929025E+02    0.4509075779E+05
    0.2675316716E-02    0.1058983624E+03    0.4509075779E+05
    0.2642804824E-02    0.1120956195E+03    0.4509075779E+05
    0.2563538886E-02    0.1253995514E+03    0.4509075779E+05
    0.2469701233E-02    0.1399940445E+03    0.4509075779E+05
    0.2365695014E-02    0.1559773674E+03    0.4509075779E+05
    0.2255061472E-02    0.1734532964E+03    0.4509075779E+05
    0.2198168621E-02    0.1827849743E+03    0.4509075779E+05
    0.2140632842E-02    0.1925313186E+03    0.4509075779E+05
    0.2024658227E-02    0.2133268368E+03    0.4509075779E+05
    0.3173831617E-02    0.9228874658E+02    0.4063381375E+05
    0.3042846552E-02    0.1036925973E+03    0.4093259179E+05
    0.2973943187E-02    0.1098205240E+03    0.4108198081E+05
    0.2903394561E-02    0.1162473091E+03    0.4123136983E+05
    0.2758962221E-02    0.1300439792E+03    0.4153014787E+05
    0.2612341292E-02    0.1451790092E+03    0.4182892592E+05
    0.2465747379E-02    0.1617543069E+03    0.4212770396E+05
    0.2320919088E-02    0.1798774926E+03    0.4242648200E+05
    0.2249600629E-02    0.1895547882E+03    0.4257587102E+05
    0.2179200940E-02    0.1996621082E+03    0.4272526004E+05
    0.2041612712E-02    0.2212278308E+03    0.4302403809E+05
    0.2107313467E-02    0.2224551724E+03    0.4144120171E+05
    0.2086036493E-02    0.2224551724E+03    0.4174591643E+05
    0.2075329124E-02    0.2224551724E+03    0.4189827379E+05
    0.2064575301E-02    0.2224551724E+03    0.4205063115E+05
    0.2042926673E-02    0.2224551724E+03    0.4235534587E+05
    0.2021087306E-02    0.2224551724E+03    0.4266006058E+05
    0.1999053808E-02    0.2224551724E+03    0.4296477530E+05
    0.1976822698E-02    0.2224551724E+03    0.4326949002E+05
    0.1965631924E-02    0.2224551724E+03    0.4342184738E+05
    0.1954390398E-02    0.2224551724E+03    0.4357420474E+05
    0.1931753235E-02    0.2224551724E+03    0.4387891946E+05
    0.3124615223E-02    0.8620689655E+02    0.4142451173E+05
    0.3082104375E-02    0.8620689655E+02    0.4142451173E+05
    0.3060747949E-02    0.8620689655E+02    0.4142451173E+05
    0.3039323616E-02    0.8620689655E+02    0.4142451173E+05
    0.2996269495E-02    0.8620689655E+02    0.4142451173E+05
    0.2952938497E-02    0.8620689655E+02    0.4142451173E+05
    0.2909327037E-02    0.8620689655E+02    0.4142451173E+05
    0.2865431462E-02    0.8620689655E+02    0.4142451173E+05
    0.2843375969E-02    0.8620689655E+02    0.4142451173E+05
    0.2821248044E-02    0.8620689655E+02    0.4142451173E+05
    0.2776772985E-02    0.8620689655E+02    0.4142451173E+05
    0.3179481365E-02    0.8939974457E+02    0.4018280206E+05
    0.3192079586E-02    0.8939974457E+02    0.3990375483E+05
    0.3198369875E-02    0.8939974457E+02    0.3976423121E+05
    0.3204654297E-02    0.8939974457E+02    0.3962470759E+05
    0.3217205583E-02    0.8939974457E+02    0.3934566035E+05
    0.3229733533E-02    0.8939974457E+02    0.3906661312E+05
    0.3242238232E-02    0.8939974457E+02    0.3878756588E+05
    0.3254719768E-02    0.8939974457E+02    0.3850851864E+05
    0.3260951876E-02    0.8939974457E+02    0.3836899503E+05
    0.3267178225E-02    0.8939974457E+02    0.3822947141E+05
    0.3279613689E-02    0.8939974457E+02    0.3795042417E+05
    0.2790146354E-02    0.8939974457E+02    0.4214315111E+05
    0.2847792847E-02    0.8939974457E+02    0.4185049034E+05
    0.2876432194E-02    0.8939974457E+02    0.4170415996E+05
    0.2904950326E-02    0.8939974457E+02    0.4155782957E+05
    0.2961627018E-02    0.8939974457E+02    0.4126516880E+05
    0.3017830944E-02    0.8939974457E+02    0.4097250803E+05
    0.3073569926E-02    0.8939974457E+02    0.4067984725E+05
    0.3128851594E-02    0.8939974457E+02    0.4038718648E+05
    0.3156323267E-02    0.8939974457E+02    0.4024085610E+05
    0.3183683390E-02    0.8939974457E+02    0.4009452571E+05
    0.3238072577E-02    0.8939974457E+02    0.3980186494E+05
    0.3148420906E-02    0.9228874658E+02    0.4015892310E+05
    0.3093457590E-02    0.1036925973E+03    0.3988004169E+05
    0.3055187177E-02    0.1098205240E+03    0.3974060099E+05
    0.3011041621E-02    0.1162473091E+03    0.3960116028E+05
    0.2908483627E-02    0.1300439792E+03    0.3932227887E+05
    0.2791660675E-02    0.1451790092E+03    0.3904339746E+05
    0.2665280933E-02    0.1617543069E+03    0.3876451605E+05
    0.2533098303E-02    0.1798774926E+03    0.3848563464E+05
    0.2465786751E-02    0.1895547882E+03    0.3834619394E+05
    0.2398087144E-02    0.1996621082E+03    0.3820675323E+05
    0.2262584980E-02    0.2212278308E+03    0.3792787182E+05
    0.2811911718E-02    0.9228874658E+02    0.4276579311E+05
    0.2835627283E-02    0.1036925973E+03    0.4246880844E+05
    0.2830580065E-02    0.1098205240E+03    0.4232031610E+05
    0.2816141474E-02    0.1162473091E+03    0.4217182376E+05
    0.2763863557E-02    0.1300439792E+03    0.4187483909E+05
    0.2687133968E-02    0.1451790092E+03    0.4157785442E+05
    0.2592629015E-02    0.1617543069E+03    0.4128086974E+05
    0.2485681844E-02    0.1798774926E+03    0.4098388507E+05
    0.2428905912E-02    0.1895547882E+03    0.4083539273E+05
    0.2370538685E-02    0.1996621082E+03    0.4068690039E+05
    0.2250564579E-02    0.2212278308E+03    0.4038991572E+05
    0.3245855450E-02    0.9558477324E+02    0.3863471122E+05
    0.3168514046E-02    0.1073959043E+03    0.3863471122E+05
    0.3120736490E-02    0.1137426855E+03    0.3863471122E+05
    0.3068057999E-02    0.1203989987E+03    0.3863471122E+05
    0.2950981827E-02    0.1346884070E+03    0.3863471122E+05
    0.2822504379E-02    0.1503639738E+03    0.3863471122E+05
    0.2686801055E-02    0.1675312464E+03    0.3863471122E+05
    0.2547193194E-02    0.1863016888E+03    0.3863471122E+05
    0.2476768180E-02    0.1963246020E+03    0.3863471122E+05
    0.2406303037E-02    0.2067928978E+03    0.3863471122E+05
    0.2266180839E-02    0.2291288247E+03    0.3863471122E+05
