Descriptor coordinates by the model of dimension:     1
    0.3591569013E+03
    0.9719473236E+03
    0.7150159037E+03
    0.4535477189E+03
    0.3680911525E+03
    0.4663840936E+03
    0.7836303253E+03
    0.8341762031E+03
    0.4645810623E+03
    0.2478499757E+03
    0.2389451862E+03
    0.2423586888E+03
    0.2467368770E+03
    0.2477015625E+03
    0.5898266928E+03
    0.9803290938E+03
    0.5986829494E+03
Descriptor coordinates by the model of dimension:     2
    0.2132794991E+02    0.1061567080E+00
    0.3034146347E+02    0.1061567080E+00
    0.2735668011E+02    0.3357712786E+00
    0.2334028051E+02    0.6418907535E+00
    0.2207743701E+02    0.6418907535E+00
    0.2255401394E+02    0.0000000000E+00
    0.2708294686E+02    0.0000000000E+00
    0.2753970472E+02    0.0000000000E+00
    0.2330917319E+02    0.4539992976E-01
    0.2010893082E+02    0.0000000000E+00
    0.2067949139E+02    0.0000000000E+00
    0.1978467969E+02    0.4539992976E-01
    0.2074922122E+02    0.4539992976E-01
    0.2074585350E+02    0.4539992976E-01
    0.2467305404E+02    0.4539992976E-01
    0.2970988517E+02    0.4539992976E-01
    0.2541547208E+02    0.4539992976E-01
Descriptor coordinates by the model of dimension:     3
    0.2175735770E-01    0.5664881378E-01    0.2113387057E-01
    0.2907458836E-01    0.4481622310E-01    0.1640554758E-01
    0.2665925912E-01    0.1195803622E+00    0.3010966602E-01
    0.2361319340E-01    0.4847803491E+00    0.7797814000E-01
    0.2172788519E-01    0.5506847826E-01    0.1961662325E-01
    0.2292322068E-01    0.1813022376E+01    0.2145334725E+00
    0.2643569673E-01    0.1338301007E+01    0.1578929928E+00
    0.2677830198E-01    0.1344458834E+01    0.1578929928E+00
    0.2272507002E-01    0.2342402385E+01    0.2615134792E+00
    0.2098257188E-01    0.0000000000E+00    0.0000000000E+00
    0.2163013337E-01    0.0000000000E+00    0.0000000000E+00
    0.2063776983E-01    0.0000000000E+00    0.0000000000E+00
    0.2136043545E-01    0.0000000000E+00    0.0000000000E+00
    0.2128881099E-01    0.0000000000E+00    0.0000000000E+00
    0.2441082515E-01    0.1427528491E+01    0.1684995859E+00
    0.2853875468E-01    0.1449770437E+01    0.1684995859E+00
    0.2514083523E-01    0.9201530075E+00    0.1118591062E+00
