Descriptor coordinates by the model of dimension:     1
    0.3360329568E+03
    0.5279729878E+03
    0.4400889762E+03
    0.4118505335E+03
    0.3651127656E+03
    0.8534940628E+03
    0.1024709135E+04
    0.1008571984E+04
    0.1000503408E+04
    0.9762976803E+03
    0.2436944072E+03
    0.2450301257E+03
    0.2496309336E+03
    0.2563837323E+03
    0.5871698158E+03
    0.7566530880E+03
    0.9724019044E+03
Descriptor coordinates by the model of dimension:     2
    0.2095953714E+02    0.1142427635E+03
    0.2469395899E+02    0.1091092705E+03
    0.2358598175E+02    0.1091092705E+03
    0.2159800861E+02    0.0000000000E+00
    0.2165436205E+02    0.0000000000E+00
    0.2793568268E+02    0.4539992976E+02
    0.3200152929E+02    0.4539992976E+02
    0.3151015422E+02    0.4539992976E+02
    0.3126649141E+02    0.4539992976E+02
    0.3054474525E+02    0.4539992976E+02
    0.1995640229E+02    0.4539992976E+02
    0.2022423854E+02    0.4539992976E+02
    0.2073698021E+02    0.4539992976E+02
    0.2068399401E+02    0.4539992976E+02
    0.2518795644E+02    0.0000000000E+00
    0.2751030857E+02    0.0000000000E+00
    0.2986353010E+02    0.0000000000E+00
Descriptor coordinates by the model of dimension:     3
    0.2095953714E+02    0.3810173480E+02    0.1142427635E+03
    0.2469395899E+02    0.2533246952E+02    0.1091092705E+03
    0.2358598175E+02    0.3425479811E+02    0.1091092705E+03
    0.2159800861E+02    0.9395499271E+01    0.0000000000E+00
    0.2165436205E+02    0.2237944180E+02    0.0000000000E+00
    0.2793568268E+02    0.2760668203E+02    0.4539992976E+02
    0.3200152929E+02    0.0000000000E+00    0.4539992976E+02
    0.3151015422E+02    0.0000000000E+00    0.4539992976E+02
    0.3126649141E+02    0.0000000000E+00    0.4539992976E+02
    0.3054474525E+02    0.0000000000E+00    0.4539992976E+02
    0.1995640229E+02    0.0000000000E+00    0.4539992976E+02
    0.2022423854E+02    0.0000000000E+00    0.4539992976E+02
    0.2073698021E+02    0.0000000000E+00    0.4539992976E+02
    0.2068399401E+02    0.0000000000E+00    0.4539992976E+02
    0.2518795644E+02    0.3390597326E+02    0.0000000000E+00
    0.2751030857E+02    0.3390597326E+02    0.0000000000E+00
    0.2986353010E+02    0.3390597326E+02    0.0000000000E+00
