Descriptor coordinates by the model of dimension:     1
    0.3328618823E+00
    0.4119812629E+00
    0.3037962058E+00
    0.3107678703E+00
    0.3868792521E+00
    0.3001680308E+00
    0.3935004380E+00
    0.2934895833E+00
    0.4392473373E+00
    0.4107933337E+00
    0.4504489384E+00
    0.3749728300E+00
    0.3097441188E+00
    0.3148354935E+00
    0.2900365083E+00
    0.2888576229E+00
    0.4052569437E+00
Descriptor coordinates by the model of dimension:     2
    0.2877006018E-02    0.4291344469E-02
    0.3154731622E-02    0.4648502466E-02
    0.2801537143E-02    0.4927398077E-02
    0.2829527701E-02    0.4613355914E-02
    0.3063279542E-02    0.4921778417E-02
    0.2780845844E-02    0.4223879109E-02
    0.3109153428E-02    0.4325780822E-02
    0.2778049337E-02    0.4309438594E-02
    0.3269962791E-02    0.4329277348E-02
    0.3135908050E-02    0.5284656820E-02
    0.3286821572E-02    0.5117700257E-02
    0.3041573427E-02    0.4298843614E-02
    0.2826474848E-02    0.3974488529E-02
    0.2845601150E-02    0.3974488529E-02
    0.2742327596E-02    0.4448439526E-02
    0.2749511293E-02    0.4448439526E-02
    0.3157570661E-02    0.3788198187E-02
Descriptor coordinates by the model of dimension:     3
    0.5558078171E+03    0.3781946990E+01   -0.2305205642E+00
    0.6632172620E+03    0.5676645474E+01   -0.1029676858E+00
    0.5030039225E+03    0.8988914814E+01   -0.3846661947E-01
    0.5135010936E+03    0.8922272023E+01   -0.4440174953E-01
    0.6268680358E+03    0.6163841892E+01   -0.1098381527E+00
    0.5153154425E+03    0.4638585512E+01   -0.6226449728E-01
    0.6418898954E+03    0.4995193036E+01   -0.1230948392E+00
    0.4940104167E+03    0.7842414516E+01   -0.2494172821E-01
    0.6988580106E+03    0.5589109018E+01   -0.1375215566E+00
    0.6600927807E+03    0.6641580455E+01   -0.8274187099E-01
    0.7110763799E+03    0.6400653796E+01   -0.1248588010E+00
    0.6309993607E+03    0.3615055386E+01   -0.2747975380E-01
    0.5459126552E+03    0.2617922751E+01   -0.1092302648E+00
    0.5614764856E+03    0.2403080356E+01   -0.3035987222E-01
    0.4873323846E+03    0.6846717438E+01   -0.1075321102E+00
    0.4828344313E+03    0.8274872014E+01   -0.6256455586E-01
    0.6687701969E+03    0.3510738563E+01   -0.4822459120E-01
