Descriptor coordinates by the model of dimension:     1
    0.3219446312E+00
    0.3472455945E+00
    0.3541687036E+00
    0.3320926629E+00
    0.3392731149E+00
    0.3217101073E+00
    0.4405973441E+00
    0.3925042215E+00
    0.3073847364E+00
    0.3688889382E+00
    0.3545740994E+00
    0.3495090156E+00
    0.4353352102E+00
    0.4215376274E+00
    0.3052516291E+00
    0.3237504627E+00
    0.4324020906E+00
Descriptor coordinates by the model of dimension:     2
    0.8413326308E+02    0.8575472168E-01
    0.8909241385E+02    0.8455324439E-01
    0.9057715158E+02    0.6191701285E-01
    0.8745737761E+02    0.5368207793E-01
    0.8881286972E+02    0.5081842526E-01
    0.8439958578E+02    0.6034594230E-01
    0.1066001902E+03    0.5469830432E-01
    0.9726745802E+02    0.9095743376E-01
    0.8150167411E+02    0.6276925673E-01
    0.9281259219E+02    0.7250041588E-01
    0.9126667771E+02    0.5618383858E-01
    0.8943804811E+02    0.5464445258E-01
    0.1056348823E+03    0.5021710212E-01
    0.1031173831E+03    0.5700215273E-01
    0.8082552133E+02    0.1072187909E+00
    0.8468543695E+02    0.9463841433E-01
    0.1056999527E+03    0.6289478661E-01
Descriptor coordinates by the model of dimension:     3
    0.4270420841E-02    0.1821455394E-01    0.1486857117E-03
    0.4400537428E-02    0.1857938499E-01    0.8400463261E-04
    0.4452728591E-02    0.1529369196E-01    0.1008076940E-02
    0.4364258585E-02    0.1507601700E-01    0.4982041597E-04
    0.4405237828E-02    0.1456962268E-01    0.1085677971E-03
    0.4279972859E-02    0.1389195937E-01    0.1387962323E-02
    0.4898893755E-02    0.1440009324E-01    0.6370970470E-03
    0.4620738452E-02    0.1920110930E-01    0.2597276208E-03
    0.4198688527E-02    0.1472763128E-01    0.1725733851E-04
    0.4510708906E-02    0.1704069803E-01    0.1283109677E-04
    0.4477183260E-02    0.1485874160E-01    0.5438961040E-03
    0.4422792234E-02    0.1440373942E-01    0.7474024113E-06
    0.4869657271E-02    0.1461662212E-01    0.6381556655E-06
    0.4811054428E-02    0.1415874291E-01    0.3450403302E-02
    0.4186506397E-02    0.2137754932E-01    0.1038749087E-03
    0.4287266653E-02    0.2054151638E-01    0.1211305756E-03
    0.4857593316E-02    0.1725048641E-01    0.2508601086E-03
