Descriptor coordinates by the model of dimension:     1
    0.1569444912E+02
    0.1633032861E+02
    0.1632181046E+02
    0.1590159182E+02
    0.1590468838E+02
    0.1634187484E+02
    0.1633284300E+02
    0.1657292885E+02
    0.1656699424E+02
    0.1658713510E+02
    0.1683907343E+02
    0.1683562100E+02
    0.1550129529E+02
    0.1548701338E+02
    0.1678057854E+02
    0.1677800722E+02
    0.1569379043E+02
    0.1567693075E+02
    0.1551959596E+02
    0.1616843344E+02
    0.1690424230E+02
    0.1615812336E+02
    0.1615188240E+02
    0.1614311340E+02
    0.1563409383E+02
    0.1563731252E+02
    0.1607569476E+02
    0.1680899156E+02
    0.1606525926E+02
    0.1630684438E+02
    0.1681132651E+02
    0.1629961339E+02
    0.1607068996E+02
    0.1606128184E+02
    0.1629950230E+02
    0.1629331327E+02
    0.1601863482E+02
    0.1625879246E+02
    0.1651639261E+02
    0.1625490565E+02
    0.1626570832E+02
    0.1626199772E+02
    0.1541562148E+02
    0.1540114103E+02
    0.1674262679E+02
    0.1700489147E+02
    0.1673895511E+02
    0.1561607132E+02
    0.1696171597E+02
    0.1559798269E+02
    0.1669104775E+02
    0.1668843340E+02
    0.1560761111E+02
    0.1559051026E+02
    0.1567271972E+02
    0.1586884377E+02
    0.1587144015E+02
    0.1651845994E+02
    0.1549015248E+02
    0.1547668372E+02
    0.1689035126E+02
    0.1668858524E+02
    0.1659061961E+02
    0.1649450890E+02
    0.1630760025E+02
    0.1612738276E+02
    0.1595342052E+02
    0.1578531396E+02
    0.1570334069E+02
    0.1562269608E+02
    0.1546522924E+02
    0.1619058166E+02
    0.1607725674E+02
    0.1602237375E+02
    0.1596861491E+02
    0.1586429590E+02
    0.1576397130E+02
    0.1566734114E+02
    0.1557413088E+02
    0.1552872871E+02
    0.1548408875E+02
    0.1539698347E+02
    0.1680599852E+02
    0.1661402183E+02
    0.1652090250E+02
    0.1642960775E+02
    0.1625224538E+02
    0.1608146836E+02
    0.1591685005E+02
    0.1575799938E+02
    0.1568062351E+02
    0.1560455719E+02
    0.1545619300E+02
    0.1529288192E+02
    0.1529509093E+02
    0.1529619375E+02
    0.1529729546E+02
    0.1529949554E+02
    0.1530169114E+02
    0.1530388228E+02
    0.1530606896E+02
    0.1530716063E+02
    0.1530825117E+02
    0.1531042892E+02
    0.1702146991E+02
    0.1694250880E+02
    0.1690300914E+02
    0.1686349675E+02
    0.1678443374E+02
    0.1670531978E+02
    0.1662615488E+02
    0.1654693902E+02
    0.1650731199E+02
    0.1646767222E+02
    0.1638835447E+02
    0.1710227241E+02
    0.1710164908E+02
    0.1710039405E+02
    0.1709851010E+02
    0.1709285545E+02
    0.1708468515E+02
    0.1707399918E+02
    0.1706079755E+02
    0.1705325337E+02
    0.1704508027E+02
    0.1702684732E+02
    0.1639707074E+02
    0.1648107267E+02
    0.1652154250E+02
    0.1656099157E+02
    0.1663682742E+02
    0.1670858024E+02
    0.1677625001E+02
    0.1683983675E+02
    0.1687009897E+02
    0.1689934044E+02
    0.1695476109E+02
    0.1688742535E+02
    0.1668291517E+02
    0.1658364304E+02
    0.1648626825E+02
    0.1629695508E+02
    0.1611449230E+02
    0.1593843765E+02
    0.1576838573E+02
    0.1568549324E+02
    0.1560396419E+02
    0.1544483038E+02
    0.1618740717E+02
    0.1607114996E+02
    0.1601488835E+02
    0.1595980761E+02
    0.1585301031E+02
    0.1575042091E+02
    0.1565173137E+02
    0.1555665970E+02
    0.1551039890E+02
    0.1546494727E+02
    0.1537635643E+02
    0.1680409070E+02
    0.1661014037E+02
    0.1651600985E+02
    0.1642368782E+02
    0.1624422308E+02
    0.1607128063E+02
    0.1590443467E+02
    0.1574329487E+02
    0.1566475161E+02
    0.1558750279E+02
    0.1543672865E+02
Descriptor coordinates by the model of dimension:     2
    0.2587635609E-01    0.5516551313E-01
    0.2857347488E-01    0.5279767016E-01
    0.2855740675E-01    0.5477481586E-01
    0.2689863351E-01    0.5613399571E-01
    0.2689891180E-01    0.5467754102E-01
    0.2892219668E-01    0.5517843846E-01
    0.2886223965E-01    0.5696242282E-01
    0.2986215924E-01    0.5378934366E-01
    0.2979678769E-01    0.5410921054E-01
    0.3039677338E-01    0.5614871493E-01
    0.3185859001E-01    0.5961141297E-01
    0.3175929311E-01    0.5788753560E-01
    0.2484048555E-01    0.5128843547E-01
    0.2497959412E-01    0.5846250082E-01
    0.3006092941E-01    0.4766724258E-01
    0.3004382070E-01    0.4683990439E-01
    0.2579994664E-01    0.5457736177E-01
    0.2594129359E-01    0.6098325673E-01
    0.2521772445E-01    0.5206685037E-01
    0.2804441351E-01    0.5481840073E-01
    0.3122147988E-01    0.5406641180E-01
    0.2799334905E-01    0.5593114932E-01
    0.2769050090E-01    0.5025728596E-01
    0.2775899680E-01    0.5185289024E-01
    0.2588464213E-01    0.5320770474E-01
    0.2585480960E-01    0.5191264456E-01
    0.2765797768E-01    0.5514866273E-01
    0.3074262376E-01    0.5447890724E-01
    0.2764225461E-01    0.5617631111E-01
    0.2881538863E-01    0.5639694737E-01
    0.3106994248E-01    0.5702514808E-01
    0.2876335130E-01    0.5604851755E-01
    0.2764427712E-01    0.5281769768E-01
    0.2770495574E-01    0.5413826441E-01
    0.2849442799E-01    0.5158743303E-01
    0.2852210370E-01    0.5160918396E-01
    0.2801234973E-01    0.5408103231E-01
    0.2883928615E-01    0.5867326082E-01
    0.3008386529E-01    0.6087889684E-01
    0.2882074236E-01    0.5667979854E-01
    0.2919391350E-01    0.5809957639E-01
    0.2918720528E-01    0.5602328562E-01
    0.2449495136E-01    0.4831282906E-01
    0.2467664168E-01    0.5473621869E-01
    0.3092451069E-01    0.5699893096E-01
    0.3233839273E-01    0.5877792649E-01
    0.3083506090E-01    0.5539663118E-01
    0.2517819883E-01    0.5088701576E-01
    0.3060578912E-01    0.4627842219E-01
    0.2530291802E-01    0.5603425019E-01
    0.2952568854E-01    0.4524076758E-01
    0.2952903495E-01    0.4441295038E-01
    0.2541764038E-01    0.5138648043E-01
    0.2561799693E-01    0.5701534860E-01
    0.2586621664E-01    0.5425322337E-01
    0.2660141238E-01    0.5307131285E-01
    0.2656158935E-01    0.5146275957E-01
    0.2901328480E-01    0.4621197737E-01
    0.2508018173E-01    0.5224262712E-01
    0.2528343974E-01    0.6010219961E-01
    0.3203300393E-01    0.5896789156E-01
    0.3092927075E-01    0.5812049493E-01
    0.3039511483E-01    0.5769946805E-01
    0.2987230675E-01    0.5728020718E-01
    0.2885943346E-01    0.5644693922E-01
    0.2788816887E-01    0.5562060344E-01
    0.2695620984E-01    0.5480111371E-01
    0.2606141638E-01    0.5398838530E-01
    0.2562732912E-01    0.5358453049E-01
    0.2520179757E-01    0.5318233486E-01
    0.2437549884E-01    0.5238288044E-01
    0.2893968190E-01    0.5709890117E-01
    0.2826099924E-01    0.5569198801E-01
    0.2793026995E-01    0.5499777393E-01
    0.2760504819E-01    0.5430961404E-01
    0.2697046281E-01    0.5295114278E-01
    0.2635597154E-01    0.5161595961E-01
    0.2576038844E-01    0.5030347077E-01
    0.2518260536E-01    0.4901310252E-01
    0.2490006205E-01    0.4837603960E-01
    0.2462158489E-01    0.4774430032E-01
    0.2407635405E-01    0.4649652799E-01
    0.3017588858E-01    0.4569364848E-01
    0.2943475098E-01    0.4710827859E-01
    0.2907849310E-01    0.4781960880E-01
    0.2873126491E-01    0.4853363608E-01
    0.2806248972E-01    0.4996984342E-01
    0.2742579499E-01    0.5141702497E-01
    0.2681881956E-01    0.5287530700E-01
    0.2623943697E-01    0.5434481772E-01
    0.2595948536E-01    0.5508382444E-01
    0.2568572622E-01    0.5582568731E-01
    0.2515594688E-01    0.5731804800E-01
    0.2440479831E-01    0.5896849235E-01
    0.2437618858E-01    0.5758077735E-01
    0.2436139696E-01    0.5688739727E-01
    0.2434626594E-01    0.5619433519E-01
    0.2431493789E-01    0.5480916411E-01
    0.2428210305E-01    0.5342526238E-01
    0.2424765002E-01    0.5204262826E-01
    0.2421145617E-01    0.5066125998E-01
    0.2419266467E-01    0.4997105000E-01
    0.2417338612E-01    0.4928115583E-01
    0.2413329011E-01    0.4790231407E-01
    0.3196625200E-01    0.5683027213E-01
    0.3158166129E-01    0.5747824620E-01
    0.3139466695E-01    0.5780453739E-01
    0.3121107789E-01    0.5813237929E-01
    0.3085375024E-01    0.5879275963E-01
    0.3050897959E-01    0.5945947715E-01
    0.3017611546E-01    0.6013262351E-01
    0.2985455155E-01    0.6081229215E-01
    0.2969782887E-01    0.6115460201E-01
    0.2954372203E-01    0.6149857831E-01
    0.2924309821E-01    0.6219157912E-01
    0.3362358255E-01    0.6444977139E-01
    0.3331687384E-01    0.6198830227E-01
    0.3315837074E-01    0.6077200699E-01
    0.3299627977E-01    0.5956518791E-01
    0.3266083557E-01    0.5717953879E-01
    0.3230948498E-01    0.5483049266E-01
    0.3194106912E-01    0.5251721352E-01
    0.3155431375E-01    0.5023889068E-01
    0.3135362543E-01    0.4911259118E-01
    0.3114781453E-01    0.4799473771E-01
    0.3072001995E-01    0.4578399163E-01
    0.3029152408E-01    0.6328951972E-01
    0.3028632503E-01    0.6031188821E-01
    0.3028358096E-01    0.5885014472E-01
    0.3028073326E-01    0.5740601448E-01
    0.3027470252E-01    0.5456933549E-01
    0.3026817901E-01    0.5179940883E-01
    0.3026109977E-01    0.4909390567E-01
    0.3025339062E-01    0.4645060430E-01
    0.3024927296E-01    0.4515161277E-01
    0.3024496357E-01    0.4386738399E-01
    0.3023571345E-01    0.4134221932E-01
    0.3191267750E-01    0.5447741605E-01
    0.3077547558E-01    0.5513146427E-01
    0.3023539160E-01    0.5545663888E-01
    0.2971309805E-01    0.5578058978E-01
    0.2871855706E-01    0.5642484795E-01
    0.2778569814E-01    0.5706429333E-01
    0.2690908043E-01    0.5769897965E-01
    0.2608387687E-01    0.5832895983E-01
    0.2568919392E-01    0.5864220144E-01
    0.2530579063E-01    0.5895428602E-01
    0.2457098479E-01    0.5957500962E-01
    0.2890679017E-01    0.5211603650E-01
    0.2824811341E-01    0.5213068273E-01
    0.2792911534E-01    0.5213791406E-01
    0.2761673580E-01    0.5214508520E-01
    0.2701105462E-01    0.5215924992E-01
    0.2642958768E-01    0.5217318275E-01
    0.2587096236E-01    0.5218688932E-01
    0.2533390581E-01    0.5220037511E-01
    0.2507309315E-01    0.5220703687E-01
    0.2481723613E-01    0.5221364540E-01
    0.2431985448E-01    0.5222670533E-01
    0.3015423670E-01    0.4283753166E-01
    0.2944563217E-01    0.4564564161E-01
    0.2910717480E-01    0.4705854155E-01
    0.2877844297E-01    0.4847738778E-01
    0.2814799535E-01    0.5133306987E-01
    0.2755044062E-01    0.5421299264E-01
    0.2698256350E-01    0.5711746606E-01
    0.2644164362E-01    0.6004680541E-01
    0.2618055213E-01    0.6152089981E-01
    0.2592535324E-01    0.6300133139E-01
    0.2543168054E-01    0.6598137023E-01
Descriptor coordinates by the model of dimension:     3
    0.2587635609E-01    0.1509591122E+01    0.1091092705E+03
    0.2857347488E-01    0.1439376991E+01    0.1091092705E+03
    0.2855740675E-01    0.1492831235E+01    0.1150640330E+03
    0.2689863351E-01    0.1536457542E+01    0.1091092705E+03
    0.2689891180E-01    0.1496963106E+01    0.1150640330E+03
    0.2892219668E-01    0.1506727047E+01    0.1150640330E+03
    0.2886223965E-01    0.1554733437E+01    0.1091092705E+03
    0.2986215924E-01    0.1467375362E+01    0.1091092705E+03
    0.2979678769E-01    0.1475740257E+01    0.1091092705E+03
    0.3039677338E-01    0.1538555810E+01    0.1142427635E+03
    0.3185859001E-01    0.1631781538E+01    0.1142427635E+03
    0.3175929311E-01    0.1583785838E+01    0.7111670089E+02
    0.2484048555E-01    0.1403799018E+01    0.1142427635E+03
    0.2497959412E-01    0.1598246226E+01    0.7111670089E+02
    0.3006092941E-01    0.1293598500E+01    0.7111670089E+02
    0.3004382070E-01    0.1271325230E+01    0.1142427635E+03
    0.2579994664E-01    0.1489859081E+01    0.1142427635E+03
    0.2594129359E-01    0.1663403637E+01    0.1142427635E+03
    0.2521772445E-01    0.1447832996E+01    0.1091092705E+03
    0.2804441351E-01    0.1528173435E+01    0.0000000000E+00
    0.3122147988E-01    0.1501653231E+01    0.1091092705E+03
    0.2799334905E-01    0.1556992895E+01    0.1091092705E+03
    0.2769050090E-01    0.1391191649E+01    0.1091092705E+03
    0.2775899680E-01    0.1434964423E+01    0.1150640330E+03
    0.2588464213E-01    0.1476060003E+01    0.1091092705E+03
    0.2585480960E-01    0.1440471250E+01    0.1150640330E+03
    0.2765797768E-01    0.1533252600E+01    0.0000000000E+00
    0.3074262376E-01    0.1509238146E+01    0.1091092705E+03
    0.2764225461E-01    0.1559596373E+01    0.1091092705E+03
    0.2881538863E-01    0.1569627392E+01    0.0000000000E+00
    0.3106994248E-01    0.1583836502E+01    0.1150640330E+03
    0.2876335130E-01    0.1558014556E+01    0.1150640330E+03
    0.2764427712E-01    0.1460964661E+01    0.1150640330E+03
    0.2770495574E-01    0.1496852737E+01    0.1091092705E+03
    0.2849442799E-01    0.1425400833E+01    0.1091092705E+03
    0.2852210370E-01    0.1425675570E+01    0.1091092705E+03
    0.2801234973E-01    0.1489994971E+01    0.1142427635E+03
    0.2883928615E-01    0.1621035141E+01    0.0000000000E+00
    0.3008386529E-01    0.1680824987E+01    0.1142427635E+03
    0.2882074236E-01    0.1564336668E+01    0.1142427635E+03
    0.2919391350E-01    0.1598797295E+01    0.1142427635E+03
    0.2918720528E-01    0.1540894332E+01    0.7111670089E+02
    0.2449495136E-01    0.1347153227E+01    0.1142427635E+03
    0.2467664168E-01    0.1524573886E+01    0.7111670089E+02
    0.3092451069E-01    0.1596551278E+01    0.0000000000E+00
    0.3233839273E-01    0.1644555400E+01    0.1142427635E+03
    0.3083506090E-01    0.1550138093E+01    0.1142427635E+03
    0.2517819883E-01    0.1416440461E+01    0.0000000000E+00
    0.3060578912E-01    0.1274402644E+01    0.7111670089E+02
    0.2530291802E-01    0.1556843809E+01    0.7111670089E+02
    0.2952568854E-01    0.1249159128E+01    0.7111670089E+02
    0.2952903495E-01    0.1226455412E+01    0.1142427635E+03
    0.2541764038E-01    0.1428270874E+01    0.1142427635E+03
    0.2561799693E-01    0.1583569528E+01    0.1142427635E+03
    0.2586621664E-01    0.1486174243E+01    0.1091092705E+03
    0.2660141238E-01    0.1452683428E+01    0.1150640330E+03
    0.2656158935E-01    0.1408748040E+01    0.1091092705E+03
    0.2901328480E-01    0.1261262975E+01    0.1142427635E+03
    0.2508018173E-01    0.1432238704E+01    0.7111670089E+02
    0.2528343974E-01    0.1647096284E+01    0.1142427635E+03
    0.3203300393E-01    0.1617008382E+01    0.0000000000E+00
    0.3092927075E-01    0.1592854934E+01    0.0000000000E+00
    0.3039511483E-01    0.1580837404E+01    0.0000000000E+00
    0.2987230675E-01    0.1568859337E+01    0.0000000000E+00
    0.2885943346E-01    0.1545021592E+01    0.0000000000E+00
    0.2788816887E-01    0.1521341698E+01    0.0000000000E+00
    0.2695620984E-01    0.1497819656E+01    0.0000000000E+00
    0.2606141638E-01    0.1474455465E+01    0.0000000000E+00
    0.2562732912E-01    0.1462832564E+01    0.0000000000E+00
    0.2520179757E-01    0.1451249127E+01    0.0000000000E+00
    0.2437549884E-01    0.1428200639E+01    0.0000000000E+00
    0.2893968190E-01    0.1572594640E+01    0.0000000000E+00
    0.2826099924E-01    0.1539559787E+01    0.0000000000E+00
    0.2793026995E-01    0.1523138600E+01    0.0000000000E+00
    0.2760504819E-01    0.1506781573E+01    0.0000000000E+00
    0.2697046281E-01    0.1474259999E+01    0.0000000000E+00
    0.2635597154E-01    0.1441995064E+01    0.0000000000E+00
    0.2576038844E-01    0.1409986768E+01    0.0000000000E+00
    0.2518260536E-01    0.1378235111E+01    0.0000000000E+00
    0.2490006205E-01    0.1362455523E+01    0.0000000000E+00
    0.2462158489E-01    0.1346740094E+01    0.0000000000E+00
    0.2407635405E-01    0.1315501716E+01    0.0000000000E+00
    0.3017588858E-01    0.1244337299E+01    0.4539992976E+02
    0.2943475098E-01    0.1283756481E+01    0.4539992976E+02
    0.2907849310E-01    0.1303579243E+01    0.4539992976E+02
    0.2873126491E-01    0.1323477452E+01    0.4539992976E+02
    0.2806248972E-01    0.1363500214E+01    0.4539992976E+02
    0.2742579499E-01    0.1403824765E+01    0.4539992976E+02
    0.2681881956E-01    0.1444451105E+01    0.4539992976E+02
    0.2623943697E-01    0.1485379236E+01    0.4539992976E+02
    0.2595948536E-01    0.1505956472E+01    0.4539992976E+02
    0.2568572622E-01    0.1526609156E+01    0.4539992976E+02
    0.2515594688E-01    0.1568140866E+01    0.4539992976E+02
    0.2440479831E-01    0.1618118192E+01    0.4539992976E+02
    0.2437618858E-01    0.1580262055E+01    0.4539992976E+02
    0.2436139696E-01    0.1561342883E+01    0.4539992976E+02
    0.2434626594E-01    0.1542429642E+01    0.4539992976E+02
    0.2431493789E-01    0.1504620954E+01    0.4539992976E+02
    0.2428210305E-01    0.1466835990E+01    0.4539992976E+02
    0.2424765002E-01    0.1429074751E+01    0.4539992976E+02
    0.2421145617E-01    0.1391337236E+01    0.4539992976E+02
    0.2419266467E-01    0.1372477375E+01    0.4539992976E+02
    0.2417338612E-01    0.1353623446E+01    0.4539992976E+02
    0.2413329011E-01    0.1315933380E+01    0.4539992976E+02
    0.3196625200E-01    0.1628830558E+01    0.0000000000E+00
    0.3158166129E-01    0.1640144974E+01    0.0000000000E+00
    0.3139466695E-01    0.1645804647E+01    0.0000000000E+00
    0.3121107789E-01    0.1651465963E+01    0.0000000000E+00
    0.3085375024E-01    0.1662793525E+01    0.0000000000E+00
    0.3050897959E-01    0.1674127660E+01    0.0000000000E+00
    0.3017611546E-01    0.1685468369E+01    0.0000000000E+00
    0.2985455155E-01    0.1696815651E+01    0.0000000000E+00
    0.2969782887E-01    0.1702491756E+01    0.0000000000E+00
    0.2954372203E-01    0.1708169505E+01    0.0000000000E+00
    0.2924309821E-01    0.1719529933E+01    0.0000000000E+00
    0.3362358255E-01    0.1761593846E+01    0.4539992976E+02
    0.3331687384E-01    0.1691742990E+01    0.4539992976E+02
    0.3315837074E-01    0.1657195657E+01    0.4539992976E+02
    0.3299627977E-01    0.1622900387E+01    0.4539992976E+02
    0.3266083557E-01    0.1555066036E+01    0.4539992976E+02
    0.3230948498E-01    0.1488239937E+01    0.4539992976E+02
    0.3194106912E-01    0.1422422090E+01    0.4539992976E+02
    0.3155431375E-01    0.1357612496E+01    0.4539992976E+02
    0.3135362543E-01    0.1325585793E+01    0.4539992976E+02
    0.3114781453E-01    0.1293811154E+01    0.4539992976E+02
    0.3072001995E-01    0.1231018064E+01    0.4539992976E+02
    0.3029152408E-01    0.1737063987E+01    0.4539992976E+02
    0.3028632503E-01    0.1659529564E+01    0.4539992976E+02
    0.3028358096E-01    0.1621208017E+01    0.4539992976E+02
    0.3028073326E-01    0.1583183579E+01    0.4539992976E+02
    0.3027470252E-01    0.1508026031E+01    0.4539992976E+02
    0.3026817901E-01    0.1434056921E+01    0.4539992976E+02
    0.3026109977E-01    0.1361276248E+01    0.4539992976E+02
    0.3025339062E-01    0.1289684014E+01    0.4539992976E+02
    0.3024927296E-01    0.1254333560E+01    0.4539992976E+02
    0.3024496357E-01    0.1219280216E+01    0.4539992976E+02
    0.3023571345E-01    0.1150064856E+01    0.4539992976E+02
    0.3191267750E-01    0.1491571931E+01    0.4539992976E+02
    0.3077547558E-01    0.1508460374E+01    0.4539992976E+02
    0.3023539160E-01    0.1516825724E+01    0.4539992976E+02
    0.2971309805E-01    0.1525138494E+01    0.4539992976E+02
    0.2871855706E-01    0.1541606292E+01    0.4539992976E+02
    0.2778569814E-01    0.1557863768E+01    0.4539992976E+02
    0.2690908043E-01    0.1573910920E+01    0.4539992976E+02
    0.2608387687E-01    0.1589747751E+01    0.4539992976E+02
    0.2568919392E-01    0.1597587295E+01    0.4539992976E+02
    0.2530579063E-01    0.1605374258E+01    0.4539992976E+02
    0.2457098479E-01    0.1620790444E+01    0.4539992976E+02
    0.2890679017E-01    0.1433184750E+01    0.4539992976E+02
    0.2824811341E-01    0.1438824568E+01    0.4539992976E+02
    0.2792911534E-01    0.1441599637E+01    0.4539992976E+02
    0.2761673580E-01    0.1444344814E+01    0.4539992976E+02
    0.2701105462E-01    0.1449745488E+01    0.4539992976E+02
    0.2642958768E-01    0.1455026590E+01    0.4539992976E+02
    0.2587096236E-01    0.1460188119E+01    0.4539992976E+02
    0.2533390581E-01    0.1465230077E+01    0.4539992976E+02
    0.2507309315E-01    0.1467706216E+01    0.4539992976E+02
    0.2481723613E-01    0.1470152463E+01    0.4539992976E+02
    0.2431985448E-01    0.1474955276E+01    0.4539992976E+02
    0.3015423670E-01    0.1167405406E+01    0.0000000000E+00
    0.2944563217E-01    0.1244732874E+01    0.0000000000E+00
    0.2910717480E-01    0.1283655426E+01    0.0000000000E+00
    0.2877844297E-01    0.1322750522E+01    0.0000000000E+00
    0.2814799535E-01    0.1401458349E+01    0.0000000000E+00
    0.2755044062E-01    0.1480856356E+01    0.0000000000E+00
    0.2698256350E-01    0.1560944541E+01    0.0000000000E+00
    0.2644164362E-01    0.1641722906E+01    0.0000000000E+00
    0.2618055213E-01    0.1682370905E+01    0.0000000000E+00
    0.2592535324E-01    0.1723191449E+01    0.0000000000E+00
    0.2543168054E-01    0.1805350172E+01    0.0000000000E+00
