Descriptor coordinates by the model of dimension:     1
    0.1683562100E+02
    0.1548701338E+02
    0.1563409383E+02
    0.1601863482E+02
    0.1668843340E+02
    0.1649450890E+02
    0.1557413088E+02
    0.1552872871E+02
    0.1642960775E+02
    0.1686349675E+02
    0.1638835447E+02
    0.1710227241E+02
    0.1652154250E+02
    0.1656099157E+02
    0.1629695508E+02
    0.1560396419E+02
    0.1585301031E+02
Descriptor coordinates by the model of dimension:     2
    0.1554126937E-01    0.4882474065E-01
    0.1256619003E-01    0.5091793360E-01
    0.1291579723E-01    0.3698094242E-01
    0.1379181205E-01    0.3878327472E-01
    0.1506891070E-01    0.2769120818E-01
    0.1479048947E-01    0.4135439611E-01
    0.1270949310E-01    0.2806206586E-01
    0.1259841110E-01    0.2721418668E-01
    0.1448130172E-01    0.2151508058E-01
    0.1561495252E-01    0.4939856332E-01
    0.1460384080E-01    0.6814268221E-01
    0.1620445744E-01    0.5361414374E-01
    0.1477163874E-01    0.4945920001E-01
    0.1483669978E-01    0.4741543141E-01
    0.1429059378E-01    0.5689217380E-01
    0.1281356872E-01    0.7074783236E-01
    0.1343596847E-01    0.4118770131E-01
Descriptor coordinates by the model of dimension:     3
    0.1554126937E-01    0.5092501286E+01    0.1625408527E+00
    0.1256619003E-01    0.6415807884E+01    0.3695358550E+00
    0.1291579723E-01    0.4856115378E+01    0.4362625201E+00
    0.1379181205E-01    0.5002779022E+01    0.5491963291E+00
    0.1506891070E-01    0.3430427291E+01    0.1536725605E+00
    0.1479048947E-01    0.4810089872E+01    0.2561154362E+00
    0.1270949310E-01    0.3942442285E+01    0.5747819842E+00
    0.1259841110E-01    0.3838058515E+01    0.5574152770E+00
    0.1448130172E-01    0.2825527828E+01    0.8564001370E-01
    0.1561495252E-01    0.5647527357E+01    0.7747166667E-01
    0.1460384080E-01    0.8138866004E+01    0.1068680303E+00
    0.1620445744E-01    0.5280198345E+01    0.4979277108E-02
    0.1477163874E-01    0.5869677534E+01    0.7477778179E-01
    0.1483669978E-01    0.5648926072E+01    0.7168779080E-01
    0.1429059378E-01    0.6408003867E+01    0.4707030458E+00
    0.1281356872E-01    0.8546330145E+01    0.5853392119E+00
    0.1343596847E-01    0.5302399568E+01    0.4063895474E+00
