Descriptor coordinates by the model of dimension:     1
    0.3062698064E-02
    0.2873839283E-02
    0.2977663512E-02
    0.2966048592E-02
    0.2734540800E-02
    0.2179200940E-02
    0.2107313467E-02
    0.2064575301E-02
    0.2042926673E-02
    0.1976822698E-02
    0.3217205583E-02
    0.3254719768E-02
    0.2961627018E-02
    0.3156323267E-02
    0.2950981827E-02
    0.2686801055E-02
    0.2406303037E-02
Descriptor coordinates by the model of dimension:     2
    0.3062698064E-02    0.8042499066E+02
    0.2873839283E-02    0.8348769321E+02
    0.2977663512E-02    0.8204287739E+02
    0.2966048592E-02    0.8213084112E+02
    0.2734540800E-02    0.8470689655E+02
    0.2179200940E-02    0.9499123661E+02
    0.2107313467E-02    0.9230769231E+02
    0.2064575301E-02    0.9391304348E+02
    0.2042926673E-02    0.9473684211E+02
    0.1976822698E-02    0.9729729730E+02
    0.3217205583E-02    0.7754342432E+02
    0.3254719768E-02    0.7711289328E+02
    0.2961627018E-02    0.8054123711E+02
    0.3156323267E-02    0.7824726135E+02
    0.2950981827E-02    0.8192715921E+02
    0.2686801055E-02    0.8492069632E+02
    0.2406303037E-02    0.8812646793E+02
Descriptor coordinates by the model of dimension:     3
    0.3062698064E-02    0.9705985458E+02    0.4139057969E+05
    0.2873839283E-02    0.1283690817E+03    0.4053958995E+05
    0.2977663512E-02    0.1145980139E+03    0.4053845259E+05
    0.2966048592E-02    0.9998929025E+02    0.4261712482E+05
    0.2734540800E-02    0.8899271991E+02    0.4509075779E+05
    0.2179200940E-02    0.1996621082E+03    0.4272526004E+05
    0.2107313467E-02    0.2224551724E+03    0.4144120171E+05
    0.2064575301E-02    0.2224551724E+03    0.4205063115E+05
    0.2042926673E-02    0.2224551724E+03    0.4235534587E+05
    0.1976822698E-02    0.2224551724E+03    0.4326949002E+05
    0.3217205583E-02    0.8939974457E+02    0.3934566035E+05
    0.3254719768E-02    0.8939974457E+02    0.3850851864E+05
    0.2961627018E-02    0.8939974457E+02    0.4126516880E+05
    0.3156323267E-02    0.8939974457E+02    0.4024085610E+05
    0.2950981827E-02    0.1346884070E+03    0.3863471122E+05
    0.2686801055E-02    0.1675312464E+03    0.3863471122E+05
    0.2406303037E-02    0.2067928978E+03    0.3863471122E+05
