Descriptor coordinates by the model of dimension:     1
    0.3824619055E+01
    0.4270003103E+01
    0.3495221536E+01
    0.3500342148E+01
    0.3809244600E+01
    0.3962433746E+01
    0.3488919964E+01
    0.3595959999E+01
    0.3849864755E+01
    0.4208488930E+01
    0.4360896776E+01
    0.3321597233E+01
    0.3624029469E+01
    0.3929662689E+01
    0.4356346812E+01
    0.4551807711E+01
    0.3980056271E+01
Descriptor coordinates by the model of dimension:     2
    0.2614639486E+00    0.1386172536E-05
    0.2341918673E+00    0.4484155086E-07
    0.2861048977E+00    0.0000000000E+00
    0.2856863580E+00    0.0000000000E+00
    0.2625192407E+00    0.4484155086E-07
    0.2523701503E+00    0.1386172536E-05
    0.2866216509E+00    0.1010208374E-08
    0.2780898564E+00    0.8171276545E-02
    0.2597493844E+00    0.1000000000E+01
    0.2376149769E+00    0.1000000000E+01
    0.2293106330E+00    0.0000000000E+00
    0.3010599811E+00    0.0000000000E+00
    0.2759359461E+00    0.1000000000E+01
    0.2544747677E+00    0.1000000000E+01
    0.2295501353E+00    0.1000000000E+01
    0.2196929360E+00    0.1000000000E+01
    0.2512527291E+00    0.1000000000E+01
Descriptor coordinates by the model of dimension:     3
    0.3375414603E+04    0.3940539432E-01    0.6218543083E+00
    0.4513585058E+04    0.2254393785E-01    0.3270221045E+00
    0.2633475621E+04    0.0000000000E+00    0.3846744491E+00
    0.2692728191E+04    0.0000000000E+00    0.6982975655E+00
    0.3375510604E+04    0.2219213777E-01    0.3372965305E+00
    0.3637987469E+04    0.3265901272E-01    0.6774886462E-01
    0.2539654363E+04    0.8776937383E-02    0.7762194237E-01
    0.2801280651E+04    0.1192665581E+00    0.2192858380E+00
    0.3453693357E+04    0.2034009346E+00    0.1202448318E-01
    0.4347746673E+04    0.4803009346E+00    0.2393173547E+00
    0.4927203901E+04    0.0000000000E+00    0.2506686485E+02
    0.2225910921E+04    0.0000000000E+00    0.1487737959E+01
    0.3108094459E+04    0.4652355717E+00    0.2079412623E+01
    0.3595947623E+04    0.2146549092E+00    0.1229521824E-01
    0.4602141993E+04    0.4370719092E+00    0.1395913115E+00
    0.5103774551E+04    0.5359239092E+00    0.3195052448E+00
    0.3686098500E+04    0.3511270699E+00    0.3170899322E+00
