Descriptor coordinates by the model of dimension:     1
    0.1590159182E+02
    0.1656699424E+02
    0.1658713510E+02
    0.1550129529E+02
    0.1678057854E+02
    0.1677800722E+02
    0.1569379043E+02
    0.1690424230E+02
    0.1630684438E+02
    0.1625490565E+02
    0.1540114103E+02
    0.1561607132E+02
    0.1696171597E+02
    0.1559051026E+02
    0.1567271972E+02
    0.1549015248E+02
    0.1547668372E+02
    0.1576397130E+02
    0.1566734114E+02
    0.1530825117E+02
    0.1702146991E+02
    0.1694250880E+02
    0.1678443374E+02
    0.1670531978E+02
    0.1654693902E+02
    0.1710164908E+02
    0.1707399918E+02
    0.1705325337E+02
    0.1704508027E+02
    0.1639707074E+02
    0.1658364304E+02
    0.1593843765E+02
    0.1607114996E+02
    0.1575042091E+02
Descriptor coordinates by the model of dimension:     2
    0.1342369007E-01    0.4471611974E-01
    0.1488285628E-01    0.4498859353E-01
    0.1498073009E-01    0.4266658736E-01
    0.1251444786E-01    0.3492283668E-01
    0.1532670225E-01    0.2789781322E-01
    0.1532517446E-01    0.3263915436E-01
    0.1290401388E-01    0.3648740600E-01
    0.1563500803E-01    0.4535290507E-01
    0.1435981384E-01    0.4516506075E-01
    0.1429669279E-01    0.5442877445E-01
    0.1241933296E-01    0.3938992400E-01
    0.1277389061E-01    0.3652758157E-01
    0.1571596329E-01    0.3395900554E-01
    0.1280607154E-01    0.4641923763E-01
    0.1289430796E-01    0.3287863922E-01
    0.1246188687E-01    0.2834262964E-01
    0.1254390253E-01    0.4174817079E-01
    0.1316990181E-01    0.3145358259E-01
    0.1293637405E-01    0.2975782423E-01
    0.1209816650E-01    0.2591427159E-01
    0.1600245699E-01    0.4315052369E-01
    0.1580514108E-01    0.4627454351E-01
    0.1543150895E-01    0.5252258314E-01
    0.1525445488E-01    0.5564660295E-01
    0.1491821395E-01    0.6189464258E-01
    0.1619523310E-01    0.5115226979E-01
    0.1608168310E-01    0.4130477400E-01
    0.1600048293E-01    0.3761196308E-01
    0.1596779886E-01    0.3638102611E-01
    0.1457961719E-01    0.5559050580E-01
    0.1494861362E-01    0.5169630184E-01
    0.1350676430E-01    0.6382000308E-01
    0.1392279409E-01    0.4107547324E-01
    0.1320769096E-01    0.4124381534E-01
Descriptor coordinates by the model of dimension:     3
    0.2689863351E-01    0.1536457542E+01    0.6331459468E-01
    0.2979678769E-01    0.1475740257E+01    0.2633236084E-01
    0.3039677338E-01    0.1538555810E+01    0.1598666470E+00
    0.2484048555E-01    0.1403799018E+01    0.1739542787E+00
    0.3006092941E-01    0.1293598500E+01    0.4774314058E-02
    0.3004382070E-01    0.1271325230E+01    0.6507491493E-01
    0.2579994664E-01    0.1489859081E+01    0.9190897020E-01
    0.3122147988E-01    0.1501653231E+01    0.1790961147E-01
    0.2881538863E-01    0.1569627392E+01    0.0000000000E+00
    0.2882074236E-01    0.1564336668E+01    0.4145499223E-01
    0.2467664168E-01    0.1524573886E+01    0.4631785586E-02
    0.2517819883E-01    0.1416440461E+01    0.0000000000E+00
    0.3060578912E-01    0.1274402644E+01    0.4139954831E-02
    0.2561799693E-01    0.1583569528E+01    0.5497213755E-01
    0.2586621664E-01    0.1486174243E+01    0.3813085494E-01
    0.2508018173E-01    0.1432238704E+01    0.8463070611E-02
    0.2528343974E-01    0.1647096284E+01    0.1095612974E+00
    0.2635597154E-01    0.1441995064E+01    0.0000000000E+00
    0.2576038844E-01    0.1409986768E+01    0.0000000000E+00
    0.2417338612E-01    0.1353623446E+01    0.6651029851E-02
    0.3196625200E-01    0.1628830558E+01    0.0000000000E+00
    0.3158166129E-01    0.1640144974E+01    0.0000000000E+00
    0.3085375024E-01    0.1662793525E+01    0.0000000000E+00
    0.3050897959E-01    0.1674127660E+01    0.0000000000E+00
    0.2985455155E-01    0.1696815651E+01    0.0000000000E+00
    0.3331687384E-01    0.1691742990E+01    0.1156963190E-02
    0.3194106912E-01    0.1422422090E+01    0.1156963190E-02
    0.3135362543E-01    0.1325585793E+01    0.1156963190E-02
    0.3114781453E-01    0.1293811154E+01    0.1156963190E-02
    0.3029152408E-01    0.1737063987E+01    0.2236449742E-02
    0.3023539160E-01    0.1516825724E+01    0.4488554146E-02
    0.2690908043E-01    0.1573910920E+01    0.4488554146E-02
    0.2824811341E-01    0.1438824568E+01    0.9185434743E-03
    0.2642958768E-01    0.1455026590E+01    0.9185434743E-03
