Descriptor coordinates by the model of dimension:     1
    0.2157058999E+03
    0.1625699788E+03
    0.1721288264E+03
    0.2115901683E+03
    0.1850049853E+03
    0.1837367422E+03
    0.1164239563E+03
    0.1272181237E+03
    0.1330568272E+03
    0.1526110223E+03
    0.2234888783E+03
    0.2251700296E+03
    0.1984300276E+03
    0.2133231613E+03
    0.1646044075E+03
    0.1430184501E+03
    0.1256524248E+03
Descriptor coordinates by the model of dimension:     2
    0.1474718949E+02    0.1010208374E-08
    0.3166322879E+02    0.1386172536E-05
    0.2717887255E+02    0.4484155086E-07
    0.1858592681E+02    0.1000000000E+01
    0.3154980594E+02    0.1000000000E+01
    0.2255953250E+02    0.1000000000E+01
    0.5268536512E+02    0.0000000000E+00
    0.4673551858E+02    0.0000000000E+00
    0.4382203718E+02    0.0000000000E+00
    0.3532736045E+02    0.0000000000E+00
    0.1005752350E+02    0.0000000000E+00
    0.9128846187E+01    0.0000000000E+00
    0.1634011841E+02    0.0000000000E+00
    0.1180217514E+02    0.0000000000E+00
    0.2911195766E+02    0.1000000000E+01
    0.3783086965E+02    0.1000000000E+01
    0.4729243194E+02    0.1000000000E+01
Descriptor coordinates by the model of dimension:     3
    0.1599316516E+04    0.6580838225E-02    0.1147828583E+01
    0.2160720141E+04    0.1136645294E-01    0.8176579639E+00
    0.2061315204E+04    0.5252371881E-02    0.7827643520E+00
    0.1627652333E+04    0.1895456434E+00    0.1386658888E+01
    0.1946835193E+04    0.5756778518E-01    0.1051109204E+01
    0.1860605234E+04    0.1839485813E+00    0.1512622539E+01
    0.3013999929E+04    0.0000000000E+00    0.0000000000E+00
    0.2759169897E+04    0.0000000000E+00    0.0000000000E+00
    0.2635619422E+04    0.0000000000E+00    0.0000000000E+00
    0.2280617097E+04    0.0000000000E+00    0.0000000000E+00
    0.1543668562E+04    0.0000000000E+00    0.0000000000E+00
    0.1515708245E+04    0.0000000000E+00    0.0000000000E+00
    0.1797345325E+04    0.0000000000E+00    0.0000000000E+00
    0.1622027004E+04    0.0000000000E+00    0.0000000000E+00
    0.2123053634E+04    0.1382310206E+00    0.1227601117E+01
    0.2462005011E+04    0.1507831378E+00    0.1227601117E+01
    0.2803706717E+04    0.1633352550E+00    0.1227601117E+01
