Descriptor coordinates by the model of dimension:     1
    0.2272243633E+03
    0.3278371913E+03
    0.1862753421E+03
    0.1916760165E+03
    0.2939835696E+03
    0.1905785770E+03
    0.3055462319E+03
    0.1769106349E+03
    0.3457900850E+03
    0.3234119567E+03
    0.3631145388E+03
    0.2833010836E+03
    0.2080181543E+03
    0.2154520714E+03
    0.1756066411E+03
    0.1719255663E+03
    0.3085780526E+03
Descriptor coordinates by the model of dimension:     2
    0.2546324275E+01    0.9205215420E+01
    0.2209188344E+01    0.8808510638E+01
    0.2781402045E+01    0.8860202261E+01
    0.2751257257E+01    0.8909339679E+01
    0.2328979094E+01    0.8798913043E+01
    0.2762685171E+01    0.8962312500E+01
    0.2309936952E+01    0.8804158790E+01
    0.2841984107E+01    0.8855000000E+01
    0.2147469364E+01    0.8906474480E+01
    0.2227834389E+01    0.8747397012E+01
    0.2076099203E+01    0.8857175192E+01
    0.2442392818E+01    0.8771900826E+01
    0.2676287764E+01    0.8990000000E+01
    0.2667955445E+01    0.8874000000E+01
    0.2814995960E+01    0.8996080000E+01
    0.2844886217E+01    0.8923750000E+01
    0.2325128992E+01    0.8932231405E+01
Descriptor coordinates by the model of dimension:     3
    0.3341773303E-02    0.5604572820E+02    0.5762470806E+03
    0.1737341970E-02    0.3410509037E+02    0.3774317540E+03
    0.4297016484E-02    0.3349488172E+02    0.3458322294E+03
    0.4175943503E-02    0.3529626907E+02    0.3635271782E+03
    0.2058198248E-02    0.3097702716E+02    0.3324937667E+03
    0.4419402160E-02    0.4182469194E+02    0.4428742623E+03
    0.1980310686E-02    0.3419376512E+02    0.3652824104E+03
    0.4760840837E-02    0.3461643574E+02    0.3636435624E+03
    0.1749837529E-02    0.2957461573E+02    0.3331656071E+03
    0.1761113960E-02    0.2882444889E+02    0.3194353490E+03
    0.1568555514E-02    0.2773964015E+02    0.3236367686E+03
    0.2400049408E-02    0.3069134450E+02    0.3165998807E+03
    0.4048893606E-02    0.4976514187E+02    0.5350013554E+03
    0.3909191355E-02    0.4101448805E+02    0.4453950825E+03
    0.4796193182E-02    0.4092757908E+02    0.4289307638E+03
    0.4898883818E-02    0.3722717642E+02    0.3896602413E+03
    0.2203450934E-02    0.3366458438E+02    0.3527383165E+03
