Descriptor coordinates by the model of dimension:     1
    0.1607068996E+02
    0.1700489147E+02
    0.1659061961E+02
    0.1548408875E+02
    0.1680599852E+02
    0.1625224538E+02
    0.1568062351E+02
    0.1529619375E+02
    0.1530169114E+02
    0.1690300914E+02
    0.1646767222E+02
    0.1708468515E+02
    0.1670858024E+02
    0.1551039890E+02
    0.1651600985E+02
    0.1574329487E+02
    0.1543672865E+02
Descriptor coordinates by the model of dimension:     2
    0.1165759434E+02    0.7487215276E+03
    0.1223948346E+02    0.4617653637E+03
    0.1200679840E+02    0.5957449583E+03
    0.1130200316E+02    0.8976790986E+03
    0.1212451683E+02    0.5857028935E+03
    0.1179442614E+02    0.5857028935E+03
    0.1143849372E+02    0.5857028935E+03
    0.1118890172E+02    0.7587510544E+03
    0.1119292297E+02    0.7587510544E+03
    0.1216615238E+02    0.3678754358E+03
    0.1185281318E+02    0.3678754358E+03
    0.1229691596E+02    0.5030775792E+03
    0.1202620974E+02    0.7580462437E+03
    0.1131432052E+02    0.8624805977E+03
    0.1195280256E+02    0.6096058820E+03
    0.1147687864E+02    0.6096058820E+03
    0.1128017826E+02    0.6096058820E+03
Descriptor coordinates by the model of dimension:     3
    0.1633425988E+01   -0.2075922107E+02    0.1150640330E+03
    0.1829937500E+01   -0.2260580058E+02    0.1142427635E+03
    0.1743569809E+01   -0.2116355965E+02    0.0000000000E+00
    0.1507134364E+01   -0.1980067766E+02    0.0000000000E+00
    0.1725490196E+01   -0.1804452347E+02    0.4539992976E+02
    0.1626009755E+01   -0.1936485445E+02    0.4539992976E+02
    0.1519750144E+01   -0.2090524060E+02    0.4539992976E+02
    0.1470486111E+01   -0.2194882922E+02    0.4539992976E+02
    0.1464814815E+01   -0.2099453230E+02    0.4539992976E+02
    0.1827000000E+01   -0.2478490608E+02    0.0000000000E+00
    0.1763200000E+01   -0.2738142005E+02    0.0000000000E+00
    0.1808800000E+01   -0.2017645718E+02    0.4539992976E+02
    0.1752800000E+01   -0.1981926526E+02    0.4539992976E+02
    0.1551409550E+01   -0.2225553665E+02    0.4539992976E+02
    0.1690962099E+01   -0.1884776778E+02    0.0000000000E+00
    0.1560723137E+01   -0.2261732134E+02    0.0000000000E+00
    0.1503293910E+01   -0.2429267848E+02    0.0000000000E+00
