Descriptor coordinates by the model of dimension:     1
    0.1683907343E+02
    0.1615812336E+02
    0.1629331327E+02
    0.1668858524E+02
    0.1619058166E+02
    0.1560455719E+02
    0.1529288192E+02
    0.1529729546E+02
    0.1529949554E+02
    0.1530606896E+02
    0.1709285545E+02
    0.1706079755E+02
    0.1663682742E+02
    0.1687009897E+02
    0.1624422308E+02
    0.1590443467E+02
    0.1558750279E+02
Descriptor coordinates by the model of dimension:     2
    0.3062698064E-02    0.1542548507E+02
    0.2873839283E-02    0.8409554845E+01
    0.2977663512E-02    0.8970758860E+01
    0.2966048592E-02    0.1456601733E+02
    0.2734540800E-02    0.1004170808E+02
    0.2179200940E-02    0.8599238138E+01
    0.2107313467E-02    0.4356521141E+01
    0.2064575301E-02    0.4798791328E+01
    0.2042926673E-02    0.5054098453E+01
    0.1976822698E-02    0.6012651951E+01
    0.3217205583E-02    0.1698779356E+02
    0.3254719768E-02    0.1676617951E+02
    0.2961627018E-02    0.1150380041E+02
    0.3156323267E-02    0.1347166712E+02
    0.2950981827E-02    0.8348869891E+01
    0.2686801055E-02    0.6462567690E+01
    0.2406303037E-02    0.5140502224E+01
Descriptor coordinates by the model of dimension:     3
    0.3062698064E-02    0.9588590225E+01   -0.7143444515E+01
    0.2873839283E-02    0.5403427526E+01   -0.7320974498E+01
    0.2977663512E-02    0.5652228949E+01   -0.7650641080E+01
    0.2966048592E-02    0.9064542121E+01   -0.7465258733E+01
    0.2734540800E-02    0.6019366914E+01   -0.8124837927E+01
    0.2179200940E-02    0.5629533515E+01   -0.7517217667E+01
    0.2107313467E-02    0.3221230524E+01   -0.8169745649E+01
    0.2064575301E-02    0.3468407266E+01   -0.8169745649E+01
    0.2042926673E-02    0.3612010624E+01   -0.8169745649E+01
    0.1976822698E-02    0.4156191884E+01   -0.8169745649E+01
    0.3217205583E-02    0.1056536823E+02   -0.6825738088E+01
    0.3254719768E-02    0.1046339083E+02   -0.6825738088E+01
    0.2961627018E-02    0.6998494940E+01   -0.7772778153E+01
    0.3156323267E-02    0.8332894948E+01   -0.7772778153E+01
    0.2950981827E-02    0.5497870983E+01   -0.7481218339E+01
    0.2686801055E-02    0.4413544727E+01   -0.7481218339E+01
    0.2406303037E-02    0.3663767655E+01   -0.7481218339E+01
