Descriptor coordinates by the model of dimension:     1
    0.3575788413E+01
    0.3778011513E+01
    0.3837236290E+01
    0.3735691051E+01
    0.3775520208E+01
    0.3576048791E+01
    0.4360447271E+01
    0.4076857985E+01
    0.3471521061E+01
    0.3900928559E+01
    0.3879085398E+01
    0.3745094014E+01
    0.4315497850E+01
    0.4259982161E+01
    0.3444920824E+01
    0.3578612868E+01
    0.4315182499E+01
Descriptor coordinates by the model of dimension:     2
    0.2796586052E+00    0.1788421508E-02
    0.2646895057E+00    0.1664438173E-02
    0.2606042277E+00    0.1631725066E-02
    0.2676880894E+00    0.1287757958E-02
    0.2648641630E+00    0.1162091633E-02
    0.2796382428E+00    0.1434662278E-02
    0.2293342719E+00    0.1568707762E-02
    0.2452869351E+00    0.1828503573E-02
    0.2880581689E+00    0.1370654488E-02
    0.2563492217E+00    0.1804334599E-02
    0.2577927262E+00    0.1195695496E-02
    0.2670159938E+00    0.1204873646E-02
    0.2317229749E+00    0.1500798297E-02
    0.2347427670E+00    0.1295383236E-02
    0.2902824335E+00    0.1099994347E-02
    0.2794378819E+00    0.1139309443E-02
    0.2317399091E+00    0.1312776329E-02
Descriptor coordinates by the model of dimension:     3
    0.1002940287E+01    0.7619251167E+03    0.9724908486E-01
    0.1063579952E+01    0.8877363782E+03    0.9717949097E-01
    0.1068620584E+01    0.8919436328E+03    0.9725362806E-01
    0.9881616994E+00    0.6817160136E+03    0.9485279481E-01
    0.9883871739E+00    0.6818715647E+03    0.9557001641E-01
    0.9602242115E+00    0.6624424141E+03    0.9672468387E-01
    0.1211791279E+01    0.1324644075E+04    0.8890124395E-01
    0.1211043718E+01    0.1323826895E+04    0.9350848785E-01
    0.9451842210E+00    0.6394361237E+03    0.9629145943E-01
    0.1141026677E+01    0.1122142229E+04    0.9531477411E-01
    0.1054787043E+01    0.8322777125E+03    0.9691562810E-01
    0.1021667721E+01    0.8061449741E+03    0.9695879286E-01
    0.1205030604E+01    0.1317253786E+04    0.8845650175E-01
    0.1163020114E+01    0.1143771666E+04    0.9337955504E-01
    0.9500361419E+00    0.6427185457E+03    0.9696779725E-01
    0.9874216504E+00    0.7219647938E+03    0.9724783527E-01
    0.1206626180E+01    0.1318997956E+04    0.8818655881E-01
