Descriptor coordinates by the model of dimension:     1
    0.2628628190E+01
    0.3028554206E+01
    0.2414476121E+01
    0.2461845700E+01
    0.2889354671E+01
    0.2477122915E+01
    0.2946687736E+01
    0.2387232543E+01
    0.3181620930E+01
    0.3016091782E+01
    0.3230377420E+01
    0.2902821829E+01
    0.2579044012E+01
    0.2631488018E+01
    0.2365269063E+01
    0.2341292853E+01
    0.3046268031E+01
Descriptor coordinates by the model of dimension:     2
    0.2746063948E+00    0.8171276545E-02
    0.2383441278E+00    0.1010208374E-08
    0.2906878199E+00    0.1010208374E-08
    0.2866216509E+00    0.1010208374E-08
    0.2483132765E+00    0.8171276545E-02
    0.2896364653E+00    0.0000000000E+00
    0.2449659331E+00    0.8171276545E-02
    0.2955800351E+00    0.0000000000E+00
    0.2292751970E+00    0.8171276545E-02
    0.2386407867E+00    0.1010208374E-08
    0.2254412414E+00    0.1010208374E-08
    0.2504139323E+00    0.1000000000E+01
    0.2818513470E+00    0.0000000000E+00
    0.2770299749E+00    0.0000000000E+00
    0.2986244830E+00    0.0000000000E+00
    0.2997740325E+00    0.0000000000E+00
    0.2401242218E+00    0.1000000000E+01
Descriptor coordinates by the model of dimension:     3
    0.3641575793E+01    0.8171276545E-02    0.9802253213E+01
    0.4195614171E+01    0.1010208374E-08    0.1767314620E+02
    0.3440116619E+01    0.1010208374E-08    0.4991395524E+01
    0.3488919964E+01    0.1010208374E-08    0.3471997385E+01
    0.4027170895E+01    0.8171276545E-02    0.6876923649E+01
    0.3452603935E+01    0.0000000000E+00    0.1360370738E+02
    0.4082200278E+01    0.8171276545E-02    0.5095897098E+01
    0.3383178433E+01    0.0000000000E+00    0.1033826948E+02
    0.4361570780E+01    0.8171276545E-02    0.3005650584E+01
    0.4190398522E+01    0.1010208374E-08    0.1746694692E+02
    0.4435745624E+01    0.1010208374E-08    0.1513161435E+02
    0.3993388031E+01    0.1000000000E+01    0.1032196970E+01
    0.3547969561E+01    0.0000000000E+00    0.2429700000E+02
    0.3609717686E+01    0.0000000000E+00   -0.9478420000E+02
    0.3348687255E+01    0.0000000000E+00    0.3447100000E+02
    0.3335845975E+01    0.0000000000E+00    0.2746375000E+02
    0.4164511155E+01    0.1000000000E+01    0.5803875969E+00
