Descriptor coordinates by the model of dimension:     1
    0.3336662209E+03
    0.3019829132E+03
    0.5307432499E+03
    0.3619595407E+03
    0.3886982957E+03
    0.4268669019E+03
    0.3630838639E+03
    0.3602651315E+03
    0.3703885389E+03
    0.3218228692E+03
    0.5455166742E+03
    0.4472084949E+03
    0.2874995456E+03
    0.3499572916E+03
    0.3727095537E+03
    0.3964685263E+03
    0.4740291133E+03
    0.4003995154E+03
    0.2843941064E+03
    0.3773930948E+03
    0.6180378142E+03
    0.5677407993E+03
    0.2592250827E+03
    0.2918524904E+03
    0.2783910649E+03
    0.3673044056E+03
    0.5143991976E+03
    0.5342941015E+03
    0.3751918936E+03
    0.5099370046E+03
    0.5721273997E+03
    0.2660171561E+03
    0.3049541601E+03
    0.5271248114E+03
Descriptor coordinates by the model of dimension:     2
    0.2709239760E+00    0.1386172536E-05
    0.2796586052E+00    0.4484155086E-07
    0.2317170413E+00    0.8171276545E-02
    0.2646895057E+00    0.1386172536E-05
    0.2606042277E+00    0.1386172536E-05
    0.2522539493E+00    0.1386172536E-05
    0.2676104504E+00    0.1010208374E-08
    0.2676880894E+00    0.1010208374E-08
    0.2648641630E+00    0.1010208374E-08
    0.2796382428E+00    0.1010208374E-08
    0.2293342719E+00    0.8171276545E-02
    0.2452869351E+00    0.8171276545E-02
    0.2880581689E+00    0.1000000000E+01
    0.2683281573E+00    0.1000000000E+01
    0.2622297901E+00    0.1000000000E+01
    0.2563492217E+00    0.1000000000E+01
    0.2399035644E+00    0.1000000000E+01
    0.2577927262E+00    0.1000000000E+01
    0.2820342840E+00    0.1000000000E+01
    0.2579374907E+00    0.1000000000E+01
    0.2185480211E+00    0.0000000000E+00
    0.2262109162E+00    0.0000000000E+00
    0.2964051282E+00    0.0000000000E+00
    0.2862763234E+00    0.0000000000E+00
    0.2897292439E+00    0.0000000000E+00
    0.2670159938E+00    0.1000000000E+01
    0.2352930201E+00    0.1000000000E+01
    0.2317229749E+00    0.1000000000E+01
    0.2637604151E+00    0.1000000000E+01
    0.2347427670E+00    0.1000000000E+01
    0.2245365598E+00    0.1000000000E+01
    0.2902824335E+00    0.1000000000E+01
    0.2794378819E+00    0.1000000000E+01
    0.2317399091E+00    0.1000000000E+01
Descriptor coordinates by the model of dimension:     3
    0.3691072363E+01    0.1386172536E-05    0.7042896764E+01
    0.3575788413E+01    0.4484155086E-07    0.6763368780E+01
    0.4315608357E+01    0.8171276545E-02    0.5537111989E+01
    0.3778011513E+01    0.1386172536E-05    0.3290516990E+01
    0.3837236290E+01    0.1386172536E-05    0.4645083897E+01
    0.3964259045E+01    0.1386172536E-05    0.4152336729E+01
    0.3736774847E+01    0.1010208374E-08   -0.4899612322E+00
    0.3735691051E+01    0.1010208374E-08    0.1111432500E+01
    0.3775520208E+01    0.1010208374E-08    0.6147794994E+00
    0.3576048791E+01    0.1010208374E-08    0.1136339631E+02
    0.4360447271E+01    0.8171276545E-02    0.4677027856E+01
    0.4076857985E+01    0.8171276545E-02    0.4082801440E+01
    0.3471521061E+01    0.1000000000E+01    0.8703088095E+01
    0.3726779962E+01    0.1000000000E+01    0.8098066667E+01
    0.3813449264E+01    0.1000000000E+01    0.7896392857E+01
    0.3900928559E+01    0.1000000000E+01    0.7694719048E+01
    0.4168341569E+01    0.1000000000E+01    0.7089697619E+01
    0.3879085398E+01    0.1000000000E+01    0.2253787879E+00
    0.3545668228E+01    0.1000000000E+01    0.5192307692E+01
    0.3876908305E+01    0.1000000000E+01    0.6325108853E+01
    0.4575653418E+01    0.0000000000E+00    0.3671740000E+03
    0.4420653154E+01    0.0000000000E+00    0.3535220000E+03
    0.3373760792E+01    0.0000000000E+00    0.5082125000E+02
    0.3493128556E+01    0.0000000000E+00    0.6387267905E+01
    0.3451498325E+01    0.0000000000E+00    0.6925729443E+01
    0.3745094014E+01    0.1000000000E+01    0.7386430451E+01
    0.4250019825E+01    0.1000000000E+01    0.7006182331E+01
    0.4315497850E+01    0.1000000000E+01    0.6958651316E+01
    0.3791319480E+01    0.1000000000E+01   -0.9522015504E+00
    0.4259982161E+01    0.1000000000E+01    0.9635348837E+00
    0.4453617714E+01    0.1000000000E+01    0.1729829457E+01
    0.3444920824E+01    0.1000000000E+01    0.2572074364E+01
    0.3578612868E+01    0.1000000000E+01    0.2857064579E+01
    0.4315182499E+01    0.1000000000E+01    0.4424510763E+01
