Descriptor coordinates by the model of dimension:     1
    0.3641575793E+01
    0.4195614171E+01
    0.3440116619E+01
    0.3488919964E+01
    0.4027170895E+01
    0.3452603935E+01
    0.4082200278E+01
    0.3383178433E+01
    0.4361570780E+01
    0.4190398522E+01
    0.4435745624E+01
    0.3993388031E+01
    0.3547969561E+01
    0.3609717686E+01
    0.3348687255E+01
    0.3335845975E+01
    0.4164511155E+01
Descriptor coordinates by the model of dimension:     2
    0.1868572947E+03    0.5008255952E+03
    0.2387582143E+03    0.7018253707E+03
    0.1661139783E+03    0.3981566642E+03
    0.1720854884E+03    0.4264685325E+03
    0.2206302935E+03    0.6216828889E+03
    0.1634838241E+03    0.3831125243E+03
    0.2241032983E+03    0.6378826106E+03
    0.1590713542E+03    0.3653118631E+03
    0.2626794566E+03    0.8383085024E+03
    0.2380547369E+03    0.6939455124E+03
    0.2715706600E+03    0.8724660085E+03
    0.2099506964E+03    0.5761582105E+03
    0.1692329231E+03    0.3984738479E+03
    0.1718118046E+03    0.4000114357E+03
    0.1577007597E+03    0.3675609561E+03
    0.1566797730E+03    0.3610574832E+03
    0.2346775418E+03    0.7061988408E+03
Descriptor coordinates by the model of dimension:     3
    0.2546324275E+01    0.5740191523E+00    0.6235803576E-01
    0.2209188344E+01    0.4991636850E+00    0.5666834105E-01
    0.2781402045E+01    0.5270709334E+00    0.5948746066E-01
    0.2751257257E+01    0.5270709334E+00    0.5915937123E-01
    0.2328979094E+01    0.4495374682E+00    0.5109011374E-01
    0.2762685171E+01    0.4872997584E+00    0.5437210078E-01
    0.2309936952E+01    0.4495374682E+00    0.5105967293E-01
    0.2841984107E+01    0.4872997584E+00    0.5503102862E-01
    0.2147469364E+01    0.4495374682E+00    0.5047311023E-01
    0.2227834389E+01    0.4991636850E+00    0.5706425401E-01
    0.2076099203E+01    0.4991636850E+00    0.5635698450E-01
    0.2442392818E+01    0.5054918025E+00    0.5762625599E-01
    0.2676287764E+01    0.4872997584E+00    0.5420464499E-01
    0.2667955445E+01    0.4872997584E+00    0.5491320244E-01
    0.2814995960E+01    0.4872997584E+00    0.5416801078E-01
    0.2844886217E+01    0.4872997584E+00    0.5460706076E-01
    0.2325128992E+01    0.5054918025E+00    0.5659188389E-01
