Descriptor coordinates by the model of dimension:     1
    0.4113190748E+00
    0.3372876140E+00
    0.3873661955E+00
    0.3607432015E+00
    0.3498556090E+00
    0.3692271753E+00
    0.4022544179E+00
    0.3357565027E+00
    0.3155676606E+00
    0.4176914925E+00
    0.3144299499E+00
    0.3912444937E+00
    0.3836403141E+00
    0.3816159179E+00
    0.3880355646E+00
    0.3944932801E+00
    0.3439431341E+00
    0.3649188084E+00
    0.3125513209E+00
    0.3518956620E+00
    0.3789458475E+00
    0.4066349333E+00
    0.4269269201E+00
    0.3123325910E+00
    0.3160551269E+00
    0.2926489388E+00
    0.3165688480E+00
    0.2959219953E+00
    0.2916752503E+00
    0.3132018772E+00
    0.3869593002E+00
    0.4651739367E+00
    0.3723003887E+00
    0.3426506156E+00
Descriptor coordinates by the model of dimension:     2
    0.5568693694E+02    0.3471350527E+05
    0.4257081342E+02    0.3825376464E+05
    0.5176884496E+02    0.3298412930E+05
    0.4659778226E+02    0.3442788950E+05
    0.4672338275E+02    0.2632757785E+05
    0.4822759340E+02    0.3401297186E+05
    0.5540187257E+02    0.2828344117E+05
    0.4359430605E+02    0.3035088816E+05
    0.4297173415E+02    0.1685348792E+05
    0.5714056957E+02    0.3522954182E+05
    0.4100878237E+02    0.2370095885E+05
    0.5095108696E+02    0.4304092966E+05
    0.4969731675E+02    0.4325667322E+05
    0.5084507042E+02    0.3635574533E+05
    0.5186274510E+02    0.3731096405E+05
    0.5289308176E+02    0.3828917937E+05
    0.4784380720E+02    0.2014173465E+05
    0.5030683919E+02    0.2430161263E+05
    0.3728430729E+02    0.4985875027E+05
    0.4412479741E+02    0.4701877067E+05
    0.4908486017E+02    0.4516182938E+05
    0.5437328658E+02    0.4333957252E+05
    0.5826721676E+02    0.3623422776E+05
    0.4234724743E+02    0.1637380224E+05
    0.4346182918E+02    0.1539715317E+05
    0.3653606965E+02    0.2601264155E+05
    0.4305043050E+02    0.1743156483E+05
    0.3573749188E+02    0.3440089679E+05
    0.3443752050E+02    0.3852789920E+05
    0.4036853317E+02    0.2640447471E+05
    0.5150928793E+02    0.3210612744E+05
    0.6470667927E+02    0.3889112722E+05
    0.5162021440E+02    0.2186297036E+05
    0.4219921620E+02    0.4832235811E+05
Descriptor coordinates by the model of dimension:     3
    0.5568693694E+02    0.3471350527E+05   -0.8778705097E-05
    0.4257081342E+02    0.3825376464E+05   -0.8734800140E-03
    0.5176884496E+02    0.3298412930E+05   -0.1327359278E-04
    0.4659778226E+02    0.3442788950E+05   -0.1027635030E-02
    0.4672338275E+02    0.2632757785E+05   -0.8990697752E-02
    0.4822759340E+02    0.3401297186E+05   -0.2274149522E-02
    0.5540187257E+02    0.2828344117E+05   -0.2842740540E-02
    0.4359430605E+02    0.3035088816E+05   -0.6886897379E-03
    0.4297173415E+02    0.1685348792E+05   -0.4629012876E-02
    0.5714056957E+02    0.3522954182E+05   -0.1311986777E-02
    0.4100878237E+02    0.2370095885E+05   -0.1734611825E-01
    0.5095108696E+02    0.4304092966E+05   -0.1737105487E-03
    0.4969731675E+02    0.4325667322E+05   -0.1477016565E-03
    0.5084507042E+02    0.3635574533E+05   -0.1052275255E-03
    0.5186274510E+02    0.3731096405E+05   -0.1004598070E-03
    0.5289308176E+02    0.3828917937E+05   -0.9606053533E-04
    0.4784380720E+02    0.2014173465E+05   -0.6652169217E-02
    0.5030683919E+02    0.2430161263E+05   -0.8436064245E-02
    0.3728430729E+02    0.4985875027E+05   -0.2185037765E-03
    0.4412479741E+02    0.4701877067E+05   -0.2722143167E-03
    0.4908486017E+02    0.4516182938E+05   -0.3202180238E-03
    0.5437328658E+02    0.4333957252E+05   -0.3835663518E-03
    0.5826721676E+02    0.3623422776E+05   -0.3596477502E-06
    0.4234724743E+02    0.1637380224E+05   -0.7687841382E-01
    0.4346182918E+02    0.1539715317E+05   -0.5915094804E-01
    0.3653606965E+02    0.2601264155E+05   -0.1633284113E-01
    0.4305043050E+02    0.1743156483E+05   -0.6898321781E-04
    0.3573749188E+02    0.3440089679E+05   -0.9654538506E-04
    0.3443752050E+02    0.3852789920E+05   -0.1023417391E-03
    0.4036853317E+02    0.2640447471E+05   -0.1100568105E-04
    0.5150928793E+02    0.3210612744E+05   -0.7492605730E-05
    0.6470667927E+02    0.3889112722E+05   -0.5614685294E-05
    0.5162021440E+02    0.2186297036E+05   -0.1932471547E-01
    0.4219921620E+02    0.4832235811E+05   -0.1244886345E-02
