Descriptor coordinates by the model of dimension:     1
    0.1144857904E+02
    0.1171012993E+02
    0.1138803384E+02
    0.1126169020E+02
    0.1150751060E+02
    0.1145506514E+02
    0.1162360959E+02
    0.1151288710E+02
    0.1148759824E+02
    0.1129440157E+02
    0.1119931450E+02
    0.1196688306E+02
    0.1186245833E+02
    0.1216351179E+02
    0.1220340150E+02
    0.1171373772E+02
    0.1156137324E+02
Descriptor coordinates by the model of dimension:     2
    0.2353836848E-02    0.6981284737E+01
    0.2901764505E-02    0.7958780890E+01
    0.2431614007E-02    0.7100573095E+01
    0.2087291120E-02    0.7015658168E+01
    0.2305835822E-02    0.9555677755E+01
    0.2237805257E-02    0.9163608234E+01
    0.2702047768E-02    0.9637395216E+01
    0.2563538886E-02    0.8918057349E+01
    0.2320919088E-02    0.9266112920E+01
    0.2041612712E-02    0.7991506417E+01
    0.1931753235E-02    0.6889174275E+01
    0.2909327037E-02    0.1217878392E+02
    0.2847792847E-02    0.1089170056E+02
    0.3183683390E-02    0.1391691025E+02
    0.3238072577E-02    0.1502053701E+02
    0.2791660675E-02    0.7847207460E+01
    0.2816141474E-02    0.7930907587E+01
Descriptor coordinates by the model of dimension:     3
    0.1144857904E+02    0.7870011726E-03   -0.2133504783E+04
    0.1171012993E+02    0.1951533582E-02   -0.1019837749E+04
    0.1138803384E+02    0.2709280907E-02   -0.1100777252E+04
    0.1126169020E+02    0.1977891182E-02   -0.6333151044E+03
    0.1150751060E+02    0.1875972483E-02   -0.1727272727E+01
    0.1145506514E+02    0.1875972483E-02   -0.1727272727E+01
    0.1162360959E+02    0.7231883905E-02   -0.1727272727E+01
    0.1151288710E+02    0.7231883905E-02   -0.1727272727E+01
    0.1148759824E+02    0.1255520548E-02   -0.3804571365E+05
    0.1129440157E+02    0.1255520548E-02   -0.3804571365E+05
    0.1119931450E+02    0.0000000000E+00   -0.6607939738E+05
    0.1196688306E+02    0.0000000000E+00   -0.2500000000E+01
    0.1186245833E+02    0.0000000000E+00   -0.5506616449E+05
    0.1216351179E+02    0.0000000000E+00   -0.5506616449E+05
    0.1220340150E+02    0.0000000000E+00   -0.5506616449E+05
    0.1171373772E+02    0.1155800405E-02   -0.3804571365E+05
    0.1156137324E+02    0.3182024234E-02   -0.3804571365E+05
