Descriptor coordinates by the model of dimension:     1
    0.2980169849E+03
    0.2232366248E+03
    0.2381260763E+03
    0.2403773717E+03
    0.3749263160E+03
    0.3121539598E+03
    0.2950611077E+03
    0.3563451777E+03
    0.1931232960E+03
    0.1968503937E+03
    0.2042978208E+03
    0.1849568434E+03
    0.1706762029E+03
    0.2209692167E+03
    0.2326773067E+03
    0.3057990050E+03
    0.2572097561E+03
Descriptor coordinates by the model of dimension:     2
    0.2286978950E+01    0.2751380621E+00
    0.2585246514E+01    0.3122857829E+00
    0.2568416985E+01    0.2982164667E+00
    0.2588411087E+01    0.2559679627E+00
    0.2060822401E+01    0.1991850767E+00
    0.2255729923E+01    0.2089828209E+00
    0.2391067661E+01    0.2464735843E+00
    0.2121259985E+01    0.1731027273E+00
    0.2690882056E+01    0.3621060318E+00
    0.2687488930E+01    0.3413978789E+00
    0.2680193128E+01    0.2982277836E+00
    0.2734638827E+01    0.3314524847E+00
    0.2854820018E+01    0.2331252975E+00
    0.2680313812E+01    0.1635858711E+00
    0.2517137432E+01    0.4838745458E+00
    0.2246310597E+01    0.3215214728E+00
    0.2537463175E+01    0.3099824404E+00
Descriptor coordinates by the model of dimension:     3
    0.4372580693E+00    0.4227382485E+03    0.9072700468E+02
    0.3868103078E+00    0.3830305894E+03    0.9400235192E+02
    0.3893448790E+00    0.3720880181E+03    0.3997979896E+02
    0.3863373963E+00    0.3253071241E+03    0.1974264721E+02
    0.4852431727E+00    0.3630994049E+03    0.1257874616E+03
    0.4433154829E+00    0.3054251627E+03    0.2418655745E+03
    0.4182232132E+00    0.3309461074E+03    0.7038596391E+02
    0.4714179342E+00    0.2655819592E+03    0.5668995200E+03
    0.3716253552E+00    0.4248448850E+03    0.1615781926E+03
    0.3720945559E+00    0.4006727442E+03    0.1555759715E+03
    0.3731074412E+00    0.3501361187E+03    0.1441277445E+03
    0.3656790031E+00    0.3670296000E+03    0.5719420016E+03
    0.3502847794E+00    0.2116348750E+03    0.6114977941E+03
    0.3730906417E+00    0.1869532213E+03    0.1845526185E+03
    0.3972766792E+00    0.6604282706E+03    0.4328172822E+02
    0.4451744123E+00    0.5313505015E+03    0.9938596746E+02
    0.3940943892E+00    0.4124556916E+03    0.0000000000E+00
