Descriptor coordinates by the model of dimension:     1
    0.3201998874E+03
    0.2288181221E+03
    0.2470757508E+03
    0.2980169849E+03
    0.2911997529E+03
    0.2324107978E+03
    0.2504630796E+03
    0.2119562797E+03
    0.2232366248E+03
    0.2272243633E+03
    0.2021502425E+03
    0.2072537769E+03
    0.3278371913E+03
    0.3670935717E+03
    0.1862753421E+03
    0.1916760165E+03
    0.2939835696E+03
    0.3384067197E+03
    0.3348306018E+03
    0.2511381823E+03
    0.1905785770E+03
    0.2687661508E+03
    0.2409947181E+03
    0.2592233145E+03
    0.3184368619E+03
    0.3116355332E+03
    0.2570186953E+03
    0.1953888238E+03
    0.2746331039E+03
    0.2381260763E+03
    0.1981059142E+03
    0.2490111138E+03
    0.2504630796E+03
    0.2684728021E+03
    0.2288701068E+03
    0.2401237159E+03
    0.2598795138E+03
    0.2353523791E+03
    0.2148586707E+03
    0.2403773717E+03
    0.2327126303E+03
    0.2377926687E+03
    0.3357008462E+03
    0.3749263160E+03
    0.2101700096E+03
    0.1913509376E+03
    0.2152141523E+03
    0.3055462319E+03
    0.1769106349E+03
    0.3494384288E+03
    0.1916760165E+03
    0.1970722982E+03
    0.3014021007E+03
    0.3457900850E+03
    0.3121539598E+03
    0.2865998641E+03
    0.2795474067E+03
    0.2073110673E+03
    0.3234119567E+03
    0.3631145388E+03
    0.2019041096E+03
    0.2149969419E+03
    0.2217672414E+03
    0.2286897081E+03
    0.2430000000E+03
    0.2579457364E+03
    0.2735451713E+03
    0.2898169014E+03
    0.2982107843E+03
    0.3067798742E+03
    0.3244533965E+03
    0.2375959016E+03
    0.2487877974E+03
    0.2544473911E+03
    0.2601468118E+03
    0.2716569316E+03
    0.2833010836E+03
    0.2950611077E+03
    0.3069177298E+03
    0.3128759306E+03
    0.3188505343E+03
    0.3308379343E+03
    0.1793172107E+03
    0.1938783979E+03
    0.2014703624E+03
    0.2092746322E+03
    0.2255343750E+03
    0.2426863857E+03
    0.2607597159E+03
    0.2797837030E+03
    0.2896614374E+03
    0.2997879641E+03
    0.3208023908E+03
    0.4034188034E+03
    0.3967067764E+03
    0.3933491686E+03
    0.3899904973E+03
    0.3832699620E+03
    0.3765451664E+03
    0.3698161065E+03
    0.3630827783E+03
    0.3597145123E+03
    0.3563451777E+03
    0.3496033005E+03
    0.1931232960E+03
    0.1968503937E+03
    0.1987130961E+03
    0.2005752346E+03
    0.2042978208E+03
    0.2080181543E+03
    0.2117362371E+03
    0.2154520714E+03
    0.2173091459E+03
    0.2191656590E+03
    0.2228770021E+03
    0.1871943765E+03
    0.1849568434E+03
    0.1838235294E+03
    0.1826803483E+03
    0.1803638645E+03
    0.1780063291E+03
    0.1756066411E+03
    0.1731636598E+03
    0.1719255663E+03
    0.1706762029E+03
    0.1681430446E+03
    0.2209692167E+03
    0.2152521525E+03
    0.2123552124E+03
    0.2094322060E+03
    0.2035065748E+03
    0.1974723539E+03
    0.1913265306E+03
    0.1850659800E+03
    0.1818916734E+03
    0.1786874594E+03
    0.1721876025E+03
    0.2058795192E+03
    0.2234601467E+03
    0.2326773067E+03
    0.2421878760E+03
    0.2621163995E+03
    0.2833010836E+03
    0.3057990050E+03
    0.3296689881E+03
    0.3421373728E+03
    0.3549716437E+03
    0.3817694077E+03
    0.2415496206E+03
    0.2572097561E+03
    0.2653074866E+03
    0.2735871363E+03
    0.2907027692E+03
    0.3085780526E+03
    0.3272347826E+03
    0.3466951638E+03
    0.3567337764E+03
    0.3669818182E+03
    0.3881177953E+03
    0.1836302571E+03
    0.2029774278E+03
    0.2131469926E+03
    0.2236558459E+03
    0.2457175553E+03
    0.2692152104E+03
    0.2942020619E+03
    0.3207319436E+03
    0.3345925000E+03
    0.3488592593E+03
    0.3786389701E+03
Descriptor coordinates by the model of dimension:     2
    0.2218001160E+01    0.8950283554E+01
    0.2578769876E+01    0.8904326663E+01
    0.2486688448E+01    0.9024878313E+01
    0.2286978950E+01    0.9040000000E+01
    0.2317278387E+01    0.9007407407E+01
    0.2556448306E+01    0.8964629529E+01
    0.2465320913E+01    0.9088912926E+01
    0.2645392438E+01    0.8974659864E+01
    0.2585246514E+01    0.9067517007E+01
    0.2546324275E+01    0.9205215420E+01
    0.2660805758E+01    0.9160321237E+01
    0.2632318536E+01    0.9216299822E+01
    0.2209188344E+01    0.8808510638E+01
    0.2058864891E+01    0.8923494794E+01
    0.2781402045E+01    0.8860202261E+01
    0.2751257257E+01    0.8909339679E+01
    0.2328979094E+01    0.8798913043E+01
    0.2145731392E+01    0.8957986767E+01
    0.2220238829E+01    0.8843478261E+01
    0.2508835586E+01    0.8958788534E+01
    0.2762685171E+01    0.8962312500E+01
    0.2421009072E+01    0.9093780422E+01
    0.2577208832E+01    0.8782098432E+01
    0.2486500566E+01    0.8905895078E+01
    0.2288523496E+01    0.8872592593E+01
    0.2318321275E+01    0.8838518519E+01
    0.2507168466E+01    0.8896051920E+01
    0.2758674051E+01    0.8891687500E+01
    0.2420061572E+01    0.9032666306E+01
    0.2568416985E+01    0.8956462585E+01
    0.2732921044E+01    0.8949000000E+01
    0.2511867973E+01    0.9060544218E+01
    0.2553221180E+01    0.8779664684E+01
    0.2464187237E+01    0.8908815576E+01
    0.2640189289E+01    0.8782482993E+01
    0.2581675469E+01    0.8878741497E+01
    0.2532124524E+01    0.8814058957E+01
    0.2614599403E+01    0.8805234979E+01
    0.2692269622E+01    0.8790312500E+01
    0.2588411087E+01    0.8866151101E+01
    0.2640145100E+01    0.8749851279E+01
    0.2613624212E+01    0.8809399167E+01
    0.2210593495E+01    0.8756450883E+01
    0.2060822401E+01    0.8873698506E+01
    0.2633395187E+01    0.9150267698E+01
    0.2715601198E+01    0.9149687500E+01
    0.2605551181E+01    0.9208209399E+01
    0.2309936952E+01    0.8804158790E+01
    0.2841984107E+01    0.8855000000E+01
    0.2129254557E+01    0.8972589792E+01
    0.2779540476E+01    0.8794765021E+01
    0.2749704741E+01    0.8844497323E+01
    0.2329913967E+01    0.8744565217E+01
    0.2147469364E+01    0.8906474480E+01
    0.2255729923E+01    0.8823345936E+01
    0.2346013652E+01    0.8848888889E+01
    0.2377216742E+01    0.8819703704E+01
    0.2683644612E+01    0.8836167800E+01
    0.2227834389E+01    0.8747397012E+01
    0.2076099203E+01    0.8857175192E+01
    0.2648239054E+01    0.9231833910E+01
    0.2600124329E+01    0.9180473373E+01
    0.2575331854E+01    0.9153741497E+01
    0.2550102978E+01    0.9126379494E+01
    0.2498486861E+01    0.9069958848E+01
    0.2445561625E+01    0.9011570248E+01
    0.2391588517E+01    0.8951530612E+01
    0.2336806086E+01    0.8890120037E+01
    0.2309180110E+01    0.8858979206E+01
    0.2281431781E+01    0.8827586207E+01
    0.2225663440E+01    0.8764148233E+01
    0.2619453320E+01    0.8730103806E+01
    0.2580389684E+01    0.8751479290E+01
    0.2559394870E+01    0.8759183673E+01
    0.2537515196E+01    0.8765040940E+01
    0.2491355626E+01    0.8771604938E+01
    0.2442392818E+01    0.8771900826E+01
    0.2391067661E+01    0.8766581633E+01
    0.2337782900E+01    0.8756232687E+01
    0.2310521749E+01    0.8749338374E+01
    0.2282905778E+01    0.8741379310E+01
    0.2226770524E+01    0.8722493536E+01
    0.2823212846E+01    0.8800000000E+01
    0.2750997003E+01    0.8795562130E+01
    0.2714610103E+01    0.8792517007E+01
    0.2678088566E+01    0.8788964044E+01
    0.2604783749E+01    0.8780452675E+01
    0.2531348361E+01    0.8770247934E+01
    0.2458020247E+01    0.8758545918E+01
    0.2385011545E+01    0.8745521699E+01
    0.2348686757E+01    0.8738563327E+01
    0.2312510784E+01    0.8731331748E+01
    0.2240684833E+01    0.8716116059E+01
    0.1955177486E+01    0.8840000000E+01
    0.1978538168E+01    0.8828888889E+01
    0.1990267503E+01    0.8822916667E+01
    0.2002028747E+01    0.8816666667E+01
    0.2025644613E+01    0.8803333333E+01
    0.2049380910E+01    0.8788888889E+01
    0.2073232531E+01    0.8773333333E+01
    0.2097194103E+01    0.8756666667E+01
    0.2109214369E+01    0.8747916667E+01
    0.2121259985E+01    0.8738888889E+01
    0.2145424253E+01    0.8720000000E+01
    0.2690882056E+01    0.9222000000E+01
    0.2687488930E+01    0.9164000000E+01
    0.2685728926E+01    0.9135000000E+01
    0.2683926404E+01    0.9106000000E+01
    0.2680193128E+01    0.9048000000E+01
    0.2676287764E+01    0.8990000000E+01
    0.2672208978E+01    0.8932000000E+01
    0.2667955445E+01    0.8874000000E+01
    0.2665762737E+01    0.8845000000E+01
    0.2663525850E+01    0.8816000000E+01
    0.2658918886E+01    0.8758000000E+01
    0.2714402334E+01    0.9233280000E+01
    0.2734638827E+01    0.9186320000E+01
    0.2744735031E+01    0.9162750000E+01
    0.2754816524E+01    0.9139120000E+01
    0.2774935337E+01    0.9091680000E+01
    0.2794995178E+01    0.9044000000E+01
    0.2814995960E+01    0.8996080000E+01
    0.2834937601E+01    0.8947920000E+01
    0.2844886217E+01    0.8923750000E+01
    0.2854820018E+01    0.8899520000E+01
    0.2874643130E+01    0.8850880000E+01
    0.2680313812E+01    0.8714880000E+01
    0.2706015745E+01    0.8728720000E+01
    0.2718687135E+01    0.8735250000E+01
    0.2731238780E+01    0.8741520000E+01
    0.2755982835E+01    0.8753280000E+01
    0.2780248016E+01    0.8764000000E+01
    0.2804034609E+01    0.8773680000E+01
    0.2827343077E+01    0.8782320000E+01
    0.2838818205E+01    0.8786250000E+01
    0.2850174052E+01    0.8789920000E+01
    0.2872528329E+01    0.8796480000E+01
    0.2625896195E+01    0.9278892734E+01
    0.2554109752E+01    0.9265384615E+01
    0.2517137432E+01    0.9254421769E+01
    0.2479572810E+01    0.9240868637E+01
    0.2403013428E+01    0.9206584362E+01
    0.2325072149E+01    0.9163636364E+01
    0.2246310597E+01    0.9113010204E+01
    0.2167219302E+01    0.9055586334E+01
    0.2127685619E+01    0.9024574669E+01
    0.2088224827E+01    0.8992152200E+01
    0.2009696252E+01    0.8923412812E+01
    0.2599077410E+01    0.8780622837E+01
    0.2537463175E+01    0.8842307692E+01
    0.2504595593E+01    0.8866666667E+01
    0.2470548264E+01    0.8887006052E+01
    0.2399443883E+01    0.8916460905E+01
    0.2325128992E+01    0.8932231405E+01
    0.2248463329E+01    0.8935714286E+01
    0.2170199284E+01    0.8928162512E+01
    0.2130676321E+01    0.8920604915E+01
    0.2090992722E+01    0.8910701546E+01
    0.2011412827E+01    0.8884343579E+01
    0.2798954211E+01    0.8839100346E+01
    0.2701624840E+01    0.8866863905E+01
    0.2652512564E+01    0.8877551020E+01
    0.2603224447E+01    0.8886258455E+01
    0.2504449777E+01    0.8898148148E+01
    0.2405900304E+01    0.8903305785E+01
    0.2308088794E+01    0.8902423469E+01
    0.2211450831E+01    0.8896121884E+01
    0.2163689080E+01    0.8891115312E+01
    0.2116353418E+01    0.8884958383E+01
    0.2023102725E+01    0.8869434071E+01
Descriptor coordinates by the model of dimension:     3
    0.1889683575E-02    0.1544001470E+03    0.1696387333E+04
    0.3142766741E-02    0.1464634109E+03    0.1509670133E+04
    0.2910532424E-02    0.1515947334E+03    0.1578038793E+04
    0.2153873054E-02    0.1695626800E+03    0.1820692803E+04
    0.2204297041E-02    0.1709326328E+03    0.1822168290E+04
    0.3094184912E-02    0.1585265449E+03    0.1633510677E+04
    0.2871169615E-02    0.1639003433E+03    0.1705023813E+04
    0.3582494994E-02    0.1615681386E+03    0.1661384669E+04
    0.3401468337E-02    0.1684039602E+03    0.1733376432E+04
    0.3341773303E-02    0.2276561832E+03    0.2340699553E+04
    0.3959570891E-02    0.2063065084E+03    0.2135747538E+04
    0.3862068173E-02    0.2169255037E+03    0.2238104911E+04
    0.1737341970E-02    0.1426052721E+03    0.1578173738E+04
    0.1551553489E-02    0.1372325557E+03    0.1598399796E+04
    0.4297016484E-02    0.1379510637E+03    0.1424334747E+04
    0.4175943503E-02    0.1446927996E+03    0.1490235839E+04
    0.2058198248E-02    0.1280721501E+03    0.1374670054E+04
    0.1788015523E-02    0.1292486686E+03    0.1463383304E+04
    0.1807112208E-02    0.1369893874E+03    0.1492156886E+04
    0.2863451417E-02    0.1742337106E+03    0.1792072362E+04
    0.4419402160E-02    0.1685805412E+03    0.1785069521E+04
    0.2675641935E-02    0.1815256021E+03    0.1879015251E+04
    0.2983974045E-02    0.1248980768E+03    0.1285230819E+04
    0.2774140841E-02    0.1309357113E+03    0.1357490055E+04
    0.2015755179E-02    0.1374859946E+03    0.1460627286E+04
    0.2059748280E-02    0.1379584957E+03    0.1456298069E+04
    0.2797936481E-02    0.1586525717E+03    0.1631328053E+04
    0.4310601593E-02    0.1509120675E+03    0.1605664018E+04
    0.2618482527E-02    0.1661210554E+03    0.1716853506E+04
    0.3188782692E-02    0.1755507480E+03    0.1810496167E+04
    0.4251480216E-02    0.1665378491E+03    0.1774622297E+04
    0.3049391248E-02    0.1844551809E+03    0.1896686383E+04
    0.2871169615E-02    0.1228415815E+03    0.1263295278E+04
    0.2678565495E-02    0.1293127666E+03    0.1337673823E+04
    0.3317743508E-02    0.1230587193E+03    0.1267799341E+04
    0.3162254540E-02    0.1300197555E+03    0.1336825092E+04
    0.2921862904E-02    0.1315111534E+03    0.1358268359E+04
    0.3400977797E-02    0.1367920759E+03    0.1443980058E+04
    0.3919987832E-02    0.1254950460E+03    0.1363726613E+04
    0.3329881720E-02    0.1456322987E+03    0.1525400644E+04
    0.3439556395E-02    0.1129449477E+03    0.1190739270E+04
    0.3366076086E-02    0.1207242221E+03    0.1263201856E+04
    0.1696645446E-02    0.1370800567E+03    0.1510133413E+04
    0.1519139328E-02    0.1332678422E+03    0.1543650368E+04
    0.3808479702E-02    0.2286232774E+03    0.2373587664E+04
    0.4401563877E-02    0.2172218340E+03    0.2295991489E+04
    0.3719217380E-02    0.2401861852E+03    0.2483194316E+04
    0.1980310686E-02    0.1416441476E+03    0.1513144735E+04
    0.4760840837E-02    0.1408093113E+03    0.1479193294E+04
    0.1731568191E-02    0.1446555137E+03    0.1627148364E+04
    0.4175943503E-02    0.1279594264E+03    0.1323403389E+04
    0.4061596800E-02    0.1345487769E+03    0.1387280948E+04
    0.2007538987E-02    0.1226604344E+03    0.1311757223E+04
    0.1749837529E-02    0.1253394718E+03    0.1411981194E+04
    0.1938391134E-02    0.1243961229E+03    0.1370401692E+04
    0.2239675707E-02    0.1263049846E+03    0.1360867730E+04
    0.2296178530E-02    0.1271886269E+03    0.1360182694E+04
    0.3662767843E-02    0.1320326152E+03    0.1358133770E+04
    0.1761113960E-02    0.1242762505E+03    0.1377241508E+04
    0.1568555514E-02    0.1192896941E+03    0.1391745924E+04
    0.4005562494E-02    0.2418225068E+03    0.2511359867E+04
    0.3607833131E-02    0.2243509652E+03    0.2311694969E+04
    0.3424005755E-02    0.2160648174E+03    0.2222474367E+04
    0.3249527633E-02    0.2080652121E+03    0.2139303266E+04
    0.2926744451E-02    0.1928879095E+03    0.1988660394E+04
    0.2635967578E-02    0.1787466266E+03    0.1855645903E+04
    0.2374028506E-02    0.1655735338E+03    0.1737123498E+04
    0.2138071927E-02    0.1533051171E+03    0.1630663426E+04
    0.2029022758E-02    0.1474914276E+03    0.1581342969E+04
    0.1925524818E-02    0.1418819089E+03    0.1534353852E+04
    0.1734068570E-02    0.1312482354E+03    0.1446669622E+04
    0.3403844608E-02    0.1168191562E+03    0.1246903828E+04
    0.3117810030E-02    0.1221354492E+03    0.1275222598E+04
    0.2984240898E-02    0.1243520855E+03    0.1289235194E+04
    0.2856592864E-02    0.1262961117E+03    0.1303155272E+04
    0.2618003882E-02    0.1294270753E+03    0.1330731667E+04
    0.2400049408E-02    0.1316428995E+03    0.1357976555E+04
    0.2200913701E-02    0.1330477107E+03    0.1384911082E+04
    0.2018942931E-02    0.1337360672E+03    0.1411553650E+04
    0.1933918236E-02    0.1338387058E+03    0.1424770601E+04
    0.1852630615E-02    0.1337937572E+03    0.1437920514E+04
    0.1700604372E-02    0.1332985329E+03    0.1464026200E+04
    0.4510105447E-02    0.1257094861E+03    0.1299570739E+04
    0.4000822673E-02    0.1240780547E+03    0.1276494179E+04
    0.3768952921E-02    0.1231984971E+03    0.1266691151E+04
    0.3550996689E-02    0.1222800838E+03    0.1257887330E+04
    0.3153394694E-02    0.1203371141E+03    0.1242893944E+04
    0.2801708864E-02    0.1182689063E+03    0.1230861133E+04
    0.2490430825E-02    0.1160935671E+03    0.1221282482E+04
    0.2214744370E-02    0.1138276678E+03    0.1213759240E+04
    0.2088909291E-02    0.1126655440E+03    0.1210666386E+04
    0.1970433547E-02    0.1114863543E+03    0.1207973222E+04
    0.1753803754E-02    0.1090834501E+03    0.1203667500E+04
    0.1327182733E-02    0.1262154869E+03    0.1541223778E+04
    0.1349637823E-02    0.1276793250E+03    0.1543814028E+04
    0.1361158260E-02    0.1284141250E+03    0.1545180355E+04
    0.1372880811E-02    0.1291507983E+03    0.1546595650E+04
    0.1396953905E-02    0.1306296179E+03    0.1549577868E+04
    0.1421902385E-02    0.1321154800E+03    0.1552770496E+04
    0.1447774882E-02    0.1336080658E+03    0.1556183983E+04
    0.1474623701E-02    0.1351070405E+03    0.1559829467E+04
    0.1488431664E-02    0.1358588147E+03    0.1561742892E+04
    0.1502505166E-02    0.1366120532E+03    0.1563718834E+04
    0.1531480021E-02    0.1381227360E+03    0.1567864776E+04
    0.4361169224E-02    0.2608197113E+03    0.2758034423E+04
    0.4278596344E-02    0.2451567321E+03    0.2602012350E+04
    0.4238489517E-02    0.2371976297E+03    0.2522459356E+04
    0.4199139422E-02    0.2291525774E+03    0.2441842953E+04
    0.4122625349E-02    0.2128019716E+03    0.2277307922E+04
    0.4048893606E-02    0.1960995675E+03    0.2108173120E+04
    0.3977795139E-02    0.1790399451E+03    0.1934187115E+04
    0.3909191355E-02    0.1616176115E+03    0.1755079554E+04
    0.3875784296E-02    0.1527686910E+03    0.1663515088E+04
    0.3842953219E-02    0.1438269991E+03    0.1570559344E+04
    0.3778960444E-02    0.1256624650E+03    0.1380312616E+04
    0.4499298486E-02    0.2135405473E+03    0.2248152215E+04
    0.4553729180E-02    0.2033874631E+03    0.2139217767E+04
    0.4581803959E-02    0.1983330291E+03    0.2085078109E+04
    0.4610476074E-02    0.1932932900E+03    0.2031154706E+04
    0.4669690225E-02    0.1832577662E+03    0.1923950393E+04
    0.4731536115E-02    0.1732806309E+03    0.1817592436E+04
    0.4796193182E-02    0.1633616243E+03    0.1712068680E+04
    0.4863857555E-02    0.1535004877E+03    0.1607367207E+04
    0.4898883818E-02    0.1485915401E+03    0.1555321164E+04
    0.4934744040E-02    0.1436969634E+03    0.1503476326E+04
    0.5009088403E-02    0.1339507948E+03    0.1400384570E+04
    0.3811586914E-02    0.9805464645E+02    0.1075118501E+04
    0.3912822079E-02    0.1025281805E+03    0.1115824327E+04
    0.3966200620E-02    0.1047153114E+03    0.1135638041E+04
    0.4021556144E-02    0.1068697981E+03    0.1155109290E+04
    0.4138654368E-02    0.1110821604E+03    0.1193071800E+04
    0.4265120450E-02    0.1151678821E+03    0.1229801244E+04
    0.4402125373E-02    0.1191295320E+03    0.1265378993E+04
    0.4551043767E-02    0.1229696333E+03    0.1299879290E+04
    0.4630466910E-02    0.1248448796E+03    0.1316746835E+04
    0.4713500196E-02    0.1266906649E+03    0.1333370012E+04
    0.4891428667E-02    0.1302950622E+03    0.1365913340E+04
    0.3928217493E-02    0.2667002526E+03    0.2759982531E+04
    0.3471192074E-02    0.2444264987E+03    0.2513371850E+04
    0.3263456681E-02    0.2339861190E+03    0.2407095738E+04
    0.3068417537E-02    0.2239844891E+03    0.2310099812E+04
    0.2713294181E-02    0.2052254113E+03    0.2139296608E+04
    0.2400049408E-02    0.1880124230E+03    0.1993459154E+04
    0.2123630306E-02    0.1722196983E+03    0.1867240195E+04
    0.1879610771E-02    0.1577315468E+03    0.1756725102E+04
    0.1768519069E-02    0.1509431040E+03    0.1706410507E+04
    0.1664111126E-02    0.1444416053E+03    0.1658981589E+04
    0.1473728450E-02    0.1322520911E+03    0.1571769298E+04
    0.3348129989E-02    0.1316502477E+03    0.1394148993E+04
    0.3015721883E-02    0.1368766758E+03    0.1417390021E+04
    0.2862083994E-02    0.1388150200E+03    0.1429980195E+04
    0.2716259018E-02    0.1403477294E+03    0.1443044977E+04
    0.2446481344E-02    0.1423172235E+03    0.1470244912E+04
    0.2203450934E-02    0.1430090614E+03    0.1498452349E+04
    0.1984520195E-02    0.1426204413E+03    0.1527319779E+04
    0.1787303215E-02    0.1413247371E+03    0.1556614603E+04
    0.1696156933E-02    0.1403850357E+03    0.1571370217E+04
    0.1609649940E-02    0.1392740858E+03    0.1586176827E+04
    0.1449622883E-02    0.1366017101E+03    0.1615893989E+04
    0.4404173590E-02    0.1373705851E+03    0.1416661913E+04
    0.3821474626E-02    0.1344119741E+03    0.1382159034E+04
    0.3562481935E-02    0.1328301864E+03    0.1368208870E+04
    0.3322665335E-02    0.1311891160E+03    0.1356075855E+04
    0.2894375621E-02    0.1277538795E+03    0.1336384267E+04
    0.2525624749E-02    0.1241521396E+03    0.1321652936E+04
    0.2207340188E-02    0.1204243650E+03    0.1310843198E+04
    0.1931985240E-02    0.1166061516E+03    0.1303183329E+04
    0.1808398180E-02    0.1146730420E+03    0.1300346034E+04
    0.1693268118E-02    0.1127287079E+03    0.1298088187E+04
    0.1485912655E-02    0.1088192967E+03    0.1295106218E+04
