Predictions (y,pred,y-pred) by the model of dimension:     1
    0.1119034582E+03    0.1040043296E+03    0.7899128633E+01
    0.5781486579E+02    0.5487672929E+02    0.2938136504E+01
    0.6377679169E+02    0.6469218296E+02   -0.9153912626E+00
    0.9969179946E+02    0.9207861590E+02    0.7613183560E+01
    0.9817976135E+02    0.8841361503E+02    0.9766146316E+01
    0.5573694755E+02    0.5680818174E+02   -0.1071234185E+01
    0.6345732320E+02    0.6651323924E+02   -0.3055916037E+01
    0.4895849377E+02    0.4581166195E+02    0.3146831818E+01
    0.5114042588E+02    0.5187606970E+02   -0.7356438251E+00
    0.4348442747E+02    0.5401991121E+02   -0.1053548374E+02
    0.3917125463E+02    0.4053985443E+02   -0.1368599800E+01
    0.4077056391E+02    0.4328355719E+02   -0.2512993283E+01
    0.1156620276E+03    0.1081102080E+03    0.7551819638E+01
    0.1322564577E+03    0.1292147659E+03    0.3041691757E+01
    0.4295367200E+02    0.3200537541E+02    0.1094829659E+02
    0.4050309916E+02    0.3490882304E+02    0.5594276119E+01
    0.1066234624E+03    0.8991021815E+02    0.1671324421E+02
    0.1218090654E+03    0.1137924747E+03    0.8016590635E+01
    0.1166603165E+03    0.1118699238E+03    0.4790392671E+01
    0.5656963783E+02    0.6687618005E+02   -0.1030654223E+02
    0.4232796680E+02    0.3431883043E+02    0.8009136374E+01
    0.6493284567E+02    0.7635312320E+02   -0.1142027752E+02
    0.6554370379E+02    0.6142296898E+02    0.4120734806E+01
    0.7208525840E+02    0.7122281469E+02    0.8624437136E+00
    0.9788397509E+02    0.1030565123E+03   -0.5172537237E+01
    0.9754851806E+02    0.9940006122E+02   -0.1851543163E+01
    0.5888624772E+02    0.7003759296E+02   -0.1115134524E+02
    0.3852234119E+02    0.3690485926E+02    0.1617481930E+01
    0.6380085368E+02    0.7950724614E+02   -0.1570639246E+02
    0.4667560663E+02    0.5988076322E+02   -0.1320515660E+02
    0.4197241641E+02    0.3836558977E+02    0.3606826649E+01
    0.5677301169E+02    0.6573265026E+02   -0.8959638562E+01
    0.6496802097E+02    0.6651323924E+02   -0.1545218268E+01
    0.6979480419E+02    0.7619541644E+02   -0.6400612253E+01
    0.5481318806E+02    0.5490467666E+02   -0.9148859542E-01
    0.6029149555E+02    0.6095471094E+02   -0.6632153938E+00
    0.6830351287E+02    0.7157559287E+02   -0.3272079997E+01
    0.6014871550E+02    0.5838960040E+02    0.1759115099E+01
    0.5341138887E+02    0.4737201162E+02    0.6039377251E+01
    0.6882396517E+02    0.6109107838E+02    0.7732886788E+01
    0.6068008934E+02    0.5697044939E+02    0.3709639956E+01
    0.6555221939E+02    0.5970152050E+02    0.5850698888E+01
    0.1166313876E+03    0.1123377745E+03    0.4293613130E+01
    0.1314904999E+03    0.1334257147E+03   -0.1935214818E+01
    0.4292238571E+02    0.4485134825E+02   -0.1928962539E+01
    0.3499053213E+02    0.3473405794E+02    0.2564741926E+00
    0.4434460389E+02    0.4756312148E+02   -0.3218517589E+01
    0.1048738256E+03    0.9612640197E+02    0.8747423584E+01
    0.3601177755E+02    0.2697083056E+02    0.9040946988E+01
    0.1256431161E+03    0.1197232137E+03    0.5919902478E+01
    0.4500912398E+02    0.3490882304E+02    0.1010030094E+02
    0.4815536762E+02    0.3780990917E+02    0.1034545845E+02
    0.1038482190E+03    0.9389848242E+02    0.9949736575E+01
    0.1281946021E+03    0.1177618336E+03    0.1043276858E+02
    0.1112114300E+03    0.9967877167E+02    0.1153265831E+02
    0.9355975646E+02    0.8594067642E+02    0.7619080038E+01
    0.9368174085E+02    0.8214921642E+02    0.1153252443E+02
    0.5967295456E+02    0.4331435699E+02    0.1635859757E+02
    0.1165733788E+03    0.1057311649E+03    0.1084221388E+02
    0.1331123282E+03    0.1270756046E+03    0.6036723565E+01
    0.2632643497E+02    0.4040753134E+02   -0.1408109637E+02
    0.2911030054E+02    0.4744634735E+02   -0.1833604681E+02
    0.4146923460E+02    0.5108611690E+02   -0.9616882306E+01
    0.4958492797E+02    0.5480769285E+02   -0.5222764885E+01
    0.6671768541E+02    0.6250102529E+02    0.4216660122E+01
    0.7983276551E+02    0.7053597803E+02    0.9296787478E+01
    0.8885745041E+02    0.7892236453E+02    0.9935085879E+01
    0.9558693600E+02    0.8767018253E+02    0.7916753473E+01
    0.9586478718E+02    0.9218280409E+02    0.3681983090E+01
    0.9672791808E+02    0.9678961840E+02   -0.6170031899E-01
    0.1025991163E+03    0.1062910516E+03   -0.3691935308E+01
    0.6056238656E+02    0.5959573687E+02    0.9666496879E+00
    0.5877006947E+02    0.6561259353E+02   -0.6842524066E+01
    0.5965694308E+02    0.6865523833E+02   -0.8998295259E+01
    0.5640091467E+02    0.7171929452E+02   -0.1531837985E+02
    0.6447432788E+02    0.7790723108E+02   -0.1343290321E+02
    0.7910835546E+02    0.8416722445E+02   -0.5058868987E+01
    0.9311991210E+02    0.9048951161E+02    0.2630400490E+01
    0.9637614321E+02    0.9686373073E+02   -0.4875875217E+00
    0.9738927426E+02    0.1000669093E+03   -0.2677634994E+01
    0.9929422704E+02    0.1032789061E+03   -0.3984679023E+01
    0.1053096570E+03    0.1097234325E+03   -0.4413775477E+01
    0.2584017448E+02    0.2826462583E+02   -0.2424451343E+01
    0.4286544992E+02    0.3609284170E+02    0.6772608226E+01
    0.4572791662E+02    0.4017434523E+02    0.5553571387E+01
    0.4914067848E+02    0.4436998588E+02    0.4770692601E+01
    0.6067555305E+02    0.5311135940E+02    0.7564193651E+01
    0.6733571392E+02    0.6233242364E+02    0.5003290278E+01
    0.8475483777E+02    0.7204879692E+02    0.1270604085E+02
    0.9094232811E+02    0.8227625126E+02    0.8666076849E+01
    0.9342154533E+02    0.8758660381E+02    0.5834941525E+01
    0.9610191643E+02    0.9303070915E+02    0.3071207281E+01
    0.1039844407E+03    0.1043282405E+03   -0.3437997178E+00
    0.1371480612E+03    0.1487435139E+03   -0.1159545276E+02
    0.1366336255E+03    0.1451350722E+03   -0.8501446641E+01
    0.1367350903E+03    0.1433299942E+03   -0.6594903874E+01
    0.1362592133E+03    0.1415243444E+03   -0.5265131154E+01
    0.1344648149E+03    0.1379113285E+03   -0.3446513535E+01
    0.1317766937E+03    0.1342960222E+03   -0.2519328478E+01
    0.1287616307E+03    0.1306784234E+03   -0.1916792717E+01
    0.1271803418E+03    0.1270585299E+03    0.1218118978E+00
    0.1262177758E+03    0.1252477220E+03    0.9700538719E+00
    0.1252984708E+03    0.1234363395E+03    0.1862131300E+01
    0.1228725759E+03    0.1198118501E+03    0.3060725811E+01
    0.2683497468E+02    0.3568689259E+02   -0.8851917918E+01
    0.3183535065E+02    0.3769061147E+02   -0.5855260814E+01
    0.3359039622E+02    0.3869201586E+02   -0.5101619631E+01
    0.4129513778E+02    0.3969311706E+02    0.1602020719E+01
    0.4507237259E+02    0.4169441049E+02    0.3377962095E+01
    0.4998604832E+02    0.4369449285E+02    0.6291555471E+01
    0.5277935237E+02    0.4569336524E+02    0.7085987132E+01
    0.5611450524E+02    0.4769102875E+02    0.8423476490E+01
    0.5615313588E+02    0.4868940752E+02    0.7463728359E+01
    0.5781327978E+02    0.4968748449E+02    0.8125795289E+01
    0.5965727763E+02    0.5168273354E+02    0.7974544087E+01
    0.2919065394E+02    0.3249945598E+02   -0.3308802042E+01
    0.2533836578E+02    0.3129653948E+02   -0.5958173698E+01
    0.2326547267E+02    0.3068726041E+02   -0.7421787741E+01
    0.2253675731E+02    0.3007267668E+02   -0.7535919369E+01
    0.2456282289E+02    0.2882731566E+02   -0.4264492771E+01
    0.2308806005E+02    0.2755988495E+02   -0.4471824897E+01
    0.2267877177E+02    0.2626979264E+02   -0.3591020865E+01
    0.2578843305E+02    0.2495642547E+02    0.8320075799E+00
    0.2337586858E+02    0.2429081609E+02   -0.9149475136E+00
    0.2299003363E+02    0.2361914785E+02   -0.6291142132E+00
    0.2450184071E+02    0.2225730082E+02    0.2244539892E+01
    0.5835275562E+02    0.5065709217E+02    0.7695663453E+01
    0.5348496578E+02    0.4758355071E+02    0.5901415067E+01
    0.5034060812E+02    0.4602613148E+02    0.4314476637E+01
    0.4661720364E+02    0.4445469886E+02    0.2162504778E+01
    0.4446999058E+02    0.4126903004E+02    0.3200960540E+01
    0.3957606325E+02    0.3802498245E+02    0.1551080804E+01
    0.3452159350E+02    0.3472093653E+02   -0.1993430339E+00
    0.3332059993E+02    0.3135521225E+02    0.1965387675E+01
    0.2705301994E+02    0.2964867849E+02   -0.2595658549E+01
    0.2419926750E+02    0.2792606627E+02   -0.3726798766E+01
    0.2604492204E+02    0.2443168891E+02    0.1613233132E+01
    0.2880918270E+02    0.4254474474E+02   -0.1373556203E+02
    0.3504358803E+02    0.5199623694E+02   -0.1695264891E+02
    0.4256436714E+02    0.5695145912E+02   -0.1438709199E+02
    0.4875284720E+02    0.6206442064E+02   -0.1331157344E+02
    0.6092121335E+02    0.7277816133E+02   -0.1185694799E+02
    0.8402862800E+02    0.8416722445E+02   -0.1385964457E+00
    0.1020479867E+03    0.9626229490E+02    0.5785691786E+01
    0.1047424560E+03    0.1090949972E+03   -0.4352541271E+01
    0.1134858481E+03    0.1157981050E+03   -0.2312256936E+01
    0.1282697765E+03    0.1226979162E+03    0.5571860273E+01
    0.1359182557E+03    0.1371046180E+03   -0.1186362285E+01
    0.6693454681E+02    0.6172128923E+02    0.5213257584E+01
    0.6809255274E+02    0.7014030885E+02   -0.2047756113E+01
    0.6904760257E+02    0.7449371643E+02   -0.5446113858E+01
    0.6988379938E+02    0.7894492524E+02   -0.9061125865E+01
    0.7595481374E+02    0.8814643247E+02   -0.1219161874E+02
    0.8630026423E+02    0.9775633409E+02   -0.1145606986E+02
    0.9652639442E+02    0.1077863480E+03   -0.1125995359E+02
    0.1104302259E+03    0.1182484115E+03   -0.7818185547E+01
    0.1236164255E+03    0.1236452535E+03   -0.2882799655E-01
    0.1322700957E+03    0.1291546863E+03    0.3115409356E+01
    0.1360948904E+03    0.1405175642E+03   -0.4422673727E+01
    0.3130959377E+02    0.3058335560E+02    0.7262381756E+00
    0.4308292970E+02    0.4098455619E+02    0.2098373517E+01
    0.4437180400E+02    0.4645179917E+02   -0.2079995176E+01
    0.5059350036E+02    0.5210144644E+02   -0.1507946084E+01
    0.6152011377E+02    0.6396200570E+02   -0.2441891930E+01
    0.7558678816E+02    0.7659454134E+02   -0.1007753179E+01
    0.8754089957E+02    0.9002768142E+02   -0.2486781849E+01
    0.1047380597E+03    0.1042903674E+03    0.4476923334E+00
    0.1165991300E+03    0.1117419183E+03    0.4857211701E+01
    0.1287812479E+03    0.1194118473E+03    0.9369400641E+01
    0.1352458823E+03    0.1354216686E+03   -0.1757862467E+00
Prediction RMSE and MaxAE:         7.1210692293       18.3360468063
Predictions (y,pred,y-pred) by the model of dimension:     2
    0.1119034582E+03    0.1043248294E+03    0.7578628784E+01
    0.5781486579E+02    0.5917922588E+02   -0.1364360090E+01
    0.6377679169E+02    0.6542759922E+02   -0.1650807528E+01
    0.9969179946E+02    0.9091882009E+02    0.8772979371E+01
    0.9817976135E+02    0.8851987496E+02    0.9659886385E+01
    0.5573694755E+02    0.5918750622E+02   -0.3450558666E+01
    0.6345732320E+02    0.6512973109E+02   -0.1672407886E+01
    0.4895849377E+02    0.4702196444E+02    0.1936529324E+01
    0.5114042588E+02    0.5041915484E+02    0.7212710381E+00
    0.4348442747E+02    0.4885603650E+02   -0.5371609021E+01
    0.3917125463E+02    0.3599926436E+02    0.3171990270E+01
    0.4077056391E+02    0.3702675754E+02    0.3743806366E+01
    0.1156620276E+03    0.1123535939E+03    0.3308433735E+01
    0.1322564577E+03    0.1265196621E+03    0.5736795564E+01
    0.4295367200E+02    0.3470994705E+02    0.8243724953E+01
    0.4050309916E+02    0.3628667980E+02    0.4216419354E+01
    0.1066234624E+03    0.9708887631E+02    0.9534586047E+01
    0.1218090654E+03    0.1134413148E+03    0.8367750529E+01
    0.1166603165E+03    0.1092077052E+03    0.7452611270E+01
    0.5656963783E+02    0.6572270769E+02   -0.9153069859E+01
    0.4232796680E+02    0.3221854283E+02    0.1010942397E+02
    0.6493284567E+02    0.7071246330E+02   -0.5779617632E+01
    0.6554370379E+02    0.6530844521E+02    0.2352585733E+00
    0.7208525840E+02    0.7121922600E+02    0.8660324077E+00
    0.9788397509E+02    0.9883001290E+02   -0.9460378025E+00
    0.9754851806E+02    0.9656874676E+02    0.9797713010E+00
    0.5888624772E+02    0.6898237806E+02   -0.1009613034E+02
    0.3852234119E+02    0.3616834666E+02    0.2353994530E+01
    0.6380085368E+02    0.7379899909E+02   -0.9998145412E+01
    0.4667560663E+02    0.5801172205E+02   -0.1133611542E+02
    0.4197241641E+02    0.3677215302E+02    0.5200263391E+01
    0.5677301169E+02    0.6039256077E+02   -0.3619549080E+01
    0.6496802097E+02    0.6857625959E+02   -0.3608238623E+01
    0.6979480419E+02    0.7400766958E+02   -0.4212865390E+01
    0.5481318806E+02    0.5701974943E+02   -0.2206561367E+01
    0.6029149555E+02    0.6003776642E+02    0.2537291253E+00
    0.6830351287E+02    0.6967944886E+02   -0.1375935984E+01
    0.6014871550E+02    0.5927723718E+02    0.8714783276E+00
    0.5341138887E+02    0.4980151857E+02    0.3609870299E+01
    0.6882396517E+02    0.5976354190E+02    0.9060423266E+01
    0.6068008934E+02    0.5860716670E+02    0.2072922639E+01
    0.6555221939E+02    0.5920345847E+02    0.6348760917E+01
    0.1166313876E+03    0.1146923470E+03    0.1939040611E+01
    0.1314904999E+03    0.1286761771E+03    0.2814322804E+01
    0.4292238571E+02    0.4008586816E+02    0.2836517548E+01
    0.3499053213E+02    0.2931939714E+02    0.5671134998E+01
    0.4434460389E+02    0.4093375007E+02    0.3410853825E+01
    0.1048738256E+03    0.9933507384E+02    0.5538751714E+01
    0.3601177755E+02    0.2700697379E+02    0.9004803758E+01
    0.1256431161E+03    0.1148971236E+03    0.1074599256E+02
    0.4500912398E+02    0.3812604650E+02    0.6883077483E+01
    0.4815536762E+02    0.3963336380E+02    0.8522003827E+01
    0.1038482190E+03    0.9960028201E+02    0.4247936985E+01
    0.1281946021E+03    0.1157098297E+03    0.1248477241E+02
    0.1112114300E+03    0.1055231038E+03    0.5688326137E+01
    0.9355975646E+02    0.9242978219E+02    0.1129974266E+01
    0.9368174085E+02    0.8974702471E+02    0.3934716147E+01
    0.5967295456E+02    0.4871153724E+02    0.1096141732E+02
    0.1165733788E+03    0.1128672486E+03    0.3706130137E+01
    0.1331123282E+03    0.1274710202E+03    0.5641307947E+01
    0.2632643497E+02    0.3418329470E+02   -0.7856859725E+01
    0.2911030054E+02    0.4299068548E+02   -0.1388038494E+02
    0.4146923460E+02    0.4754187965E+02   -0.6072645052E+01
    0.4958492797E+02    0.5218091962E+02   -0.2595991653E+01
    0.6671768541E+02    0.6169334004E+02    0.5024345371E+01
    0.7983276551E+02    0.7147304680E+02    0.8359718706E+01
    0.8885745041E+02    0.8147037468E+02    0.7387075734E+01
    0.9558693600E+02    0.9164042348E+02    0.3946512527E+01
    0.9586478718E+02    0.9677738485E+02   -0.9125976682E+00
    0.9672791808E+02    0.1019426349E+03   -0.5214716792E+01
    0.1025991163E+03    0.1123404102E+03   -0.9741293855E+01
    0.6056238656E+02    0.6228136801E+02   -0.1718981450E+01
    0.5877006947E+02    0.6637483100E+02   -0.7604761538E+01
    0.5965694308E+02    0.6875826993E+02   -0.9101326859E+01
    0.5640091467E+02    0.7134742845E+02   -0.1494651378E+02
    0.6447432788E+02    0.7709056146E+02   -0.1261623358E+02
    0.7910835546E+02    0.8350559869E+02   -0.4397243234E+01
    0.9311991210E+02    0.9050299476E+02    0.2616917341E+01
    0.9637614321E+02    0.9800149451E+02   -0.1625351307E+01
    0.9738927426E+02    0.1019153543E+03   -0.4526080088E+01
    0.9929422704E+02    0.1059274132E+03   -0.6633186185E+01
    0.1053096570E+03    0.1142139839E+03   -0.8904326909E+01
    0.2584017448E+02    0.3213763093E+02   -0.6297456446E+01
    0.4286544992E+02    0.4183549728E+02    0.1029952646E+01
    0.4572791662E+02    0.4676110769E+02   -0.1033191070E+01
    0.4914067848E+02    0.5172901177E+02   -0.2588333289E+01
    0.6067555305E+02    0.6176730983E+02   -0.1091756775E+01
    0.6733571392E+02    0.7190482870E+02   -0.4569114780E+01
    0.8475483777E+02    0.8210083216E+02    0.2654005613E+01
    0.9094232811E+02    0.9231897860E+02   -0.1376650493E+01
    0.9342154533E+02    0.9742610286E+02   -0.4004557523E+01
    0.9610191643E+02    0.1025269279E+03   -0.6425011467E+01
    0.1039844407E+03    0.1126959832E+03   -0.8711542484E+01
    0.1371480612E+03    0.1441818873E+03   -0.7033826131E+01
    0.1366336255E+03    0.1416529021E+03   -0.5019276610E+01
    0.1367350903E+03    0.1404021714E+03   -0.3667081109E+01
    0.1362592133E+03    0.1391607141E+03   -0.2901500884E+01
    0.1344648149E+03    0.1367059286E+03   -0.2241113613E+01
    0.1317766937E+03    0.1342891829E+03   -0.2512489191E+01
    0.1287616307E+03    0.1319111481E+03   -0.3149517399E+01
    0.1271803418E+03    0.1295725294E+03   -0.2392187594E+01
    0.1262177758E+03    0.1284182312E+03   -0.2200455386E+01
    0.1252984708E+03    0.1272740678E+03   -0.1975596940E+01
    0.1228725759E+03    0.1250165409E+03   -0.2143964975E+01
    0.2683497468E+02    0.2906041547E+02   -0.2225440795E+01
    0.3183535065E+02    0.3231715302E+02   -0.4818023636E+00
    0.3359039622E+02    0.3395385230E+02   -0.3634560788E+00
    0.4129513778E+02    0.3559613482E+02    0.5699002960E+01
    0.4507237259E+02    0.3889753787E+02    0.6174834716E+01
    0.4998604832E+02    0.4222153818E+02    0.7764510138E+01
    0.5277935237E+02    0.4556831077E+02    0.7211041597E+01
    0.5611450524E+02    0.4893802958E+02    0.7176475664E+01
    0.5615313588E+02    0.5063154786E+02    0.5521588026E+01
    0.5781327978E+02    0.5233086740E+02    0.5482412378E+01
    0.5965727763E+02    0.5574699584E+02    0.3910281784E+01
    0.2919065394E+02    0.2542520696E+02    0.3765446983E+01
    0.2533836578E+02    0.2504401061E+02    0.2943551786E+00
    0.2326547267E+02    0.2486066906E+02   -0.1595196391E+01
    0.2253675731E+02    0.2468216725E+02   -0.2145409940E+01
    0.2456282289E+02    0.2433968862E+02    0.2231342662E+00
    0.2308806005E+02    0.2401658620E+02   -0.9285261559E+00
    0.2267877177E+02    0.2371287125E+02   -0.1034099481E+01
    0.2578843305E+02    0.2342855478E+02    0.2359878270E+01
    0.2337586858E+02    0.2329367435E+02    0.8219422785E-01
    0.2299003363E+02    0.2316364756E+02   -0.1736139239E+00
    0.2450184071E+02    0.2291816012E+02    0.1583680586E+01
    0.5835275562E+02    0.5502756442E+02    0.3325191206E+01
    0.5348496578E+02    0.5098179967E+02    0.2503166113E+01
    0.5034060812E+02    0.4900140063E+02    0.1339207489E+01
    0.4661720364E+02    0.4704932717E+02   -0.4321235337E+00
    0.4446999058E+02    0.4323015765E+02    0.1239832922E+01
    0.3957606325E+02    0.3952427722E+02    0.5178603269E-01
    0.3452159350E+02    0.3593164817E+02   -0.1410054675E+01
    0.3332059993E+02    0.3245220981E+02    0.8683901214E+00
    0.2705301994E+02    0.3075491206E+02   -0.3701892120E+01
    0.2419926750E+02    0.2908587919E+02   -0.4886611681E+01
    0.2604492204E+02    0.2583255190E+02    0.2123701486E+00
    0.2880918270E+02    0.3483629123E+02   -0.6027108525E+01
    0.3504358803E+02    0.4491739497E+02   -0.9873806938E+01
    0.4256436714E+02    0.5030363900E+02   -0.7739271861E+01
    0.4875284720E+02    0.5589320677E+02   -0.7140359570E+01
    0.6092121335E+02    0.6760804419E+02   -0.6686830842E+01
    0.8402862800E+02    0.7992425939E+02    0.4104368607E+01
    0.1020479867E+03    0.9272033595E+02    0.9327650735E+01
    0.1047424560E+03    0.1058891874E+03   -0.1146731436E+01
    0.1134858481E+03    0.1125835068E+03    0.9023412315E+00
    0.1282697765E+03    0.1193366346E+03    0.8933141837E+01
    0.1359182557E+03    0.1329800422E+03    0.2938213507E+01
    0.6693454681E+02    0.6250836995E+02    0.4426176861E+01
    0.6809255274E+02    0.6760924495E+02    0.4833077935E+00
    0.6904760257E+02    0.7074448913E+02   -0.1696886564E+01
    0.6988379938E+02    0.7422947172E+02   -0.4345672340E+01
    0.7595481374E+02    0.8213865606E+02   -0.6183842319E+01
    0.8630026423E+02    0.9113267921E+02   -0.4832414983E+01
    0.9652639442E+02    0.1010309499E+03   -0.4504555442E+01
    0.1104302259E+03    0.1116739410E+03   -0.1243715104E+01
    0.1236164255E+03    0.1172300660E+03    0.6386359489E+01
    0.1322700957E+03    0.1229209807E+03    0.9349114931E+01
    0.1360948904E+03    0.1346482688E+03    0.1446621656E+01
    0.3130959377E+02    0.3342792750E+02   -0.2118333727E+01
    0.4308292970E+02    0.4486272855E+02   -0.1779798847E+01
    0.4437180400E+02    0.5079374392E+02   -0.6421939918E+01
    0.5059350036E+02    0.5684380161E+02   -0.6250301251E+01
    0.6152011377E+02    0.6923777185E+02   -0.7717658088E+01
    0.7558678816E+02    0.8192846465E+02   -0.6341676490E+01
    0.8754089957E+02    0.9481500277E+02   -0.7274103205E+01
    0.1047380597E+03    0.1078101053E+03   -0.3072045566E+01
    0.1165991300E+03    0.1143244330E+03    0.2274697068E+01
    0.1287812479E+03    0.1208385664E+03    0.7942681468E+01
    0.1352458823E+03    0.1338358947E+03    0.1409987631E+01
Prediction RMSE and MaxAE:         5.5984607823       14.9465137834
Predictions (y,pred,y-pred) by the model of dimension:     3
    0.1119034582E+03    0.1067793321E+03    0.5124126099E+01
    0.5781486579E+02    0.5942441363E+02   -0.1609547831E+01
    0.6377679169E+02    0.6712731628E+02   -0.3350524587E+01
    0.9969179946E+02    0.9331123820E+02    0.6380561257E+01
    0.9817976135E+02    0.8976631912E+02    0.8413442226E+01
    0.5573694755E+02    0.5923007396E+02   -0.3493126408E+01
    0.6345732320E+02    0.6679874029E+02   -0.3341417092E+01
    0.4895849377E+02    0.4662000771E+02    0.2338486054E+01
    0.5114042588E+02    0.5049834082E+02    0.6420850594E+00
    0.4348442747E+02    0.4509455399E+02   -0.1610126513E+01
    0.3917125463E+02    0.3517865093E+02    0.3992603701E+01
    0.4077056391E+02    0.3516251455E+02    0.5608049364E+01
    0.1156620276E+03    0.1122505529E+03    0.3411474714E+01
    0.1322564577E+03    0.1303797918E+03    0.1876665911E+01
    0.4295367200E+02    0.3311398119E+02    0.9839690816E+01
    0.4050309916E+02    0.3467893223E+02    0.5824166930E+01
    0.1066234624E+03    0.9678471344E+02    0.9838748916E+01
    0.1218090654E+03    0.1164142803E+03    0.5394785046E+01
    0.1166603165E+03    0.1062915315E+03    0.1036878504E+02
    0.5656963783E+02    0.6251869908E+02   -0.5949061248E+01
    0.4232796680E+02    0.3477067457E+02    0.7557292230E+01
    0.6493284567E+02    0.6828968830E+02   -0.3356842627E+01
    0.6554370379E+02    0.6512173237E+02    0.4219714213E+00
    0.7208525840E+02    0.7124732626E+02    0.8379321435E+00
    0.9788397509E+02    0.9488759161E+02    0.2996383483E+01
    0.9754851806E+02    0.9218890483E+02    0.5359613231E+01
    0.5888624772E+02    0.6570273874E+02   -0.6816491015E+01
    0.3852234119E+02    0.3970559993E+02   -0.1183258741E+01
    0.6380085368E+02    0.7069344784E+02   -0.6892594165E+01
    0.4667560663E+02    0.5543518528E+02   -0.8759578658E+01
    0.4197241641E+02    0.4084496810E+02    0.1127448319E+01
    0.5677301169E+02    0.5686332526E+02   -0.9031356659E-01
    0.6496802097E+02    0.6790990219E+02   -0.2941881220E+01
    0.6979480419E+02    0.7316987999E+02   -0.3375075802E+01
    0.5481318806E+02    0.5759250794E+02   -0.2779319881E+01
    0.6029149555E+02    0.6010796668E+02    0.1835288632E+00
    0.6830351287E+02    0.6675733843E+02    0.1546174446E+01
    0.6014871550E+02    0.6016147689E+02   -0.1276138696E-01
    0.5341138887E+02    0.5520869665E+02   -0.1797307779E+01
    0.6882396517E+02    0.5924921812E+02    0.9574747051E+01
    0.6068008934E+02    0.6045909209E+02    0.2209972547E+00
    0.6555221939E+02    0.6005873577E+02    0.5493483619E+01
    0.1166313876E+03    0.1118824191E+03    0.4748968566E+01
    0.1314904999E+03    0.1291643806E+03    0.2326119302E+01
    0.4292238571E+02    0.3779969858E+02    0.5122687132E+01
    0.3499053213E+02    0.3173287297E+02    0.3257659168E+01
    0.4434460389E+02    0.3705667145E+02    0.7287932445E+01
    0.1048738256E+03    0.9697350216E+02    0.7900323395E+01
    0.3601177755E+02    0.2611877270E+02    0.9893004853E+01
    0.1256431161E+03    0.1170032341E+03    0.8639882090E+01
    0.4500912398E+02    0.3742063680E+02    0.7588487180E+01
    0.4815536762E+02    0.3876209538E+02    0.9393272241E+01
    0.1038482190E+03    0.9732968271E+02    0.6518536288E+01
    0.1281946021E+03    0.1158124270E+03    0.1238217516E+02
    0.1112114300E+03    0.1058723663E+03    0.5339063648E+01
    0.9355975646E+02    0.9339316097E+02    0.1665954910E+00
    0.9368174085E+02    0.9024879534E+02    0.3432945513E+01
    0.5967295456E+02    0.4801480485E+02    0.1165814971E+02
    0.1165733788E+03    0.1115287209E+03    0.5044657831E+01
    0.1331123282E+03    0.1280960799E+03    0.5016248320E+01
    0.2632643497E+02    0.3199174000E+02   -0.5665305032E+01
    0.2911030054E+02    0.3995366820E+02   -0.1084336766E+02
    0.4146923460E+02    0.4456444427E+02   -0.3095209677E+01
    0.4958492797E+02    0.4945842858E+02    0.1264993842E+00
    0.6671768541E+02    0.5978739507E+02    0.6930290340E+01
    0.7983276551E+02    0.7044699477E+02    0.9385770743E+01
    0.8885745041E+02    0.8109736970E+02    0.7760080714E+01
    0.9558693600E+02    0.9150557607E+02    0.4081359934E+01
    0.9586478718E+02    0.9656734044E+02   -0.7025532587E+00
    0.9672791808E+02    0.1015141077E+03   -0.4786189649E+01
    0.1025991163E+03    0.1110192726E+03   -0.8420156250E+01
    0.6056238656E+02    0.6372182800E+02   -0.3159441445E+01
    0.5877006947E+02    0.6541361782E+02   -0.6643548357E+01
    0.5965694308E+02    0.6684396780E+02   -0.7187024726E+01
    0.5640091467E+02    0.6863277210E+02   -0.1223185743E+02
    0.6447432788E+02    0.7319839441E+02   -0.8724066534E+01
    0.7910835546E+02    0.7894556751E+02    0.1627879514E+00
    0.9311991210E+02    0.8572424215E+02    0.7395669951E+01
    0.9637614321E+02    0.9339813627E+02    0.2978006936E+01
    0.9738927426E+02    0.9753170535E+02   -0.1424310897E+00
    0.9929422704E+02    0.1018436765E+03   -0.2549449483E+01
    0.1053096570E+03    0.1109489961E+03   -0.5639339119E+01
    0.2584017448E+02    0.2954892857E+02   -0.3708754092E+01
    0.4286544992E+02    0.4082297891E+02    0.2042471013E+01
    0.4572791662E+02    0.4633696773E+02   -0.6090511100E+00
    0.4914067848E+02    0.5176490424E+02   -0.2624225763E+01
    0.6067555305E+02    0.6235846047E+02   -0.1682907419E+01
    0.6733571392E+02    0.7260391899E+02   -0.5268205069E+01
    0.8475483777E+02    0.8251096205E+02    0.2243875723E+01
    0.9094232811E+02    0.9209429358E+02   -0.1151965478E+01
    0.9342154533E+02    0.9676984506E+02   -0.3348299722E+01
    0.9610191643E+02    0.1013709287E+03   -0.5269012293E+01
    0.1039844407E+03    0.1103585368E+03   -0.6374096074E+01
    0.1371480612E+03    0.1466916835E+03   -0.9543622284E+01
    0.1366336255E+03    0.1438317560E+03   -0.7198130440E+01
    0.1367350903E+03    0.1424016803E+03   -0.5666589999E+01
    0.1362592133E+03    0.1409717161E+03   -0.4712502832E+01
    0.1344648149E+03    0.1381127011E+03   -0.3647886151E+01
    0.1317766937E+03    0.1352559050E+03   -0.3479211246E+01
    0.1287616307E+03    0.1324025808E+03   -0.3640950068E+01
    0.1271803418E+03    0.1295540430E+03   -0.2373701167E+01
    0.1262177758E+03    0.1281319972E+03   -0.1914221366E+01
    0.1252984708E+03    0.1267116701E+03   -0.1413199279E+01
    0.1228725759E+03    0.1238769071E+03   -0.1004331248E+01
    0.2683497468E+02    0.3030484118E+02   -0.3469866506E+01
    0.3183535065E+02    0.3487137474E+02   -0.3036024087E+01
    0.3359039622E+02    0.3710053607E+02   -0.3510139845E+01
    0.4129513778E+02    0.3928984548E+02    0.2005292306E+01
    0.4507237259E+02    0.4353651077E+02    0.1535861822E+01
    0.4998604832E+02    0.4758471615E+02    0.2401332167E+01
    0.5277935237E+02    0.5140466991E+02    0.1374682455E+01
    0.5611450524E+02    0.5496318599E+02    0.1151319255E+01
    0.5615313588E+02    0.5663303500E+02   -0.4798991178E+00
    0.5781327978E+02    0.5822339184E+02   -0.4101120644E+00
    0.5965727763E+02    0.6114439706E+02   -0.1487119426E+01
    0.2919065394E+02    0.2806484743E+02    0.1125806509E+01
    0.2533836578E+02    0.2708847560E+02   -0.1750109816E+01
    0.2326547267E+02    0.2659468850E+02   -0.3329215831E+01
    0.2253675731E+02    0.2609629837E+02   -0.3559541064E+01
    0.2456282289E+02    0.2508300355E+02   -0.5201806641E+00
    0.2308806005E+02    0.2404299829E+02   -0.9549382389E+00
    0.2267877177E+02    0.2297037156E+02   -0.2915997840E+00
    0.2578843305E+02    0.2185885153E+02    0.3929581515E+01
    0.2337586858E+02    0.2128643613E+02    0.2089432442E+01
    0.2299003363E+02    0.2070175707E+02    0.2288276560E+01
    0.2450184071E+02    0.1949194224E+02    0.5009898465E+01
    0.5835275562E+02    0.5969206787E+02   -0.1339312250E+01
    0.5348496578E+02    0.5586043144E+02   -0.2375465663E+01
    0.5034060812E+02    0.5387897912E+02   -0.3538370997E+01
    0.4661720364E+02    0.5185261164E+02   -0.5235408000E+01
    0.4446999058E+02    0.4765993488E+02   -0.3189944306E+01
    0.3957606325E+02    0.4326893687E+02   -0.3692873613E+01
    0.3452159350E+02    0.3866084681E+02   -0.4139253309E+01
    0.3332059993E+02    0.3381086845E+02   -0.4902685258E+00
    0.2705301994E+02    0.3128554096E+02   -0.4232521020E+01
    0.2419926750E+02    0.2868720402E+02   -0.4487936518E+01
    0.2604492204E+02    0.2324974485E+02    0.2795177189E+01
    0.2880918270E+02    0.2986911503E+02   -0.1059932322E+01
    0.3504358803E+02    0.4019875501E+02   -0.5155166979E+01
    0.4256436714E+02    0.4650191422E+02   -0.3937547083E+01
    0.4875284720E+02    0.5328046617E+02   -0.4527618969E+01
    0.6092121335E+02    0.6766813612E+02   -0.6746922777E+01
    0.8402862800E+02    0.8245729755E+02    0.1571330450E+01
    0.1020479867E+03    0.9707942471E+02    0.4968561980E+01
    0.1047424560E+03    0.1111803491E+03   -0.6437893099E+01
    0.1134858481E+03    0.1179643053E+03   -0.4478457249E+01
    0.1282697765E+03    0.1245455955E+03    0.3724180941E+01
    0.1359182557E+03    0.1370530749E+03   -0.1134819247E+01
    0.6693454681E+02    0.6251737979E+02    0.4417167024E+01
    0.6809255274E+02    0.6460821434E+02    0.3484338399E+01
    0.6904760257E+02    0.6679905070E+02    0.2248551870E+01
    0.6988379938E+02    0.6965335310E+02    0.2304462761E+00
    0.7595481374E+02    0.7709943749E+02   -0.1144623754E+01
    0.8630026423E+02    0.8649954849E+02   -0.1992842629E+00
    0.9652639442E+02    0.9748334551E+02   -0.9569510899E+00
    0.1104302259E+03    0.1097392756E+03    0.6909503104E+00
    0.1236164255E+03    0.1162600674E+03    0.7356358037E+01
    0.1322700957E+03    0.1230029515E+03    0.9267144222E+01
    0.1360948904E+03    0.1370489608E+03   -0.9540704021E+00
    0.3130959377E+02    0.3031743439E+02    0.9921593802E+00
    0.4308292970E+02    0.4387925749E+02   -0.7963277833E+00
    0.4437180400E+02    0.5065260056E+02   -0.6280796566E+01
    0.5059350036E+02    0.5739453345E+02   -0.6801033092E+01
    0.6152011377E+02    0.7073315974E+02   -0.9213045971E+01
    0.7558678816E+02    0.8382273579E+02   -0.8235947625E+01
    0.8754089957E+02    0.9662355715E+02   -0.9082657581E+01
    0.1047380597E+03    0.1091147022E+03   -0.4376642470E+01
    0.1165991300E+03    0.1152407242E+03    0.1358405805E+01
    0.1287812479E+03    0.1212861343E+03    0.7495113566E+01
    0.1352458823E+03    0.1331341591E+03    0.2111723273E+01
Prediction RMSE and MaxAE:         5.0616804051       12.3821751627
