Descriptor coordinates by the model of dimension:     1
    0.2324107978E+03
    0.3384067197E+03
    0.2746331039E+03
    0.2353523791E+03
    0.2430000000E+03
    0.2579457364E+03
    0.3244533965E+03
    0.2014703624E+03
    0.2607597159E+03
    0.3967067764E+03
    0.3698161065E+03
    0.1838235294E+03
    0.1913265306E+03
    0.1850659800E+03
    0.3296689881E+03
    0.2415496206E+03
    0.3669818182E+03
Descriptor coordinates by the model of dimension:     2
    0.2556448306E+01    0.2902851135E+00
    0.2145731392E+01    0.2401484648E+00
    0.2420061572E+01    0.2827320502E+00
    0.2614599403E+01    0.2364179203E+00
    0.2498486861E+01    0.3685232415E+00
    0.2445561625E+01    0.3355508543E+00
    0.2225663440E+01    0.2354695103E+00
    0.2714610103E+01    0.2673456763E+00
    0.2458020247E+01    0.2385000130E+00
    0.1978538168E+01    0.1631847755E+00
    0.2073232531E+01    0.1696656162E+00
    0.2744735031E+01    0.3230910969E+00
    0.2804034609E+01    0.1942279548E+00
    0.2827343077E+01    0.1996600488E+00
    0.2167219302E+01    0.2894269058E+00
    0.2599077410E+01    0.3225763308E+00
    0.2090992722E+01    0.2468998480E+00
Descriptor coordinates by the model of dimension:     3
    0.2556448306E+01    0.2506067670E+01    0.2426913643E+00
    0.2145731392E+01    0.2936377830E+01    0.1411260212E+00
    0.2420061572E+01    0.3003497910E+01    0.7216498701E-01
    0.2614599403E+01    0.2168247851E+01    0.7655501803E-01
    0.2498486861E+01    0.3360931962E+01    0.1976478000E+00
    0.2445561625E+01    0.3154178030E+01    0.1937070037E+00
    0.2225663440E+01    0.2477139249E+01    0.1779438187E+00
    0.2714610103E+01    0.2002586207E+01    0.2088694262E+00
    0.2458020247E+01    0.2137150917E+01    0.2369404701E+00
    0.1978538168E+01    0.2195814340E+01    0.3744471042E+01
    0.2073232531E+01    0.2052275294E+01    0.3617087516E+01
    0.2744735031E+01    0.2467002456E+01    0.2563622470E+01
    0.2804034609E+01    0.1471160221E+01    0.1722798848E+00
    0.2827343077E+01    0.1461232033E+01    0.1801601950E+00
    0.2167219302E+01    0.3517231531E+01    0.1279484253E+00
    0.2599077410E+01    0.3069636364E+01    0.1588198879E-01
    0.2090992722E+01    0.3241301205E+01    0.3067600495E-01
