Descriptor coordinates by the model of dimension:     1
    0.1657292885E+02
    0.1615188240E+02
    0.1607569476E+02
    0.1626570832E+02
    0.1626199772E+02
    0.1673895511E+02
    0.1559798269E+02
    0.1560761111E+02
    0.1689035126E+02
    0.1595342052E+02
    0.1596861491E+02
    0.1648626825E+02
    0.1568549324E+02
    0.1565173137E+02
    0.1680409070E+02
    0.1661014037E+02
    0.1566475161E+02
Descriptor coordinates by the model of dimension:     2
    0.2986215924E-01    0.5378934366E-01
    0.2769050090E-01    0.5025728596E-01
    0.2765797768E-01    0.5514866273E-01
    0.2919391350E-01    0.5809957639E-01
    0.2918720528E-01    0.5602328562E-01
    0.3083506090E-01    0.5539663118E-01
    0.2530291802E-01    0.5603425019E-01
    0.2541764038E-01    0.5138648043E-01
    0.3203300393E-01    0.5896789156E-01
    0.2695620984E-01    0.5480111371E-01
    0.2760504819E-01    0.5430961404E-01
    0.2971309805E-01    0.5578058978E-01
    0.2568919392E-01    0.5864220144E-01
    0.2587096236E-01    0.5218688932E-01
    0.3015423670E-01    0.4283753166E-01
    0.2944563217E-01    0.4564564161E-01
    0.2618055213E-01    0.6152089981E-01
Descriptor coordinates by the model of dimension:     3
    0.7577919877E-02    0.2645392438E+01    0.1685542240E+01
    0.5439390126E-02    0.2577208832E+01    0.1284459776E+01
    0.5024908798E-02    0.2507168466E+01    0.1213809005E+01
    0.5296340871E-02    0.2640145100E+01    0.1278701071E+01
    0.5271660491E-02    0.2613624212E+01    0.1237676168E+01
    0.7862101568E-02    0.2605551181E+01    0.1661544927E+01
    0.2560067972E-02    0.2129254557E+01    0.5679997373E+00
    0.3618298512E-02    0.2329913967E+01    0.9093848843E+00
    0.9152450422E-02    0.2648239054E+01    0.1859175527E+01
    0.4771284318E-02    0.2391588517E+01    0.1149565770E+01
    0.4700320066E-02    0.2537515196E+01    0.1146749459E+01
    0.6012041904E-02    0.2479572810E+01    0.1266578177E+01
    0.2615660830E-02    0.2127685619E+01    0.5861427516E+00
    0.3077154748E-02    0.2248463329E+01    0.6757728364E+00
    0.1041207548E-01    0.2798954211E+01    0.2313120885E+01
    0.7869730978E-02    0.2701624840E+01    0.1726162294E+01
    0.2353389539E-02    0.2163689080E+01    0.5076542304E+00
