Descriptor coordinates by the model of dimension:     1
    0.1889202068E+03
    0.2172678571E+03
    0.2090130392E+03
    0.1772287410E+03
    0.2208807285E+03
    0.2028290587E+03
    0.1858695652E+03
    0.1244129876E+03
    0.1392186707E+03
    0.2122258963E+03
    0.1927435670E+03
    0.2239542950E+03
    0.2021735126E+03
    0.1263836685E+03
    0.1845050619E+03
    0.1338848439E+03
    0.1182008820E+03
Descriptor coordinates by the model of dimension:     2
    0.2857029575E+03    0.1150640330E+03
    0.2096588431E+03    0.1142427635E+03
    0.2266284750E+03    0.0000000000E+00
    0.3253547700E+03    0.0000000000E+00
    0.1871363691E+03    0.4539992976E+02
    0.2269376145E+03    0.4539992976E+02
    0.2743118892E+03    0.4539992976E+02
    0.4783023587E+03    0.4539992976E+02
    0.4240097532E+03    0.4539992976E+02
    0.2303542500E+03    0.0000000000E+00
    0.2857068000E+03    0.0000000000E+00
    0.1841619107E+03    0.4539992976E+02
    0.2490615337E+03    0.4539992976E+02
    0.4658335282E+03    0.4539992976E+02
    0.2557664062E+03    0.0000000000E+00
    0.4106170375E+03    0.0000000000E+00
    0.4785813659E+03    0.0000000000E+00
Descriptor coordinates by the model of dimension:     3
    0.7889728691E+04    0.2184158978E+00    0.5432831395E-01
    0.6157715405E+04    0.0000000000E+00    0.0000000000E+00
    0.6400877621E+04    0.3474556666E+01    0.4120434825E+00
    0.8473887029E+04    0.1925497405E+01    0.2250990654E+00
    0.6405351754E+04    0.2784900071E+01    0.3084838963E+00
    0.7153418994E+04    0.2752231626E+01    0.3084838963E+00
    0.7985427254E+04    0.2714118441E+01    0.3084838963E+00
    0.1223832818E+05    0.0000000000E+00    0.0000000000E+00
    0.1094144210E+05    0.0000000000E+00    0.0000000000E+00
    0.6362302210E+04    0.0000000000E+00    0.0000000000E+00
    0.7636866791E+04    0.0000000000E+00    0.0000000000E+00
    0.6030966526E+04    0.0000000000E+00    0.0000000000E+00
    0.7330564272E+04    0.0000000000E+00    0.0000000000E+00
    0.1197389005E+05    0.1959272120E+01    0.2309100908E+00
    0.7935972346E+04    0.2864263893E+01    0.3195029301E+00
    0.1131184384E+05    0.2807759799E+01    0.3195029301E+00
    0.1283822087E+05    0.2782646869E+01    0.3195029301E+00
