Descriptor coordinates by the model of dimension:     1
    0.1115064582E+00
    0.1708132066E+00
    0.1499583326E+00
    0.1281173443E+00
    0.1239692654E+00
    0.1037775683E+00
    0.1113554116E+00
    0.1183459930E+00
    0.1214930696E+00
    0.1506834714E+00
    0.1539752364E+00
    0.1573065233E+00
    0.1080424693E+00
    0.1204428711E+00
    0.1269737645E+00
    0.1516325266E+00
    0.1809803100E+00
    0.1775439750E+00
    0.1046517712E+00
    0.1049128594E+00
    0.1075972249E+00
    0.1081506669E+00
    0.1031888491E+00
    0.1026095665E+00
    0.1068021773E+00
    0.1064440550E+00
    0.1050852872E+00
    0.1318184558E+00
    0.1655247771E+00
    0.1357605103E+00
    0.1629479831E+00
    0.1195655205E+00
    0.1561010025E+00
    0.1746783239E+00
Descriptor coordinates by the model of dimension:     2
    0.2789870617E+05    0.1173650382E+03
    0.7443897635E+05    0.1285713978E+03
    0.5667492000E+05    0.3226985966E+03
    0.3889368764E+05    0.3464377418E+03
    0.3760537776E+05    0.1218042085E+04
    0.2391886720E+05    0.1000000000E+01
    0.2652816380E+05    0.1470305848E+03
    0.3209041285E+05    0.4593970675E+04
    0.3404663768E+05    0.4679750147E+04
    0.5683901514E+05    0.4798218586E+04
    0.5948064763E+05    0.4989046059E+04
    0.6221156544E+05    0.5187462834E+04
    0.2378660731E+05    0.8330676964E+04
    0.3115617942E+05    0.7762812631E+04
    0.3551354482E+05    0.7493565515E+04
    0.5506735484E+05    0.6622644232E+04
    0.8496342043E+05    0.1000000000E+01
    0.8133375594E+05    0.1000000000E+01
    0.2483913702E+05    0.1000000000E+01
    0.2507190433E+05    0.1000000000E+01
    0.2739570738E+05    0.1000000000E+01
    0.2785962526E+05    0.1000000000E+01
    0.2339929707E+05    0.1000000000E+01
    0.2225079114E+05    0.1000000000E+01
    0.2654440154E+05    0.1000000000E+01
    0.2617902575E+05    0.1000000000E+01
    0.2468404423E+05    0.1000000000E+01
    0.4127389673E+05    0.4779064046E+04
    0.6925922734E+05    0.5453429741E+04
    0.4577522085E+05    0.3736856392E+04
    0.6781843527E+05    0.4841597465E+04
    0.3084303592E+05    0.7822425878E+04
    0.5939731082E+05    0.6554453361E+04
    0.7776449304E+05    0.6058999703E+04
Descriptor coordinates by the model of dimension:     3
    0.2175735770E-01    0.5603040791E-02    0.6964448108E+04
    0.2907458836E-01    0.4217551291E-02    0.4781055459E+04
    0.2665925912E-01    0.1308578899E-01    0.6210819158E+04
    0.2383578498E-01    0.1619577434E-01    0.6126459431E+04
    0.2361319340E-01    0.4687519474E-01    0.7857055621E+04
    0.2075551367E-01    0.0000000000E+00    0.0000000000E+00
    0.2172788519E-01    0.5950167208E-02    0.6639481716E+04
    0.2254209391E-01    0.1937099917E+00    0.1340569087E+05
    0.2292322068E-01    0.1950358522E+00    0.1328368652E+05
    0.2643569673E-01    0.1614788234E+00    0.1052588549E+05
    0.2677830198E-01    0.1686604388E+00    0.1081215825E+05
    0.2712181436E-01    0.1762436125E+00    0.1111443789E+05
    0.2118479790E-01    0.2580892501E+00    0.1282910488E+05
    0.2272507002E-01    0.2436333923E+00    0.1139297194E+05
    0.2351366010E-01    0.2375548104E+00    0.1078908859E+05
    0.2637087419E-01    0.2205602393E+00    0.9100744405E+04
    0.3016338500E-01    0.0000000000E+00    0.0000000000E+00
    0.2959066250E-01    0.0000000000E+00    0.0000000000E+00
    0.2093035425E-01    0.0000000000E+00    0.0000000000E+00
    0.2098257188E-01    0.0000000000E+00    0.0000000000E+00
    0.2151944497E-01    0.0000000000E+00    0.0000000000E+00
    0.2163013337E-01    0.0000000000E+00    0.0000000000E+00
    0.2063776983E-01    0.0000000000E+00    0.0000000000E+00
    0.2052191330E-01    0.0000000000E+00    0.0000000000E+00
    0.2136043545E-01    0.0000000000E+00    0.0000000000E+00
    0.2128881099E-01    0.0000000000E+00    0.0000000000E+00
    0.2101705744E-01    0.0000000000E+00    0.0000000000E+00
    0.2441082515E-01    0.1480329653E+00    0.1205724844E+05
    0.2853875468E-01    0.1287163344E+00    0.9040476242E+04
    0.2514083523E-01    0.1041078566E+00    0.9376113274E+04
    0.2833877966E-01    0.1150843684E+00    0.8910237882E+04
    0.2277438486E-01    0.1926654265E+00    0.1095526684E+05
    0.2738614079E-01    0.1395424624E+00    0.6717178702E+04
    0.2960649557E-01    0.1271898115E+00    0.5731698617E+04
