Descriptor coordinates by the model of dimension:     1
    0.3528821673E+01
    0.4435342023E+01
    0.4197052092E+01
    0.3889999121E+01
    0.3536971699E+01
    0.3640909456E+01
    0.4103310023E+01
    0.4130064302E+01
    0.3592779966E+01
    0.3484972580E+01
    0.3670280387E+01
    0.3382631971E+01
    0.3621942672E+01
    0.3605010871E+01
    0.3868207781E+01
    0.4381508692E+01
    0.4069921419E+01
Descriptor coordinates by the model of dimension:     2
    0.2833807125E+00    0.6664162992E-03
    0.2254617558E+00    0.7568757787E-03
    0.2382624705E+00    0.6388259785E-03
    0.2570694668E+00    0.4671281335E-03
    0.2827277358E+00    0.7866866443E-03
    0.2746566516E+00    0.6231528872E-03
    0.2437056899E+00    0.6860319075E-03
    0.2421269808E+00    0.7096928530E-03
    0.2783359987E+00    0.8264941228E-03
    0.2869463036E+00    0.7864116624E-03
    0.2724587482E+00    0.7257753185E-03
    0.2956277858E+00    0.8846397188E-03
    0.2760949277E+00    0.7842040888E-03
    0.2773916739E+00    0.8027918239E-03
    0.2585176538E+00    0.5376399214E-03
    0.2282318877E+00    0.6416888244E-03
    0.2457049896E+00    0.4456521739E-03
Descriptor coordinates by the model of dimension:     3
    0.1181728802E+05    0.1554126937E-01    0.1127418813E-01
    0.2349766841E+05    0.1256619003E-01    0.7169621110E-02
    0.1860509619E+05    0.1291579723E-01    0.1723823734E-01
    0.1376556852E+05    0.1379181205E-01    0.2772185189E-01
    0.1059570979E+05    0.1506891070E-01    0.1684245833E-01
    0.1267098437E+05    0.1479048947E-01    0.8247770873E-02
    0.1751905294E+05    0.1270949310E-01    0.4079434238E-01
    0.1799906003E+05    0.1259841110E-01    0.4079434238E-01
    0.1094960703E+05    0.1448130172E-01    0.1011172289E-01
    0.1138014500E+05    0.1561495252E-01    0.0000000000E+00
    0.1214115500E+05    0.1460384080E-01    0.0000000000E+00
    0.1075172175E+05    0.1620445744E-01    0.0000000000E+00
    0.1146214219E+05    0.1477163874E-01    0.0000000000E+00
    0.1129741425E+05    0.1483669978E-01    0.0000000000E+00
    0.1585998074E+05    0.1429059378E-01    0.3000762712E-01
    0.2369311663E+05    0.1281356872E-01    0.3000762712E-01
    0.1692154311E+05    0.1343596847E-01    0.2837739130E-01
