Version SISSO.3.0.2, June, 2020.
================================================================================

Reading data from train.dat ...
Reading parameters from SISSO.in: 
--------------------------------------------------------------------------------
Restarts :     F
Descriptor dimension:        3
Property type:     1
Total number of properties:        1
Task_weighting:        1
Number of samples for each property:      153
Number of scalar features:       33
Number of recursive calls for feature transformation (rung of the feature space):        2
Max feature complexity (number of operators in a feature):       10
Number of dimension(unit)-type (for dimension analysis):       11
Dimension type for each primary feature: 
  1.00  0.00  0.00  0.00  0.00  0.00  0.00  0.00  0.00  0.00  0.00
  1.00  0.00  0.00  0.00  0.00  0.00  0.00  0.00  0.00  0.00  0.00
  1.00  0.00  0.00  0.00  0.00  0.00  0.00  0.00  0.00  0.00  0.00
  0.00  1.00  0.00  0.00  0.00  0.00  0.00  0.00  0.00  0.00  0.00
  0.00  1.00  0.00  0.00  0.00  0.00  0.00  0.00  0.00  0.00  0.00
  0.00  1.00  0.00  0.00  0.00  0.00  0.00  0.00  0.00  0.00  0.00
  0.00  0.00  1.00  0.00  0.00  0.00  0.00  0.00  0.00  0.00  0.00
  0.00  0.00  1.00  0.00  0.00  0.00  0.00  0.00  0.00  0.00  0.00
  0.00  0.00  1.00  0.00  0.00  0.00  0.00  0.00  0.00  0.00  0.00
  0.00  0.00  0.00  1.00  0.00  0.00  0.00  0.00  0.00  0.00  0.00
  0.00  0.00  0.00  1.00  0.00  0.00  0.00  0.00  0.00  0.00  0.00
  0.00  0.00  0.00  1.00  0.00  0.00  0.00  0.00  0.00  0.00  0.00
  0.00  0.00  0.00  0.00  1.00  0.00  0.00  0.00  0.00  0.00  0.00
  0.00  0.00  0.00  0.00  1.00  0.00  0.00  0.00  0.00  0.00  0.00
  0.00  0.00  0.00  0.00  1.00  0.00  0.00  0.00  0.00  0.00  0.00
  0.00  0.00  0.00  0.00  0.00  1.00  0.00  0.00  0.00  0.00  0.00
  0.00  0.00  0.00  0.00  0.00  1.00  0.00  0.00  0.00  0.00  0.00
  0.00  0.00  0.00  0.00  0.00  1.00  0.00  0.00  0.00  0.00  0.00
  0.00  0.00  0.00  0.00  0.00  0.00  1.00  0.00  0.00  0.00  0.00
  0.00  0.00  0.00  0.00  0.00  0.00  1.00  0.00  0.00  0.00  0.00
  0.00  0.00  0.00  0.00  0.00  0.00  1.00  0.00  0.00  0.00  0.00
  0.00  0.00  0.00  0.00  0.00  0.00  0.00  1.00  0.00  0.00  0.00
  0.00  0.00  0.00  0.00  0.00  0.00  0.00  1.00  0.00  0.00  0.00
  0.00  0.00  0.00  0.00  0.00  0.00  0.00  1.00  0.00  0.00  0.00
  0.00  0.00  0.00  0.00  0.00  0.00  0.00  0.00  1.00  0.00  0.00
  0.00  0.00  0.00  0.00  0.00  0.00  0.00  0.00  1.00  0.00  0.00
  0.00  0.00  0.00  0.00  0.00  0.00  0.00  0.00  1.00  0.00  0.00
  0.00  0.00  0.00  0.00  0.00  0.00  0.00  0.00  0.00  1.00  0.00
  0.00  0.00  0.00  0.00  0.00  0.00  0.00  0.00  0.00  1.00  0.00
  0.00  0.00  0.00  0.00  0.00  0.00  0.00  0.00  0.00  1.00  0.00
  0.00  0.00  0.00  0.00  0.00  0.00  0.00  0.00  0.00  0.00  1.00
  0.00  0.00  0.00  0.00  0.00  0.00  0.00  0.00  0.00  0.00  1.00
  0.00  0.00  0.00  0.00  0.00  0.00  0.00  0.00  0.00  0.00  1.00
Lower bound of the max abs. data value for the selected features:     0.10000E-02
Upper bound of the max abs. data value for the selected features:     0.10000E+06
Size of the SIS-selected (single) subspace :     1000    1000    1000
Operators for feature construction: (+)(-)(*)(/)(exp)(^-1)(^2)(^3)(sqrt)(log)(^6) (+)(-)(*)(/)(exp)(^-1)(^2)(^3)(sqrt)(log)(^6) 
Method for sparsification:  L0        
Number of the top ranked models to output:      100
Fitting intercept?      T
Metric for model selection: RMSE
--------------------------------------------------------------------------------

Feature Construction and Descriptor Identification (FCDI) starts ...

iteration:   1
--------------------------------------------------------------------------------
FC starts ...
Standard Deviation (SD) of property 001:   88.77275
Total number of features in the space phi00:             33
Total number of features in the space phi01:           1835
Total number of features in the space phi02:        4688022
Size of the SIS-selected subspace from phi02:       1000
Wall-clock time (second) for this FC:            0.65
FC done!

DI starts ...
total number of SIS-selected features from all iterations:       1000
L0 starts ...

Model/descriptor for generating residual:
================================================================================
  1D descriptor (model): 
Total RMSE,MaxAE:  17.999011 44.665141
@@@descriptor: 
                      1:[(sqrt(period_avg)*(valence_avg/lattice_constant_avg))]
       coefficients_001:     0.2461149389E+03
          Intercept_001:    -0.7559149158E+03
         RMSE,MaxAE_001:     0.1799901137E+02    0.4466514097E+02
================================================================================
Wall-clock time (second) for this DI:            0.09
DI done!

iteration:   2
--------------------------------------------------------------------------------
FC starts ...
File containing the features to be rejected: feature_space/Uspace.name
Total number of features in the space phi00:             33
Total number of features in the space phi01:           1835
Total number of features in the space phi02:        4688022
Size of the SIS-selected subspace from phi02:       1000
Wall-clock time (second) for this FC:            0.64
FC done!

DI starts ...
total number of SIS-selected features from all iterations:       2000
L0 starts ...

Model/descriptor for generating residual:
================================================================================
  2D descriptor (model): 
Total RMSE,MaxAE:  15.004453 40.711138
@@@descriptor: 
                     21:[((lattice_constant_avg/valence_avg)/sqrt(period_avg))]
                   1192:[((en_pauling_avg-en_pauling_diff)/(valence_red*heat_of_formation_avg))]
       coefficients_001:    -0.3845927293E+04    0.8113637969E+05
          Intercept_001:     0.1137715128E+04
         RMSE,MaxAE_001:     0.1500445334E+02    0.4071113849E+02
================================================================================
Wall-clock time (second) for this DI:            0.58
DI done!

iteration:   3
--------------------------------------------------------------------------------
FC starts ...
File containing the features to be rejected: feature_space/Uspace.name
Total number of features in the space phi00:             33
Total number of features in the space phi01:           1835
Total number of features in the space phi02:        4688022
Size of the SIS-selected subspace from phi02:       1000
Wall-clock time (second) for this FC:            0.63
FC done!

DI starts ...
total number of SIS-selected features from all iterations:       3000
L0 starts ...

Final model/descriptor to report
================================================================================
  3D descriptor (model): 
Total RMSE,MaxAE:  13.306953 34.904079
@@@descriptor: 
                    219:[((valence_avg-valence_red)*(en_pauling_avg*melting_point_avg))]
                    291:[((heat_of_formation_avg/lattice_constant_avg)/(valence_avg*melting_point_avg))]
                   1504:[((density_diff*en_allen_diff)*(valence_diff/heat_of_formation_diff))]
       coefficients_001:     0.9785867323E-02   -0.3885398828E+05   -0.6895511287E+03
          Intercept_001:     0.6011654472E+03
         RMSE,MaxAE_001:     0.1330695320E+02    0.3490407911E+02
================================================================================
Wall-clock time (second) for this DI:         1604.87
DI done!

FCDI done !

--------------------------------------------------------------------------------
Total wall-clock time (second):         1611.53

                                               Have a nice day !    

