Descriptor coordinates by the model of dimension:     1
    0.1185431043E+02
    0.1199399542E+02
    0.1143579997E+02
    0.1171649092E+02
    0.1166122480E+02
    0.1165365494E+02
    0.1173621603E+02
    0.1174120816E+02
    0.1173852971E+02
    0.1208281573E+02
    0.1137820999E+02
    0.1138523360E+02
    0.1218537226E+02
    0.1183459775E+02
    0.1172310789E+02
    0.1161411822E+02
    0.1130100468E+02
    0.1156775330E+02
    0.1195634342E+02
    0.1158749485E+02
    0.1118809502E+02
    0.1119452575E+02
    0.1230822264E+02
    0.1207491591E+02
    0.1212068326E+02
    0.1194274425E+02
    0.1149516991E+02
    0.1144204602E+02
    0.1167824039E+02
    0.1139448798E+02
    0.1128803159E+02
    0.1212314046E+02
    0.1200887626E+02
    0.1142691569E+02
Descriptor coordinates by the model of dimension:     2
    0.1438895647E-01    0.8671814424E-02
    0.1491252401E-01    0.8303006049E-02
    0.1296189248E-01    0.1563694008E-01
    0.1389308925E-01    0.7274947022E-02
    0.1384212391E-01    0.1000790390E-01
    0.1383359987E-01    0.1317001321E-01
    0.1429840756E-01    0.1145772676E-01
    0.1426382598E-01    0.9900793091E-02
    0.1426803644E-01    0.1086057526E-01
    0.1531800911E-01    0.1068333110E-01
    0.1282517391E-01    0.1458756652E-01
    0.1271845567E-01    0.7027727742E-02
    0.1571545908E-01    0.8746504844E-02
    0.1435514455E-01    0.9242156807E-02
    0.1393654301E-01    0.9407374128E-02
    0.1353376325E-01    0.9572591449E-02
    0.1241208031E-01    0.1006824341E-01
    0.1365873825E-01    0.8054195815E-02
    0.1468752291E-01    0.5350658106E-02
    0.1334721258E-01    0.6429035925E-02
    0.1217648540E-01    0.9361262904E-02
    0.1212763850E-01    0.7416621696E-02
    0.1618804732E-01    0.1088011514E-01
    0.1523841792E-01    0.8442889819E-02
    0.1537673140E-01    0.7580909976E-02
    0.1472195075E-01    0.1237457264E-01
    0.1314980517E-01    0.1687976101E-01
    0.1297920581E-01    0.1744290956E-01
    0.1418258016E-01    0.9493709037E-02
    0.1298875450E-01    0.1023609771E-01
    0.1257689762E-01    0.1053305318E-01
    0.1534752373E-01    0.5768113352E-02
    0.1491802980E-01    0.6792227164E-02
    0.1293702240E-01    0.1242485313E-01
Descriptor coordinates by the model of dimension:     3
    0.3954529588E+00    0.1362138897E+03    0.9893431431E+00
    0.4098214505E+00    0.1351929828E+03    0.5667948239E+00
    0.3554421175E+00    0.1466039248E+03    0.4348227295E+01
    0.3773858567E+00    0.1307735241E+03    0.1138678577E+01
    0.3742278757E+00    0.1357588407E+03    0.1470606202E+01
    0.3737546449E+00    0.1404610755E+03    0.1727767173E+01
    0.3798942340E+00    0.1337466388E+03    0.5112662076E+00
    0.3791366378E+00    0.1291167640E+03    0.4195150768E+00
    0.3791620374E+00    0.1310198082E+03    0.5056974292E+00
    0.4190032684E+00    0.1391744553E+03    0.5200423454E+00
    0.3499219047E+00    0.1457931216E+03    0.6428032528E+01
    0.3472244099E+00    0.1332859240E+03    0.4541451915E+01
    0.4324649964E+00    0.1359613014E+03    0.1252837437E+02
    0.3947825529E+00    0.1381665592E+03    0.1137444515E+02
    0.3831591192E+00    0.1389016452E+03    0.1103563189E+02
    0.3719622199E+00    0.1396367311E+03    0.1071641940E+02
    0.3407121631E+00    0.1418419890E+03    0.9860735719E+01
    0.3637454212E+00    0.1290578056E+03    0.1570133661E+02
    0.4023709230E+00    0.1289691186E+03    0.8432078560E+01
    0.3659941511E+00    0.1321528024E+03    0.7629126520E+01
    0.3336980924E+00    0.1393194224E+03    0.0000000000E+00
    0.3325504716E+00    0.1362134728E+03    0.0000000000E+00
    0.4455278027E+00    0.1369100303E+03    0.0000000000E+00
    0.4114423552E+00    0.1295723250E+03    0.0000000000E+00
    0.4167505031E+00    0.1294468266E+03    0.0000000000E+00
    0.4047691711E+00    0.1429694840E+03    0.1443249929E+02
    0.3608877504E+00    0.1494552010E+03    0.1237458194E+02
    0.3561112811E+00    0.1502024684E+03    0.1215788419E+02
    0.3740397393E+00    0.1298672262E+03    0.2317042832E+02
    0.3502324131E+00    0.1379297364E+03    0.1822832308E+02
    0.3419052256E+00    0.1411547405E+03    0.1679538360E+02
    0.4201830590E+00    0.1298369815E+03    0.1030322475E+02
    0.4085220592E+00    0.1320832961E+03    0.9879725086E+01
    0.3544845208E+00    0.1415178172E+03    0.8058044433E+01
