Descriptor coordinates by the model of dimension:     1
    0.2544681672E-02
    0.3088064184E-02
    0.2792192781E-02
    0.2868610742E-02
    0.2249506758E-02
    0.2365210704E-02
    0.2365695014E-02
    0.1954390398E-02
    0.3124615223E-02
    0.3082104375E-02
    0.2996269495E-02
    0.3192079586E-02
    0.3267178225E-02
    0.2790146354E-02
    0.3055187177E-02
    0.2665280933E-02
    0.2835627283E-02
Descriptor coordinates by the model of dimension:     2
    0.2544681672E-02    0.2835314306E+01
    0.3088064184E-02    0.2650357796E+01
    0.2792192781E-02    0.2810432181E+01
    0.2868610742E-02    0.2735829737E+01
    0.2249506758E-02    0.2890382110E+01
    0.2365210704E-02    0.2935353267E+01
    0.2365695014E-02    0.3015810906E+01
    0.1954390398E-02    0.3150324297E+01
    0.3124615223E-02    0.2612994440E+01
    0.3082104375E-02    0.2612994440E+01
    0.2996269495E-02    0.2612994440E+01
    0.3192079586E-02    0.2624940326E+01
    0.3267178225E-02    0.2514802969E+01
    0.2790146354E-02    0.2780902012E+01
    0.3055187177E-02    0.2691495425E+01
    0.2665280933E-02    0.2625388520E+01
    0.2835627283E-02    0.2871016797E+01
Descriptor coordinates by the model of dimension:     3
    0.2544681672E-02    0.1228314700E+01    0.5824064103E+03
    0.3088064184E-02    0.1147371084E+01    0.5639560123E+03
    0.2792192781E-02    0.1170848214E+01    0.5919073316E+03
    0.2868610742E-02    0.1133116590E+01    0.5873768143E+03
    0.2249506758E-02    0.1267400090E+01    0.5911730961E+03
    0.2365210704E-02    0.1232753743E+01    0.5965174099E+03
    0.2365695014E-02    0.1232138452E+01    0.6219414868E+03
    0.1954390398E-02    0.1280883769E+01    0.6232836438E+03
    0.3124615223E-02    0.1130741158E+01    0.5713725755E+03
    0.3082104375E-02    0.1130741158E+01    0.5713725755E+03
    0.2996269495E-02    0.1130741158E+01    0.5713725755E+03
    0.3192079586E-02    0.1111001084E+01    0.5707816782E+03
    0.3267178225E-02    0.1111001084E+01    0.5468327966E+03
    0.2790146354E-02    0.1101149226E+01    0.6028139112E+03
    0.3055187177E-02    0.1151554237E+01    0.5684479324E+03
    0.2665280933E-02    0.1228324519E+01    0.5544860534E+03
    0.2835627283E-02    0.1127394597E+01    0.6074721003E+03
