Descriptor coordinates by the model of dimension:     1
    0.4108313160E+03
    0.4166021495E+03
    0.2778820769E+03
    0.3913514115E+03
    0.3832272289E+03
    0.3223680889E+03
    0.3676372843E+03
    0.3666493894E+03
    0.3460823659E+03
    0.3865373174E+03
    0.2743250080E+03
    0.3867128899E+03
    0.4056131088E+03
    0.3991391726E+03
    0.3970268750E+03
    0.3949368169E+03
    0.3887966216E+03
    0.3542703282E+03
    0.4069114639E+03
    0.3956303695E+03
    0.2433610638E+03
    0.2914557080E+03
    0.4459043629E+03
    0.4126008603E+03
    0.4217229510E+03
    0.3473292972E+03
    0.2835613101E+03
    0.2766679063E+03
    0.3307636627E+03
    0.2801021068E+03
    0.2620572109E+03
    0.3901978806E+03
    0.3661272321E+03
    0.2733750000E+03
Descriptor coordinates by the model of dimension:     2
    0.1611053077E+00    0.3218893815E+02
    0.1493889928E+00    0.3905554200E+02
    0.3411418303E+00    0.3344706692E+02
    0.1919893783E+00    0.5319324198E+02
    0.2178358727E+00    0.4014095374E+02
    0.2956065670E+00    0.2285697179E+02
    0.2273510441E+00    0.5657023814E+02
    0.2195013383E+00    0.6393454915E+02
    0.2519793710E+00    0.2894435756E+02
    0.2002751543E+00    0.4254303565E+02
    0.3898077221E+00    0.1600416175E+02
    0.2170481198E+00    0.3353639943E+02
    0.1529947253E+00    0.9395499271E+01
    0.1747426879E+00    0.9395499271E+01
    0.1822469054E+00    0.9395499271E+01
    0.1898785711E+00    0.9395499271E+01
    0.2135382578E+00    0.9395499271E+01
    0.2465871116E+00    0.2237944180E+02
    0.1405051499E+00    0.2760668203E+02
    0.1713120200E+00    0.2760668203E+02
    0.4092306435E+00    0.0000000000E+00
    0.3262103273E+00    0.0000000000E+00
    0.1299755848E+00    0.0000000000E+00
    0.1679904490E+00    0.0000000000E+00
    0.1584455892E+00    0.0000000000E+00
    0.2281618546E+00    0.2444324974E+02
    0.3401271166E+00    0.2444324974E+02
    0.3559152359E+00    0.2444324974E+02
    0.2848017377E+00    0.4160011068E+01
    0.3942283293E+00    0.4160011068E+01
    0.4425608116E+00    0.4160011068E+01
    0.1522584269E+00    0.3390597326E+02
    0.1761372430E+00    0.3390597326E+02
    0.3329689560E+00    0.3390597326E+02
Descriptor coordinates by the model of dimension:     3
    0.3158723410E-01    0.1302998440E+03    0.1383963068E+01
    0.2894269150E-01    0.7327717729E+02    0.1276523829E+01
    0.6044541251E-01    0.5306378433E+03    0.1954084652E+01
    0.3663658848E-01    0.1289760180E+03    0.1383963068E+01
    0.3887461515E-01    0.1274642689E+03    0.1383963068E+01
    0.4714607175E-01    0.1239440535E+03    0.1383963068E+01
    0.3843980011E-01    0.3710627269E+02    0.1194799651E+01
    0.3862058254E-01    0.3719791139E+02    0.1194799651E+01
    0.4097565404E-01    0.3685188189E+02    0.1194799651E+01
    0.3220387345E-01    0.3793045178E+02    0.1194799651E+01
    0.6228162549E-01    0.5267664928E+03    0.1954084652E+01
    0.4270741727E-01    0.5584763364E+03    0.1954084652E+01
    0.2676886534E-01    0.1214665000E+04    0.2718281828E+01
    0.3246154681E-01    0.1230760000E+04    0.2718281828E+01
    0.3450339194E-01    0.1236125000E+04    0.2718281828E+01
    0.3661874505E-01    0.1241490000E+04    0.2718281828E+01
    0.4341370665E-01    0.1257585000E+04    0.2718281828E+01
    0.4199453799E-01    0.1183780000E+04    0.2718281828E+01
    0.2819388674E-01    0.1234028125E+04    0.2718281828E+01
    0.3600995720E-01    0.1248019200E+04    0.2718281828E+01
    0.6910201022E-01    0.0000000000E+00    0.1000000000E+01
    0.5806951965E-01    0.0000000000E+00    0.1000000000E+01
    0.2463192237E-01    0.0000000000E+00    0.1000000000E+01
    0.3129695959E-01    0.0000000000E+00    0.1000000000E+01
    0.2959373611E-01    0.0000000000E+00    0.1000000000E+01
    0.3778626645E-01    0.1198338000E+04    0.2718281828E+01
    0.5750603078E-01    0.1182798000E+04    0.2718281828E+01
    0.6018281874E-01    0.1180781250E+04    0.2718281828E+01
    0.4134249357E-01    0.1152576000E+04    0.2718281828E+01
    0.5857900994E-01    0.1163986000E+04    0.2718281828E+01
    0.6620961708E-01    0.1167514000E+04    0.2718281828E+01
    0.2790791250E-01    0.1218199500E+04    0.2718281828E+01
    0.3278795844E-01    0.1212894000E+04    0.2718281828E+01
    0.6071554593E-01    0.1183713750E+04    0.2718281828E+01
