Descriptor coordinates by the model of dimension:     1
    0.3383932847E+00
    0.4338468247E+00
    0.3766154058E+00
    0.3325673706E+00
    0.3438714548E+00
    0.3563086402E+00
    0.4075248639E+00
    0.3190042650E+00
    0.3653399810E+00
    0.4720398225E+00
    0.4459287035E+00
    0.2931093443E+00
    0.3036813599E+00
    0.2999199545E+00
    0.4255234001E+00
    0.3388000419E+00
    0.4537158575E+00
Descriptor coordinates by the model of dimension:     2
    0.2900945488E-02    0.4780718471E-02
    0.3241521756E-02    0.4433491946E-02
    0.3053567266E-02    0.3895298478E-02
    0.2895760812E-02    0.4172701048E-02
    0.2921237850E-02    0.4461400121E-02
    0.2966724511E-02    0.4461400121E-02
    0.3146068600E-02    0.4461400121E-02
    0.2845938776E-02    0.5640076739E-02
    0.2987829439E-02    0.5640076739E-02
    0.3362949999E-02    0.5088362058E-02
    0.3263537587E-02    0.5088362058E-02
    0.2727592066E-02    0.4448439526E-02
    0.2801679438E-02    0.4304881211E-02
    0.2797296546E-02    0.4304881211E-02
    0.3221390709E-02    0.3947851741E-02
    0.2915971256E-02    0.3788198187E-02
    0.3343066339E-02    0.3788198187E-02
Descriptor coordinates by the model of dimension:     3
    0.5586557594E+03    0.5640749100E+01   -0.1367112865E+00
    0.6880820065E+03    0.5896994618E+01   -0.1639714489E+00
    0.6271459696E+03    0.3441002225E+01   -0.8785365578E-01
    0.5864491517E+03    0.2549009060E+01   -0.1089032419E-01
    0.5702248400E+03    0.4197797660E+01   -0.2118900506E+00
    0.5869711032E+03    0.4479011158E+01   -0.1877718989E+00
    0.6571179604E+03    0.5812912095E+01   -0.1128381859E+00
    0.5237419209E+03    0.9766756624E+01   -0.2556672746E-01
    0.5931678328E+03    0.7898394793E+01   -0.5448304528E-01
    0.7413158092E+03    0.5920177935E+01   -0.9957919378E-01
    0.7091505076E+03    0.6061583495E+01   -0.8090583566E-01
    0.4982163087E+03    0.4418751440E+01   -0.3233312094E+00
    0.5219322908E+03    0.5766765694E+01   -0.4791658254E-02
    0.5107605762E+03    0.6828835884E+01   -0.6266592568E-02
    0.6782627441E+03    0.4895646362E+01   -0.1607015724E+00
    0.6010357603E+03    0.2338624632E+01   -0.3725919693E-02
    0.7211911707E+03    0.4767750018E+01   -0.1934625795E+00
