Descriptor coordinates by the model of dimension:     1
    0.7063511448E+03
    0.4341337803E+03
    0.4511656406E+03
    0.9051926998E+03
    0.3376095894E+03
    0.3607335338E+03
    0.7868512349E+03
    0.2477572175E+03
    0.4042386970E+03
    0.3590517924E+03
    0.9875234025E+03
    0.8023643987E+03
    0.2511892718E+03
    0.9027090408E+03
    0.8078627353E+03
    0.9005198761E+03
    0.9672745000E+03
    0.6092829113E+03
    0.6912098974E+03
    0.9682291044E+03
    0.2508182389E+03
    0.2493341073E+03
    0.2463658441E+03
    0.2448817125E+03
    0.2419134493E+03
    0.2428039283E+03
    0.2445848862E+03
    0.2452527454E+03
    0.2454753652E+03
    0.2438428204E+03
    0.4859439846E+03
    0.7615207633E+03
    0.4589813164E+03
    0.6826904910E+03
Descriptor coordinates by the model of dimension:     2
    0.2681825922E+02    0.1091092705E+03
    0.2305305055E+02    0.1091092705E+03
    0.2244152816E+02    0.1142427635E+03
    0.2876675055E+02    0.1142427635E+03
    0.2154696405E+02    0.7111670089E+02
    0.2186741509E+02    0.1142427635E+03
    0.2727496461E+02    0.1142427635E+03
    0.2029100333E+02    0.1091092705E+03
    0.2258286340E+02    0.0000000000E+00
    0.2210983795E+02    0.1142427635E+03
    0.3052892916E+02    0.7111670089E+02
    0.2733156603E+02    0.0000000000E+00
    0.2048872182E+02    0.7111670089E+02
    0.2935088752E+02    0.1142427635E+03
    0.2835764238E+02    0.1091092705E+03
    0.2893930121E+02    0.7111670089E+02
    0.3044625808E+02    0.1142427635E+03
    0.2526421817E+02    0.0000000000E+00
    0.2617205001E+02    0.0000000000E+00
    0.3030762277E+02    0.4539992976E+02
    0.1987194842E+02    0.0000000000E+00
    0.1999349442E+02    0.0000000000E+00
    0.2021837275E+02    0.0000000000E+00
    0.2032193234E+02    0.0000000000E+00
    0.2051183882E+02    0.0000000000E+00
    0.1983299641E+02    0.4539992976E+02
    0.2012227190E+02    0.4539992976E+02
    0.2028063787E+02    0.4539992976E+02
    0.2034093758E+02    0.4539992976E+02
    0.2075500310E+02    0.4539992976E+02
    0.2280829444E+02    0.4539992976E+02
    0.2718214733E+02    0.4539992976E+02
    0.2309439180E+02    0.4539992976E+02
    0.2656854192E+02    0.4539992976E+02
Descriptor coordinates by the model of dimension:     3
    0.2681825922E+02    0.6002637046E+01    0.1398672747E+01
    0.2305305055E+02    0.6631549175E+01    0.1522461139E+01
    0.2244152816E+02    0.2701886789E+01    0.7726218743E+00
    0.2876675055E+02    0.2753941935E+01    0.7818854425E+00
    0.2154696405E+02    0.1938890468E+02    0.3469818105E+01
    0.2186741509E+02    0.3108253994E+01    0.8660363693E+00
    0.2727496461E+02    0.3166221929E+01    0.8875236499E+00
    0.2029100333E+02    0.6794089422E+01    0.1582390742E+01
    0.2258286340E+02    0.0000000000E+00    0.0000000000E+00
    0.2210983795E+02    0.2547107017E+01    0.7390111408E+00
    0.3052892916E+02    0.1520668880E+02    0.2779229305E+01
    0.2733156603E+02    0.0000000000E+00    0.0000000000E+00
    0.2048872182E+02    0.1857169374E+02    0.3369108628E+01
    0.2935088752E+02    0.2799747274E+01    0.7865492119E+00
    0.2835764238E+02    0.6770210018E+01    0.1532227038E+01
    0.2893930121E+02    0.1780874049E+02    0.3170412875E+01
    0.3044625808E+02    0.2952402966E+01    0.8179977710E+00
    0.2526421817E+02    0.0000000000E+00    0.0000000000E+00
    0.2617205001E+02    0.0000000000E+00    0.0000000000E+00
    0.3030762277E+02    0.2692584869E+02    0.4247541963E+01
    0.1987194842E+02    0.0000000000E+00    0.0000000000E+00
    0.1999349442E+02    0.0000000000E+00    0.0000000000E+00
    0.2021837275E+02    0.0000000000E+00    0.0000000000E+00
    0.2032193234E+02    0.0000000000E+00    0.0000000000E+00
    0.2051183882E+02    0.0000000000E+00    0.0000000000E+00
    0.1983299641E+02    0.3304120690E+02    0.5210263733E+01
    0.2012227190E+02    0.3304120690E+02    0.5210263733E+01
    0.2028063787E+02    0.3304120690E+02    0.5210263733E+01
    0.2034093758E+02    0.3304120690E+02    0.5210263733E+01
    0.2075500310E+02    0.3218636588E+02    0.5082801747E+01
    0.2280829444E+02    0.2539344612E+02    0.4099115420E+01
    0.2718214733E+02    0.2539344612E+02    0.4099115420E+01
    0.2309439180E+02    0.2453860510E+02    0.3966985996E+01
    0.2656854192E+02    0.2453860510E+02    0.3966985996E+01
