Descriptor coordinates by the model of dimension:     1
    0.4758299990E+01
    0.4411913193E+01
    0.4652242854E+01
    0.4428035325E+01
    0.4450131695E+01
    0.4403653998E+01
    0.4658052734E+01
    0.4321841190E+01
    0.4141466230E+01
    0.4869614593E+01
    0.4243529374E+01
    0.4625562718E+01
    0.4617903876E+01
    0.4699246451E+01
    0.4740467911E+01
    0.4781689371E+01
    0.4319514936E+01
    0.4485650126E+01
    0.4281775568E+01
    0.4528801081E+01
    0.4693484757E+01
    0.4858168432E+01
    0.4976556311E+01
    0.4172907057E+01
    0.4172907057E+01
    0.4130243291E+01
    0.4193450196E+01
    0.4193450196E+01
    0.4193450196E+01
    0.4250028883E+01
    0.4583364482E+01
    0.4916700080E+01
    0.4411652153E+01
    0.4440025625E+01
Descriptor coordinates by the model of dimension:     2
    0.2808990203E+02    0.3357712786E+00
    0.2363827687E+02    0.3357712786E+00
    0.2647928143E+02    0.4713022794E+00
    0.2452264471E+02    0.3357712786E+00
    0.2365394891E+02    0.0000000000E+00
    0.2499925571E+02    0.4713022794E+00
    0.2703598275E+02    0.4713022794E+00
    0.2294423272E+02    0.3357712786E+00
    0.2064548181E+02    0.6418907535E+00
    0.2898723399E+02    0.6418907535E+00
    0.2106327003E+02    0.0000000000E+00
    0.2719273619E+02    0.4713022794E+00
    0.2689090505E+02    0.3357712786E+00
    0.2658413580E+02    0.0000000000E+00
    0.2711225202E+02    0.0000000000E+00
    0.2764603037E+02    0.0000000000E+00
    0.2255444875E+02    0.0000000000E+00
    0.2435896929E+02    0.0000000000E+00
    0.2240699295E+02    0.4539992976E-01
    0.2513680842E+02    0.4539992976E-01
    0.2699512852E+02    0.4539992976E-01
    0.2888378083E+02    0.4539992976E-01
    0.3007245167E+02    0.4539992976E-01
    0.2041971888E+02    0.0000000000E+00
    0.2055580635E+02    0.0000000000E+00
    0.1988993199E+02    0.4539992976E-01
    0.2075187108E+02    0.4539992976E-01
    0.2067372251E+02    0.4539992976E-01
    0.2065123327E+02    0.4539992976E-01
    0.2096233462E+02    0.4539992976E-01
    0.2592478750E+02    0.4539992976E-01
    0.3097846844E+02    0.4539992976E-01
    0.2425733275E+02    0.4539992976E-01
    0.2403772622E+02    0.0000000000E+00
Descriptor coordinates by the model of dimension:     3
    0.4387997413E+00    0.1235093750E+02    0.1539289951E+00
    0.3564424818E+00    0.1005261719E+02    0.2327671516E+00
    0.4095240972E+00    0.1160062500E+02    0.2650390929E+00
    0.3703300202E+00    0.1053140625E+02    0.2550077328E+00
    0.3528459163E+00    0.9902031250E+01    0.2357369621E+00
    0.3704753644E+00    0.1045886719E+02    0.2591654676E+00
    0.4087165087E+00    0.1143695313E+02    0.2683388824E+00
    0.3328803531E+00    0.9260078125E+01    0.1272186637E+00
    0.2875524347E+00    0.7643750000E+01    0.0000000000E+00
    0.4525185260E+00    0.1262429688E+02    0.8192296542E-01
    0.3104824580E+00    0.8703515625E+01    0.6426339917E-01
    0.4178885224E+00    0.1179894531E+02    0.2680089035E+00
    0.4126903858E+00    0.1164972656E+02    0.2640491560E+00
    0.4132809416E+00    0.1191440000E+02    0.2552000000E+01
    0.4228513570E+00    0.1217500000E+02    0.2580000000E+01
    0.4325319490E+00    0.1243840000E+02    0.2608000000E+01
    0.3201701296E+00    0.9146400000E+01    0.2292000000E+01
    0.3560501843E+00    0.1018560000E+02    0.2424000000E+01
    0.3295699063E+00    0.9557200000E+01    0.2266000000E+01
    0.3801771321E+00    0.1095250000E+02    0.2425000000E+01
    0.4158677837E+00    0.1193570000E+02    0.2531000000E+01
    0.4531346955E+00    0.1296130000E+02    0.2637000000E+01
    0.4768048650E+00    0.1308000000E+02    0.0000000000E+00
    0.2877561908E+00    0.7700000000E+01    0.0000000000E+00
    0.2870048666E+00    0.7625000000E+01    0.0000000000E+00
    0.2923435738E+00    0.8045000000E+01    0.0000000000E+00
    0.2876503031E+00    0.7630000000E+01    0.0000000000E+00
    0.2948698615E+00    0.8020000000E+01    0.0000000000E+00
    0.2962880408E+00    0.8085000000E+01    0.0000000000E+00
    0.3106672979E+00    0.9307600000E+01    0.2436000000E+01
    0.3964158763E+00    0.1165000000E+02    0.2740000000E+01
    0.4915619622E+00    0.1423560000E+02    0.3044000000E+01
    0.3500639458E+00    0.1017740000E+02    0.2618000000E+01
    0.3577852186E+00    0.1052970000E+02    0.2579000000E+01
