Descriptor coordinates by the model of dimension:     1
    0.3201998874E+03
    0.2288181221E+03
    0.2911997529E+03
    0.2504630796E+03
    0.2511381823E+03
    0.2592233145E+03
    0.3116355332E+03
    0.2288701068E+03
    0.2148586707E+03
    0.3357008462E+03
    0.2101700096E+03
    0.2865998641E+03
    0.2795474067E+03
    0.2898169014E+03
    0.2982107843E+03
    0.3067798742E+03
    0.2487877974E+03
    0.2716569316E+03
    0.1938783979E+03
    0.2426863857E+03
    0.2797837030E+03
    0.3208023908E+03
    0.3496033005E+03
    0.2117362371E+03
    0.2173091459E+03
    0.1826803483E+03
    0.2152521525E+03
    0.1786874594E+03
    0.1721876025E+03
    0.2058795192E+03
    0.2833010836E+03
    0.3817694077E+03
    0.2735871363E+03
    0.2236558459E+03
Descriptor coordinates by the model of dimension:     2
    0.2218001160E+01    0.8950283554E+01
    0.2578769876E+01    0.8904326663E+01
    0.2317278387E+01    0.9007407407E+01
    0.2465320913E+01    0.9088912926E+01
    0.2508835586E+01    0.8958788534E+01
    0.2486500566E+01    0.8905895078E+01
    0.2318321275E+01    0.8838518519E+01
    0.2640189289E+01    0.8782482993E+01
    0.2692269622E+01    0.8790312500E+01
    0.2210593495E+01    0.8756450883E+01
    0.2633395187E+01    0.9150267698E+01
    0.2346013652E+01    0.8848888889E+01
    0.2377216742E+01    0.8819703704E+01
    0.2336806086E+01    0.8890120037E+01
    0.2309180110E+01    0.8858979206E+01
    0.2281431781E+01    0.8827586207E+01
    0.2580389684E+01    0.8751479290E+01
    0.2491355626E+01    0.8771604938E+01
    0.2750997003E+01    0.8795562130E+01
    0.2531348361E+01    0.8770247934E+01
    0.2385011545E+01    0.8745521699E+01
    0.2240684833E+01    0.8716116059E+01
    0.2145424253E+01    0.8720000000E+01
    0.2672208978E+01    0.8932000000E+01
    0.2665762737E+01    0.8845000000E+01
    0.2754816524E+01    0.9139120000E+01
    0.2706015745E+01    0.8728720000E+01
    0.2850174052E+01    0.8789920000E+01
    0.2872528329E+01    0.8796480000E+01
    0.2625896195E+01    0.9278892734E+01
    0.2325072149E+01    0.9163636364E+01
    0.2009696252E+01    0.8923412812E+01
    0.2470548264E+01    0.8887006052E+01
    0.2603224447E+01    0.8886258455E+01
Descriptor coordinates by the model of dimension:     3
    0.2218001160E+01    0.1493485996E+00    0.5626708033E+03
    0.2578769876E+01    0.1818147021E+00    0.4722565970E+03
    0.2317278387E+01    0.1579264835E+00    0.6058299078E+03
    0.2465320913E+01    0.1684833483E+00    0.5755895516E+03
    0.2508835586E+01    0.1769484409E+00    0.5487983519E+03
    0.2486500566E+01    0.1687925007E+00    0.4219198666E+03
    0.2318321275E+01    0.1564644596E+00    0.4597787286E+03
    0.2640189289E+01    0.1878264522E+00    0.3849107828E+03
    0.2692269622E+01    0.2008578917E+00    0.4190940339E+03
    0.2210593495E+01    0.1502273327E+00    0.4436071845E+03
    0.2633395187E+01    0.1923708818E+00    0.7441778552E+03
    0.2346013652E+01    0.1580786163E+00    0.4527617890E+03
    0.2377216742E+01    0.1615650534E+00    0.4410594370E+03
    0.2336806086E+01    0.1615901519E+00    0.5071964274E+03
    0.2309180110E+01    0.1593502884E+00    0.4863975733E+03
    0.2281431781E+01    0.1571716711E+00    0.4666860486E+03
    0.2580389684E+01    0.1857101417E+00    0.4130029575E+03
    0.2491355626E+01    0.1743973313E+00    0.4106117758E+03
    0.2750997003E+01    0.1968241888E+00    0.3840928052E+03
    0.2531348361E+01    0.1763796420E+00    0.3869223914E+03
    0.2385011545E+01    0.1645520334E+00    0.3913271006E+03
    0.2240684833E+01    0.1539315213E+00    0.3971119837E+03
    0.2145424253E+01    0.1465407933E+00    0.4865076780E+03
    0.2672208978E+01    0.1997642159E+00    0.5576706919E+03
    0.2665762737E+01    0.1994810953E+00    0.4827315234E+03
    0.2754816524E+01    0.2046417768E+00    0.6661793124E+03
    0.2706015745E+01    0.2015969151E+00    0.3547381038E+03
    0.2850174052E+01    0.2099303646E+00    0.3348444716E+03
    0.2872528329E+01    0.2113090858E+00    0.3273591641E+03
    0.2625896195E+01    0.1906079531E+00    0.9353407644E+03
    0.2325072149E+01    0.1565425245E+00    0.6688313507E+03
    0.2009696252E+01    0.1317160164E+00    0.5212416325E+03
    0.2470548264E+01    0.1698672231E+00    0.4489136078E+03
    0.2603224447E+01    0.1794220499E+00    0.4263996906E+03
