Descriptor coordinates by the model of dimension:     1
    0.7063511448E+03
    0.4341337803E+03
    0.4042386970E+03
    0.3590517924E+03
    0.9875234025E+03
    0.8078627353E+03
    0.6912098974E+03
    0.9682291044E+03
    0.2508182389E+03
    0.2493341073E+03
    0.2463658441E+03
    0.2428039283E+03
    0.2454753652E+03
    0.2438428204E+03
    0.4859439846E+03
    0.7615207633E+03
    0.4589813164E+03
Descriptor coordinates by the model of dimension:     2
    0.2681825922E+02    0.1091092705E+03
    0.2305305055E+02    0.1091092705E+03
    0.2258286340E+02    0.0000000000E+00
    0.2210983795E+02    0.1142427635E+03
    0.3052892916E+02    0.7111670089E+02
    0.2835764238E+02    0.1091092705E+03
    0.2617205001E+02    0.0000000000E+00
    0.3030762277E+02    0.4539992976E+02
    0.1987194842E+02    0.0000000000E+00
    0.1999349442E+02    0.0000000000E+00
    0.2021837275E+02    0.0000000000E+00
    0.1983299641E+02    0.4539992976E+02
    0.2034093758E+02    0.4539992976E+02
    0.2075500310E+02    0.4539992976E+02
    0.2280829444E+02    0.4539992976E+02
    0.2718214733E+02    0.4539992976E+02
    0.2309439180E+02    0.4539992976E+02
Descriptor coordinates by the model of dimension:     3
    0.2681825922E+02    0.1258102129E+00    0.3871665155E+00
    0.2305305055E+02    0.8826826784E-01    0.3615468251E+00
    0.2258286340E+02    0.0000000000E+00    0.0000000000E+00
    0.2210983795E+02    0.2499531565E-01    0.1404400726E+00
    0.3052892916E+02    0.3634456329E-01    0.2042075874E+00
    0.2835764238E+02    0.7955561944E-01    0.3258598172E+00
    0.2617205001E+02    0.0000000000E+00    0.0000000000E+00
    0.3030762277E+02    0.0000000000E+00    0.0000000000E+00
    0.1987194842E+02    0.0000000000E+00    0.0000000000E+00
    0.1999349442E+02    0.0000000000E+00    0.0000000000E+00
    0.2021837275E+02    0.0000000000E+00    0.0000000000E+00
    0.1983299641E+02    0.0000000000E+00    0.0000000000E+00
    0.2034093758E+02    0.0000000000E+00    0.0000000000E+00
    0.2075500310E+02    0.0000000000E+00    0.0000000000E+00
    0.2280829444E+02    0.1684995859E+01    0.1684995859E+01
    0.2718214733E+02    0.1684995859E+01    0.1684995859E+01
    0.2309439180E+02    0.1118591062E+01    0.1118591062E+01
