Descriptor coordinates by the model of dimension:     1
    0.4758299990E+01
    0.4411913193E+01
    0.4432810574E+01
    0.4656361666E+01
    0.4652242854E+01
    0.4410844275E+01
    0.4428035325E+01
    0.4310041608E+01
    0.4323301656E+01
    0.4342877406E+01
    0.4206718468E+01
    0.4205017759E+01
    0.4851734392E+01
    0.4874799794E+01
    0.4216059264E+01
    0.4238104225E+01
    0.4715961056E+01
    0.4756667413E+01
    0.4761176995E+01
    0.4450131695E+01
    0.4121621578E+01
    0.4463086469E+01
    0.4417197667E+01
    0.4403653998E+01
    0.4657624524E+01
    0.4658052734E+01
    0.4453005522E+01
    0.4127946863E+01
    0.4461599321E+01
    0.4350844522E+01
    0.4123646997E+01
    0.4359642494E+01
    0.4418735828E+01
    0.4398196597E+01
    0.4321841190E+01
    0.4301448976E+01
    0.4348270640E+01
    0.4258266982E+01
    0.4141466230E+01
    0.4253896508E+01
    0.4232221161E+01
    0.4191971262E+01
    0.4869614593E+01
    0.4864042139E+01
    0.4243529374E+01
    0.4106742893E+01
    0.4264418950E+01
    0.4753092748E+01
    0.4138138089E+01
    0.4770859360E+01
    0.4232540459E+01
    0.4239694518E+01
    0.4704670460E+01
    0.4702198318E+01
    0.4721759381E+01
    0.4625562718E+01
    0.4617903876E+01
    0.4332194340E+01
    0.4801868045E+01
    0.4845382832E+01
    0.4204588930E+01
    0.4287031850E+01
    0.4328253310E+01
    0.4369474770E+01
    0.4451917690E+01
    0.4534360611E+01
    0.4616803531E+01
    0.4699246451E+01
    0.4740467911E+01
    0.4781689371E+01
    0.4864132291E+01
    0.4236447341E+01
    0.4319514936E+01
    0.4361048734E+01
    0.4402582531E+01
    0.4485650126E+01
    0.4568717721E+01
    0.4651785316E+01
    0.4734852911E+01
    0.4776386708E+01
    0.4817920506E+01
    0.4900988101E+01
    0.4199433730E+01
    0.4281775568E+01
    0.4322946486E+01
    0.4364117405E+01
    0.4446459243E+01
    0.4528801081E+01
    0.4611142919E+01
    0.4693484757E+01
    0.4734655676E+01
    0.4775826595E+01
    0.4858168432E+01
    0.4976556311E+01
    0.4976556311E+01
    0.4976556311E+01
    0.4976556311E+01
    0.4976556311E+01
    0.4976556311E+01
    0.4976556311E+01
    0.4976556311E+01
    0.4976556311E+01
    0.4976556311E+01
    0.4976556311E+01
    0.4172907057E+01
    0.4172907057E+01
    0.4172907057E+01
    0.4172907057E+01
    0.4172907057E+01
    0.4172907057E+01
    0.4172907057E+01
    0.4172907057E+01
    0.4172907057E+01
    0.4172907057E+01
    0.4172907057E+01
    0.4130243291E+01
    0.4130243291E+01
    0.4130243291E+01
    0.4130243291E+01
    0.4130243291E+01
    0.4130243291E+01
    0.4130243291E+01
    0.4130243291E+01
    0.4130243291E+01
    0.4130243291E+01
    0.4130243291E+01
    0.4193450196E+01
    0.4193450196E+01
    0.4193450196E+01
    0.4193450196E+01
    0.4193450196E+01
    0.4193450196E+01
    0.4193450196E+01
    0.4193450196E+01
    0.4193450196E+01
    0.4193450196E+01
    0.4193450196E+01
    0.4250028883E+01
    0.4333362783E+01
    0.4375029732E+01
    0.4416696682E+01
    0.4500030582E+01
    0.4583364482E+01
    0.4666698381E+01
    0.4750032281E+01
    0.4791699231E+01
    0.4833366181E+01
    0.4916700080E+01
    0.4245174713E+01
    0.4328413433E+01
    0.4370032793E+01
    0.4411652153E+01
    0.4494890873E+01
    0.4578129593E+01
    0.4661368313E+01
    0.4744607032E+01
    0.4786226392E+01
    0.4827845752E+01
    0.4911084472E+01
    0.4272477488E+01
    0.4356251557E+01
    0.4398138591E+01
    0.4440025625E+01
    0.4523799693E+01
    0.4607573762E+01
    0.4691347830E+01
    0.4775121899E+01
    0.4817008933E+01
    0.4858895967E+01
    0.4942670035E+01
Descriptor coordinates by the model of dimension:     2
    0.6087300047E+05    0.4484155086E-07
    0.3553250476E+05    0.1386172536E-05
    0.3836767914E+05    0.1386172536E-05
    0.5304062060E+05    0.1386172536E-05
    0.5182729977E+05    0.1386172536E-05
    0.3609040098E+05    0.1386172536E-05
    0.3889368764E+05    0.1386172536E-05
    0.3067073603E+05    0.4484155086E-07
    0.3230303722E+05    0.4484155086E-07
    0.3288007544E+05    0.8171276545E-02
    0.2721171262E+05    0.1010208374E-08
    0.2789870617E+05    0.1010208374E-08
    0.6647859515E+05    0.1010208374E-08
    0.7443897635E+05    0.1010208374E-08
    0.2507477120E+05    0.1010208374E-08
    0.2580176314E+05    0.1010208374E-08
    0.5588903267E+05    0.8171276545E-02
    0.6433428999E+05    0.8171276545E-02
    0.6365443643E+05    0.4484155086E-07
    0.3899852238E+05    0.1386172536E-05
    0.2382232213E+05    0.0000000000E+00
    0.4173591866E+05    0.1386172536E-05
    0.3742337315E+05    0.1386172536E-05
    0.4025403920E+05    0.1386172536E-05
    0.5667492000E+05    0.1386172536E-05
    0.5546442961E+05    0.1386172536E-05
    0.3991169024E+05    0.1386172536E-05
    0.2442360297E+05    0.0000000000E+00
    0.4264698084E+05    0.1386172536E-05
    0.3445758739E+05    0.4484155086E-07
    0.2476323927E+05    0.0000000000E+00
    0.3603268632E+05    0.4484155086E-07
    0.3889368764E+05    0.1386172536E-05
    0.4169036538E+05    0.1386172536E-05
    0.3311821967E+05    0.4484155086E-07
    0.3474665208E+05    0.4484155086E-07
    0.3760537776E+05    0.8171276545E-02
    0.3168109633E+05    0.1010208374E-08
    0.2685733384E+05    0.0000000000E+00
    0.3235751725E+05    0.1010208374E-08
    0.3132575623E+05    0.1010208374E-08
    0.3200958696E+05    0.1010208374E-08
    0.6807318156E+05    0.1010208374E-08
    0.7602729474E+05    0.1010208374E-08
    0.2829126413E+05    0.1010208374E-08
    0.2391886720E+05    0.0000000000E+00
    0.2897026287E+05    0.1010208374E-08
    0.5808720317E+05    0.8171276545E-02
    0.2211382936E+05    0.0000000000E+00
    0.6643152130E+05    0.8171276545E-02
    0.2580176314E+05    0.1010208374E-08
    0.2652816380E+05    0.1010208374E-08
    0.5729936498E+05    0.8171276545E-02
    0.6573793694E+05    0.8171276545E-02
    0.5934339419E+05    0.4484155086E-07
    0.5100861840E+05    0.1386172536E-05
    0.4975343250E+05    0.1386172536E-05
    0.2999855929E+05    0.8171276545E-02
    0.6558124919E+05    0.1010208374E-08
    0.7363211086E+05    0.1010208374E-08
    0.2678278204E+05    0.1000000000E+01
    0.3023029001E+05    0.1000000000E+01
    0.3209041285E+05    0.1000000000E+01
    0.3404663768E+05    0.1000000000E+01
    0.3826375200E+05    0.1000000000E+01
    0.4291572190E+05    0.1000000000E+01
    0.4803890881E+05    0.1000000000E+01
    0.5367206142E+05    0.1000000000E+01
    0.5669266582E+05    0.1000000000E+01
    0.5985643482E+05    0.1000000000E+01
    0.6663591412E+05    0.1000000000E+01
    0.3151733395E+05    0.1000000000E+01
    0.3498155462E+05    0.1000000000E+01
    0.3681933263E+05    0.1000000000E+01
    0.3872987690E+05    0.1000000000E+01
    0.4277618708E+05    0.1000000000E+01
    0.4713421778E+05    0.1000000000E+01
    0.5181745148E+05    0.1000000000E+01
    0.5683901514E+05    0.1000000000E+01
    0.5948064763E+05    0.1000000000E+01
    0.6221156544E+05    0.1000000000E+01
    0.6794716411E+05    0.1000000000E+01
    0.2378660731E+05    0.1000000000E+01
    0.2726085377E+05    0.1000000000E+01
    0.2915339104E+05    0.1000000000E+01
    0.3115617942E+05    0.1000000000E+01
    0.3551354482E+05    0.1000000000E+01
    0.4037694743E+05    0.1000000000E+01
    0.4579357828E+05    0.1000000000E+01
    0.5181398331E+05    0.1000000000E+01
    0.5506735484E+05    0.1000000000E+01
    0.5849222926E+05    0.1000000000E+01
    0.6588607422E+05    0.1000000000E+01
    0.8713846154E+05    0.0000000000E+00
    0.8568866371E+05    0.0000000000E+00
    0.8496342043E+05    0.0000000000E+00
    0.8423794742E+05    0.0000000000E+00
    0.8278631179E+05    0.0000000000E+00
    0.8133375594E+05    0.0000000000E+00
    0.7988027901E+05    0.0000000000E+00
    0.7842588011E+05    0.0000000000E+00
    0.7769833466E+05    0.0000000000E+00
    0.7697055838E+05    0.0000000000E+00
    0.7551431292E+05    0.0000000000E+00
    0.2414041200E+05    0.0000000000E+00
    0.2460629921E+05    0.0000000000E+00
    0.2483913702E+05    0.0000000000E+00
    0.2507190433E+05    0.0000000000E+00
    0.2553722760E+05    0.0000000000E+00
    0.2600226929E+05    0.0000000000E+00
    0.2646702964E+05    0.0000000000E+00
    0.2693150892E+05    0.0000000000E+00
    0.2716364324E+05    0.0000000000E+00
    0.2739570738E+05    0.0000000000E+00
    0.2785962526E+05    0.0000000000E+00
    0.2339929707E+05    0.0000000000E+00
    0.2311960543E+05    0.0000000000E+00
    0.2297794118E+05    0.0000000000E+00
    0.2283504353E+05    0.0000000000E+00
    0.2254548306E+05    0.0000000000E+00
    0.2225079114E+05    0.0000000000E+00
    0.2195083014E+05    0.0000000000E+00
    0.2164545747E+05    0.0000000000E+00
    0.2149069579E+05    0.0000000000E+00
    0.2133452536E+05    0.0000000000E+00
    0.2101788058E+05    0.0000000000E+00
    0.2762115209E+05    0.0000000000E+00
    0.2690651907E+05    0.0000000000E+00
    0.2654440154E+05    0.0000000000E+00
    0.2617902575E+05    0.0000000000E+00
    0.2543832185E+05    0.0000000000E+00
    0.2468404423E+05    0.0000000000E+00
    0.2391581633E+05    0.0000000000E+00
    0.2313324751E+05    0.0000000000E+00
    0.2273645918E+05    0.0000000000E+00
    0.2233593242E+05    0.0000000000E+00
    0.2152345031E+05    0.0000000000E+00
    0.2731012410E+05    0.1000000000E+01
    0.3142028431E+05    0.1000000000E+01
    0.3366913339E+05    0.1000000000E+01
    0.3605620441E+05    0.1000000000E+01
    0.4127389673E+05    0.1000000000E+01
    0.4713421778E+05    0.1000000000E+01
    0.5370319806E+05    0.1000000000E+01
    0.6105238892E+05    0.1000000000E+01
    0.6504352212E+05    0.1000000000E+01
    0.6925922734E+05    0.1000000000E+01
    0.7840741918E+05    0.1000000000E+01
    0.3204179873E+05    0.1000000000E+01
    0.3616574939E+05    0.1000000000E+01
    0.3839082240E+05    0.1000000000E+01
    0.4073083209E+05    0.1000000000E+01
    0.4577522085E+05    0.1000000000E+01
    0.5133967349E+05    0.1000000000E+01
    0.5746766358E+05    0.1000000000E+01
    0.6420551747E+05    0.1000000000E+01
    0.6781843527E+05    0.1000000000E+01
    0.7160255651E+05    0.1000000000E+01
    0.7971124468E+05    0.1000000000E+01
    0.2435873723E+05    0.1000000000E+01
    0.2854025017E+05    0.1000000000E+01
    0.3084303592E+05    0.1000000000E+01
    0.3329721136E+05    0.1000000000E+01
    0.3869166912E+05    0.1000000000E+01
    0.4479068062E+05    0.1000000000E+01
    0.5166658929E+05    0.1000000000E+01
    0.5939731082E+05    0.1000000000E+01
    0.6360917105E+05    0.1000000000E+01
    0.6806662779E+05    0.1000000000E+01
    0.7776449304E+05    0.1000000000E+01
Descriptor coordinates by the model of dimension:     3
    0.4407504540E+03    0.4484155086E-07    0.3648848890E+04
    0.3339575562E+03    0.1386172536E-05    0.3197232020E+04
    0.3472325326E+03    0.1386172536E-05    0.3220219811E+04
    0.4126262136E+03    0.1386172536E-05    0.3829113493E+04
    0.4078000100E+03    0.1386172536E-05    0.3820175671E+04
    0.3384404085E+03    0.1386172536E-05    0.3417197521E+04
    0.3515461456E+03    0.1386172536E-05    0.3441495094E+04
    0.3111958371E+03    0.4484155086E-07    0.3237541412E+04
    0.3194958492E+03    0.4484155086E-07    0.3252952132E+04
    0.3275856319E+03    0.8171276545E-02    0.4395098526E+04
    0.2972137650E+03    0.1010208374E-08    0.3733609291E+04
    0.3010000802E+03    0.1010208374E-08    0.3742243574E+04
    0.4590611578E+03    0.1010208374E-08    0.3459347227E+04
    0.4862476721E+03    0.1010208374E-08    0.3500472345E+04
    0.2775083621E+03    0.1010208374E-08    0.2677491555E+04
    0.2815597934E+03    0.1010208374E-08    0.2684036652E+04
    0.4197501346E+03    0.8171276545E-02    0.3508072411E+04
    0.4508839722E+03    0.8171276545E-02    0.3558446767E+04
    0.4508839722E+03    0.4484155086E-07    0.3666033391E+04
    0.3558074666E+03    0.1386172536E-05    0.3913141706E+04
    0.2759925271E+03    0.0000000000E+00    0.2671796198E+04
    0.3682957177E+03    0.1386172536E-05    0.3940342430E+04
    0.3428646539E+03    0.1386172536E-05    0.3212541961E+04
    0.3558074666E+03    0.1386172536E-05    0.3235621392E+04
    0.4267774879E+03    0.1386172536E-05    0.3856031582E+04
    0.4221131130E+03    0.1386172536E-05    0.3847041421E+04
    0.3600183524E+03    0.1386172536E-05    0.3922191172E+04
    0.2795084972E+03    0.0000000000E+00    0.2678069245E+04
    0.3723654072E+03    0.1386172536E-05    0.3949444276E+04
    0.3354803941E+03    0.4484155086E-07    0.3966904207E+04
    0.2829807856E+03    0.0000000000E+00    0.2858766334E+04
    0.3431935947E+03    0.4484155086E-07    0.3985156803E+04
    0.3515461456E+03    0.1386172536E-05    0.3441495094E+04
    0.3641805526E+03    0.1386172536E-05    0.3465936466E+04
    0.3235660241E+03    0.4484155086E-07    0.3260680385E+04
    0.3315565118E+03    0.4484155086E-07    0.3276182799E+04
    0.3507372122E+03    0.8171276545E-02    0.4456046561E+04
    0.3227866254E+03    0.1010208374E-08    0.4036660820E+04
    0.2964635306E+03    0.0000000000E+00    0.3070562488E+04
    0.3262763120E+03    0.1010208374E-08    0.4045875183E+04
    0.3192587968E+03    0.1010208374E-08    0.3785664997E+04
    0.3227866254E+03    0.1010208374E-08    0.3794399463E+04
    0.4646257386E+03    0.1010208374E-08    0.3467539875E+04
    0.4915045565E+03    0.1010208374E-08    0.3508746060E+04
    0.3047393550E+03    0.1010208374E-08    0.3990850888E+04
    0.2795084972E+03    0.0000000000E+00    0.3035544089E+04
    0.3084333003E+03    0.1010208374E-08    0.3999978045E+04
    0.4303784022E+03    0.8171276545E-02    0.3757169666E+04
    0.2614562583E+03    0.0000000000E+00    0.2181447598E+04
    0.4607946939E+03    0.8171276545E-02    0.3810504017E+04
    0.2815597934E+03    0.1010208374E-08    0.2684036652E+04
    0.2855537488E+03    0.1010208374E-08    0.2690595077E+04
    0.4250974857E+03    0.8171276545E-02    0.3516426618E+04
    0.4558662668E+03    0.8171276545E-02    0.3566900804E+04
    0.4303784022E+03    0.4484155086E-07    0.3194201017E+04
    0.3979720595E+03    0.1386172536E-05    0.3136444965E+04
    0.3929659223E+03    0.1386172536E-05    0.3128876632E+04
    0.3026683010E+03    0.8171276545E-02    0.2948955276E+04
    0.4534282922E+03    0.1010208374E-08    0.3236412378E+04
    0.4809333303E+03    0.1010208374E-08    0.3275318907E+04
    0.2966166533E+03    0.1000000000E+01    0.4683854708E+04
    0.3144090462E+03    0.1000000000E+01    0.4556985928E+04
    0.3235660241E+03    0.1000000000E+01    0.4494633596E+04
    0.3328990923E+03    0.1000000000E+01    0.4432993852E+04
    0.3521002080E+03    0.1000000000E+01    0.4311826058E+04
    0.3720258098E+03    0.1000000000E+01    0.4193430845E+04
    0.3926893139E+03    0.1000000000E+01    0.4077757226E+04
    0.4141041370E+03    0.1000000000E+01    0.3964754918E+04
    0.4250974857E+03    0.1000000000E+01    0.3909239985E+04
    0.4362836952E+03    0.1000000000E+01    0.3854374341E+04
    0.4592414052E+03    0.1000000000E+01    0.3746566605E+04
    0.3222081595E+03    0.1000000000E+01    0.4761378873E+04
    0.3386289061E+03    0.1000000000E+01    0.4624287925E+04
    0.3469859042E+03    0.1000000000E+01    0.4556985928E+04
    0.3554389658E+03    0.1000000000E+01    0.4490502182E+04
    0.3726278348E+03    0.1000000000E+01    0.4359957587E+04
    0.3901839610E+03    0.1000000000E+01    0.4232591014E+04
    0.4080947060E+03    0.1000000000E+01    0.4108340266E+04
    0.4263463034E+03    0.1000000000E+01    0.3987144065E+04
    0.4355953006E+03    0.1000000000E+01    0.3927672518E+04
    0.4449238151E+03    0.1000000000E+01    0.3868942038E+04
    0.4638110839E+03    0.1000000000E+01    0.3753674713E+04
    0.2685978034E+03    0.1000000000E+01    0.2901520434E+04
    0.2881606507E+03    0.1000000000E+01    0.2976943318E+04
    0.2983131344E+03    0.1000000000E+01    0.3015263060E+04
    0.3087179179E+03    0.1000000000E+01    0.3053992973E+04
    0.3302992729E+03    0.1000000000E+01    0.3132697350E+04
    0.3529346722E+03    0.1000000000E+01    0.3213084757E+04
    0.3766543581E+03    0.1000000000E+01    0.3295183863E+04
    0.4014888567E+03    0.1000000000E+01    0.3379023703E+04
    0.4143337769E+03    0.1000000000E+01    0.3421605572E+04
    0.4274689746E+03    0.1000000000E+01    0.3464633679E+04
    0.4546257965E+03    0.1000000000E+01    0.3552043566E+04
    0.5246621770E+03    0.0000000000E+00    0.2981391508E+04
    0.5201968858E+03    0.0000000000E+00    0.2975733326E+04
    0.5179498045E+03    0.0000000000E+00    0.2972907592E+04
    0.5156929319E+03    0.0000000000E+00    0.2970084095E+04
    0.5111492933E+03    0.0000000000E+00    0.2964443804E+04
    0.5065649021E+03    0.0000000000E+00    0.2958812442E+04
    0.5019386417E+03    0.0000000000E+00    0.2953189997E+04
    0.4972693435E+03    0.0000000000E+00    0.2947576458E+04
    0.4949181751E+03    0.0000000000E+00    0.2944773025E+04
    0.4925557836E+03    0.0000000000E+00    0.2941971814E+04
    0.4877966790E+03    0.0000000000E+00    0.2936376054E+04
    0.2822897448E+03    0.0000000000E+00    0.3234544680E+04
    0.2850438563E+03    0.0000000000E+00    0.3240428344E+04
    0.2864109809E+03    0.0000000000E+00    0.3243373518E+04
    0.2877716108E+03    0.0000000000E+00    0.3246320923E+04
    0.2904737510E+03    0.0000000000E+00    0.3252222429E+04
    0.2931509850E+03    0.0000000000E+00    0.3258132872E+04
    0.2958039892E+03    0.0000000000E+00    0.3264052264E+04
    0.2984334097E+03    0.0000000000E+00    0.3269980615E+04
    0.2997394702E+03    0.0000000000E+00    0.3272948154E+04
    0.3010398645E+03    0.0000000000E+00    0.3275917937E+04
    0.3036239450E+03    0.0000000000E+00    0.3281864239E+04
    0.2766992953E+03    0.0000000000E+00    0.3067748685E+04
    0.2738612788E+03    0.0000000000E+00    0.2913567486E+04
    0.2724311840E+03    0.0000000000E+00    0.2838932997E+04
    0.2709935424E+03    0.0000000000E+00    0.2765898566E+04
    0.2680951324E+03    0.0000000000E+00    0.2624519990E+04
    0.2651650429E+03    0.0000000000E+00    0.2489215545E+04
    0.2622022120E+03    0.0000000000E+00    0.2359774637E+04
    0.2592055169E+03    0.0000000000E+00    0.2235992200E+04
    0.2576941016E+03    0.0000000000E+00    0.2176160310E+04
    0.2561737691E+03    0.0000000000E+00    0.2117668592E+04
    0.2531057091E+03    0.0000000000E+00    0.2004609502E+04
    0.3010398645E+03    0.0000000000E+00    0.3118727222E+04
    0.2958039892E+03    0.0000000000E+00    0.2956944888E+04
    0.2931509850E+03    0.0000000000E+00    0.2878715003E+04
    0.2904737510E+03    0.0000000000E+00    0.2802217505E+04
    0.2850438563E+03    0.0000000000E+00    0.2654296776E+04
    0.2795084972E+03    0.0000000000E+00    0.2512941015E+04
    0.2738612788E+03    0.0000000000E+00    0.2377915035E+04
    0.2680951324E+03    0.0000000000E+00    0.2248990020E+04
    0.2651650429E+03    0.0000000000E+00    0.2186745586E+04
    0.2622022120E+03    0.0000000000E+00    0.2125943418E+04
    0.2561737691E+03    0.0000000000E+00    0.2008558822E+04
    0.2995681355E+03    0.1000000000E+01    0.4692416207E+04
    0.3206355723E+03    0.1000000000E+01    0.4573734404E+04
    0.3315565118E+03    0.1000000000E+01    0.4515338206E+04
    0.3427405928E+03    0.1000000000E+01    0.4457564658E+04
    0.3659132698E+03    0.1000000000E+01    0.4343864251E+04
    0.3901839610E+03    0.1000000000E+01    0.4232591014E+04
    0.4155833069E+03    0.1000000000E+01    0.4123703316E+04
    0.4421422275E+03    0.1000000000E+01    0.4017160069E+04
    0.4558662668E+03    0.1000000000E+01    0.3964754918E+04
    0.4698919203E+03    0.1000000000E+01    0.3912920713E+04
    0.4988638577E+03    0.1000000000E+01    0.3810945220E+04
    0.3249272639E+03    0.1000000000E+01    0.4770058279E+04
    0.3444178538E+03    0.1000000000E+01    0.4641242216E+04
    0.3544488204E+03    0.1000000000E+01    0.4577929528E+04
    0.3646726844E+03    0.1000000000E+01    0.4515338206E+04
    0.3857064529E+03    0.1000000000E+01    0.4392293346E+04
    0.4075338560E+03    0.1000000000E+01    0.4272055455E+04
    0.4301695907E+03    0.1000000000E+01    0.4154573071E+04
    0.4536283539E+03    0.1000000000E+01    0.4039795441E+04
    0.4656709641E+03    0.1000000000E+01    0.3983405241E+04
    0.4779248427E+03    0.1000000000E+01    0.3927672518E+04
    0.5030737539E+03    0.1000000000E+01    0.3818154952E+04
    0.2718536532E+03    0.1000000000E+01    0.2907265069E+04
    0.2949418290E+03    0.1000000000E+01    0.2988690531E+04
    0.3069616828E+03    0.1000000000E+01    0.3030110449E+04
    0.3193055922E+03    0.1000000000E+01    0.3072007628E+04
    0.3449863392E+03    0.1000000000E+01    0.3157251355E+04
    0.3720258098E+03    0.1000000000E+01    0.3244457190E+04
    0.4004660949E+03    0.1000000000E+01    0.3333661098E+04
    0.4303496429E+03    0.1000000000E+01    0.3424899536E+04
    0.4458460043E+03    0.1000000000E+01    0.3471293233E+04
    0.4617192635E+03    0.1000000000E+01    0.3518209459E+04
    0.4946181306E+03    0.1000000000E+01    0.3613628321E+04
