Descriptor coordinates by the model of dimension:     1
    0.3691072363E+01
    0.3575788413E+01
    0.4315608357E+01
    0.3778011513E+01
    0.3837236290E+01
    0.3964259045E+01
    0.3736774847E+01
    0.3735691051E+01
    0.3775520208E+01
    0.3576048791E+01
    0.4360447271E+01
    0.4076857985E+01
    0.3471521061E+01
    0.3726779962E+01
    0.3813449264E+01
    0.3900928559E+01
    0.4168341569E+01
    0.3879085398E+01
    0.3545668228E+01
    0.3876908305E+01
    0.4575653418E+01
    0.4420653154E+01
    0.3373760792E+01
    0.3493128556E+01
    0.3451498325E+01
    0.3745094014E+01
    0.4250019825E+01
    0.4315497850E+01
    0.3791319480E+01
    0.4259982161E+01
    0.4453617714E+01
    0.3444920824E+01
    0.3578612868E+01
    0.4315182499E+01
Descriptor coordinates by the model of dimension:     2
    0.2709239760E+00    0.9565426656E+02
    0.2796586052E+00    0.9779385102E+02
    0.2317170413E+00    0.9301678789E+02
    0.2646895057E+00    0.9658282609E+02
    0.2606042277E+00    0.1020864543E+03
    0.2522539493E+00    0.1101449275E+03
    0.2676104504E+00    0.1109102178E+03
    0.2676880894E+00    0.1098398923E+03
    0.2648641630E+00    0.1198012705E+03
    0.2796382428E+00    0.1197874770E+03
    0.2293342719E+00    0.9808343981E+02
    0.2452869351E+00    0.8904417126E+02
    0.2880581689E+00    0.1324083942E+03
    0.2683281573E+00    0.1112962025E+03
    0.2622297901E+00    0.1054530303E+03
    0.2563492217E+00    0.1000854651E+03
    0.2399035644E+00    0.8631891192E+02
    0.2577927262E+00    0.1259327992E+03
    0.2820342840E+00    0.1052609474E+03
    0.2579374907E+00    0.9222849083E+02
    0.2185480211E+00    0.6608620690E+02
    0.2262109162E+00    0.6679266521E+02
    0.2964051282E+00    0.9056635249E+02
    0.2862763234E+00    0.8950563996E+02
    0.2897292439E+00    0.8860072017E+02
    0.2670159938E+00    0.1357501237E+03
    0.2352930201E+00    0.1042913406E+03
    0.2317229749E+00    0.1013259328E+03
    0.2637604151E+00    0.1811065197E+03
    0.2347427670E+00    0.1187139562E+03
    0.2245365598E+00    0.1050702811E+03
    0.2902824335E+00    0.1343537415E+03
    0.2794378819E+00    0.1265861290E+03
    0.2317399091E+00    0.9635735594E+02
Descriptor coordinates by the model of dimension:     3
    0.5586557594E+03    0.3688249167E+03    0.1335583999E+01
    0.5342987808E+03    0.3615646345E+03    0.1252052755E+01
    0.6880820065E+03    0.4397417687E+03    0.1215836523E+01
    0.5778343156E+03    0.3603603333E+03    0.5248231535E+00
    0.5984152306E+03    0.4100499167E+03    0.8127659092E+00
    0.6271459696E+03    0.4508541667E+03    0.6766592869E+00
    0.5864491517E+03    0.4380200420E+03    0.6268307062E+00
    0.5834767977E+03    0.4223609900E+03    0.3477737995E+00
    0.5925463945E+03    0.4361855931E+03    0.2819342288E+00
    0.5458549607E+03    0.4342057130E+03    0.8998211045E+00
    0.7017990831E+03    0.4581840035E+03    0.7469759931E+00
    0.6387487826E+03    0.3634040647E+03    0.6607841815E+00
    0.5217777941E+03    0.4826594235E+03    0.1988626846E+01
    0.5702248400E+03    0.4359867769E+03    0.1988626846E+01
    0.5869711032E+03    0.4218121212E+03    0.1988626846E+01
    0.6040266739E+03    0.4082537549E+03    0.1988626846E+01
    0.6571179604E+03    0.3708990724E+03    0.1988626846E+01
    0.6126479631E+03    0.4725754757E+03    0.4372553718E+00
    0.5237419209E+03    0.3538203209E+03    0.1648852939E+01
    0.5931678328E+03    0.3566727273E+03    0.1648852939E+01
    0.7413158092E+03    0.4062980000E+03    0.0000000000E+00
    0.7091505076E+03    0.3678940000E+03    0.0000000000E+00
    0.4982163087E+03    0.3393125000E+03    0.0000000000E+00
    0.5219322908E+03    0.3110500000E+03    0.0000000000E+00
    0.5107605762E+03    0.2977250000E+03    0.0000000000E+00
    0.5779326595E+03    0.4873572939E+03    0.1722253701E+01
    0.6782627441E+03    0.4732688588E+03    0.1722253701E+01
    0.6911698770E+03    0.4716746412E+03    0.1722253701E+01
    0.6010357603E+03    0.5247671840E+03    0.3628379805E+00
    0.6860915199E+03    0.4881818182E+03    0.3628379805E+00
    0.7211911707E+03    0.4756818182E+03    0.3628379805E+00
    0.5032132384E+03    0.3652217295E+03    0.1113677473E+01
    0.5308340920E+03    0.3783116883E+03    0.1113677473E+01
    0.6850917164E+03    0.4404545455E+03    0.1113677473E+01
