Descriptor coordinates by the model of dimension:     1
    0.4177305629E+01
    0.3915952998E+01
    0.4152796538E+01
    0.4244798141E+01
    0.3989229256E+01
    0.4033691254E+01
    0.3820396084E+01
    0.3936762887E+01
    0.3972132926E+01
    0.4163279164E+01
    0.4300192875E+01
    0.3578995634E+01
    0.3638425451E+01
    0.3407436154E+01
    0.3360757877E+01
    0.3993388031E+01
    0.3976200808E+01
Descriptor coordinates by the model of dimension:     2
    0.1855333643E+04    0.6860593983E+03
    0.1584315620E+04    0.5895412029E+03
    0.1798130065E+04    0.6632630339E+03
    0.1901846956E+04    0.6925059505E+03
    0.1733060577E+04    0.6458658746E+03
    0.1765905855E+04    0.6549443106E+03
    0.1527987311E+04    0.5699045882E+03
    0.1628110155E+04    0.6052859548E+03
    0.1679139026E+04    0.6160051769E+03
    0.1847555302E+04    0.6716222382E+03
    0.1961587113E+04    0.7089311734E+03
    0.1382434447E+04    0.5284242462E+03
    0.1380036231E+04    0.5163980392E+03
    0.1220092210E+04    0.4609472935E+03
    0.1191349025E+04    0.4506854874E+03
    0.1714003546E+04    0.6500916243E+03
    0.1636058639E+04    0.6114808214E+03
Descriptor coordinates by the model of dimension:     3
    0.7810004265E+04    0.9767525853E+00    0.1171320312E+02
    0.7054534317E+04    0.8717326853E+00    0.1093329558E+02
    0.7659728241E+04    0.9709941057E+00    0.1169947396E+02
    0.7784807306E+04    0.9355817507E+00    0.1159944767E+02
    0.7253004007E+04    0.8432559048E+00    0.1082114143E+02
    0.7335784361E+04    0.8293073109E+00    0.1069410345E+02
    0.6894701483E+04    0.9763741562E+00    0.1196206277E+02
    0.7113646459E+04    0.9033121445E+00    0.1128045257E+02
    0.7022630441E+04    0.8522669508E+00    0.1116221239E+02
    0.7508286199E+04    0.7985423865E+00    0.1051576547E+02
    0.7888171786E+04    0.1127787611E+01    0.1351172331E+02
    0.6460781700E+04    0.7741935484E+00    0.1017260159E+02
    0.6438385113E+04    0.7811501597E+00    0.1043828537E+02
    0.5677392988E+04    0.7811501597E+00    0.1075834674E+02
    0.5540428689E+04    0.7811501597E+00    0.1080868829E+02
    0.7529289898E+04    0.9379036264E+00    0.1117054846E+02
    0.7339973581E+04    0.9721891650E+00    0.1159817954E+02
