Descriptor coordinates by the model of dimension:     1
    0.3164197957E+00
    0.4519305201E+00
    0.4099500455E+00
    0.3565942930E+00
    0.3156712514E+00
    0.3315739389E+00
    0.3941901999E+00
    0.3988054376E+00
    0.3254993313E+00
    0.3043069223E+00
    0.3195880298E+00
    0.2945224894E+00
    0.3151347483E+00
    0.3136522142E+00
    0.3680931460E+00
    0.4452145042E+00
    0.3888453567E+00
Descriptor coordinates by the model of dimension:     2
    0.4245338088E-02    0.6566668029E-02
    0.4948866104E-02    0.6318731941E-02
    0.4739423844E-02    0.6312101905E-02
    0.4497751124E-02    0.5993861210E-02
    0.4239587354E-02    0.8459121316E-02
    0.4325135977E-02    0.6749166885E-02
    0.4637841532E-02    0.6865891869E-02
    0.4657095997E-02    0.6958994585E-02
    0.4287749060E-02    0.9592277924E-02
    0.4196514375E-02    0.6610361957E-02
    0.4326026674E-02    0.6169858929E-02
    0.4127553965E-02    0.6369484023E-02
    0.4272087091E-02    0.6142292627E-02
    0.4257762199E-02    0.6302044042E-02
    0.4520523175E-02    0.6189999639E-02
    0.4920474945E-02    0.5927826825E-02
    0.4655710229E-02    0.5751385211E-02
Descriptor coordinates by the model of dimension:     3
    0.5318634920E+03    0.1190379748E+04    0.8853960661E-02
    0.7140455068E+03    0.1377181603E+04    0.9266224961E-02
    0.6716000735E+03    0.1081150006E+04    0.6670511875E-02
    0.6171420254E+03    0.8044788210E+03    0.3112475231E-02
    0.5247488122E+03    0.1847846007E+04    0.2212193006E-02
    0.5537813647E+03    0.1117965314E+04    0.2133733470E-01
    0.6490263968E+03    0.1141200465E+04    0.8614813326E-02
    0.6534835706E+03    0.1186586559E+04    0.9533240901E-02
    0.5335088355E+03    0.2117981224E+04    0.4685124697E-02
    0.5301691446E+03    0.8206846968E+03    0.3452652444E-01
    0.5768655413E+03    0.6417116041E+03    0.4755786409E-02
    0.5029946318E+03    0.1148164346E+04    0.9324731699E-02
    0.5592788867E+03    0.9368616752E+03    0.9736973278E-03
    0.5540977768E+03    0.9914669818E+03    0.1055424377E-02
    0.6025205352E+03    0.1136154354E+04    0.1323165795E-01
    0.7041567444E+03    0.1296475185E+04    0.1148350194E-01
    0.6516027565E+03    0.8844514962E+03    0.8810005420E-02
