Descriptor coordinates by the model of dimension:     1
    0.3372876140E+00
    0.3873661955E+00
    0.3607432015E+00
    0.3498556090E+00
    0.3357565027E+00
    0.3155676606E+00
    0.3144299499E+00
    0.3912444937E+00
    0.3836403141E+00
    0.3944932801E+00
    0.3125513209E+00
    0.3518956620E+00
    0.3160551269E+00
    0.2926489388E+00
    0.3132018772E+00
    0.4651739367E+00
    0.3426506156E+00
Descriptor coordinates by the model of dimension:     2
    0.4257081342E+02    0.3825376464E+05
    0.5176884496E+02    0.3298412930E+05
    0.4659778226E+02    0.3442788950E+05
    0.4672338275E+02    0.2632757785E+05
    0.4359430605E+02    0.3035088816E+05
    0.4297173415E+02    0.1685348792E+05
    0.4100878237E+02    0.2370095885E+05
    0.5095108696E+02    0.4304092966E+05
    0.4969731675E+02    0.4325667322E+05
    0.5289308176E+02    0.3828917937E+05
    0.3728430729E+02    0.4985875027E+05
    0.4412479741E+02    0.4701877067E+05
    0.4346182918E+02    0.1539715317E+05
    0.3653606965E+02    0.2601264155E+05
    0.4036853317E+02    0.2640447471E+05
    0.6470667927E+02    0.3889112722E+05
    0.4219921620E+02    0.4832235811E+05
Descriptor coordinates by the model of dimension:     3
    0.4257081342E+02    0.3825376464E+05    0.2235771684E-03
    0.5176884496E+02    0.3298412930E+05    0.7167461082E-04
    0.4659778226E+02    0.3442788950E+05    0.6251489301E-04
    0.4672338275E+02    0.2632757785E+05    0.9244670176E-04
    0.4359430605E+02    0.3035088816E+05    0.9260411917E-04
    0.4297173415E+02    0.1685348792E+05    0.2653318984E-04
    0.4100878237E+02    0.2370095885E+05    0.2315656626E-03
    0.5095108696E+02    0.4304092966E+05    0.1170123633E-03
    0.4969731675E+02    0.4325667322E+05    0.2007136946E-03
    0.5289308176E+02    0.3828917937E+05    0.7124116148E-05
    0.3728430729E+02    0.4985875027E+05    0.1317221845E-02
    0.4412479741E+02    0.4701877067E+05    0.4932568376E-03
    0.4346182918E+02    0.1539715317E+05    0.3259490674E-03
    0.3653606965E+02    0.2601264155E+05    0.2785341186E-03
    0.4036853317E+02    0.2640447471E+05    0.2931655289E-03
    0.6470667927E+02    0.3889112722E+05    0.6428279370E-05
    0.4219921620E+02    0.4832235811E+05    0.3499787928E-03
