Descriptor coordinates by the model of dimension:     1
    0.2288181221E+03
    0.2911997529E+03
    0.2504630796E+03
    0.2511381823E+03
    0.2288701068E+03
    0.2148586707E+03
    0.2101700096E+03
    0.2865998641E+03
    0.2795474067E+03
    0.3067798742E+03
    0.1938783979E+03
    0.2426863857E+03
    0.2173091459E+03
    0.1826803483E+03
    0.2058795192E+03
    0.3817694077E+03
    0.2236558459E+03
Descriptor coordinates by the model of dimension:     2
    0.2578769876E+01    0.8904326663E+01
    0.2317278387E+01    0.9007407407E+01
    0.2465320913E+01    0.9088912926E+01
    0.2508835586E+01    0.8958788534E+01
    0.2640189289E+01    0.8782482993E+01
    0.2692269622E+01    0.8790312500E+01
    0.2633395187E+01    0.9150267698E+01
    0.2346013652E+01    0.8848888889E+01
    0.2377216742E+01    0.8819703704E+01
    0.2281431781E+01    0.8827586207E+01
    0.2750997003E+01    0.8795562130E+01
    0.2531348361E+01    0.8770247934E+01
    0.2665762737E+01    0.8845000000E+01
    0.2754816524E+01    0.9139120000E+01
    0.2625896195E+01    0.9278892734E+01
    0.2009696252E+01    0.8923412812E+01
    0.2603224447E+01    0.8886258455E+01
Descriptor coordinates by the model of dimension:     3
    0.2578769876E+01    0.1510765016E-01    0.6002211015E+00
    0.2317278387E+01    0.1703543364E-01    0.7783745379E+00
    0.2465320913E+01    0.1602176976E-01    0.7090705963E+00
    0.2508835586E+01    0.1565479052E-01    0.6851361990E+00
    0.2640189289E+01    0.1485300792E-01    0.4734264464E+00
    0.2692269622E+01    0.1438233720E-01    0.4253370593E+00
    0.2633395187E+01    0.1463883645E-01    0.8648113339E+00
    0.2346013652E+01    0.1681726527E-01    0.6002373560E+00
    0.2377216742E+01    0.1659358682E-01    0.5901224512E+00
    0.2281431781E+01    0.1703883534E-01    0.6361459468E+00
    0.2750997003E+01    0.1392406860E-01    0.5118954248E+00
    0.2531348361E+01    0.1556379103E-01    0.5101275046E+00
    0.2665762737E+01    0.1430302511E-01    0.5136561818E+00
    0.2754816524E+01    0.1393539638E-01    0.7108304000E+00
    0.2625896195E+01    0.1480959996E-01    0.1042863678E+01
    0.2009696252E+01    0.1896713590E-01    0.7103506590E+00
    0.2603224447E+01    0.1496445693E-01    0.5712642827E+00
