Descriptor coordinates by the model of dimension:     1
    0.4342877406E+01
    0.4851734392E+01
    0.4216059264E+01
    0.4238104225E+01
    0.4715961056E+01
    0.4121621578E+01
    0.4753092748E+01
    0.4138138089E+01
    0.4702198318E+01
    0.4801868045E+01
    0.4845382832E+01
    0.4568717721E+01
    0.4172907057E+01
    0.4172907057E+01
    0.4130243291E+01
    0.4130243291E+01
    0.4578129593E+01
Descriptor coordinates by the model of dimension:     2
    0.1573038729E+00    0.1894452142E+00
    0.2860335836E+00    0.1465565657E-01
    0.1369865785E+00    0.1412704727E-01
    0.1383207964E+00    0.1466703052E-01
    0.2509997168E+00    0.2447431976E+00
    0.1234879467E+00    0.0000000000E+00
    0.2529499069E+00    0.2021030317E+00
    0.1222249383E+00    0.0000000000E+00
    0.2673103905E+00    0.2996654503E+00
    0.2855621187E+00    0.1681969959E-01
    0.2995171473E+00    0.2461277279E-01
    0.2028281932E+00    0.5039970646E+00
    0.1258191799E+00    0.0000000000E+00
    0.1271003388E+00    0.0000000000E+00
    0.1216941997E+00    0.0000000000E+00
    0.1215197084E+00    0.0000000000E+00
    0.2105782550E+00    0.4891927064E+00
Descriptor coordinates by the model of dimension:     3
    0.4247201242E+03    0.2014172380E+00    0.2892392900E+00
    0.6027065455E+03    0.1003391278E-02    0.1753774921E+00
    0.3654572589E+03    0.1003391278E-02    0.1936111864E+00
    0.3754238280E+03    0.1003391278E-02    0.2002527100E+00
    0.5501441972E+03    0.2014172380E+00    0.2049661045E+00
    0.3445675147E+03    0.0000000000E+00    0.1697347157E+00
    0.5397394709E+03    0.2014172380E+00    0.1864422733E+00
    0.3365172240E+03    0.0000000000E+00    0.1520010864E+00
    0.5851133539E+03    0.2014172380E+00    0.1860785874E+00
    0.6065032154E+03    0.1003391278E-02    0.1730277208E+00
    0.6354323261E+03    0.1003391278E-02    0.1727993544E+00
    0.4519567827E+03    0.1000000000E+01    0.1676638177E+00
    0.3415815882E+03    0.0000000000E+00    0.1567065057E+00
    0.3348178196E+03    0.0000000000E+00    0.1283645641E+00
    0.3484168696E+03    0.0000000000E+00    0.1932513098E+00
    0.3423896702E+03    0.0000000000E+00    0.1760726374E+00
    0.4828808518E+03    0.1000000000E+01    0.1772990654E+00
