Descriptor coordinates by the model of dimension:     1
    0.1600466087E+03
    0.1844867134E+03
    0.1951080978E+03
    0.1780992519E+03
    0.1253547795E+03
    0.1546562042E+03
    0.1789838642E+03
    0.1598975831E+03
    0.2182421791E+03
    0.2141941263E+03
    0.2065324165E+03
    0.2228137001E+03
    0.2259338371E+03
    0.1891000285E+03
    0.1852204126E+03
    0.1451321939E+03
    0.1678048162E+03
Descriptor coordinates by the model of dimension:     2
    0.3465293996E+03    0.1091092705E+03
    0.2639600121E+03    0.1091092705E+03
    0.2758889372E+03    0.0000000000E+00
    0.3129335546E+03    0.1142427635E+03
    0.4749133896E+03    0.7111670089E+02
    0.3574085570E+03    0.1091092705E+03
    0.3256681956E+03    0.0000000000E+00
    0.3559961126E+03    0.4539992976E+02
    0.2119794235E+03    0.0000000000E+00
    0.2244034500E+03    0.0000000000E+00
    0.2472198444E+03    0.0000000000E+00
    0.1889521734E+03    0.4539992976E+02
    0.1784662071E+03    0.4539992976E+02
    0.2844907409E+03    0.4539992976E+02
    0.2682171161E+03    0.4539992976E+02
    0.3852136286E+03    0.4539992976E+02
    0.3347594203E+03    0.4539992976E+02
Descriptor coordinates by the model of dimension:     3
    0.3304208723E+02    0.1345724577E+01    0.8869634964E+00
    0.2122798582E+02    0.3789275544E+00    0.3069792845E+00
    0.2176892584E+02    0.3794078850E+00    0.2973698234E+00
    0.2930072295E+02    0.1914400885E+00    0.1839043215E+00
    0.4972960290E+02    0.2294053756E+00    0.2281775841E+00
    0.3286126312E+02    0.7497873955E+00    0.6149637909E+00
    0.2894793191E+02    0.4120512821E+01    0.1282051282E+01
    0.3257772403E+02    0.0000000000E+00    0.0000000000E+00
    0.1227057755E+02    0.0000000000E+00    0.0000000000E+00
    0.1324941213E+02    0.0000000000E+00    0.0000000000E+00
    0.1516952981E+02    0.0000000000E+00    0.0000000000E+00
    0.1067068287E+02    0.0000000000E+00    0.0000000000E+00
    0.8816903550E+01    0.0000000000E+00    0.0000000000E+00
    0.2002099014E+02    0.0000000000E+00    0.0000000000E+00
    0.2736062424E+02    0.9893939394E+01    0.3030303030E+01
    0.4029881458E+02    0.9745454545E+01    0.3030303030E+01
    0.3990099298E+02    0.4432432432E+01    0.1351351351E+01
