Descriptor coordinates by the model of dimension:     1
    0.3594665621E+00
    0.3091618834E+00
    0.4218798460E+00
    0.3723568981E+00
    0.3040388796E+00
    0.3047734513E+00
    0.3527684964E+00
    0.3747349935E+00
    0.3501552841E+00
    0.3087397389E+00
    0.3260239894E+00
    0.3194127690E+00
    0.3330301786E+00
    0.3492941284E+00
    0.4121870589E+00
    0.3927114242E+00
    0.4786950462E+00
    0.4654341398E+00
    0.4588793710E+00
    0.4395362358E+00
    0.4363615516E+00
    0.2917471419E+00
    0.2892390065E+00
    0.2877949689E+00
    0.3105378432E+00
    0.2979512798E+00
    0.3312106378E+00
    0.3639770932E+00
    0.4376898174E+00
    0.4696180281E+00
    0.3619413378E+00
    0.3816129326E+00
    0.4016565742E+00
    0.4428282425E+00
Descriptor coordinates by the model of dimension:     2
    0.2988099928E-02    0.4464650981E-02
    0.2786208629E-02    0.4576910070E-02
    0.3200108471E-02    0.4394328170E-02
    0.3039403783E-02    0.3905539152E-02
    0.2793655505E-02    0.4215638057E-02
    0.2791322933E-02    0.4192263043E-02
    0.2967357064E-02    0.3907169479E-02
    0.3038262404E-02    0.4277813996E-02
    0.2954951121E-02    0.4314158520E-02
    0.2825915927E-02    0.4830763815E-02
    0.2876685269E-02    0.5286210802E-02
    0.2829467806E-02    0.4461400121E-02
    0.2892739583E-02    0.4298843614E-02
    0.2949438850E-02    0.4298843614E-02
    0.3183141892E-02    0.4298843614E-02
    0.3067549716E-02    0.5640076739E-02
    0.3388718415E-02    0.5088362058E-02
    0.3337555668E-02    0.5088362058E-02
    0.3312527347E-02    0.5088362058E-02
    0.3239561120E-02    0.5088362058E-02
    0.3227699306E-02    0.5088362058E-02
    0.2733563668E-02    0.4448439526E-02
    0.2747057988E-02    0.4448439526E-02
    0.2757227318E-02    0.4448439526E-02
    0.2811560890E-02    0.4304881211E-02
    0.2795243021E-02    0.4304881211E-02
    0.2873028774E-02    0.3947851741E-02
    0.3005861767E-02    0.3788198187E-02
    0.3280790956E-02    0.3788198187E-02
    0.3405808929E-02    0.3788198187E-02
    0.2999203882E-02    0.5044109164E-02
    0.3063772768E-02    0.5044109164E-02
    0.3128724443E-02    0.5044109164E-02
    0.3259789855E-02    0.5044109164E-02
Descriptor coordinates by the model of dimension:     3
    0.9171513049E+02    0.5063999026E-01   -0.2944411505E+00
    0.8183625375E+02    0.4429064902E-01   -0.4692181096E+00
    0.1031264439E+03    0.4955509969E-01   -0.2557070872E+00
    0.9392222740E+02    0.3675462568E-01   -0.4013878299E+00
    0.8153873165E+02    0.4897046533E-01   -0.1713592229E+00
    0.8172545231E+02    0.4272978921E-01   -0.2370538994E+00
    0.9048236721E+02    0.3742695440E-01   -0.3349807523E+00
    0.9476574910E+02    0.4855634505E-01   -0.1610471466E+00
    0.9021945046E+02    0.5463988460E-01   -0.1251565042E+00
    0.8154354187E+02    0.8648989674E-01   -0.1027383066E+00
    0.8494385205E+02    0.9259565616E-01   -0.1406896734E+00
    0.8370630672E+02    0.4322885065E-01   -0.3884597761E+00
    0.8800792487E+02    0.5439535838E-01   -0.5679892790E-01
    0.9045490355E+02    0.5271653057E-01   -0.9220248458E-01
    0.1008368385E+03    0.5826779786E-01   -0.4113358019E+00
    0.9725434693E+02    0.7101283613E-01   -0.2319246570E+00
    0.1139759407E+03    0.4604987718E-01   -0.1975568209E+00
    0.1115180534E+03    0.5061452628E-01   -0.1877284242E+00
    0.1102661597E+03    0.5325470225E-01   -0.1829388945E+00
    0.1064121506E+03    0.6313921137E-01   -0.1690604487E+00
    0.1057546904E+03    0.6515552586E-01   -0.1668179207E+00
    0.7855383652E+02    0.5063914831E-01   -0.4700852376E+00
    0.7782634354E+02    0.7170454905E-01   -0.2838210991E+00
    0.7725838093E+02    0.9388076162E-01   -0.1920297796E+00
    0.8320991204E+02    0.5673222933E-01   -0.4110774171E-01
    0.7981974492E+02    0.7412073207E-01   -0.6689352276E-01
    0.8600721927E+02    0.3911883514E-01   -0.3151903768E+00
    0.9315524905E+02    0.4819049462E-01   -0.1255257685E+00
    0.1060645953E+03    0.3915763207E-01   -0.4229548035E+00
    0.1120968329E+03    0.3680108464E-01   -0.6398877021E+00
    0.9236139241E+02    0.6655657986E-01   -0.2140155070E+00
    0.9618240579E+02    0.5913504013E-01   -0.2445096861E+00
    0.9999468580E+02    0.5315765638E-01   -0.2777710812E+00
    0.1075988078E+03    0.4413771645E-01   -0.3530762488E+00
