Descriptor coordinates by the model of dimension:     1
    0.3164197957E+00
    0.4519305201E+00
    0.4099500455E+00
    0.3526323210E+00
    0.3565942930E+00
    0.2981861628E+00
    0.3156712514E+00
    0.3254765138E+00
    0.3315739389E+00
    0.3941901999E+00
    0.3988054376E+00
    0.4033437668E+00
    0.2997728681E+00
    0.3254993313E+00
    0.3386147902E+00
    0.3858087846E+00
    0.4687307054E+00
    0.4523770133E+00
    0.3028927437E+00
    0.3043069223E+00
    0.3172536906E+00
    0.3195880298E+00
    0.2945224894E+00
    0.2908745771E+00
    0.3151347483E+00
    0.3136522142E+00
    0.3072172949E+00
    0.3680931460E+00
    0.4452145042E+00
    0.3888453567E+00
    0.4457184622E+00
    0.3331510733E+00
    0.4220641683E+00
    0.4639418598E+00
Descriptor coordinates by the model of dimension:     2
    0.4245338088E-02    0.6566668029E-02
    0.4948866104E-02    0.6318731941E-02
    0.4739423844E-02    0.6312101905E-02
    0.4434564647E-02    0.7173167377E-02
    0.4497751124E-02    0.5993861210E-02
    0.4151102734E-02    0.6636733147E-02
    0.4239587354E-02    0.8459121316E-02
    0.4293732173E-02    0.6699508991E-02
    0.4325135977E-02    0.6749166885E-02
    0.4637841532E-02    0.6865891869E-02
    0.4657095997E-02    0.6958994585E-02
    0.4676174889E-02    0.7053772809E-02
    0.4153881941E-02    0.1019148667E-01
    0.4287749060E-02    0.9592277924E-02
    0.4354381500E-02    0.9315184201E-02
    0.4586238990E-02    0.8445848726E-02
    0.5027230834E-02    0.6809170893E-02
    0.4931777084E-02    0.7250466112E-02
    0.4186070849E-02    0.6648639370E-02
    0.4196514375E-02    0.6610361957E-02
    0.4303888994E-02    0.6240946755E-02
    0.4326026674E-02    0.6169858929E-02
    0.4127553965E-02    0.6369484023E-02
    0.4104382660E-02    0.7506670502E-02
    0.4272087091E-02    0.6142292627E-02
    0.4257762199E-02    0.6302044042E-02
    0.4203411489E-02    0.7006673983E-02
    0.4520523175E-02    0.6189999639E-02
    0.4920474945E-02    0.5927826825E-02
    0.4655710229E-02    0.5751385211E-02
    0.4928483420E-02    0.5760633563E-02
    0.4337978068E-02    0.8880635794E-02
    0.4804586104E-02    0.6953856439E-02
    0.5018050096E-02    0.6325961630E-02
Descriptor coordinates by the model of dimension:     3
    0.5318634920E+03    0.1190379748E+04    0.8853960661E-02
    0.7140455068E+03    0.1377181603E+04    0.9266224961E-02
    0.6716000735E+03    0.1081150006E+04    0.6670511875E-02
    0.5920718654E+03    0.1251883764E+04    0.3563260036E-02
    0.6171420254E+03    0.8044788210E+03    0.3112475231E-02
    0.5123976679E+03    0.1043089739E+04    0.1212559272E-01
    0.5247488122E+03    0.1847846007E+04    0.2212193006E-02
    0.5456711959E+03    0.1097473093E+04    0.2196914614E-01
    0.5537813647E+03    0.1117965314E+04    0.2133733470E-01
    0.6490263968E+03    0.1141200465E+04    0.8614813326E-02
    0.6534835706E+03    0.1186586559E+04    0.9533240901E-02
    0.6579212441E+03    0.1233777681E+04    0.1051472902E-01
    0.4947470912E+03    0.2272915531E+04    0.3703842228E-02
    0.5335088355E+03    0.2117981224E+04    0.4685124697E-02
    0.5531944914E+03    0.2044520693E+04    0.5234866017E-02
    0.6236687011E+03    0.1806901287E+04    0.7494885934E-02
    0.7373708330E+03    0.1498895209E+04    0.6810682524E-02
    0.7173250951E+03    0.1513959356E+04    0.6383651871E-02
    0.5262045972E+03    0.8376823639E+03    0.3887085342E-01
    0.5301691446E+03    0.8206846968E+03    0.3452652444E-01
    0.5691925616E+03    0.6685685859E+03    0.7347772626E-02
    0.5768655413E+03    0.6417116041E+03    0.4755786409E-02
    0.5029946318E+03    0.1148164346E+04    0.9324731699E-02
    0.4903943249E+03    0.1533211332E+04    0.5165114497E-02
    0.5592788867E+03    0.9368616752E+03    0.9736973278E-03
    0.5540977768E+03    0.9914669818E+03    0.1055424377E-02
    0.5328698703E+03    0.1243624832E+04    0.1428010056E-02
    0.6025205352E+03    0.1136154354E+04    0.1323165795E-01
    0.7041567444E+03    0.1296475185E+04    0.1148350194E-01
    0.6516027565E+03    0.8844514962E+03    0.8810005420E-02
    0.7123594888E+03    0.1145925257E+04    0.2086095353E-01
    0.5446828582E+03    0.2124343808E+04    0.1993118195E-02
    0.6708693417E+03    0.1779999278E+04    0.3612470473E-02
    0.7280311958E+03    0.1645448446E+04    0.4549656894E-02
