Descriptor coordinates by the model of dimension:     1
    0.3528821673E+01
    0.4435342023E+01
    0.4197052092E+01
    0.3829480340E+01
    0.3889999121E+01
    0.3422989633E+01
    0.3536971699E+01
    0.3598270309E+01
    0.3640909456E+01
    0.4103310023E+01
    0.4130064302E+01
    0.4156516320E+01
    0.3404785009E+01
    0.3592779966E+01
    0.3687218607E+01
    0.4019834631E+01
    0.4556609523E+01
    0.4459983290E+01
    0.3469020208E+01
    0.3484972580E+01
    0.3640143464E+01
    0.3670280387E+01
    0.3382631971E+01
    0.3356519531E+01
    0.3621942672E+01
    0.3605010871E+01
    0.3532492855E+01
    0.3868207781E+01
    0.4381508692E+01
    0.4069921419E+01
    0.4404868185E+01
    0.3645476859E+01
    0.4248108738E+01
    0.4516554864E+01
Descriptor coordinates by the model of dimension:     2
    0.2833807125E+00    0.1010208374E-08
    0.2254617558E+00    0.1010208374E-08
    0.2382624705E+00    0.1386172536E-05
    0.2611320365E+00    0.1386172536E-05
    0.2570694668E+00    0.8171276545E-02
    0.2921422813E+00    0.0000000000E+00
    0.2827277358E+00    0.1010208374E-08
    0.2779113058E+00    0.1000000000E+01
    0.2746566516E+00    0.1000000000E+01
    0.2437056899E+00    0.1000000000E+01
    0.2421269808E+00    0.1000000000E+01
    0.2405860877E+00    0.1000000000E+01
    0.2937043007E+00    0.1000000000E+01
    0.2783359987E+00    0.1000000000E+01
    0.2712071365E+00    0.1000000000E+01
    0.2487664523E+00    0.1000000000E+01
    0.2194614208E+00    0.0000000000E+00
    0.2242160867E+00    0.0000000000E+00
    0.2882658330E+00    0.0000000000E+00
    0.2869463036E+00    0.0000000000E+00
    0.2747144474E+00    0.0000000000E+00
    0.2724587482E+00    0.0000000000E+00
    0.2956277858E+00    0.0000000000E+00
    0.2979276571E+00    0.0000000000E+00
    0.2760949277E+00    0.0000000000E+00
    0.2773916739E+00    0.0000000000E+00
    0.2830862060E+00    0.0000000000E+00
    0.2585176538E+00    0.1000000000E+01
    0.2282318877E+00    0.1000000000E+01
    0.2457049896E+00    0.1000000000E+01
    0.2270215493E+00    0.1000000000E+01
    0.2743125354E+00    0.1000000000E+01
    0.2353988708E+00    0.1000000000E+01
    0.2214076946E+00    0.1000000000E+01
Descriptor coordinates by the model of dimension:     3
    0.2903445500E+04    0.1010208374E-08    0.1762779784E+01
    0.5005856527E+04    0.1010208374E-08    0.2989101575E+01
    0.4306476890E+04    0.1386172536E-05    0.1695328671E+00
    0.3395253222E+04    0.1386172536E-05    0.6638605695E-01
    0.3546014869E+04    0.8171276545E-02    0.1507157066E-01
    0.2629524758E+04    0.0000000000E+00    0.5373698798E+01
    0.2608763696E+04    0.1010208374E-08    0.6451203443E-01
    0.3082533016E+04    0.1000000000E+01    0.2166810164E+01
    0.3171446835E+04    0.1000000000E+01    0.2043971556E+01
    0.4074163531E+04    0.1000000000E+01    0.1105482910E+00
    0.4142865728E+04    0.1000000000E+01    0.1353759215E+00
    0.4211388867E+04    0.1000000000E+01    0.1646859162E+00
    0.2415593093E+04    0.1000000000E+01    0.1436488369E+00
    0.2843318158E+04    0.1000000000E+01    0.2298473309E+00
    0.3077254037E+04    0.1000000000E+01    0.2869513668E+00
    0.4010758733E+04    0.1000000000E+01    0.5882029679E+00
    0.5396461415E+04    0.0000000000E+00    0.3257066022E+02
    0.5161832658E+04    0.0000000000E+00    0.2861433644E+02
    0.2667601798E+04    0.0000000000E+00    0.5026482350E+01
    0.2693007529E+04    0.0000000000E+00    0.3965717158E+01
    0.2947064843E+04    0.0000000000E+00    0.1796087242E+00
    0.2997876306E+04    0.0000000000E+00    0.7524206276E-01
    0.2660235003E+04    0.0000000000E+00    0.2114454667E+02
    0.2443072962E+04    0.0000000000E+00    0.6487622862E+01
    0.2907688055E+04    0.0000000000E+00    0.1821095204E-01
    0.2854821000E+04    0.0000000000E+00    0.2139631268E-01
    0.2643352778E+04    0.0000000000E+00    0.3916942767E-01
    0.3614563625E+04    0.1000000000E+01    0.1813486517E+01
    0.4810528686E+04    0.1000000000E+01    0.1365949038E+01
    0.3913061978E+04    0.1000000000E+01    0.3096037311E-01
    0.4724316459E+04    0.1000000000E+01    0.1735889779E+00
    0.2885355220E+04    0.1000000000E+01    0.1591055894E+00
    0.4431259568E+04    0.1000000000E+01    0.5226704429E+00
    0.5278285677E+04    0.1000000000E+01    0.8290421694E+00
