Descriptor coordinates by the model of dimension:     1
    0.1683562100E+02
    0.1548701338E+02
    0.1563409383E+02
    0.1607068996E+02
    0.1601863482E+02
    0.1700489147E+02
    0.1668843340E+02
    0.1659061961E+02
    0.1649450890E+02
    0.1557413088E+02
    0.1552872871E+02
    0.1548408875E+02
    0.1680599852E+02
    0.1642960775E+02
    0.1625224538E+02
    0.1568062351E+02
    0.1529619375E+02
    0.1530169114E+02
    0.1690300914E+02
    0.1686349675E+02
    0.1646767222E+02
    0.1638835447E+02
    0.1710227241E+02
    0.1708468515E+02
    0.1652154250E+02
    0.1656099157E+02
    0.1670858024E+02
    0.1629695508E+02
    0.1560396419E+02
    0.1585301031E+02
    0.1551039890E+02
    0.1651600985E+02
    0.1574329487E+02
    0.1543672865E+02
Descriptor coordinates by the model of dimension:     2
    0.1215259286E+02    0.5482809683E+03
    0.1131384466E+02    0.6551456886E+03
    0.1138568980E+02    0.8440338540E+03
    0.1165759434E+02    0.7487215276E+03
    0.1159284724E+02    0.8664009336E+03
    0.1223948346E+02    0.4617653637E+03
    0.1204634724E+02    0.7042267353E+03
    0.1200679840E+02    0.5957449583E+03
    0.1194871383E+02    0.5957449583E+03
    0.1135355791E+02    0.8976790986E+03
    0.1132769150E+02    0.8976790986E+03
    0.1130200316E+02    0.8976790986E+03
    0.1212451683E+02    0.5857028935E+03
    0.1190169907E+02    0.5857028935E+03
    0.1179442614E+02    0.5857028935E+03
    0.1143849372E+02    0.5857028935E+03
    0.1118890172E+02    0.7587510544E+03
    0.1119292297E+02    0.7587510544E+03
    0.1216615238E+02    0.3678754358E+03
    0.1213771284E+02    0.3678754358E+03
    0.1185281318E+02    0.3678754358E+03
    0.1179572324E+02    0.3678754358E+03
    0.1230957461E+02    0.5030775792E+03
    0.1229691596E+02    0.5030775792E+03
    0.1189158699E+02    0.7580462437E+03
    0.1191998095E+02    0.7580462437E+03
    0.1202620974E+02    0.7580462437E+03
    0.1182687244E+02    0.5723854644E+03
    0.1138950154E+02    0.5723854644E+03
    0.1150469703E+02    0.8624805977E+03
    0.1131432052E+02    0.8624805977E+03
    0.1195280256E+02    0.6096058820E+03
    0.1147687864E+02    0.6096058820E+03
    0.1128017826E+02    0.6096058820E+03
Descriptor coordinates by the model of dimension:     3
    0.1215259286E+02    0.5482809683E+03    0.7111670089E+02
    0.1131384466E+02    0.6551456886E+03    0.7111670089E+02
    0.1138568980E+02    0.8440338540E+03    0.1091092705E+03
    0.1165759434E+02    0.7487215276E+03    0.1150640330E+03
    0.1159284724E+02    0.8664009336E+03    0.1142427635E+03
    0.1223948346E+02    0.4617653637E+03    0.1142427635E+03
    0.1204634724E+02    0.7042267353E+03    0.1142427635E+03
    0.1200679840E+02    0.5957449583E+03    0.0000000000E+00
    0.1194871383E+02    0.5957449583E+03    0.0000000000E+00
    0.1135355791E+02    0.8976790986E+03    0.0000000000E+00
    0.1132769150E+02    0.8976790986E+03    0.0000000000E+00
    0.1130200316E+02    0.8976790986E+03    0.0000000000E+00
    0.1212451683E+02    0.5857028935E+03    0.4539992976E+02
    0.1190169907E+02    0.5857028935E+03    0.4539992976E+02
    0.1179442614E+02    0.5857028935E+03    0.4539992976E+02
    0.1143849372E+02    0.5857028935E+03    0.4539992976E+02
    0.1118890172E+02    0.7587510544E+03    0.4539992976E+02
    0.1119292297E+02    0.7587510544E+03    0.4539992976E+02
    0.1216615238E+02    0.3678754358E+03    0.0000000000E+00
    0.1213771284E+02    0.3678754358E+03    0.0000000000E+00
    0.1185281318E+02    0.3678754358E+03    0.0000000000E+00
    0.1179572324E+02    0.3678754358E+03    0.0000000000E+00
    0.1230957461E+02    0.5030775792E+03    0.4539992976E+02
    0.1229691596E+02    0.5030775792E+03    0.4539992976E+02
    0.1189158699E+02    0.7580462437E+03    0.4539992976E+02
    0.1191998095E+02    0.7580462437E+03    0.4539992976E+02
    0.1202620974E+02    0.7580462437E+03    0.4539992976E+02
    0.1182687244E+02    0.5723854644E+03    0.4539992976E+02
    0.1138950154E+02    0.5723854644E+03    0.4539992976E+02
    0.1150469703E+02    0.8624805977E+03    0.4539992976E+02
    0.1131432052E+02    0.8624805977E+03    0.4539992976E+02
    0.1195280256E+02    0.6096058820E+03    0.0000000000E+00
    0.1147687864E+02    0.6096058820E+03    0.0000000000E+00
    0.1128017826E+02    0.6096058820E+03    0.0000000000E+00
