Descriptor coordinates by the model of dimension:     1
    0.1569444912E+02
    0.1633032861E+02
    0.1590468838E+02
    0.1633284300E+02
    0.1616843344E+02
    0.1614311340E+02
    0.1563731252E+02
    0.1629950230E+02
    0.1651639261E+02
    0.1541562148E+02
    0.1674262679E+02
    0.1586884377E+02
    0.1587144015E+02
    0.1578531396E+02
    0.1570334069E+02
    0.1562269608E+02
    0.1607725674E+02
    0.1586429590E+02
    0.1661402183E+02
    0.1608146836E+02
    0.1575799938E+02
    0.1545619300E+02
    0.1531042892E+02
    0.1662615488E+02
    0.1650731199E+02
    0.1709851010E+02
    0.1648107267E+02
    0.1689934044E+02
    0.1695476109E+02
    0.1688742535E+02
    0.1611449230E+02
    0.1544483038E+02
    0.1595980761E+02
    0.1642368782E+02
Descriptor coordinates by the model of dimension:     2
    0.2353836848E-02    0.6981284737E+01
    0.2776342656E-02    0.1220940378E+02
    0.2499879069E-02    0.8376252235E+01
    0.2954057069E-02    0.9093883728E+01
    0.2683239594E-02    0.1074003727E+02
    0.2901764505E-02    0.7958780890E+01
    0.2431614007E-02    0.7100573095E+01
    0.2826753949E-02    0.1058092479E+02
    0.2859924353E-02    0.1123816839E+02
    0.2087291120E-02    0.7015658168E+01
    0.3004685727E-02    0.1421560680E+02
    0.2564662682E-02    0.7314284620E+01
    0.2520109143E-02    0.7983504278E+01
    0.2305835822E-02    0.9555677755E+01
    0.2237805257E-02    0.9163608234E+01
    0.2170344118E-02    0.8787984925E+01
    0.2702047768E-02    0.9637395216E+01
    0.2563538886E-02    0.8918057349E+01
    0.3042846552E-02    0.1383443957E+02
    0.2612341292E-02    0.1081113767E+02
    0.2320919088E-02    0.9266112920E+01
    0.2041612712E-02    0.7991506417E+01
    0.1931753235E-02    0.6889174275E+01
    0.2909327037E-02    0.1217878392E+02
    0.2843375969E-02    0.1144767365E+02
    0.3204654297E-02    0.1705930746E+02
    0.2847792847E-02    0.1089170056E+02
    0.3183683390E-02    0.1391691025E+02
    0.3238072577E-02    0.1502053701E+02
    0.3148420906E-02    0.1445273200E+02
    0.2791660675E-02    0.7847207460E+01
    0.2262584980E-02    0.4690527483E+01
    0.2816141474E-02    0.7930907587E+01
    0.3068057999E-02    0.9633317787E+01
Descriptor coordinates by the model of dimension:     3
    0.2353836848E-02    0.4709018743E+01   -0.7740669928E+01
    0.2776342656E-02    0.7707352965E+01   -0.7230340270E+01
    0.2499879069E-02    0.5501564237E+01   -0.7697193786E+01
    0.2954057069E-02    0.5932494543E+01   -0.7220514141E+01
    0.2683239594E-02    0.6671212117E+01   -0.7356872722E+01
    0.2901764505E-02    0.5140552700E+01   -0.7628209613E+01
    0.2431614007E-02    0.4577877120E+01   -0.7899617466E+01
    0.2826753949E-02    0.6526630475E+01   -0.7698678910E+01
    0.2859924353E-02    0.6781359213E+01   -0.7362312697E+01
    0.2087291120E-02    0.4649740256E+01   -0.7889657528E+01
    0.3004685727E-02    0.8779324454E+01   -0.7228990306E+01
    0.2564662682E-02    0.4892720090E+01   -0.7670849115E+01
    0.2520109143E-02    0.5273266924E+01   -0.7672076431E+01
    0.2305835822E-02    0.6168959426E+01   -0.7465258733E+01
    0.2237805257E-02    0.5947331592E+01   -0.7465258733E+01
    0.2170344118E-02    0.5735436243E+01   -0.7465258733E+01
    0.2702047768E-02    0.5807707904E+01   -0.8124837927E+01
    0.2563538886E-02    0.5463530681E+01   -0.8124837927E+01
    0.3042846552E-02    0.8696484490E+01   -0.7517217667E+01
    0.2612341292E-02    0.6900610857E+01   -0.7517217667E+01
    0.2320919088E-02    0.6008954317E+01   -0.7517217667E+01
    0.2041612712E-02    0.5286528509E+01   -0.7517217667E+01
    0.1931753235E-02    0.4659307760E+01   -0.8169745649E+01
    0.2909327037E-02    0.7377797011E+01   -0.7314329987E+01
    0.2843375969E-02    0.6898846421E+01   -0.7314329987E+01
    0.3204654297E-02    0.1059778658E+02   -0.6825738088E+01
    0.2847792847E-02    0.6566055273E+01   -0.7772778153E+01
    0.3183683390E-02    0.8629324630E+01   -0.7772778153E+01
    0.3238072577E-02    0.9359650083E+01   -0.7772778153E+01
    0.3148420906E-02    0.9036147487E+01   -0.7521438888E+01
    0.2791660675E-02    0.5219036435E+01   -0.7521438888E+01
    0.2262584980E-02    0.3416663203E+01   -0.7521438888E+01
    0.2816141474E-02    0.4937622100E+01   -0.8058099219E+01
    0.3068057999E-02    0.6245591905E+01   -0.7481218339E+01
