Version SISSO.3.0.2, June, 2020.
================================================================================

Reading data from train.dat ...
Reading parameters from SISSO.in: 
--------------------------------------------------------------------------------
Restarts :     F
Descriptor dimension:        3
Property type:     1
Total number of properties:        1
Task_weighting:        1
Number of samples for each property:      136
Number of scalar features:       33
Number of recursive calls for feature transformation (rung of the feature space):        2
Max feature complexity (number of operators in a feature):       10
Number of dimension(unit)-type (for dimension analysis):       11
Dimension type for each primary feature: 
  1.00  0.00  0.00  0.00  0.00  0.00  0.00  0.00  0.00  0.00  0.00
  1.00  0.00  0.00  0.00  0.00  0.00  0.00  0.00  0.00  0.00  0.00
  1.00  0.00  0.00  0.00  0.00  0.00  0.00  0.00  0.00  0.00  0.00
  0.00  1.00  0.00  0.00  0.00  0.00  0.00  0.00  0.00  0.00  0.00
  0.00  1.00  0.00  0.00  0.00  0.00  0.00  0.00  0.00  0.00  0.00
  0.00  1.00  0.00  0.00  0.00  0.00  0.00  0.00  0.00  0.00  0.00
  0.00  0.00  1.00  0.00  0.00  0.00  0.00  0.00  0.00  0.00  0.00
  0.00  0.00  1.00  0.00  0.00  0.00  0.00  0.00  0.00  0.00  0.00
  0.00  0.00  1.00  0.00  0.00  0.00  0.00  0.00  0.00  0.00  0.00
  0.00  0.00  0.00  1.00  0.00  0.00  0.00  0.00  0.00  0.00  0.00
  0.00  0.00  0.00  1.00  0.00  0.00  0.00  0.00  0.00  0.00  0.00
  0.00  0.00  0.00  1.00  0.00  0.00  0.00  0.00  0.00  0.00  0.00
  0.00  0.00  0.00  0.00  1.00  0.00  0.00  0.00  0.00  0.00  0.00
  0.00  0.00  0.00  0.00  1.00  0.00  0.00  0.00  0.00  0.00  0.00
  0.00  0.00  0.00  0.00  1.00  0.00  0.00  0.00  0.00  0.00  0.00
  0.00  0.00  0.00  0.00  0.00  1.00  0.00  0.00  0.00  0.00  0.00
  0.00  0.00  0.00  0.00  0.00  1.00  0.00  0.00  0.00  0.00  0.00
  0.00  0.00  0.00  0.00  0.00  1.00  0.00  0.00  0.00  0.00  0.00
  0.00  0.00  0.00  0.00  0.00  0.00  1.00  0.00  0.00  0.00  0.00
  0.00  0.00  0.00  0.00  0.00  0.00  1.00  0.00  0.00  0.00  0.00
  0.00  0.00  0.00  0.00  0.00  0.00  1.00  0.00  0.00  0.00  0.00
  0.00  0.00  0.00  0.00  0.00  0.00  0.00  1.00  0.00  0.00  0.00
  0.00  0.00  0.00  0.00  0.00  0.00  0.00  1.00  0.00  0.00  0.00
  0.00  0.00  0.00  0.00  0.00  0.00  0.00  1.00  0.00  0.00  0.00
  0.00  0.00  0.00  0.00  0.00  0.00  0.00  0.00  1.00  0.00  0.00
  0.00  0.00  0.00  0.00  0.00  0.00  0.00  0.00  1.00  0.00  0.00
  0.00  0.00  0.00  0.00  0.00  0.00  0.00  0.00  1.00  0.00  0.00
  0.00  0.00  0.00  0.00  0.00  0.00  0.00  0.00  0.00  1.00  0.00
  0.00  0.00  0.00  0.00  0.00  0.00  0.00  0.00  0.00  1.00  0.00
  0.00  0.00  0.00  0.00  0.00  0.00  0.00  0.00  0.00  1.00  0.00
  0.00  0.00  0.00  0.00  0.00  0.00  0.00  0.00  0.00  0.00  1.00
  0.00  0.00  0.00  0.00  0.00  0.00  0.00  0.00  0.00  0.00  1.00
  0.00  0.00  0.00  0.00  0.00  0.00  0.00  0.00  0.00  0.00  1.00
Lower bound of the max abs. data value for the selected features:     0.10000E-02
Upper bound of the max abs. data value for the selected features:     0.10000E+06
Size of the SIS-selected (single) subspace :     1000    1000    1000
Operators for feature construction: (+)(-)(*)(/)(exp)(^-1)(^2)(^3)(sqrt)(log)(^6) (+)(-)(*)(/)(exp)(^-1)(^2)(^3)(sqrt)(log)(^6) 
Method for sparsification:  L0        
Number of the top ranked models to output:      100
Fitting intercept?      T
Metric for model selection: RMSE
--------------------------------------------------------------------------------

Feature Construction and Descriptor Identification (FCDI) starts ...

iteration:   1
--------------------------------------------------------------------------------
FC starts ...
Standard Deviation (SD) of property 001:    0.10230
Total number of features in the space phi00:             33
Total number of features in the space phi01:           1835
Total number of features in the space phi02:        4687788
Size of the SIS-selected subspace from phi02:       1000
Wall-clock time (second) for this FC:            0.58
FC done!

DI starts ...
total number of SIS-selected features from all iterations:       1000
L0 starts ...

Model/descriptor for generating residual:
================================================================================
  1D descriptor (model): 
Total RMSE,MaxAE:   0.028901  0.083135
@@@descriptor: 
                      1:[((en_allen_avg*lattice_constant_avg)/log(valence_avg))]
       coefficients_001:    -0.1735493065E+00
          Intercept_001:     0.3114071076E+01
         RMSE,MaxAE_001:     0.2890136047E-01    0.8313501002E-01
================================================================================
Wall-clock time (second) for this DI:            0.05
DI done!

iteration:   2
--------------------------------------------------------------------------------
FC starts ...
File containing the features to be rejected: feature_space/Uspace.name
Total number of features in the space phi00:             33
Total number of features in the space phi01:           1835
Total number of features in the space phi02:        4687788
Size of the SIS-selected subspace from phi02:       1000
Wall-clock time (second) for this FC:            0.59
FC done!

DI starts ...
total number of SIS-selected features from all iterations:       2000
L0 starts ...

Model/descriptor for generating residual:
================================================================================
  2D descriptor (model): 
Total RMSE,MaxAE:   0.024976  0.068296
@@@descriptor: 
                    197:[(log(en_pauling_avg)/exp(valence_avg))]
                    492:[((heat_of_formation_avg/density_avg)/exp(en_pauling_avg))]
       coefficients_001:    -0.1446293533E+03   -0.1343052244E-01
          Intercept_001:     0.8345266754E+00
         RMSE,MaxAE_001:     0.2497649108E-01    0.6829643253E-01
================================================================================
Wall-clock time (second) for this DI:            0.50
DI done!

iteration:   3
--------------------------------------------------------------------------------
FC starts ...
File containing the features to be rejected: feature_space/Uspace.name
Total number of features in the space phi00:             33
Total number of features in the space phi01:           1835
Total number of features in the space phi02:        4687788
Size of the SIS-selected subspace from phi02:       1000
Wall-clock time (second) for this FC:            0.61
FC done!

DI starts ...
total number of SIS-selected features from all iterations:       3000
L0 starts ...

Final model/descriptor to report
================================================================================
  3D descriptor (model): 
Total RMSE,MaxAE:   0.022230  0.061394
@@@descriptor: 
                    197:[(log(en_pauling_avg)/exp(valence_avg))]
                    930:[((heat_of_formation_avg/density_avg)/(valence_avg*en_pauling_avg))]
                   2105:[((valence_red/electron_affinity_red)/log(electron_affinity_red))]
       coefficients_001:    -0.1605866353E+03   -0.2724732602E-01    0.5057841593E-01
          Intercept_001:     0.1300420642E+01
         RMSE,MaxAE_001:     0.2223010466E-01    0.6139365889E-01
================================================================================
Wall-clock time (second) for this DI:         1415.37
DI done!

FCDI done !

--------------------------------------------------------------------------------
Total wall-clock time (second):         1420.52

                                               Have a nice day !    

