Descriptor coordinates by the model of dimension:     1
    0.1590159182E+02
    0.1656699424E+02
    0.1630684438E+02
    0.1625490565E+02
    0.1540114103E+02
    0.1567271972E+02
    0.1566734114E+02
    0.1530825117E+02
    0.1702146991E+02
    0.1694250880E+02
    0.1678443374E+02
    0.1710164908E+02
    0.1704508027E+02
    0.1639707074E+02
    0.1658364304E+02
    0.1593843765E+02
    0.1607114996E+02
Descriptor coordinates by the model of dimension:     2
    0.1342369007E-01    0.2831171544E+00
    0.1488285628E-01    0.3707535585E+00
    0.1435981384E-01    0.3672803089E+00
    0.1429669279E-01    0.3317570817E+00
    0.1241933296E-01    0.2900650503E+00
    0.1289430796E-01    0.3436566520E+00
    0.1293637405E-01    0.5365758725E+00
    0.1209816650E-01    0.2826345566E+00
    0.1600245699E-01    0.3910884513E+00
    0.1580514108E-01    0.3600526104E+00
    0.1543150895E-01    0.3107343464E+00
    0.1619523310E-01    0.3104641679E+00
    0.1596779886E-01    0.3798742121E+00
    0.1457961719E-01    0.2926474393E+00
    0.1494861362E-01    0.3525489200E+00
    0.1350676430E-01    0.2643294725E+00
    0.1392279409E-01    0.4478829499E+00
Descriptor coordinates by the model of dimension:     3
    0.1590159182E+02    0.5396815039E-03    0.1098142942E+05
    0.1656699424E+02    0.5851749212E-03    0.6915642866E+04
    0.1630684438E+02    0.1070848148E-02    0.1808936878E+04
    0.1625490565E+02    0.1075338144E-02    0.1800535306E+04
    0.1540114103E+02    0.7768511633E-03    0.3521526599E+04
    0.1567271972E+02    0.5858516098E-03    0.1160970500E+05
    0.1566734114E+02    0.1602774855E-02    0.1193299889E+04
    0.1530825117E+02    0.0000000000E+00    0.6526166220E+05
    0.1702146991E+02    0.0000000000E+00    0.6865469840E+04
    0.1694250880E+02    0.0000000000E+00    0.6865469840E+04
    0.1678443374E+02    0.0000000000E+00    0.6865469840E+04
    0.1710164908E+02    0.0000000000E+00    0.3984963090E+05
    0.1704508027E+02    0.0000000000E+00    0.3984963090E+05
    0.1639707074E+02    0.0000000000E+00    0.3282665885E+05
    0.1658364304E+02    0.7921172334E-03    0.1164769761E+05
    0.1593843765E+02    0.7133346015E-03    0.1164769761E+05
    0.1607114996E+02    0.1472109493E-02    0.8867554435E+03
