Descriptor coordinates by the model of dimension:     1
    0.3951441667E+00
    0.3365076858E+00
    0.3380275651E+00
    0.3398023762E+00
    0.4574567814E+00
    0.4086963537E+00
    0.3847315579E+00
    0.4332015829E+00
    0.2985166404E+00
    0.3014563823E+00
    0.3070691955E+00
    0.2935753877E+00
    0.2884891017E+00
    0.3192955051E+00
    0.3403238694E+00
    0.4061038777E+00
    0.3556194911E+00
Descriptor coordinates by the model of dimension:     2
    0.5298079731E+02    0.3281962027E+05
    0.4252126187E+02    0.3504299657E+05
    0.4535734788E+02    0.2314319491E+05
    0.4690290179E+02    0.1825183285E+05
    0.6381724528E+02    0.3435972134E+05
    0.5428764517E+02    0.4159079264E+05
    0.5268948351E+02    0.2929199792E+05
    0.5939086294E+02    0.3608958033E+05
    0.3862465919E+02    0.2009925266E+05
    0.3937007874E+02    0.1929184820E+05
    0.4085956416E+02    0.1777303877E+05
    0.3699136868E+02    0.2419830607E+05
    0.3413524057E+02    0.3734065328E+05
    0.4419384334E+02    0.1556434363E+05
    0.4431948698E+02    0.2842662440E+05
    0.5460696517E+02    0.3369381772E+05
    0.4946341463E+02    0.1998124359E+05
Descriptor coordinates by the model of dimension:     3
    0.1455147400E+04    0.3281962027E+05   -0.6915407340E-01
    0.1168137940E+04    0.3504299657E+05   -0.7696301483E-01
    0.1226483877E+04    0.2314319491E+05   -0.8701233276E-01
    0.1245864778E+04    0.1825183285E+05   -0.9597817755E-01
    0.1740353315E+04    0.3435972134E+05   -0.9197555238E-01
    0.1488280541E+04    0.4159079264E+05   -0.8738108386E-01
    0.1422150912E+04    0.2929199792E+05   -0.1032758887E+00
    0.1629014400E+04    0.3608958033E+05   -0.7712827597E-01
    0.1058122500E+04    0.2009925266E+05   -0.1057561583E+00
    0.1073540000E+04    0.1929184820E+05   -0.1057561583E+00
    0.1103760000E+04    0.1777303877E+05   -0.1057561583E+00
    0.1018152000E+04    0.2419830607E+05   -0.7581725634E-01
    0.9364320000E+03    0.3734065328E+05   -0.7913772012E-01
    0.1166278500E+04    0.1556434363E+05   -0.1077352478E+00
    0.1218762070E+04    0.2842662440E+05   -0.6370099033E-01
    0.1499409408E+04    0.3369381772E+05   -0.6530497210E-01
    0.1310574720E+04    0.1998124359E+05   -0.1030205415E+00
