Descriptor coordinates by the model of dimension:     1
    0.2072537769E+03
    0.3670935717E+03
    0.3184368619E+03
    0.2504630796E+03
    0.2598795138E+03
    0.1913509376E+03
    0.1970722982E+03
    0.2217672414E+03
    0.2286897081E+03
    0.3069177298E+03
    0.3128759306E+03
    0.3188505343E+03
    0.1793172107E+03
    0.2092746322E+03
    0.2255343750E+03
    0.2896614374E+03
    0.3933491686E+03
    0.3765451664E+03
    0.1987130961E+03
    0.2005752346E+03
    0.2191656590E+03
    0.2228770021E+03
    0.1871943765E+03
    0.1780063291E+03
    0.2123552124E+03
    0.2094322060E+03
    0.1974723539E+03
    0.2621163995E+03
    0.3549716437E+03
    0.2907027692E+03
    0.3567337764E+03
    0.2131469926E+03
    0.3207319436E+03
    0.3786389701E+03
Descriptor coordinates by the model of dimension:     2
    0.2632318536E+01    0.9216299822E+01
    0.2058864891E+01    0.8923494794E+01
    0.2288523496E+01    0.8872592593E+01
    0.2553221180E+01    0.8779664684E+01
    0.2532124524E+01    0.8814058957E+01
    0.2715601198E+01    0.9149687500E+01
    0.2749704741E+01    0.8844497323E+01
    0.2575331854E+01    0.9153741497E+01
    0.2550102978E+01    0.9126379494E+01
    0.2337782900E+01    0.8756232687E+01
    0.2310521749E+01    0.8749338374E+01
    0.2282905778E+01    0.8741379310E+01
    0.2823212846E+01    0.8800000000E+01
    0.2678088566E+01    0.8788964044E+01
    0.2604783749E+01    0.8780452675E+01
    0.2348686757E+01    0.8738563327E+01
    0.1990267503E+01    0.8822916667E+01
    0.2049380910E+01    0.8788888889E+01
    0.2685728926E+01    0.9135000000E+01
    0.2683926404E+01    0.9106000000E+01
    0.2663525850E+01    0.8816000000E+01
    0.2658918886E+01    0.8758000000E+01
    0.2714402334E+01    0.9233280000E+01
    0.2794995178E+01    0.9044000000E+01
    0.2718687135E+01    0.8735250000E+01
    0.2731238780E+01    0.8741520000E+01
    0.2780248016E+01    0.8764000000E+01
    0.2403013428E+01    0.9206584362E+01
    0.2088224827E+01    0.8992152200E+01
    0.2399443883E+01    0.8916460905E+01
    0.2130676321E+01    0.8920604915E+01
    0.2652512564E+01    0.8877551020E+01
    0.2211450831E+01    0.8896121884E+01
    0.2023102725E+01    0.8869434071E+01
Descriptor coordinates by the model of dimension:     3
    0.2632318536E+01    0.9216299822E+01    0.2249188659E-04
    0.2058864891E+01    0.8923494794E+01    0.8493704057E-05
    0.2288523496E+01    0.8872592593E+01    0.2413939086E-03
    0.2553221180E+01    0.8779664684E+01    0.3886999567E-03
    0.2532124524E+01    0.8814058957E+01    0.1297471795E-02
    0.2715601198E+01    0.9149687500E+01    0.0000000000E+00
    0.2749704741E+01    0.8844497323E+01    0.5640194201E-03
    0.2575331854E+01    0.9153741497E+01    0.1694060000E+00
    0.2550102978E+01    0.9126379494E+01    0.1694060000E+00
    0.2337782900E+01    0.8756232687E+01    0.4260000000E+00
    0.2310521749E+01    0.8749338374E+01    0.4260000000E+00
    0.2282905778E+01    0.8741379310E+01    0.4260000000E+00
    0.2823212846E+01    0.8800000000E+01    0.1012418434E-04
    0.2678088566E+01    0.8788964044E+01    0.1012418434E-04
    0.2604783749E+01    0.8780452675E+01    0.1012418434E-04
    0.2348686757E+01    0.8738563327E+01    0.1012418434E-04
    0.1990267503E+01    0.8822916667E+01    0.0000000000E+00
    0.2049380910E+01    0.8788888889E+01    0.0000000000E+00
    0.2685728926E+01    0.9135000000E+01    0.0000000000E+00
    0.2683926404E+01    0.9106000000E+01    0.0000000000E+00
    0.2663525850E+01    0.8816000000E+01    0.0000000000E+00
    0.2658918886E+01    0.8758000000E+01    0.0000000000E+00
    0.2714402334E+01    0.9233280000E+01    0.0000000000E+00
    0.2794995178E+01    0.9044000000E+01    0.0000000000E+00
    0.2718687135E+01    0.8735250000E+01    0.0000000000E+00
    0.2731238780E+01    0.8741520000E+01    0.0000000000E+00
    0.2780248016E+01    0.8764000000E+01    0.0000000000E+00
    0.2403013428E+01    0.9206584362E+01    0.4592021296E-05
    0.2088224827E+01    0.8992152200E+01    0.4592021296E-05
    0.2399443883E+01    0.8916460905E+01    0.2243936928E-04
    0.2130676321E+01    0.8920604915E+01    0.2243936928E-04
    0.2652512564E+01    0.8877551020E+01    0.2912600000E+00
    0.2211450831E+01    0.8896121884E+01    0.2912600000E+00
    0.2023102725E+01    0.8869434071E+01    0.2912600000E+00
