Descriptor coordinates by the model of dimension:     1
    0.3150857089E-02
    0.2265224730E-02
    0.2477267314E-02
    0.2670249631E-02
    0.2753522610E-02
    0.3129910270E-02
    0.3172694122E-02
    0.2906522323E-02
    0.2844454618E-02
    0.2255061472E-02
    0.2198168621E-02
    0.2140632842E-02
    0.3173831617E-02
    0.2903394561E-02
    0.2758962221E-02
    0.2249600629E-02
    0.2075329124E-02
    0.2021087306E-02
    0.3060747949E-02
    0.3039323616E-02
    0.2821248044E-02
    0.2776772985E-02
    0.3179481365E-02
    0.3229733533E-02
    0.2876432194E-02
    0.2904950326E-02
    0.3017830944E-02
    0.2908483627E-02
    0.2398087144E-02
    0.2763863557E-02
    0.2428905912E-02
    0.3120736490E-02
    0.2547193194E-02
    0.2266180839E-02
Descriptor coordinates by the model of dimension:     2
    0.3150857089E-02    0.2902454565E+04
    0.2265224730E-02    0.3092814626E+04
    0.2477267314E-02    0.3229683420E+04
    0.2670249631E-02    0.3082572177E+04
    0.2753522610E-02    0.3256339540E+04
    0.3129910270E-02    0.2844581740E+04
    0.3172694122E-02    0.2815437244E+04
    0.2906522323E-02    0.3200131480E+04
    0.2844454618E-02    0.3200131480E+04
    0.2255061472E-02    0.3322689707E+04
    0.2198168621E-02    0.3322689707E+04
    0.2140632842E-02    0.3322689707E+04
    0.3173831617E-02    0.2969767645E+04
    0.2903394561E-02    0.3013440699E+04
    0.2758962221E-02    0.3035277226E+04
    0.2249600629E-02    0.3111705070E+04
    0.2075329124E-02    0.3291843220E+04
    0.2021087306E-02    0.3351694915E+04
    0.3060747949E-02    0.2926432292E+04
    0.3039323616E-02    0.2926432292E+04
    0.2821248044E-02    0.2926432292E+04
    0.2776772985E-02    0.2926432292E+04
    0.3179481365E-02    0.2786618098E+04
    0.3229733533E-02    0.2709212040E+04
    0.2876432194E-02    0.2850364264E+04
    0.2904950326E-02    0.2840362986E+04
    0.3017830944E-02    0.2800357873E+04
    0.2908483627E-02    0.2999632302E+04
    0.2398087144E-02    0.2914536350E+04
    0.2763863557E-02    0.3118809612E+04
    0.2428905912E-02    0.3041392352E+04
    0.3120736490E-02    0.2840486735E+04
    0.2547193194E-02    0.2840486735E+04
    0.2266180839E-02    0.2840486735E+04
Descriptor coordinates by the model of dimension:     3
    0.3150857089E-02    0.1703778173E+04    0.9101603557E+03
    0.2265224730E-02    0.3548782176E+04    0.9129357513E+03
    0.2477267314E-02    0.2660307200E+04    0.9725860595E+03
    0.2670249631E-02    0.2291018200E+04    0.9580788280E+03
    0.2753522610E-02    0.1763502141E+04    0.9905537571E+03
    0.3129910270E-02    0.1506380467E+04    0.9233238105E+03
    0.3172694122E-02    0.1699994029E+04    0.9016279553E+03
    0.2906522323E-02    0.1965875406E+04    0.9473510024E+03
    0.2844454618E-02    0.2080920011E+04    0.9473510024E+03
    0.2255061472E-02    0.3029580830E+04    0.1003819336E+04
    0.2198168621E-02    0.3192570367E+04    0.1003819336E+04
    0.2140632842E-02    0.3362802576E+04    0.1003819336E+04
    0.3173831617E-02    0.1782806366E+04    0.8961406521E+03
    0.2903394561E-02    0.2245630702E+04    0.9093191912E+03
    0.2758962221E-02    0.2512150643E+04    0.9159084607E+03
    0.2249600629E-02    0.3661762627E+04    0.9389709039E+03
    0.2075329124E-02    0.3937236045E+04    0.9454110371E+03
    0.2021087306E-02    0.3937236045E+04    0.9626003287E+03
    0.3060747949E-02    0.1409417863E+04    0.9441910201E+03
    0.3039323616E-02    0.1409417863E+04    0.9441910201E+03
    0.2821248044E-02    0.1409417863E+04    0.9441910201E+03
    0.2776772985E-02    0.1409417863E+04    0.9441910201E+03
    0.3179481365E-02    0.1618894805E+04    0.9063590661E+03
    0.3229733533E-02    0.1618894805E+04    0.8811824254E+03
    0.2876432194E-02    0.1539336880E+04    0.9420346232E+03
    0.2904950326E-02    0.1539336880E+04    0.9387292385E+03
    0.3017830944E-02    0.1539336880E+04    0.9255077000E+03
    0.2908483627E-02    0.2138716179E+04    0.9079531590E+03
    0.2398087144E-02    0.3283662833E+04    0.8821956226E+03
    0.2763863557E-02    0.1995524699E+04    0.9683229109E+03
    0.2428905912E-02    0.2908717988E+04    0.9442865266E+03
    0.3120736490E-02    0.1968954659E+04    0.8838517945E+03
    0.2547193194E-02    0.3224994876E+04    0.8838517945E+03
    0.2266180839E-02    0.3966358494E+04    0.8838517945E+03
