Descriptor coordinates by the model of dimension:     1
    0.2119562797E+03
    0.2409947181E+03
    0.2570186953E+03
    0.2327126303E+03
    0.2377926687E+03
    0.2152141523E+03
    0.3494384288E+03
    0.3014021007E+03
    0.2019041096E+03
    0.2735451713E+03
    0.2601468118E+03
    0.2421878760E+03
    0.3421373728E+03
    0.3272347826E+03
    0.1836302571E+03
    0.2029774278E+03
    0.3345925000E+03
Descriptor coordinates by the model of dimension:     2
    0.2645392438E+01    0.8974659864E+01
    0.2577208832E+01    0.8782098432E+01
    0.2507168466E+01    0.8896051920E+01
    0.2640145100E+01    0.8749851279E+01
    0.2613624212E+01    0.8809399167E+01
    0.2605551181E+01    0.9208209399E+01
    0.2129254557E+01    0.8972589792E+01
    0.2329913967E+01    0.8744565217E+01
    0.2648239054E+01    0.9231833910E+01
    0.2391588517E+01    0.8951530612E+01
    0.2537515196E+01    0.8765040940E+01
    0.2479572810E+01    0.9240868637E+01
    0.2127685619E+01    0.9024574669E+01
    0.2248463329E+01    0.8935714286E+01
    0.2798954211E+01    0.8839100346E+01
    0.2701624840E+01    0.8866863905E+01
    0.2163689080E+01    0.8891115312E+01
Descriptor coordinates by the model of dimension:     3
    0.3582494994E-02    0.1615681386E+03    0.1661384669E+04
    0.2983974045E-02    0.1248980768E+03    0.1285230819E+04
    0.2797936481E-02    0.1586525717E+03    0.1631328053E+04
    0.3439556395E-02    0.1129449477E+03    0.1190739270E+04
    0.3366076086E-02    0.1207242221E+03    0.1263201856E+04
    0.3719217380E-02    0.2401861852E+03    0.2483194316E+04
    0.1731568191E-02    0.1446555137E+03    0.1627148364E+04
    0.2007538987E-02    0.1226604344E+03    0.1311757223E+04
    0.4005562494E-02    0.2418225068E+03    0.2511359867E+04
    0.2374028506E-02    0.1655735338E+03    0.1737123498E+04
    0.2856592864E-02    0.1262961117E+03    0.1303155272E+04
    0.3068417537E-02    0.2239844891E+03    0.2310099812E+04
    0.1768519069E-02    0.1509431040E+03    0.1706410507E+04
    0.1984520195E-02    0.1426204413E+03    0.1527319779E+04
    0.4404173590E-02    0.1373705851E+03    0.1416661913E+04
    0.3821474626E-02    0.1344119741E+03    0.1382159034E+04
    0.1808398180E-02    0.1146730420E+03    0.1300346034E+04
