Descriptor coordinates by the model of dimension:     1
    0.3824619055E+01
    0.4270003103E+01
    0.3495221536E+01
    0.3500342148E+01
    0.3809244600E+01
    0.3962433746E+01
    0.3488919964E+01
    0.3595959999E+01
    0.3849864755E+01
    0.4208488930E+01
    0.4360896776E+01
    0.3321597233E+01
    0.3624029469E+01
    0.3929662689E+01
    0.4356346812E+01
    0.4551807711E+01
    0.3980056271E+01
Descriptor coordinates by the model of dimension:     2
    0.2517520230E+04    0.2794628272E+02
    0.2799560683E+04    0.3478591779E+02
    0.2205869613E+04    0.1917546158E+02
    0.2211228094E+04    0.1934251725E+02
    0.2445600541E+04    0.2609509003E+02
    0.2559736454E+04    0.2885467466E+02
    0.2224128696E+04    0.2014889714E+02
    0.2326728826E+04    0.2279284094E+02
    0.2403273719E+04    0.2381839249E+02
    0.2755761086E+04    0.3253649551E+02
    0.2900507456E+04    0.3621993315E+02
    0.2117161909E+04    0.1794206655E+02
    0.2365579714E+04    0.2451140476E+02
    0.2473862234E+04    0.2626402290E+02
    0.2871788012E+04    0.3765557144E+02
    0.3059380392E+04    0.4237176743E+02
    0.2635156020E+04    0.3061797736E+02
Descriptor coordinates by the model of dimension:     3
    0.6911448536E+04    0.1115707056E+02    0.8908812217E+00
    0.7954498636E+04    0.1145801902E+02    0.9554555940E+00
    0.6084620475E+04    0.1057593434E+02    0.7871887752E+00
    0.6170361519E+04    0.1048211880E+02    0.7867539870E+00
    0.7025395107E+04    0.1090632345E+02    0.8863321872E+00
    0.7210055138E+04    0.1081240273E+02    0.8688619916E+00
    0.5855716294E+04    0.1192552022E+02    0.9037783898E+00
    0.6127488869E+04    0.1342980561E+02    0.1075409814E+01
    0.6949707228E+04    0.1178152817E+02    0.9570225963E+00
    0.7649325879E+04    0.9952386849E+01    0.7609563624E+00
    0.8084972833E+04    0.1331912065E+02    0.1127787611E+01
    0.5477207546E+04    0.1115452361E+02    0.8074303406E+00
    0.6678691570E+04    0.1247730103E+02    0.1051693405E+01
    0.7226683660E+04    0.1183501811E+02    0.9914577790E+00
    0.8276495160E+04    0.1005230646E+02    0.8413747208E+00
    0.8764890755E+04    0.9454759221E+01    0.7883367727E+00
    0.7182250344E+04    0.1168596549E+02    0.9483051892E+00
