Descriptor coordinates by the model of dimension:     1
    0.3682795564E+01
    0.4016671334E+01
    0.3829480340E+01
    0.3793815073E+01
    0.3713517400E+01
    0.3623694798E+01
    0.3534565791E+01
    0.4050847785E+01
    0.4001502608E+01
    0.4078362978E+01
    0.3498630596E+01
    0.3781932541E+01
    0.3624967138E+01
    0.3370566447E+01
    0.3504997440E+01
    0.4515138691E+01
    0.3712355850E+01
Descriptor coordinates by the model of dimension:     2
    0.2715328566E+00    0.1386172536E-05
    0.2489623663E+00    0.1386172536E-05
    0.2611320365E+00    0.1386172536E-05
    0.2635869121E+00    0.1386172536E-05
    0.2692864721E+00    0.4484155086E-07
    0.2759614305E+00    0.0000000000E+00
    0.2829201829E+00    0.1010208374E-08
    0.2468619047E+00    0.1386172536E-05
    0.2499061223E+00    0.1386172536E-05
    0.2451964196E+00    0.1000000000E+01
    0.2858261175E+00    0.1000000000E+01
    0.2644150812E+00    0.1000000000E+01
    0.2758645698E+00    0.0000000000E+00
    0.2966860365E+00    0.0000000000E+00
    0.2853069131E+00    0.1000000000E+01
    0.2214771391E+00    0.1000000000E+01
    0.2693707286E+00    0.1000000000E+01
Descriptor coordinates by the model of dimension:     3
    0.5550714653E+03    0.1386172536E-05    0.6548617122E+02
    0.6291155585E+03    0.1386172536E-05    0.8627450980E+02
    0.5893264453E+03    0.1386172536E-05    0.6045075603E+02
    0.5877202068E+03    0.1386172536E-05    0.4969457555E+02
    0.5674395100E+03    0.4484155086E-07    0.3764174450E+02
    0.5622706422E+03    0.0000000000E+00    0.0000000000E+00
    0.5360248127E+03    0.1010208374E-08    0.3141790968E+02
    0.6295577834E+03    0.1386172536E-05    0.9764808345E+02
    0.6192864754E+03    0.1386172536E-05    0.9298807682E+02
    0.6390929827E+03    0.1000000000E+01    0.1317624577E+03
    0.5140258666E+03    0.1000000000E+01    0.5164430716E+02
    0.5730813258E+03    0.1000000000E+01    0.8737343627E+02
    0.5653399475E+03    0.0000000000E+00    0.0000000000E+00
    0.4966359648E+03    0.0000000000E+00    0.0000000000E+00
    0.5297708841E+03    0.1000000000E+01    0.2916288555E+02
    0.7303678873E+03    0.1000000000E+01    0.1867940357E+03
    0.5585607091E+03    0.1000000000E+01    0.5473922027E+02
