Descriptor coordinates by the model of dimension:     1
    0.2030271038E+03
    0.1304288404E+03
    0.1593098114E+03
    0.1885058138E+03
    0.2015854407E+03
    0.1968728306E+03
    0.1797210886E+03
    0.2113825786E+03
    0.1926771280E+03
    0.1216805319E+03
    0.1457278540E+03
    0.2229521815E+03
    0.2063004302E+03
    0.2108614755E+03
    0.1356752680E+03
    0.1768789640E+03
    0.1232243938E+03
Descriptor coordinates by the model of dimension:     2
    0.1611053077E+00    0.3218893815E+02
    0.3411418303E+00    0.3344706692E+02
    0.2956065670E+00    0.2285697179E+02
    0.2273510441E+00    0.5657023814E+02
    0.1747426879E+00    0.9395499271E+01
    0.1822469054E+00    0.9395499271E+01
    0.2135382578E+00    0.9395499271E+01
    0.1405051499E+00    0.2760668203E+02
    0.1713120200E+00    0.2760668203E+02
    0.4092306435E+00    0.0000000000E+00
    0.3262103273E+00    0.0000000000E+00
    0.1299755848E+00    0.0000000000E+00
    0.1679904490E+00    0.0000000000E+00
    0.1584455892E+00    0.0000000000E+00
    0.3401271166E+00    0.2444324974E+02
    0.2848017377E+00    0.4160011068E+01
    0.4425608116E+00    0.4160011068E+01
Descriptor coordinates by the model of dimension:     3
    0.1011867588E+05    0.2514532864E-01    0.6919074339E+00
    0.2316880990E+05    0.1125532856E+00    0.1479792051E+01
    0.1656587931E+05    0.2131186292E-01    0.6263278341E+00
    0.1247972874E+05    0.4331155410E-02    0.2790353829E+00
    0.1029538632E+05    0.2622356790E+00    0.2338813150E+01
    0.1094303521E+05    0.2582024806E+00    0.2299525966E+01
    0.1380180381E+05    0.2416873934E+00    0.2148866728E+01
    0.9093735667E+04    0.1902538903E+00    0.1787378462E+01
    0.1158457718E+05    0.2126533247E+00    0.1932471976E+01
    0.2650865665E+05    0.0000000000E+00    0.0000000000E+00
    0.2039010249E+05    0.0000000000E+00    0.0000000000E+00
    0.7910877059E+04    0.0000000000E+00    0.0000000000E+00
    0.1040125149E+05    0.0000000000E+00    0.0000000000E+00
    0.9792923450E+04    0.0000000000E+00    0.0000000000E+00
    0.2158712158E+05    0.2643984385E+00    0.2331714421E+01
    0.1375906257E+05    0.1127241275E+00    0.1449800557E+01
    0.2541877926E+05    0.2248927900E+00    0.2049115015E+01
