Descriptor coordinates by the model of dimension:     1
    0.2026789213E+03
    0.1277432650E+03
    0.1505256778E+03
    0.1889202068E+03
    0.1728694504E+03
    0.2172678571E+03
    0.1983152919E+03
    0.2090130392E+03
    0.2064875127E+03
    0.1780625533E+03
    0.1776348613E+03
    0.1772287410E+03
    0.2208807285E+03
    0.2084332247E+03
    0.2028290587E+03
    0.1858695652E+03
    0.1244129876E+03
    0.1392186707E+03
    0.2122258963E+03
    0.2102935090E+03
    0.1927435670E+03
    0.1895793172E+03
    0.2225937605E+03
    0.2239542950E+03
    0.1934413387E+03
    0.1950269387E+03
    0.2021735126E+03
    0.1665645254E+03
    0.1269505538E+03
    0.1511956079E+03
    0.1263836685E+03
    0.1845050619E+03
    0.1338848439E+03
    0.1182008820E+03
Descriptor coordinates by the model of dimension:     2
    0.2063814191E+03    0.5005163512E+02
    0.4433822186E+03    0.4242392891E+02
    0.3917382614E+03    0.1942674209E+02
    0.2509059445E+03    0.5145552007E+02
    0.3251995660E+03    0.1360407934E+02
    0.1849032270E+03    0.0000000000E+00
    0.2145068805E+03    0.5323857656E+02
    0.2001890043E+03    0.9395499271E+01
    0.2050893600E+03    0.9395499271E+01
    0.3073806961E+03    0.2237944180E+02
    0.3085239700E+03    0.2237944180E+02
    0.3094831406E+03    0.2237944180E+02
    0.1571763893E+03    0.2760668203E+02
    0.1789411332E+03    0.2760668203E+02
    0.1902706070E+03    0.2760668203E+02
    0.2321923299E+03    0.2760668203E+02
    0.4754400595E+03    0.0000000000E+00
    0.4211035973E+03    0.0000000000E+00
    0.2108193416E+03    0.0000000000E+00
    0.2148415493E+03    0.0000000000E+00
    0.2520346794E+03    0.0000000000E+00
    0.2588253707E+03    0.0000000000E+00
    0.1603483569E+03    0.0000000000E+00
    0.1532744024E+03    0.0000000000E+00
    0.2327053379E+03    0.0000000000E+00
    0.2285943375E+03    0.0000000000E+00
    0.2107849030E+03    0.0000000000E+00
    0.3032042304E+03    0.2444324974E+02
    0.4386312469E+03    0.2444324974E+02
    0.4042806650E+03    0.4160011068E+01
    0.5019343423E+03    0.4160011068E+01
    0.2282655130E+03    0.3390597326E+02
    0.3759932781E+03    0.3390597326E+02
    0.4505850510E+03    0.3390597326E+02
Descriptor coordinates by the model of dimension:     3
    0.8574313943E+01    0.3823990004E+02    0.1194799651E+01
    0.1865640830E+02    0.3760428434E+02    0.1194799651E+01
    0.1559104637E+02    0.1253236955E+03    0.1383963068E+01
    0.1070655076E+02    0.1279863616E+03    0.1383963068E+01
    0.1285270007E+02    0.5238563356E+03    0.1954084652E+01
    0.7377830625E+01    0.0000000000E+00    0.1000000000E+01
    0.9037354384E+01    0.3829177007E+02    0.1194799651E+01
    0.8525209091E+01    0.1222712500E+04    0.2718281828E+01
    0.8741956364E+01    0.1225395000E+04    0.2718281828E+01
    0.1226690861E+02    0.1229020000E+04    0.2718281828E+01
    0.1225862727E+02    0.1234675000E+04    0.2718281828E+01
    0.1223905091E+02    0.1240330000E+04    0.2718281828E+01
    0.7300339024E+01    0.1227767200E+04    0.2718281828E+01
    0.8331898732E+01    0.1236079800E+04    0.2718281828E+01
    0.8853017355E+01    0.1240130200E+04    0.2718281828E+01
    0.1070112560E+02    0.1253750625E+04    0.2718281828E+01
    0.2052485217E+02    0.0000000000E+00    0.1000000000E+01
    0.1819505455E+02    0.0000000000E+00    0.1000000000E+01
    0.7943250000E+01    0.0000000000E+00    0.1000000000E+01
    0.8142671698E+01    0.0000000000E+00    0.1000000000E+01
    0.9851958621E+01    0.0000000000E+00    0.1000000000E+01
    0.1013849831E+02    0.0000000000E+00    0.1000000000E+01
    0.6807842857E+01    0.0000000000E+00    0.1000000000E+01
    0.6585611111E+01    0.0000000000E+00    0.1000000000E+01
    0.9764811364E+01    0.0000000000E+00    0.1000000000E+01
    0.9612195000E+01    0.0000000000E+00    0.1000000000E+01
    0.8906415000E+01    0.0000000000E+00    0.1000000000E+01
    0.1236830707E+02    0.1194552000E+04    0.2718281828E+01
    0.1781004640E+02    0.1178748000E+04    0.2718281828E+01
    0.1484621164E+02    0.1159866000E+04    0.2718281828E+01
    0.1817253750E+02    0.1166687500E+04    0.2718281828E+01
    0.1033399621E+02    0.1210241250E+04    0.2718281828E+01
    0.1659058737E+02    0.1186366500E+04    0.2718281828E+01
    0.1933662085E+02    0.1175755500E+04    0.2718281828E+01
