Descriptor coordinates by the model of dimension:     1
    0.1569444912E+02
    0.1633032861E+02
    0.1590468838E+02
    0.1633284300E+02
    0.1616843344E+02
    0.1614311340E+02
    0.1563731252E+02
    0.1629950230E+02
    0.1651639261E+02
    0.1541562148E+02
    0.1674262679E+02
    0.1586884377E+02
    0.1587144015E+02
    0.1578531396E+02
    0.1570334069E+02
    0.1562269608E+02
    0.1607725674E+02
    0.1586429590E+02
    0.1661402183E+02
    0.1608146836E+02
    0.1575799938E+02
    0.1545619300E+02
    0.1531042892E+02
    0.1662615488E+02
    0.1650731199E+02
    0.1709851010E+02
    0.1648107267E+02
    0.1689934044E+02
    0.1695476109E+02
    0.1688742535E+02
    0.1611449230E+02
    0.1544483038E+02
    0.1595980761E+02
    0.1642368782E+02
Descriptor coordinates by the model of dimension:     2
    0.2353836848E-02    0.6981284737E+01
    0.2776342656E-02    0.1220940378E+02
    0.2499879069E-02    0.8376252235E+01
    0.2954057069E-02    0.9093883728E+01
    0.2683239594E-02    0.1074003727E+02
    0.2901764505E-02    0.7958780890E+01
    0.2431614007E-02    0.7100573095E+01
    0.2826753949E-02    0.1058092479E+02
    0.2859924353E-02    0.1123816839E+02
    0.2087291120E-02    0.7015658168E+01
    0.3004685727E-02    0.1421560680E+02
    0.2564662682E-02    0.7314284620E+01
    0.2520109143E-02    0.7983504278E+01
    0.2305835822E-02    0.9555677755E+01
    0.2237805257E-02    0.9163608234E+01
    0.2170344118E-02    0.8787984925E+01
    0.2702047768E-02    0.9637395216E+01
    0.2563538886E-02    0.8918057349E+01
    0.3042846552E-02    0.1383443957E+02
    0.2612341292E-02    0.1081113767E+02
    0.2320919088E-02    0.9266112920E+01
    0.2041612712E-02    0.7991506417E+01
    0.1931753235E-02    0.6889174275E+01
    0.2909327037E-02    0.1217878392E+02
    0.2843375969E-02    0.1144767365E+02
    0.3204654297E-02    0.1705930746E+02
    0.2847792847E-02    0.1089170056E+02
    0.3183683390E-02    0.1391691025E+02
    0.3238072577E-02    0.1502053701E+02
    0.3148420906E-02    0.1445273200E+02
    0.2791660675E-02    0.7847207460E+01
    0.2262584980E-02    0.4690527483E+01
    0.2816141474E-02    0.7930907587E+01
    0.3068057999E-02    0.9633317787E+01
Descriptor coordinates by the model of dimension:     3
    0.1144857904E+02    0.7870011726E-03   -0.2133504783E+04
    0.1184593486E+02    0.1003256542E-02   -0.1905307751E+04
    0.1158275306E+02    0.9145313105E-03   -0.1100777252E+04
    0.1184775879E+02    0.1528533959E-02   -0.1905307751E+04
    0.1172849695E+02    0.3997896002E-02   -0.1968750000E+01
    0.1171012993E+02    0.1951533582E-02   -0.1019837749E+04
    0.1138803384E+02    0.2709280907E-02   -0.1100777252E+04
    0.1179611386E+02    0.1657527615E-02   -0.1952046902E+04
    0.1188788029E+02    0.0000000000E+00   -0.6931807113E+03
    0.1126169020E+02    0.1977891182E-02   -0.6333151044E+03
    0.1208546609E+02    0.3215019800E-02   -0.2065340909E+01
    0.1155664885E+02    0.1194613609E-02   -0.1100777252E+04
    0.1155853970E+02    0.1150345877E-02   -0.2056522652E+04
    0.1150751060E+02    0.1875972483E-02   -0.1727272727E+01
    0.1145506514E+02    0.1875972483E-02   -0.1727272727E+01
    0.1140317415E+02    0.1875972483E-02   -0.1727272727E+01
    0.1162360959E+02    0.7231883905E-02   -0.1727272727E+01
    0.1151288710E+02    0.7231883905E-02   -0.1727272727E+01
    0.1201168250E+02    0.1255520548E-02   -0.3804571365E+05
    0.1168973238E+02    0.1255520548E-02   -0.3804571365E+05
    0.1148759824E+02    0.1255520548E-02   -0.3804571365E+05
    0.1129440157E+02    0.1255520548E-02   -0.3804571365E+05
    0.1119931450E+02    0.0000000000E+00   -0.6607939738E+05
    0.1196688306E+02    0.0000000000E+00   -0.2500000000E+01
    0.1188134440E+02    0.0000000000E+00   -0.2500000000E+01
    0.1230686664E+02    0.0000000000E+00   -0.5506616449E+05
    0.1186245833E+02    0.0000000000E+00   -0.5506616449E+05
    0.1216351179E+02    0.0000000000E+00   -0.5506616449E+05
    0.1220340150E+02    0.0000000000E+00   -0.5506616449E+05
    0.1218326140E+02    0.1155800405E-02   -0.3804571365E+05
    0.1171373772E+02    0.1155800405E-02   -0.3804571365E+05
    0.1128609850E+02    0.1155800405E-02   -0.3804571365E+05
    0.1156137324E+02    0.3182024234E-02   -0.3804571365E+05
    0.1189741064E+02    0.2527446974E-02   -0.1727272727E+01
