Descriptor coordinates by the model of dimension:     1
    0.2288181221E+03
    0.2911997529E+03
    0.2504630796E+03
    0.2511381823E+03
    0.2288701068E+03
    0.2148586707E+03
    0.2101700096E+03
    0.2865998641E+03
    0.2795474067E+03
    0.3067798742E+03
    0.1938783979E+03
    0.2426863857E+03
    0.2173091459E+03
    0.1826803483E+03
    0.2058795192E+03
    0.3817694077E+03
    0.2236558459E+03
Descriptor coordinates by the model of dimension:     2
    0.2578769876E+01    0.2698268575E+00
    0.2317278387E+01    0.2780510906E+00
    0.2465320913E+01    0.3013720121E+00
    0.2508835586E+01    0.2953071023E+00
    0.2640189289E+01    0.2277093096E+00
    0.2692269622E+01    0.1937075441E+00
    0.2633395187E+01    0.3854691181E+00
    0.2346013652E+01    0.2208356432E+00
    0.2377216742E+01    0.2226294343E+00
    0.2281431781E+01    0.2565711893E+00
    0.2750997003E+01    0.2720651734E+00
    0.2531348361E+01    0.2460687949E+00
    0.2665762737E+01    0.2166702330E+00
    0.2754816524E+01    0.3147605832E+00
    0.2625896195E+01    0.5909861544E+00
    0.2009696252E+01    0.2374082974E+00
    0.2603224447E+01    0.2959733324E+00
Descriptor coordinates by the model of dimension:     3
    0.2578769876E+01    0.2698268575E+00    0.4317911054E+04
    0.2317278387E+01    0.2780510906E+00    0.7731139547E+04
    0.2465320913E+01    0.3013720121E+00    0.7217854014E+04
    0.2508835586E+01    0.2953071023E+00    0.2618345877E+04
    0.2640189289E+01    0.2277093096E+00    0.7632851123E+04
    0.2692269622E+01    0.1937075441E+00    0.2567295603E+05
    0.2633395187E+01    0.3854691181E+00    0.2851237476E+04
    0.2346013652E+01    0.2208356432E+00    0.9265296339E+04
    0.2377216742E+01    0.2226294343E+00    0.8939016481E+04
    0.2281431781E+01    0.2565711893E+00    0.0000000000E+00
    0.2750997003E+01    0.2720651734E+00    0.4604416617E+04
    0.2531348361E+01    0.2460687949E+00    0.4968609865E+04
    0.2665762737E+01    0.2166702330E+00    0.1292815323E+05
    0.2754816524E+01    0.3147605832E+00    0.5672271406E+05
    0.2625896195E+01    0.5909861544E+00    0.9688964467E+04
    0.2009696252E+01    0.2374082974E+00    0.1091699648E+05
    0.2603224447E+01    0.2959733324E+00    0.5795791361E+04
