Descriptor coordinates by the model of dimension:     1
    0.1634187484E+02
    0.1567693075E+02
    0.1606525926E+02
    0.1625879246E+02
    0.1630760025E+02
    0.1612738276E+02
    0.1546522924E+02
    0.1652090250E+02
    0.1591685005E+02
    0.1529509093E+02
    0.1530388228E+02
    0.1710039405E+02
    0.1677625001E+02
    0.1683983675E+02
    0.1576838573E+02
    0.1618740717E+02
    0.1546494727E+02
Descriptor coordinates by the model of dimension:     2
    0.1438895647E-01    0.4177033950E+00
    0.1296189248E-01    0.2640376457E+00
    0.1383359987E-01    0.3188708761E+00
    0.1429840756E-01    0.3295470431E+00
    0.1435514455E-01    0.3889261597E+00
    0.1393654301E-01    0.3820956311E+00
    0.1241208031E-01    0.3570152615E+00
    0.1468752291E-01    0.6626253301E+00
    0.1334721258E-01    0.5514795118E+00
    0.1217648540E-01    0.1945658615E+00
    0.1212763850E-01    0.2455811091E+00
    0.1618804732E-01    0.3152645566E+00
    0.1523841792E-01    0.4420371620E+00
    0.1537673140E-01    0.4922985586E+00
    0.1314980517E-01    0.2466921661E+00
    0.1418258016E-01    0.4548876565E+00
    0.1257689762E-01    0.4100018276E+00
Descriptor coordinates by the model of dimension:     3
    0.1185431043E+02    0.3079996286E+01    0.4522013591E+02
    0.1143579997E+02    0.2978616663E+01    0.2662007381E+02
    0.1165365494E+02    0.3635968307E+01    0.3483064864E+02
    0.1173621603E+02    0.4327619146E+01    0.0000000000E+00
    0.1183459775E+02    0.3616817529E+01    0.0000000000E+00
    0.1172310789E+02    0.3509082539E+01    0.0000000000E+00
    0.1130100468E+02    0.3135492002E+01    0.0000000000E+00
    0.1195634342E+02    0.4999572363E+01    0.9203652368E+02
    0.1158749485E+02    0.4523483721E+01    0.8113268234E+02
    0.1118809502E+02    0.1104309587E+01    0.1557422802E+04
    0.1119452575E+02    0.1143749215E+01    0.1612270800E+04
    0.1230822264E+02    0.1863012029E+01    0.5627235720E+03
    0.1207491591E+02    0.3175127989E+01    0.1529816849E+03
    0.1212068326E+02    0.3149184139E+01    0.1462901784E+03
    0.1149516991E+02    0.2951770735E+01    0.4709689266E+02
    0.1167824039E+02    0.7422468905E+01    0.4230556775E+02
    0.1128803159E+02    0.5380272250E+01    0.2190300053E+02
