Descriptor coordinates by the model of dimension:     1
    0.3485773927E+01
    0.3922440559E+01
    0.3802216104E+01
    0.3555826753E+01
    0.3760733745E+01
    0.4067593897E+01
    0.4613469250E+01
    0.4537473444E+01
    0.4498919987E+01
    0.4380918909E+01
    0.3363803417E+01
    0.3340277280E+01
    0.3569741469E+01
    0.3429782285E+01
    0.3846166204E+01
    0.4114035039E+01
    0.4382281321E+01
Descriptor coordinates by the model of dimension:     2
    0.2868803373E+00    0.1010208374E-08
    0.2549433152E+00    0.1386172536E-05
    0.2630045144E+00    0.4484155086E-07
    0.2812285495E+00    0.1000000000E+01
    0.2659055567E+00    0.1000000000E+01
    0.2458455847E+00    0.1000000000E+01
    0.2167566197E+00    0.0000000000E+00
    0.2203869647E+00    0.0000000000E+00
    0.2222755690E+00    0.0000000000E+00
    0.2282626136E+00    0.0000000000E+00
    0.2972825329E+00    0.0000000000E+00
    0.2993763440E+00    0.0000000000E+00
    0.2801323314E+00    0.0000000000E+00
    0.2915636961E+00    0.0000000000E+00
    0.2599991646E+00    0.1000000000E+01
    0.2430703654E+00    0.1000000000E+01
    0.2281916488E+00    0.1000000000E+01
Descriptor coordinates by the model of dimension:     3
    0.3485773927E+01    0.1010208374E-08    0.8651017188E+01
    0.3922440559E+01    0.1386172536E-05    0.5873243694E+01
    0.3802216104E+01    0.4484155086E-07    0.1839333254E+01
    0.3555826753E+01    0.1000000000E+01    0.8501414286E+01
    0.3760733745E+01    0.1000000000E+01   -0.5814393939E+00
    0.4067593897E+01    0.1000000000E+01    0.6972423803E+01
    0.4613469250E+01    0.0000000000E+00    0.3705870000E+03
    0.4537473444E+01    0.0000000000E+00    0.3637610000E+03
    0.4498919987E+01    0.0000000000E+00    0.3603480000E+03
    0.4380918909E+01    0.0000000000E+00    0.3501090000E+03
    0.3363803417E+01    0.0000000000E+00    0.4381400000E+02
    0.3340277280E+01    0.0000000000E+00    0.2979950000E+02
    0.3569741469E+01    0.0000000000E+00    0.5310344828E+01
    0.3429782285E+01    0.0000000000E+00    0.7194960212E+01
    0.3846166204E+01    0.1000000000E+01    0.3427045010E+01
    0.4114035039E+01    0.1000000000E+01    0.3997025440E+01
    0.4382281321E+01    0.1000000000E+01    0.4567005871E+01
