Descriptor coordinates by the model of dimension:     1
    0.5218996789E+03
    0.8231795299E+03
    0.2468296352E+03
    0.2459948112E+03
    0.4375877939E+03
    0.5282429126E+03
    0.3449672081E+03
    0.4504510171E+03
    0.4430665742E+03
    0.1005313187E+04
    0.9722633923E+03
    0.2459206046E+03
    0.4553558716E+03
    0.4907081413E+03
    0.8852452417E+03
    0.1144027424E+04
    0.6667855154E+03
Descriptor coordinates by the model of dimension:     2
    0.2462817848E+02    0.1150640330E+03
    0.2847536545E+02    0.1091092705E+03
    0.2045084637E+02    0.1091092705E+03
    0.2034983333E+02    0.1150640330E+03
    0.2328257056E+02    0.1150640330E+03
    0.2504485199E+02    0.1091092705E+03
    0.2176640704E+02    0.7111670089E+02
    0.2316022029E+02    0.1142427635E+03
    0.2300496221E+02    0.0000000000E+00
    0.2891604058E+02    0.0000000000E+00
    0.3042594919E+02    0.4539992976E+02
    0.2047421282E+02    0.4539992976E+02
    0.2219068843E+02    0.4539992976E+02
    0.2367644537E+02    0.4539992976E+02
    0.2885844610E+02    0.4539992976E+02
    0.3112507529E+02    0.4539992976E+02
    0.2634538749E+02    0.0000000000E+00
Descriptor coordinates by the model of dimension:     3
    0.2462817848E+02    0.3396775195E-01    0.1045318647E+00
    0.2847536545E+02    0.1372216336E-01    0.5620598113E-01
    0.2045084637E+02    0.0000000000E+00    0.0000000000E+00
    0.2034983333E+02    0.0000000000E+00    0.0000000000E+00
    0.2328257056E+02    0.1259658839E-01    0.5159562606E-01
    0.2504485199E+02    0.2935594991E-01    0.9033957236E-01
    0.2176640704E+02    0.1585065321E-01    0.8905936290E-01
    0.2316022029E+02    0.1440284238E+00    0.2149928659E+00
    0.2300496221E+02    0.0000000000E+00    0.0000000000E+00
    0.2891604058E+02    0.0000000000E+00    0.0000000000E+00
    0.3042594919E+02    0.0000000000E+00    0.0000000000E+00
    0.2047421282E+02    0.0000000000E+00    0.0000000000E+00
    0.2219068843E+02    0.3790375742E+00    0.3790375742E+00
    0.2367644537E+02    0.2721214365E+00    0.2721214365E+00
    0.2885844610E+02    0.2721214365E+00    0.2721214365E+00
    0.3112507529E+02    0.2721214365E+00    0.2721214365E+00
    0.2634538749E+02    0.0000000000E+00    0.0000000000E+00
