Descriptor coordinates by the model of dimension:     1
    0.2072537769E+03
    0.3670935717E+03
    0.3184368619E+03
    0.2598795138E+03
    0.1970722982E+03
    0.2286897081E+03
    0.3069177298E+03
    0.3128759306E+03
    0.2092746322E+03
    0.2005752346E+03
    0.2228770021E+03
    0.1871943765E+03
    0.2123552124E+03
    0.2094322060E+03
    0.2621163995E+03
    0.3549716437E+03
    0.2907027692E+03
Descriptor coordinates by the model of dimension:     2
    0.2632318536E+01    0.9216299822E+01
    0.2058864891E+01    0.8923494794E+01
    0.2288523496E+01    0.8872592593E+01
    0.2532124524E+01    0.8814058957E+01
    0.2749704741E+01    0.8844497323E+01
    0.2550102978E+01    0.9126379494E+01
    0.2337782900E+01    0.8756232687E+01
    0.2310521749E+01    0.8749338374E+01
    0.2678088566E+01    0.8788964044E+01
    0.2683926404E+01    0.9106000000E+01
    0.2658918886E+01    0.8758000000E+01
    0.2714402334E+01    0.9233280000E+01
    0.2718687135E+01    0.8735250000E+01
    0.2731238780E+01    0.8741520000E+01
    0.2403013428E+01    0.9206584362E+01
    0.2088224827E+01    0.8992152200E+01
    0.2399443883E+01    0.8916460905E+01
Descriptor coordinates by the model of dimension:     3
    0.3862068173E-02    0.2169255037E+03    0.2238104911E+04
    0.1551553489E-02    0.1372325557E+03    0.1598399796E+04
    0.2015755179E-02    0.1374859946E+03    0.1460627286E+04
    0.2921862904E-02    0.1315111534E+03    0.1358268359E+04
    0.4061596800E-02    0.1345487769E+03    0.1387280948E+04
    0.3249527633E-02    0.2080652121E+03    0.2139303266E+04
    0.2018942931E-02    0.1337360672E+03    0.1411553650E+04
    0.1933918236E-02    0.1338387058E+03    0.1424770601E+04
    0.3550996689E-02    0.1222800838E+03    0.1257887330E+04
    0.4199139422E-02    0.2291525774E+03    0.2441842953E+04
    0.3778960444E-02    0.1256624650E+03    0.1380312616E+04
    0.4499298486E-02    0.2135405473E+03    0.2248152215E+04
    0.3966200620E-02    0.1047153114E+03    0.1135638041E+04
    0.4021556144E-02    0.1068697981E+03    0.1155109290E+04
    0.2713294181E-02    0.2052254113E+03    0.2139296608E+04
    0.1664111126E-02    0.1444416053E+03    0.1658981589E+04
    0.2446481344E-02    0.1423172235E+03    0.1470244912E+04
