Descriptor coordinates by the model of dimension:     1
    0.2940341033E-02
    0.2712334467E-02
    0.2650696110E-02
    0.2790096440E-02
    0.2882359227E-02
    0.3093702619E-02
    0.2447399752E-02
    0.2223988513E-02
    0.3075229793E-02
    0.2442897479E-02
    0.2642804824E-02
    0.3011041621E-02
    0.2465786751E-02
    0.2592629015E-02
    0.3245855450E-02
    0.3168514046E-02
    0.2476768180E-02
Descriptor coordinates by the model of dimension:     2
    0.2940341033E-02    0.8262847966E+02
    0.2712334467E-02    0.8645072199E+02
    0.2650696110E-02    0.8760908850E+02
    0.2790096440E-02    0.8419785966E+02
    0.2882359227E-02    0.8290151078E+02
    0.3093702619E-02    0.8000673291E+02
    0.2447399752E-02    0.8811558517E+02
    0.2223988513E-02    0.9452299565E+02
    0.3075229793E-02    0.8010326087E+02
    0.2442897479E-02    0.9071074380E+02
    0.2642804824E-02    0.8767785630E+02
    0.3011041621E-02    0.8144256018E+02
    0.2465786751E-02    0.8760800691E+02
    0.2592629015E-02    0.8711111111E+02
    0.3245855450E-02    0.7789254257E+02
    0.3168514046E-02    0.7917117117E+02
    0.2476768180E-02    0.8730625718E+02
Descriptor coordinates by the model of dimension:     3
    0.2940341033E-02    0.3445988114E+05    0.4090416926E+05
    0.2712334467E-02    0.3889466088E+05    0.4247808762E+05
    0.2650696110E-02    0.3774972538E+05    0.4314575968E+05
    0.2790096440E-02    0.2910948693E+05    0.4335116083E+05
    0.2882359227E-02    0.2907302978E+05    0.4189323013E+05
    0.3093702619E-02    0.2865682504E+05    0.4087394865E+05
    0.2447399752E-02    0.5597473258E+05    0.3958852004E+05
    0.2223988513E-02    0.5742001965E+05    0.4361461518E+05
    0.3075229793E-02    0.2748858023E+05    0.4261712482E+05
    0.2442897479E-02    0.4817918118E+05    0.4261712482E+05
    0.2642804824E-02    0.3373375360E+05    0.4509075779E+05
    0.3011041621E-02    0.3454677270E+05    0.3960116028E+05
    0.2465786751E-02    0.5633253991E+05    0.3834619394E+05
    0.2592629015E-02    0.4683643050E+05    0.4128086974E+05
    0.3245855450E-02    0.2858915705E+05    0.3863471122E+05
    0.3168514046E-02    0.3212183564E+05    0.3863471122E+05
    0.2476768180E-02    0.5872017781E+05    0.3863471122E+05
