Descriptor coordinates by the model of dimension:     1
    0.2032991481E+03
    0.1696862244E+03
    0.1685820935E+03
    0.1936532104E+03
    0.1946044460E+03
    0.1938704620E+03
    0.2105210913E+03
    0.1586790653E+03
    0.1687683252E+03
    0.1837721138E+03
    0.2144366702E+03
    0.1975877588E+03
    0.1943656360E+03
    0.2231104531E+03
    0.2065282934E+03
    0.1188891761E+03
    0.1774547776E+03
Descriptor coordinates by the model of dimension:     2
    0.1016365084E+00    0.1091092705E+03
    0.1596134454E+00    0.1150640330E+03
    0.1556723391E+00    0.1091092705E+03
    0.1379958879E+00    0.0000000000E+00
    0.1283244430E+00    0.1091092705E+03
    0.1466116025E+00    0.1142427635E+03
    0.1118726767E+00    0.0000000000E+00
    0.1711689457E+00    0.1150640330E+03
    0.1512149249E+00    0.1091092705E+03
    0.1396877241E+00    0.0000000000E+00
    0.8186361905E-01    0.4539992976E+02
    0.1031511667E+00    0.4539992976E+02
    0.1538987931E+00    0.0000000000E+00
    0.8290584211E-01    0.4539992976E+02
    0.1049458961E+00    0.4539992976E+02
    0.2851401918E+00    0.4539992976E+02
    0.1378806148E+00    0.0000000000E+00
Descriptor coordinates by the model of dimension:     3
    0.4602829988E-01    0.2326468861E-01    0.2075750662E+00
    0.6380181599E-01    0.1778974651E-01    0.1545834301E+00
    0.6396097498E-01    0.1668247958E-01    0.1289661407E+00
    0.5256986207E-01    0.1681428903E-01    0.1709899566E+00
    0.5375592229E-01    0.9209526212E-02    0.1549927233E+00
    0.5480235472E-01    0.0000000000E+00    0.0000000000E+00
    0.4365762994E-01    0.5364758830E-02    0.1781746784E+00
    0.7131347307E-01    0.1779367200E-01    0.1468003889E+00
    0.6531569194E-01    0.1939714145E-01    0.1629226132E+00
    0.5587508966E-01    0.2070778564E+00    0.1991318043E+00
    0.4098408514E-01    0.2504327755E+00    0.2692125227E+00
    0.4918233575E-01    0.2320881813E+00    0.2219967879E+00
    0.5353001499E-01    0.0000000000E+00    0.0000000000E+00
    0.3835192131E-01    0.0000000000E+00    0.0000000000E+00
    0.4532859580E-01    0.1738048325E+00    0.1762722077E+00
    0.1009289005E+00    0.1253086081E+00    0.1104506195E+00
    0.5994809340E-01    0.1836694149E+00    0.1659862908E+00
