Descriptor coordinates by the model of dimension:     1
    0.1657292885E+02
    0.1615188240E+02
    0.1607569476E+02
    0.1626570832E+02
    0.1626199772E+02
    0.1673895511E+02
    0.1559798269E+02
    0.1560761111E+02
    0.1689035126E+02
    0.1595342052E+02
    0.1596861491E+02
    0.1648626825E+02
    0.1568549324E+02
    0.1565173137E+02
    0.1680409070E+02
    0.1661014037E+02
    0.1566475161E+02
Descriptor coordinates by the model of dimension:     2
    0.2940341033E-02    0.5513283497E+02
    0.2712334467E-02    0.4372489350E+02
    0.2650696110E-02    0.4164008819E+02
    0.2790096440E-02    0.4288716157E+02
    0.2882359227E-02    0.4004068278E+02
    0.3093702619E-02    0.4977833493E+02
    0.2447399752E-02    0.2302864398E+02
    0.2223988513E-02    0.3623729878E+02
    0.3075229793E-02    0.6022944808E+02
    0.2442897479E-02    0.4271651426E+02
    0.2642804824E-02    0.3922732716E+02
    0.3011041621E-02    0.4121238662E+02
    0.2465786751E-02    0.2367205865E+02
    0.2592629015E-02    0.2566840316E+02
    0.3245855450E-02    0.5668314893E+02
    0.3168514046E-02    0.4768973721E+02
    0.2476768180E-02    0.2336952417E+02
Descriptor coordinates by the model of dimension:     3
    0.4477035117E-02    0.1107972161E+04   -0.1217460118E+00
    0.3458880912E-02    0.1122229412E+04   -0.5703423806E-01
    0.3677432073E-02    0.1276972059E+04   -0.9612580191E-01
    0.3763654976E-02    0.1273184714E+04   -0.2503101927E-01
    0.3803522927E-02    0.1314858243E+04   -0.2794016006E-01
    0.5418361485E-02    0.1308890000E+04   -0.1175167567E+00
    0.2787652238E-02    0.1494952105E+04   -0.1088111498E+00
    0.2599135658E-02    0.1185706326E+04   -0.7418562698E-01
    0.5785376901E-02    0.1090815660E+04   -0.1515798126E+00
    0.3339894460E-02    0.1161418427E+04   -0.1515798126E+00
    0.3347718802E-02    0.1174764873E+04   -0.4362416742E-01
    0.4701281783E-02    0.1211510667E+04   -0.1580294416E+00
    0.2919750813E-02    0.1430779167E+04   -0.1580294416E+00
    0.2908308103E-02    0.1388801333E+04   -0.5145087119E-01
    0.4538396194E-02    0.8254051667E+03   -0.1172705622E+00
    0.4213051932E-02    0.8972040000E+03   -0.1172705622E+00
    0.2744297257E-02    0.1336076042E+04   -0.1172705622E+00
